#
# A fatal error has been detected by the Java Runtime Environment:
#
#  SIGSEGV (0xb) at pc=0x0000000000000000, pid=14149, tid=140592690300672
#
# JRE version:  (7.0_45-b18) (build )
# Java VM: Java HotSpot(TM) 64-Bit Server VM (24.45-b08 mixed mode linux-amd64 compressed oops)
# Problematic frame:
# C  0x0000000000000000
#
# Failed to write core dump. Core dumps have been disabled. To enable core dumping, try "ulimit -c unlimited" before starting Java again
#
# If you would like to submit a bug report, please visit:
#   http://bugreport.sun.com/bugreport/crash.jsp
#

---------------  T H R E A D  ---------------

Current thread (0x0000000001d2f800):  JavaThread "main" [_thread_in_Java, id=14153, stack(0x00007fdbc95d0000,0x00007fde495d1000)]

siginfo:si_signo=SIGSEGV: si_errno=0, si_code=1 (SEGV_MAPERR), si_addr=0x0000000000000000

Registers:
RAX=0x0000000000000000, RBX=0x000000017ad945b8, RCX=0x00000005d5500da0, RDX=0x0000000000500001
RSP=0x00007fde495ce900, RBP=0x00007fde495ce950, RSI=0x0000000000000001, RDI=0x0000000001d2f800
R8 =0x0000000000000006, R9 =0x0000000000005300, R10=0x00007fde4a690c20, R11=0x00007fde49b6bcf0
R12=0x0000000000000000, R13=0x00007fde495ce908, R14=0x00007fde495ce958, R15=0x0000000001d2f800
RIP=0x0000000000000000, EFLAGS=0x0000000000010246, CSGSFS=0x0000000000000033, ERR=0x0000000000000014
  TRAPNO=0x000000000000000e

Top of Stack: (sp=0x00007fde495ce900)
0x00007fde495ce900:   00007fdbc5543350 00000005d5500da0
0x00007fde495ce910:   00007fde495ce910 000000017ada2d0b
0x00007fde495ce920:   00007fde495ce958 000000017ae24010
0x00007fde495ce930:   0000000000000000 000000017ada2d48
0x00007fde495ce940:   00007fde495ce908 00007fde495ce960
0x00007fde495ce950:   00007fde495ce9c0 00007fdbc553d50b
0x00007fde495ce960:   00007fde00001fa0 00007fde495ceb60
0x00007fde495ce970:   00007fde495cea40 00007fde495ceae0
0x00007fde495ce980:   0000000001d2f800 0000000001d30358
0x00007fde495ce990:   00007fde495cea00 00007fde495ceb68
0x00007fde495ce9a0:   000000000000000a 000000017ada2d48
0x00007fde495ce9b0:   00007fdbc554de40 00007fde495ceae8
0x00007fde495ce9c0:   00007fde495ceab0 00007fde49e4b485
0x00007fde495ce9d0:   0000000000000000 0000000001d2f800
0x00007fde495ce9e0:   0000000001d302a8 00007fde495cea00
0x00007fde495ce9f0:   00007fdbc554de40 000000000000000a
0x00007fde495cea00:   0000000001d2f800 0000000001d9da40
0x00007fde495cea10:   000000017ada2d48 0000000000000000
0x00007fde495cea20:   00007fde495cf3f0 00007fdbc5550aaa
0x00007fde495cea30:   00007fde495cf440 00007fde495ceb60
0x00007fde495cea40:   0000000001d2f800 0000000001d2cc10
0x00007fde495cea50:   0000000001d301a0 0000000001d30360
0x00007fde495cea60:   0000000001d30588 00000000000003d8
0x00007fde495cea70:   00007fde495cec80 00007fde4b10fed0
0x00007fde495cea80:   00007fde4b10e4a0 000000017ada2d48
0x00007fde495cea90:   0000000001d2f800 00007fde495cec10
0x00007fde495ceaa0:   000000017ad82b68 00007fde495ceb90
0x00007fde495ceab0:   00007fde495cead0 00007fde49e49ee8
0x00007fde495ceac0:   000000017ada2d48 0000000001d30358
0x00007fde495cead0:   00007fde495ceb80 00007fde49e0beca
0x00007fde495ceae0:   00007fde495ceb30 00007fde495ceb30
0x00007fde495ceaf0:   00007fde495ceb10 00007fff63dff7e5 

Instructions: (pc=0x0000000000000000)
0xffffffffffffffe0:   

Register to memory mapping:

RAX=0x0000000000000000 is an unknown value
RBX=0x000000017ad945b8 is an oop
{method} 
 - klass: {other class}
RCX=0x00000005d5500da0 is an oop
java.lang.Class 
 - klass: 'java/lang/Class'
RDX=0x0000000000500001 is an unknown value
RSP=0x00007fde495ce900 is pointing into the stack for thread: 0x0000000001d2f800
RBP=0x00007fde495ce950 is pointing into the stack for thread: 0x0000000001d2f800
RSI=0x0000000000000001 is an unknown value
RDI=0x0000000001d2f800 is a thread
R8 =0x0000000000000006 is an unknown value
R9 =0x0000000000005300 is an unknown value
R10=0x00007fde4a690c20: <offset 0xe3dc20> in /usr/lib/jvm/java-7-oracle/jre/lib/amd64/server/libjvm.so at 0x00007fde49853000
R11=0x00007fde49b6bcf0: <offset 0x318cf0> in /usr/lib/jvm/java-7-oracle/jre/lib/amd64/server/libjvm.so at 0x00007fde49853000
R12=0x0000000000000000 is an unknown value
R13=0x00007fde495ce908 is pointing into the stack for thread: 0x0000000001d2f800
R14=0x00007fde495ce958 is pointing into the stack for thread: 0x0000000001d2f800
R15=0x0000000001d2f800 is a thread


Stack: [0x00007fdbc95d0000,0x00007fde495d1000],  sp=0x00007fde495ce900,  free space=10485754k

---------------  P R O C E S S  ---------------

Java Threads: ( => current thread )
=>0x0000000001d2f800 JavaThread "main" [_thread_in_Java, id=14153, stack(0x00007fdbc95d0000,0x00007fde495d1000)]

Other Threads:
  0x0000000001d9c000 VMThread [stack: 0x00007fdbbcc6b000,0x00007fdbbcd6c000] [id=14164]

VM state:not at safepoint (normal execution)

VM Mutex/Monitor currently owned by a thread: None

Heap
 PSYoungGen      total 7952384K, used 136335K [0x00000005d5500000, 0x0000000800000000, 0x0000000800000000)
  eden space 6816768K, 2% used [0x00000005d5500000,0x00000005dda23de0,0x0000000775600000)
  from space 1135616K, 0% used [0x00000007bab00000,0x00000007bab00000,0x0000000800000000)
  to   space 1135616K, 0% used [0x0000000775600000,0x0000000775600000,0x00000007bab00000)
 ParOldGen       total 18175488K, used 0K [0x000000017ff80000, 0x00000005d5500000, 0x00000005d5500000)
  object space 18175488K, 0% used [0x000000017ff80000,0x000000017ff80000,0x00000005d5500000)
 PSPermGen       total 21504K, used 790K [0x000000017ad80000, 0x000000017c280000, 0x000000017ff80000)
  object space 21504K, 3% used [0x000000017ad80000,0x000000017ae45968,0x000000017c280000)

Card table byte_map: [0x00007fdbc2113000,0x00007fdbc553d000] byte_map_base: 0x00007fdbc153c400

Polling page: 0x00007fde4b296000

Code Cache  [0x00007fdbc553d000, 0x00007fdbc57ad000, 0x00007fdbc853d000)
 total_blobs=61 nmethods=0 adapters=38 free_code_cache=48824Kb largest_free_block=49996032

Compilation events (0 events):
No events

GC Heap History (0 events):
No events

Deoptimization events (0 events):
No events

Internal exceptions (0 events):
No events

Events (10 events):
Event: 0.041 loading class 0x00007fde4b10c900 done
Event: 0.041 loading class 0x00007fde4b10c8e0 done
Event: 0.041 loading class 0x00007fde4b118df0
Event: 0.041 loading class 0x00007fde4b118df0 done
Event: 0.041 loading class 0x00007fde4b115a70
Event: 0.041 loading class 0x00007fde4b115a70 done
Event: 0.041 loading class 0x00007fde4b11d760
Event: 0.041 loading class 0x00007fde4b11d760 done
Event: 0.041 loading class 0x00007fde4b11d790
Event: 0.041 loading class 0x00007fde4b11d790 done


Dynamic libraries:
00400000-00401000 r-xp 00000000 08:04 278121                             /usr/lib/jvm/java-7-oracle/bin/java
00600000-00601000 rw-p 00000000 08:04 278121                             /usr/lib/jvm/java-7-oracle/bin/java
01d21000-01dac000 rw-p 00000000 00:00 0                                  [heap]
17ad80000-17c280000 rw-p 00000000 00:00 0 
17c280000-17ff80000 rw-p 00000000 00:00 0 
17ff80000-800000000 rw-p 00000000 00:00 0 
7fdb80942000-7fdbb8000000 rw-p 00000000 00:00 0 
7fdbb8000000-7fdbb8021000 rw-p 00000000 00:00 0 
7fdbb8021000-7fdbbc000000 ---p 00000000 00:00 0 
7fdbbcc6b000-7fdbbcc6c000 ---p 00000000 00:00 0 
7fdbbcc6c000-7fdbbf022000 rw-p 00000000 00:00 0 
7fdbbf022000-7fdbbf1de000 r--s 039b2000 08:04 277934                     /usr/lib/jvm/java-7-oracle/jre/lib/rt.jar
7fdbbf1de000-7fdbbf45e000 rw-p 00000000 00:00 0 
7fdbbf45e000-7fdbbf45f000 ---p 00000000 00:00 0 
7fdbbf45f000-7fdbbf55f000 rw-p 00000000 00:00 0 
7fdbbf55f000-7fdbbf560000 ---p 00000000 00:00 0 
7fdbbf560000-7fdbbf660000 rw-p 00000000 00:00 0 
7fdbbf660000-7fdbbf661000 ---p 00000000 00:00 0 
7fdbbf661000-7fdbbf761000 rw-p 00000000 00:00 0 
7fdbbf761000-7fdbbf762000 ---p 00000000 00:00 0 
7fdbbf762000-7fdbbf862000 rw-p 00000000 00:00 0 
7fdbbf862000-7fdbbf863000 ---p 00000000 00:00 0 
7fdbbf863000-7fdbbf963000 rw-p 00000000 00:00 0 
7fdbbf963000-7fdbbf964000 ---p 00000000 00:00 0 
7fdbbf964000-7fdbbfa64000 rw-p 00000000 00:00 0 
7fdbbfa64000-7fdbbfa65000 ---p 00000000 00:00 0 
7fdbbfa65000-7fdbbfb65000 rw-p 00000000 00:00 0 
7fdbbfb65000-7fdbbfb66000 ---p 00000000 00:00 0 
7fdbbfb66000-7fdbbfc66000 rw-p 00000000 00:00 0 
7fdbbfc66000-7fdbbfc67000 ---p 00000000 00:00 0 
7fdbbfc67000-7fdbbfd67000 rw-p 00000000 00:00 0 
7fdbbfd67000-7fdbbfd68000 ---p 00000000 00:00 0 
7fdbbfd68000-7fdbc211e000 rw-p 00000000 00:00 0 
7fdbc211e000-7fdbc213c000 rw-p 00000000 00:00 0 
7fdbc213c000-7fdbc553d000 rw-p 00000000 00:00 0 
7fdbc553d000-7fdbc57ad000 rwxp 00000000 00:00 0 
7fdbc57ad000-7fdbc853d000 rw-p 00000000 00:00 0 
7fdbc853d000-7fdbc8557000 r-xp 00000000 08:04 262719                     /usr/lib/jvm/java-7-oracle/jre/lib/amd64/libzip.so
7fdbc8557000-7fdbc8757000 ---p 0001a000 08:04 262719                     /usr/lib/jvm/java-7-oracle/jre/lib/amd64/libzip.so
7fdbc8757000-7fdbc8758000 rw-p 0001a000 08:04 262719                     /usr/lib/jvm/java-7-oracle/jre/lib/amd64/libzip.so
7fdbc8758000-7fdbc8763000 r-xp 00000000 08:04 1441805                    /lib/x86_64-linux-gnu/libnss_files-2.13.so
7fdbc8763000-7fdbc8962000 ---p 0000b000 08:04 1441805                    /lib/x86_64-linux-gnu/libnss_files-2.13.so
7fdbc8962000-7fdbc8963000 r--p 0000a000 08:04 1441805                    /lib/x86_64-linux-gnu/libnss_files-2.13.so
7fdbc8963000-7fdbc8964000 rw-p 0000b000 08:04 1441805                    /lib/x86_64-linux-gnu/libnss_files-2.13.so
7fdbc8964000-7fdbc896e000 r-xp 00000000 08:04 1441817                    /lib/x86_64-linux-gnu/libnss_nis-2.13.so
7fdbc896e000-7fdbc8b6d000 ---p 0000a000 08:04 1441817                    /lib/x86_64-linux-gnu/libnss_nis-2.13.so
7fdbc8b6d000-7fdbc8b6e000 r--p 00009000 08:04 1441817                    /lib/x86_64-linux-gnu/libnss_nis-2.13.so
7fdbc8b6e000-7fdbc8b6f000 rw-p 0000a000 08:04 1441817                    /lib/x86_64-linux-gnu/libnss_nis-2.13.so
7fdbc8b6f000-7fdbc8b84000 r-xp 00000000 08:04 1441815                    /lib/x86_64-linux-gnu/libnsl-2.13.so
7fdbc8b84000-7fdbc8d83000 ---p 00015000 08:04 1441815                    /lib/x86_64-linux-gnu/libnsl-2.13.so
7fdbc8d83000-7fdbc8d84000 r--p 00014000 08:04 1441815                    /lib/x86_64-linux-gnu/libnsl-2.13.so
7fdbc8d84000-7fdbc8d85000 rw-p 00015000 08:04 1441815                    /lib/x86_64-linux-gnu/libnsl-2.13.so
7fdbc8d85000-7fdbc8d87000 rw-p 00000000 00:00 0 
7fdbc8d87000-7fdbc8d8e000 r-xp 00000000 08:04 1441807                    /lib/x86_64-linux-gnu/libnss_compat-2.13.so
7fdbc8d8e000-7fdbc8f8d000 ---p 00007000 08:04 1441807                    /lib/x86_64-linux-gnu/libnss_compat-2.13.so
7fdbc8f8d000-7fdbc8f8e000 r--p 00006000 08:04 1441807                    /lib/x86_64-linux-gnu/libnss_compat-2.13.so
7fdbc8f8e000-7fdbc8f8f000 rw-p 00007000 08:04 1441807                    /lib/x86_64-linux-gnu/libnss_compat-2.13.so
7fdbc8f8f000-7fdbc8fb8000 r-xp 00000000 08:04 262764                     /usr/lib/jvm/java-7-oracle/jre/lib/amd64/libjava.so
7fdbc8fb8000-7fdbc91b8000 ---p 00029000 08:04 262764                     /usr/lib/jvm/java-7-oracle/jre/lib/amd64/libjava.so
7fdbc91b8000-7fdbc91ba000 rw-p 00029000 08:04 262764                     /usr/lib/jvm/java-7-oracle/jre/lib/amd64/libjava.so
7fdbc91ba000-7fdbc91c7000 r-xp 00000000 08:04 262746                     /usr/lib/jvm/java-7-oracle/jre/lib/amd64/libverify.so
7fdbc91c7000-7fdbc93c6000 ---p 0000d000 08:04 262746                     /usr/lib/jvm/java-7-oracle/jre/lib/amd64/libverify.so
7fdbc93c6000-7fdbc93c8000 rw-p 0000c000 08:04 262746                     /usr/lib/jvm/java-7-oracle/jre/lib/amd64/libverify.so
7fdbc93c8000-7fdbc93cf000 r-xp 00000000 08:04 1441806                    /lib/x86_64-linux-gnu/librt-2.13.so
7fdbc93cf000-7fdbc95ce000 ---p 00007000 08:04 1441806                    /lib/x86_64-linux-gnu/librt-2.13.so
7fdbc95ce000-7fdbc95cf000 r--p 00006000 08:04 1441806                    /lib/x86_64-linux-gnu/librt-2.13.so
7fdbc95cf000-7fdbc95d0000 rw-p 00007000 08:04 1441806                    /lib/x86_64-linux-gnu/librt-2.13.so
7fdbc95d0000-7fdbc95d3000 ---p 00000000 00:00 0 
7fdbc95d3000-7fde495d1000 rw-p 00000000 00:00 0 
7fde495d1000-7fde49652000 r-xp 00000000 08:04 1441808                    /lib/x86_64-linux-gnu/libm-2.13.so
7fde49652000-7fde49851000 ---p 00081000 08:04 1441808                    /lib/x86_64-linux-gnu/libm-2.13.so
7fde49851000-7fde49852000 r--p 00080000 08:04 1441808                    /lib/x86_64-linux-gnu/libm-2.13.so
7fde49852000-7fde49853000 rw-p 00081000 08:04 1441808                    /lib/x86_64-linux-gnu/libm-2.13.so
7fde49853000-7fde4a3b5000 r-xp 00000000 08:04 262725                     /usr/lib/jvm/java-7-oracle/jre/lib/amd64/server/libjvm.so
7fde4a3b5000-7fde4a5b5000 ---p 00b62000 08:04 262725                     /usr/lib/jvm/java-7-oracle/jre/lib/amd64/server/libjvm.so
7fde4a5b5000-7fde4a678000 rw-p 00b62000 08:04 262725                     /usr/lib/jvm/java-7-oracle/jre/lib/amd64/server/libjvm.so
7fde4a678000-7fde4a6b9000 rw-p 00000000 00:00 0 
7fde4a6b9000-7fde4a839000 r-xp 00000000 08:04 1441811                    /lib/x86_64-linux-gnu/libc-2.13.so
7fde4a839000-7fde4aa39000 ---p 00180000 08:04 1441811                    /lib/x86_64-linux-gnu/libc-2.13.so
7fde4aa39000-7fde4aa3d000 r--p 00180000 08:04 1441811                    /lib/x86_64-linux-gnu/libc-2.13.so
7fde4aa3d000-7fde4aa3e000 rw-p 00184000 08:04 1441811                    /lib/x86_64-linux-gnu/libc-2.13.so
7fde4aa3e000-7fde4aa43000 rw-p 00000000 00:00 0 
7fde4aa43000-7fde4aa45000 r-xp 00000000 08:04 1441804                    /lib/x86_64-linux-gnu/libdl-2.13.so
7fde4aa45000-7fde4ac45000 ---p 00002000 08:04 1441804                    /lib/x86_64-linux-gnu/libdl-2.13.so
7fde4ac45000-7fde4ac46000 r--p 00002000 08:04 1441804                    /lib/x86_64-linux-gnu/libdl-2.13.so
7fde4ac46000-7fde4ac47000 rw-p 00003000 08:04 1441804                    /lib/x86_64-linux-gnu/libdl-2.13.so
7fde4ac47000-7fde4ac5d000 r-xp 00000000 08:04 279625                     /usr/lib/jvm/java-7-oracle/lib/amd64/jli/libjli.so
7fde4ac5d000-7fde4ae5d000 ---p 00016000 08:04 279625                     /usr/lib/jvm/java-7-oracle/lib/amd64/jli/libjli.so
7fde4ae5d000-7fde4ae5e000 rw-p 00016000 08:04 279625                     /usr/lib/jvm/java-7-oracle/lib/amd64/jli/libjli.so
7fde4ae5e000-7fde4ae75000 r-xp 00000000 08:04 1441801                    /lib/x86_64-linux-gnu/libpthread-2.13.so
7fde4ae75000-7fde4b074000 ---p 00017000 08:04 1441801                    /lib/x86_64-linux-gnu/libpthread-2.13.so
7fde4b074000-7fde4b075000 r--p 00016000 08:04 1441801                    /lib/x86_64-linux-gnu/libpthread-2.13.so
7fde4b075000-7fde4b076000 rw-p 00017000 08:04 1441801                    /lib/x86_64-linux-gnu/libpthread-2.13.so
7fde4b076000-7fde4b07a000 rw-p 00000000 00:00 0 
7fde4b07a000-7fde4b09a000 r-xp 00000000 08:04 1441814                    /lib/x86_64-linux-gnu/ld-2.13.so
7fde4b0eb000-7fde4b19a000 rw-p 00000000 00:00 0 
7fde4b19a000-7fde4b1b8000 rw-p 00000000 00:00 0 
7fde4b1b8000-7fde4b1c2000 rw-p 00000000 00:00 0 
7fde4b1c2000-7fde4b278000 rw-p 00000000 00:00 0 
7fde4b278000-7fde4b27c000 rw-p 00000000 00:00 0 
7fde4b28d000-7fde4b295000 rw-s 00000000 08:04 2359468                    /tmp/hsperfdata_anantoni/14149
7fde4b295000-7fde4b296000 rw-p 00000000 00:00 0 
7fde4b296000-7fde4b297000 r--p 00000000 00:00 0 
7fde4b297000-7fde4b299000 rw-p 00000000 00:00 0 
7fde4b299000-7fde4b29a000 r--p 0001f000 08:04 1441814                    /lib/x86_64-linux-gnu/ld-2.13.so
7fde4b29a000-7fde4b29b000 rw-p 00020000 08:04 1441814                    /lib/x86_64-linux-gnu/ld-2.13.so
7fde4b29b000-7fde4b29c000 rw-p 00000000 00:00 0 
7fff63c00000-7fff63c22000 rw-p 00000000 00:00 0                          [stack]
7fff63dff000-7fff63e00000 r-xp 00000000 00:00 0                          [vdso]
ffffffffff600000-ffffffffff601000 r-xp 00000000 00:00 0                  [vsyscall]

VM Arguments:
jvm_args: -Dfile.encoding=UTF-8 -Xms26g -Xss10g 
java_command: main.MyPointerAnalysis
Launcher Type: SUN_STANDARD

Environment Variables:
JAVA_HOME=/usr/lib/jvm/java-7-oracle
PATH=/usr/local/bin:/usr/bin:/bin:/usr/local/games:/usr/games:/usr/lib/jvm/java-7-oracle/bin:/usr/lib/jvm/java-7-oracle/db/bin:/usr/lib/jvm/java-7-oracle/jre/bin
USERNAME=anantoni
LD_LIBRARY_PATH=/usr/lib/jvm/java-7-oracle/jre/lib/amd64:/usr/lib/jvm/java-7-oracle/jre/lib/i386:
SHELL=/bin/bash
DISPLAY=:0.0

Signal Handlers:
SIGSEGV: [libjvm.so+0x9935b0], sa_mask[0]=0x7ffbfeff, sa_flags=0x10000004
SIGBUS: [libjvm.so+0x9935b0], sa_mask[0]=0x7ffbfeff, sa_flags=0x10000004
SIGFPE: [libjvm.so+0x810330], sa_mask[0]=0x7ffbfeff, sa_flags=0x10000004
SIGPIPE: [libjvm.so+0x810330], sa_mask[0]=0x7ffbfeff, sa_flags=0x10000004
SIGXFSZ: [libjvm.so+0x810330], sa_mask[0]=0x7ffbfeff, sa_flags=0x10000004
SIGILL: [libjvm.so+0x810330], sa_mask[0]=0x7ffbfeff, sa_flags=0x10000004
SIGUSR1: SIG_DFL, sa_mask[0]=0x00000000, sa_flags=0x00000000
SIGUSR2: [libjvm.so+0x811820], sa_mask[0]=0x00000004, sa_flags=0x10000004
SIGHUP: SIG_DFL, sa_mask[0]=0x00000000, sa_flags=0x00000000
SIGINT: SIG_IGN, sa_mask[0]=0x00000000, sa_flags=0x00000000
SIGTERM: SIG_DFL, sa_mask[0]=0x00000000, sa_flags=0x00000000
SIGQUIT: SIG_DFL, sa_mask[0]=0x00000000, sa_flags=0x00000000


---------------  S Y S T E M  ---------------

OS:7.2

uname:Linux 3.2.0-4-amd64 #1 SMP Debian 3.2.51-1 x86_64
libc:glibc 2.13 NPTL 2.13 
rlimit: STACK 8192k, CORE 0k, NPROC 128116, NOFILE 4096, AS infinity
load average:0.32 0.20 0.28

/proc/meminfo:
MemTotal:       16411040 kB
MemFree:        13813744 kB
Buffers:           49480 kB
Cached:          1128720 kB
SwapCached:        76908 kB
Active:          1499276 kB
Inactive:         900700 kB
Active(anon):     867392 kB
Inactive(anon):   365876 kB
Active(file):     631884 kB
Inactive(file):   534824 kB
Unevictable:          16 kB
Mlocked:              16 kB
SwapTotal:      32193528 kB
SwapFree:       31932116 kB
Dirty:               580 kB
Writeback:             0 kB
AnonPages:       1187060 kB
Mapped:           109292 kB
Shmem:             11480 kB
Slab:              87656 kB
SReclaimable:      55772 kB
SUnreclaim:        31884 kB
KernelStack:        3592 kB
PageTables:        25676 kB
NFS_Unstable:          0 kB
Bounce:                0 kB
WritebackTmp:          0 kB
CommitLimit:    40399048 kB
Committed_AS:   41909424 kB
VmallocTotal:   34359738367 kB
VmallocUsed:      345352 kB
VmallocChunk:   34359390344 kB
HardwareCorrupted:     0 kB
AnonHugePages:         0 kB
HugePages_Total:       0
HugePages_Free:        0
HugePages_Rsvd:        0
HugePages_Surp:        0
Hugepagesize:       2048 kB
DirectMap4k:      208896 kB
DirectMap2M:    13389824 kB
DirectMap1G:     3145728 kB


CPU:total 12 (6 cores per cpu, 2 threads per core) family 6 model 45 stepping 6, cmov, cx8, fxsr, mmx, sse, sse2, sse3, ssse3, sse4.1, sse4.2, popcnt, avx, aes, ht, tsc, tscinvbit, tscinv

/proc/cpuinfo:
processor	: 0
vendor_id	: GenuineIntel
cpu family	: 6
model		: 45
model name	: 06/2d
stepping	: 6
microcode	: 0x616
cpu MHz		: 1200.000
cache size	: 15360 KB
physical id	: 0
siblings	: 12
core id		: 0
cpu cores	: 6
apicid		: 0
initial apicid	: 0
fpu		: yes
fpu_exception	: yes
cpuid level	: 13
wp		: yes
flags		: fpu vme de pse tsc msr pae mce cx8 apic sep mtrr pge mca cmov pat pse36 clflush dts acpi mmx fxsr sse sse2 ss ht tm pbe syscall nx pdpe1gb rdtscp lm constant_tsc arch_perfmon pebs bts rep_good nopl xtopology nonstop_tsc aperfmperf pni pclmulqdq dtes64 monitor ds_cpl vmx est tm2 ssse3 cx16 xtpr pdcm pcid dca sse4_1 sse4_2 x2apic popcnt tsc_deadline_timer aes xsave avx lahf_lm ida arat epb xsaveopt pln pts dtherm tpr_shadow vnmi flexpriority ept vpid
bogomips	: 6599.30
clflush size	: 64
cache_alignment	: 64
address sizes	: 46 bits physical, 48 bits virtual
power management:

processor	: 1
vendor_id	: GenuineIntel
cpu family	: 6
model		: 45
model name	: 06/2d
stepping	: 6
microcode	: 0x616
cpu MHz		: 1200.000
cache size	: 15360 KB
physical id	: 0
siblings	: 12
core id		: 1
cpu cores	: 6
apicid		: 2
initial apicid	: 2
fpu		: yes
fpu_exception	: yes
cpuid level	: 13
wp		: yes
flags		: fpu vme de pse tsc msr pae mce cx8 apic sep mtrr pge mca cmov pat pse36 clflush dts acpi mmx fxsr sse sse2 ss ht tm pbe syscall nx pdpe1gb rdtscp lm constant_tsc arch_perfmon pebs bts rep_good nopl xtopology nonstop_tsc aperfmperf pni pclmulqdq dtes64 monitor ds_cpl vmx est tm2 ssse3 cx16 xtpr pdcm pcid dca sse4_1 sse4_2 x2apic popcnt tsc_deadline_timer aes xsave avx lahf_lm ida arat epb xsaveopt pln pts dtherm tpr_shadow vnmi flexpriority ept vpid
bogomips	: 6599.78
clflush size	: 64
cache_alignment	: 64
address sizes	: 46 bits physical, 48 bits virtual
power management:

processor	: 2
vendor_id	: GenuineIntel
cpu family	: 6
model		: 45
model name	: 06/2d
stepping	: 6
microcode	: 0x616
cpu MHz		: 1200.000
cache size	: 15360 KB
physical id	: 0
siblings	: 12
core id		: 2
cpu cores	: 6
apicid		: 4
initial apicid	: 4
fpu		: yes
fpu_exception	: yes
cpuid level	: 13
wp		: yes
flags		: fpu vme de pse tsc msr pae mce cx8 apic sep mtrr pge mca cmov pat pse36 clflush dts acpi mmx fxsr sse sse2 ss ht tm pbe syscall nx pdpe1gb rdtscp lm constant_tsc arch_perfmon pebs bts rep_good nopl xtopology nonstop_tsc aperfmperf pni pclmulqdq dtes64 monitor ds_cpl vmx est tm2 ssse3 cx16 xtpr pdcm pcid dca sse4_1 sse4_2 x2apic popcnt tsc_deadline_timer aes xsave avx lahf_lm ida arat epb xsaveopt pln pts dtherm tpr_shadow vnmi flexpriority ept vpid
bogomips	: 6599.78
clflush size	: 64
cache_alignment	: 64
address sizes	: 46 bits physical, 48 bits virtual
power management:

processor	: 3
vendor_id	: GenuineIntel
cpu family	: 6
model		: 45
model name	: 06/2d
stepping	: 6
microcode	: 0x616
cpu MHz		: 1200.000
cache size	: 15360 KB
physical id	: 0
siblings	: 12
core id		: 3
cpu cores	: 6
apicid		: 6
initial apicid	: 6
fpu		: yes
fpu_exception	: yes
cpuid level	: 13
wp		: yes
flags		: fpu vme de pse tsc msr pae mce cx8 apic sep mtrr pge mca cmov pat pse36 clflush dts acpi mmx fxsr sse sse2 ss ht tm pbe syscall nx pdpe1gb rdtscp lm constant_tsc arch_perfmon pebs bts rep_good nopl xtopology nonstop_tsc aperfmperf pni pclmulqdq dtes64 monitor ds_cpl vmx est tm2 ssse3 cx16 xtpr pdcm pcid dca sse4_1 sse4_2 x2apic popcnt tsc_deadline_timer aes xsave avx lahf_lm ida arat epb xsaveopt pln pts dtherm tpr_shadow vnmi flexpriority ept vpid
bogomips	: 6599.78
clflush size	: 64
cache_alignment	: 64
address sizes	: 46 bits physical, 48 bits virtual
power management:

processor	: 4
vendor_id	: GenuineIntel
cpu family	: 6
model		: 45
model name	: 06/2d
stepping	: 6
microcode	: 0x616
cpu MHz		: 3301.000
cache size	: 15360 KB
physical id	: 0
siblings	: 12
core id		: 4
cpu cores	: 6
apicid		: 8
initial apicid	: 8
fpu		: yes
fpu_exception	: yes
cpuid level	: 13
wp		: yes
flags		: fpu vme de pse tsc msr pae mce cx8 apic sep mtrr pge mca cmov pat pse36 clflush dts acpi mmx fxsr sse sse2 ss ht tm pbe syscall nx pdpe1gb rdtscp lm constant_tsc arch_perfmon pebs bts rep_good nopl xtopology nonstop_tsc aperfmperf pni pclmulqdq dtes64 monitor ds_cpl vmx est tm2 ssse3 cx16 xtpr pdcm pcid dca sse4_1 sse4_2 x2apic popcnt tsc_deadline_timer aes xsave avx lahf_lm ida arat epb xsaveopt pln pts dtherm tpr_shadow vnmi flexpriority ept vpid
bogomips	: 6599.78
clflush size	: 64
cache_alignment	: 64
address sizes	: 46 bits physical, 48 bits virtual
power management:

processor	: 5
vendor_id	: GenuineIntel
cpu family	: 6
model		: 45
model name	: 06/2d
stepping	: 6
microcode	: 0x616
cpu MHz		: 1200.000
cache size	: 15360 KB
physical id	: 0
siblings	: 12
core id		: 5
cpu cores	: 6
apicid		: 10
initial apicid	: 10
fpu		: yes
fpu_exception	: yes
cpuid level	: 13
wp		: yes
flags		: fpu vme de pse tsc msr pae mce cx8 apic sep mtrr pge mca cmov pat pse36 clflush dts acpi mmx fxsr sse sse2 ss ht tm pbe syscall nx pdpe1gb rdtscp lm constant_tsc arch_perfmon pebs bts rep_good nopl xtopology nonstop_tsc aperfmperf pni pclmulqdq dtes64 monitor ds_cpl vmx est tm2 ssse3 cx16 xtpr pdcm pcid dca sse4_1 sse4_2 x2apic popcnt tsc_deadline_timer aes xsave avx lahf_lm ida arat epb xsaveopt pln pts dtherm tpr_shadow vnmi flexpriority ept vpid
bogomips	: 6599.78
clflush size	: 64
cache_alignment	: 64
address sizes	: 46 bits physical, 48 bits virtual
power management:

processor	: 6
vendor_id	: GenuineIntel
cpu family	: 6
model		: 45
model name	: 06/2d
stepping	: 6
microcode	: 0x616
cpu MHz		: 1200.000
cache size	: 15360 KB
physical id	: 0
siblings	: 12
core id		: 0
cpu cores	: 6
apicid		: 1
initial apicid	: 1
fpu		: yes
fpu_exception	: yes
cpuid level	: 13
wp		: yes
flags		: fpu vme de pse tsc msr pae mce cx8 apic sep mtrr pge mca cmov pat pse36 clflush dts acpi mmx fxsr sse sse2 ss ht tm pbe syscall nx pdpe1gb rdtscp lm constant_tsc arch_perfmon pebs bts rep_good nopl xtopology nonstop_tsc aperfmperf pni pclmulqdq dtes64 monitor ds_cpl vmx est tm2 ssse3 cx16 xtpr pdcm pcid dca sse4_1 sse4_2 x2apic popcnt tsc_deadline_timer aes xsave avx lahf_lm ida arat epb xsaveopt pln pts dtherm tpr_shadow vnmi flexpriority ept vpid
bogomips	: 6599.78
clflush size	: 64
cache_alignment	: 64
address sizes	: 46 bits physical, 48 bits virtual
power management:

processor	: 7
vendor_id	: GenuineIntel
cpu family	: 6
model		: 45
model name	: 06/2d
stepping	: 6
microcode	: 0x616
cpu MHz		: 1200.000
cache size	: 15360 KB
physical id	: 0
siblings	: 12
core id		: 1
cpu cores	: 6
apicid		: 3
initial apicid	: 3
fpu		: yes
fpu_exception	: yes
cpuid level	: 13
wp		: yes
flags		: fpu vme de pse tsc msr pae mce cx8 apic sep mtrr pge mca cmov pat pse36 clflush dts acpi mmx fxsr sse sse2 ss ht tm pbe syscall nx pdpe1gb rdtscp lm constant_tsc arch_perfmon pebs bts rep_good nopl xtopology nonstop_tsc aperfmperf pni pclmulqdq dtes64 monitor ds_cpl vmx est tm2 ssse3 cx16 xtpr pdcm pcid dca sse4_1 sse4_2 x2apic popcnt tsc_deadline_timer aes xsave avx lahf_lm ida arat epb xsaveopt pln pts dtherm tpr_shadow vnmi flexpriority ept vpid
bogomips	: 6599.77
clflush size	: 64
cache_alignment	: 64
address sizes	: 46 bits physical, 48 bits virtual
power management:

processor	: 8
vendor_id	: GenuineIntel
cpu family	: 6
model		: 45
model name	: 06/2d
stepping	: 6
microcode	: 0x616
cpu MHz		: 1200.000
cache size	: 15360 KB
physical id	: 0
siblings	: 12
core id		: 2
cpu cores	: 6
apicid		: 5
initial apicid	: 5
fpu		: yes
fpu_exception	: yes
cpuid level	: 13
wp		: yes
flags		: fpu vme de pse tsc msr pae mce cx8 apic sep mtrr pge mca cmov pat pse36 clflush dts acpi mmx fxsr sse sse2 ss ht tm pbe syscall nx pdpe1gb rdtscp lm constant_tsc arch_perfmon pebs bts rep_good nopl xtopology nonstop_tsc aperfmperf pni pclmulqdq dtes64 monitor ds_cpl vmx est tm2 ssse3 cx16 xtpr pdcm pcid dca sse4_1 sse4_2 x2apic popcnt tsc_deadline_timer aes xsave avx lahf_lm ida arat epb xsaveopt pln pts dtherm tpr_shadow vnmi flexpriority ept vpid
bogomips	: 6599.78
clflush size	: 64
cache_alignment	: 64
address sizes	: 46 bits physical, 48 bits virtual
power management:

processor	: 9
vendor_id	: GenuineIntel
cpu family	: 6
model		: 45
model name	: 06/2d
stepping	: 6
microcode	: 0x616
cpu MHz		: 3301.000
cache size	: 15360 KB
physical id	: 0
siblings	: 12
core id		: 3
cpu cores	: 6
apicid		: 7
initial apicid	: 7
fpu		: yes
fpu_exception	: yes
cpuid level	: 13
wp		: yes
flags		: fpu vme de pse tsc msr pae mce cx8 apic sep mtrr pge mca cmov pat pse36 clflush dts acpi mmx fxsr sse sse2 ss ht tm pbe syscall nx pdpe1gb rdtscp lm constant_tsc arch_perfmon pebs bts rep_good nopl xtopology nonstop_tsc aperfmperf pni pclmulqdq dtes64 monitor ds_cpl vmx est tm2 ssse3 cx16 xtpr pdcm pcid dca sse4_1 sse4_2 x2apic popcnt tsc_deadline_timer aes xsave avx lahf_lm ida arat epb xsaveopt pln pts dtherm tpr_shadow vnmi flexpriority ept vpid
bogomips	: 6599.78
clflush size	: 64
cache_alignment	: 64
address sizes	: 46 bits physical, 48 bits virtual
power management:

processor	: 10
vendor_id	: GenuineIntel
cpu family	: 6
model		: 45
model name	: 06/2d
stepping	: 6
microcode	: 0x616
cpu MHz		: 1200.000
cache size	: 15360 KB
physical id	: 0
siblings	: 12
core id		: 4
cpu cores	: 6
apicid		: 9
initial apicid	: 9
fpu		: yes
fpu_exception	: yes
cpuid level	: 13
wp		: yes
flags		: fpu vme de pse tsc msr pae mce cx8 apic sep mtrr pge mca cmov pat pse36 clflush dts acpi mmx fxsr sse sse2 ss ht tm pbe syscall nx pdpe1gb rdtscp lm constant_tsc arch_perfmon pebs bts rep_good nopl xtopology nonstop_tsc aperfmperf pni pclmulqdq dtes64 monitor ds_cpl vmx est tm2 ssse3 cx16 xtpr pdcm pcid dca sse4_1 sse4_2 x2apic popcnt tsc_deadline_timer aes xsave avx lahf_lm ida arat epb xsaveopt pln pts dtherm tpr_shadow vnmi flexpriority ept vpid
bogomips	: 6599.78
clflush size	: 64
cache_alignment	: 64
address sizes	: 46 bits physical, 48 bits virtual
power management:

processor	: 11
vendor_id	: GenuineIntel
cpu family	: 6
model		: 45
model name	: 06/2d
stepping	: 6
microcode	: 0x616
cpu MHz		: 1200.000
cache size	: 15360 KB
physical id	: 0
siblings	: 12
core id		: 5
cpu cores	: 6
apicid		: 11
initial apicid	: 11
fpu		: yes
fpu_exception	: yes
cpuid level	: 13
wp		: yes
flags		: fpu vme de pse tsc msr pae mce cx8 apic sep mtrr pge mca cmov pat pse36 clflush dts acpi mmx fxsr sse sse2 ss ht tm pbe syscall nx pdpe1gb rdtscp lm constant_tsc arch_perfmon pebs bts rep_good nopl xtopology nonstop_tsc aperfmperf pni pclmulqdq dtes64 monitor ds_cpl vmx est tm2 ssse3 cx16 xtpr pdcm pcid dca sse4_1 sse4_2 x2apic popcnt tsc_deadline_timer aes xsave avx lahf_lm ida arat epb xsaveopt pln pts dtherm tpr_shadow vnmi flexpriority ept vpid
bogomips	: 6599.77
clflush size	: 64
cache_alignment	: 64
address sizes	: 46 bits physical, 48 bits virtual
power management:



Memory: 4k page, physical 16411040k(13813364k free), swap 32193528k(31932116k free)

vm_info: Java HotSpot(TM) 64-Bit Server VM (24.45-b08) for linux-amd64 JRE (1.7.0_45-b18), built on Oct  8 2013 05:44:25 by "java_re" with gcc 4.3.0 20080428 (Red Hat 4.3.0-8)

time: Sun Nov 17 15:08:10 2013
elapsed time: 0 seconds

