#
# A fatal error has been detected by the Java Runtime Environment:
#
#  SIGSEGV (0xb) at pc=0x0000000000000000, pid=21091, tid=139820465112832
#
# JRE version: 7.0_25-b15
# Java VM: Java HotSpot(TM) 64-Bit Server VM (23.25-b01 mixed mode linux-amd64 compressed oops)
# Problematic frame:
# C  0x0000000000000000
#
# Failed to write core dump. Core dumps have been disabled. To enable core dumping, try "ulimit -c unlimited" before starting Java again
#
# If you would like to submit a bug report, please visit:
#   http://bugreport.sun.com/bugreport/crash.jsp
#

---------------  T H R E A D  ---------------

Current thread (0x00007f29f800b000):  JavaThread "main" [_thread_in_Java, id=21095, stack(0x00007f29fd27c000,0x00007f2a7d27d000)]

siginfo:si_signo=SIGSEGV: si_errno=0, si_code=1 (SEGV_MAPERR), si_addr=0x0000000000000000

Registers:
RAX=0x0000000000000000, RBX=0x00000006bae154d8, RCX=0x0000000795560da0, RDX=0x000000000c800001
RSP=0x00007f2a7d27a9e0, RBP=0x00007f2a7d27aa30, RSI=0x0000000000000001, RDI=0x00007f29f800b000
R8 =0x00007f29f803bb30, R9 =0x0000000000005400, R10=0x00007f2a7e270de0, R11=0x00007f2a7d813ad0
R12=0x0000000000000000, R13=0x00007f2a7d27a9e8, R14=0x00007f2a7d27aa38, R15=0x00007f29f800b000
RIP=0x0000000000000000, EFLAGS=0x0000000000010246, CSGSFS=0x0000000000000033, ERR=0x0000000000000014
  TRAPNO=0x000000000000000e

Top of Stack: (sp=0x00007f2a7d27a9e0)
0x00007f2a7d27a9e0:   00007f29f5006450 0000000795560da0
0x00007f2a7d27a9f0:   00007f2a7d27a9f0 00000006bae248fb
0x00007f2a7d27aa00:   00007f2a7d27aa38 00000006baeaceb8
0x00007f2a7d27aa10:   0000000000000000 00000006bae24938
0x00007f2a7d27aa20:   00007f2a7d27a9e8 00007f2a7d27aa40
0x00007f2a7d27aa30:   00007f2a7d27aaa0 00007f29f500050d
0x00007f2a7d27aa40:   00007f2a00001fa0 00007f2a7d27ac30
0x00007f2a7d27aa50:   00007f2a7d27ab20 00007f2a7d27abb0
0x00007f2a7d27aa60:   00007f29f800b000 00007f29f800c0b8
0x00007f2a7d27aa70:   00007f2a7d27aae0 00007f2a7d27ac38
0x00007f2a7d27aa80:   00007f290000000a 00000006bae24938
0x00007f2a7d27aa90:   00007f29f5010f40 00007f2a7d27abb8
0x00007f2a7d27aaa0:   00007f2a7d27ab80 00007f2a7dac8d35
0x00007f2a7d27aab0:   0000000000000000 00007f29f800b000
0x00007f2a7d27aac0:   00007f29f8054b60 00007f2a7d27aae0
0x00007f2a7d27aad0:   00007f29f5010f40 00007f2a0000000a
0x00007f2a7d27aae0:   00007f29f800b000 00007f29f809e910
0x00007f2a7d27aaf0:   00000006bae24938 0000000000000000
0x00007f2a7d27ab00:   00007f2a7d27b420 00007f29f5012d62
0x00007f2a7d27ab10:   00007f2a7d27b470 00007f2a7d27ac30
0x00007f2a7d27ab20:   00007f29f800b000 00007f29f8008910
0x00007f2a7d27ab30:   00007f29f800bf00 00007f29f800c0c0
0x00007f2a7d27ab40:   00007f29f800c2e8 00007f2a7d27ad50
0x00007f2a7d27ab50:   00007f29f80379f0 00000006bae24938
0x00007f2a7d27ab60:   00007f29f800b000 00007f2a7d27ace0
0x00007f2a7d27ab70:   00000006bae02db0 00007f2a7d27ac60
0x00007f2a7d27ab80:   00007f2a7d27aba0 00007f2a7dac7858
0x00007f2a7d27ab90:   00000006bae24938 00007f29f800c0b8
0x00007f2a7d27aba0:   00007f2a7d27ac50 00007f2a7da8b1ea
0x00007f2a7d27abb0:   00007f2a7d27ace0 00007f2a7d27abf0
0x00007f2a7d27abc0:   00007fff41bfed01 0000000000000000
0x00007f2a7d27abd0:   000000017d27ac20 00007f2a7d27ac10 

Instructions: (pc=0x0000000000000000)
0xffffffffffffffe0:   

Register to memory mapping:

RAX=0x0000000000000000 is an unknown value
RBX=0x00000006bae154d8 is an oop
{method} 
 - klass: {other class}
RCX=0x0000000795560da0 is an oop
java.lang.Class 
 - klass: 'java/lang/Class'
RDX=0x000000000c800001 is an unknown value
RSP=0x00007f2a7d27a9e0 is pointing into the stack for thread: 0x00007f29f800b000
RBP=0x00007f2a7d27aa30 is pointing into the stack for thread: 0x00007f29f800b000
RSI=0x0000000000000001 is an unknown value
RDI=0x00007f29f800b000 is a thread
R8 =0x00007f29f803bb30 is an unknown value
R9 =0x0000000000005400 is an unknown value
R10=0x00007f2a7e270de0: <offset 0xcf5de0> in /usr/lib/jvm/java-7-oracle/jre/lib/amd64/server/libjvm.so at 0x00007f2a7d57b000
R11=0x00007f2a7d813ad0: <offset 0x298ad0> in /usr/lib/jvm/java-7-oracle/jre/lib/amd64/server/libjvm.so at 0x00007f2a7d57b000
R12=0x0000000000000000 is an unknown value
R13=0x00007f2a7d27a9e8 is pointing into the stack for thread: 0x00007f29f800b000
R14=0x00007f2a7d27aa38 is pointing into the stack for thread: 0x00007f29f800b000
R15=0x00007f29f800b000 is a thread


Stack: [0x00007f29fd27c000,0x00007f2a7d27d000],  sp=0x00007f2a7d27a9e0,  free space=2097146k

---------------  P R O C E S S  ---------------

Java Threads: ( => current thread )
=>0x00007f29f800b000 JavaThread "main" [_thread_in_Java, id=21095, stack(0x00007f29fd27c000,0x00007f2a7d27d000)]

Other Threads:
  0x00007f29f809d000 VMThread [stack: 0x00007f29eb0f1000,0x00007f29eb1f2000] [id=21104]

VM state:not at safepoint (normal execution)

VM Mutex/Monitor currently owned by a thread: None

Heap
 PSYoungGen      total 27584K, used 473K [0x0000000795560000, 0x0000000797420000, 0x0000000800000000)
  eden space 23680K, 2% used [0x0000000795560000,0x00000007955d66d0,0x0000000796c80000)
  from space 3904K, 0% used [0x0000000797050000,0x0000000797050000,0x0000000797420000)
  to   space 3904K, 0% used [0x0000000796c80000,0x0000000796c80000,0x0000000797050000)
 ParOldGen       total 62976K, used 0K [0x00000006c0000000, 0x00000006c3d80000, 0x0000000795560000)
  object space 62976K, 0% used [0x00000006c0000000,0x00000006c0000000,0x00000006c3d80000)
 PSPermGen       total 21248K, used 830K [0x00000006bae00000, 0x00000006bc2c0000, 0x00000006c0000000)
  object space 21248K, 3% used [0x00000006bae00000,0x00000006baecfb80,0x00000006bc2c0000)

Card table byte_map: [0x00007f29f45d6000,0x00007f29f5000000] byte_map_base: 0x00007f29f0fff000

Polling page: 0x00007f2a7ee9c000

Code Cache  [0x00007f29f5000000, 0x00007f29f5270000, 0x00007f29f8000000)
 total_blobs=61 nmethods=0 adapters=37 free_code_cache=48825Kb largest_free_block=49997056

Compilation events (0 events):
No events

GC Heap History (0 events):
No events

Deoptimization events (0 events):
No events

Internal exceptions (0 events):
No events

Events (10 events):
Event: 0.022 loading class 0x00007f29f8035970 done
Event: 0.022 loading class 0x00007f29f8035940 done
Event: 0.022 loading class 0x00007f29f806cb40
Event: 0.022 loading class 0x00007f29f806cb40 done
Event: 0.023 loading class 0x00007f29f8068eb0
Event: 0.023 loading class 0x00007f29f8068eb0 done
Event: 0.023 loading class 0x00007f29f8078360
Event: 0.023 loading class 0x00007f29f8078360 done
Event: 0.023 loading class 0x00007f29f8078090
Event: 0.023 loading class 0x00007f29f8078090 done


Dynamic libraries:
00400000-00401000 r-xp 00000000 08:01 12725529                           /usr/lib/jvm/java-7-oracle/bin/java
00600000-00601000 rw-p 00000000 08:01 12725529                           /usr/lib/jvm/java-7-oracle/bin/java
00ebd000-00ede000 rw-p 00000000 00:00 0                                  [heap]
6bae00000-6bc2c0000 rw-p 00000000 00:00 0 
6bc2c0000-6c0000000 rw-p 00000000 00:00 0 
6c0000000-6c3d80000 rw-p 00000000 00:00 0 
6c3d80000-795560000 rw-p 00000000 00:00 0 
795560000-797420000 rw-p 00000000 00:00 0 
797420000-800000000 rw-p 00000000 00:00 0 
7f29a9d70000-7f29b4000000 rw-p 00000000 00:00 0 
7f29b4000000-7f29b4021000 rw-p 00000000 00:00 0 
7f29b4021000-7f29b8000000 ---p 00000000 00:00 0 
7f29b8000000-7f29b8021000 rw-p 00000000 00:00 0 
7f29b8021000-7f29bc000000 ---p 00000000 00:00 0 
7f29bc000000-7f29bc021000 rw-p 00000000 00:00 0 
7f29bc021000-7f29c0000000 ---p 00000000 00:00 0 
7f29c4000000-7f29c4021000 rw-p 00000000 00:00 0 
7f29c4021000-7f29c8000000 ---p 00000000 00:00 0 
7f29cc000000-7f29cc021000 rw-p 00000000 00:00 0 
7f29cc021000-7f29d0000000 ---p 00000000 00:00 0 
7f29d4000000-7f29d4021000 rw-p 00000000 00:00 0 
7f29d4021000-7f29d8000000 ---p 00000000 00:00 0 
7f29dc000000-7f29dc021000 rw-p 00000000 00:00 0 
7f29dc021000-7f29e0000000 ---p 00000000 00:00 0 
7f29e4000000-7f29e4021000 rw-p 00000000 00:00 0 
7f29e4021000-7f29e8000000 ---p 00000000 00:00 0 
7f29eb0f1000-7f29eb0f2000 ---p 00000000 00:00 0 
7f29eb0f2000-7f29ec000000 rw-p 00000000 00:00 0                          [stack:21104]
7f29ec000000-7f29ec021000 rw-p 00000000 00:00 0 
7f29ec021000-7f29f0000000 ---p 00000000 00:00 0 
7f29f00b6000-7f29f0dc3000 rw-p 00000000 00:00 0 
7f29f0dc3000-7f29f0f80000 r--s 039f9000 08:01 12982616                   /usr/lib/jvm/java-7-oracle/jre/lib/rt.jar
7f29f0f80000-7f29f3824000 rw-p 00000000 00:00 0 
7f29f3824000-7f29f3825000 ---p 00000000 00:00 0 
7f29f3825000-7f29f3925000 rw-p 00000000 00:00 0                          [stack:21103]
7f29f3925000-7f29f3926000 ---p 00000000 00:00 0 
7f29f3926000-7f29f3a26000 rw-p 00000000 00:00 0                          [stack:21102]
7f29f3a26000-7f29f3a27000 ---p 00000000 00:00 0 
7f29f3a27000-7f29f3b27000 rw-p 00000000 00:00 0                          [stack:21101]
7f29f3b27000-7f29f3b28000 ---p 00000000 00:00 0 
7f29f3b28000-7f29f3c28000 rw-p 00000000 00:00 0                          [stack:21100]
7f29f3c28000-7f29f3c29000 ---p 00000000 00:00 0 
7f29f3c29000-7f29f3d29000 rw-p 00000000 00:00 0                          [stack:21099]
7f29f3d29000-7f29f3d2a000 ---p 00000000 00:00 0 
7f29f3d2a000-7f29f3e2a000 rw-p 00000000 00:00 0                          [stack:21098]
7f29f3e2a000-7f29f3e2b000 ---p 00000000 00:00 0 
7f29f3e2b000-7f29f3f4a000 rw-p 00000000 00:00 0                          [stack:21097]
7f29f3f4a000-7f29f45d6000 rw-p 00000000 00:00 0 
7f29f45d6000-7f29f45e1000 rw-p 00000000 00:00 0 
7f29f45e1000-7f29f45ff000 rw-p 00000000 00:00 0 
7f29f45ff000-7f29f461e000 rw-p 00000000 00:00 0 
7f29f461e000-7f29f4ca9000 rw-p 00000000 00:00 0 
7f29f4ca9000-7f29f4cba000 rw-p 00000000 00:00 0 
7f29f4cba000-7f29f4fff000 rw-p 00000000 00:00 0 
7f29f4fff000-7f29f5000000 rw-p 00000000 00:00 0 
7f29f5000000-7f29f5270000 rwxp 00000000 00:00 0 
7f29f5270000-7f29f80a7000 rw-p 00000000 00:00 0 
7f29f80a7000-7f29fc000000 ---p 00000000 00:00 0 
7f29fc000000-7f29fc0e7000 rw-p 00000000 00:00 0 
7f29fc0e7000-7f29fc0e8000 ---p 00000000 00:00 0 
7f29fc0e8000-7f29fc1e8000 rw-p 00000000 00:00 0                          [stack:21096]
7f29fc1e8000-7f29fc203000 r-xp 00000000 08:01 14815379                   /usr/lib/jvm/java-7-oracle/jre/lib/amd64/libzip.so
7f29fc203000-7f29fc402000 ---p 0001b000 08:01 14815379                   /usr/lib/jvm/java-7-oracle/jre/lib/amd64/libzip.so
7f29fc402000-7f29fc403000 rw-p 0001a000 08:01 14815379                   /usr/lib/jvm/java-7-oracle/jre/lib/amd64/libzip.so
7f29fc403000-7f29fc40f000 r-xp 00000000 08:01 3015511                    /lib/x86_64-linux-gnu/libnss_files-2.17.so
7f29fc40f000-7f29fc60e000 ---p 0000c000 08:01 3015511                    /lib/x86_64-linux-gnu/libnss_files-2.17.so
7f29fc60e000-7f29fc60f000 r--p 0000b000 08:01 3015511                    /lib/x86_64-linux-gnu/libnss_files-2.17.so
7f29fc60f000-7f29fc610000 rw-p 0000c000 08:01 3015511                    /lib/x86_64-linux-gnu/libnss_files-2.17.so
7f29fc610000-7f29fc61a000 r-xp 00000000 08:01 3015513                    /lib/x86_64-linux-gnu/libnss_nis-2.17.so
7f29fc61a000-7f29fc819000 ---p 0000a000 08:01 3015513                    /lib/x86_64-linux-gnu/libnss_nis-2.17.so
7f29fc819000-7f29fc81a000 r--p 00009000 08:01 3015513                    /lib/x86_64-linux-gnu/libnss_nis-2.17.so
7f29fc81a000-7f29fc81b000 rw-p 0000a000 08:01 3015513                    /lib/x86_64-linux-gnu/libnss_nis-2.17.so
7f29fc81b000-7f29fc830000 r-xp 00000000 08:01 3015508                    /lib/x86_64-linux-gnu/libnsl-2.17.so
7f29fc830000-7f29fca2f000 ---p 00015000 08:01 3015508                    /lib/x86_64-linux-gnu/libnsl-2.17.so
7f29fca2f000-7f29fca30000 r--p 00014000 08:01 3015508                    /lib/x86_64-linux-gnu/libnsl-2.17.so
7f29fca30000-7f29fca31000 rw-p 00015000 08:01 3015508                    /lib/x86_64-linux-gnu/libnsl-2.17.so
7f29fca31000-7f29fca33000 rw-p 00000000 00:00 0 
7f29fca33000-7f29fca3a000 r-xp 00000000 08:01 3015509                    /lib/x86_64-linux-gnu/libnss_compat-2.17.so
7f29fca3a000-7f29fcc39000 ---p 00007000 08:01 3015509                    /lib/x86_64-linux-gnu/libnss_compat-2.17.so
7f29fcc39000-7f29fcc3a000 r--p 00006000 08:01 3015509                    /lib/x86_64-linux-gnu/libnss_compat-2.17.so
7f29fcc3a000-7f29fcc3b000 rw-p 00007000 08:01 3015509                    /lib/x86_64-linux-gnu/libnss_compat-2.17.so
7f29fcc3b000-7f29fcc64000 r-xp 00000000 08:01 14815391                   /usr/lib/jvm/java-7-oracle/jre/lib/amd64/libjava.so
7f29fcc64000-7f29fce64000 ---p 00029000 08:01 14815391                   /usr/lib/jvm/java-7-oracle/jre/lib/amd64/libjava.so
7f29fce64000-7f29fce66000 rw-p 00029000 08:01 14815391                   /usr/lib/jvm/java-7-oracle/jre/lib/amd64/libjava.so
7f29fce66000-7f29fce73000 r-xp 00000000 08:01 14815339                   /usr/lib/jvm/java-7-oracle/jre/lib/amd64/libverify.so
7f29fce73000-7f29fd072000 ---p 0000d000 08:01 14815339                   /usr/lib/jvm/java-7-oracle/jre/lib/amd64/libverify.so
7f29fd072000-7f29fd074000 rw-p 0000c000 08:01 14815339                   /usr/lib/jvm/java-7-oracle/jre/lib/amd64/libverify.so
7f29fd074000-7f29fd07b000 r-xp 00000000 08:01 3015517                    /lib/x86_64-linux-gnu/librt-2.17.so
7f29fd07b000-7f29fd27a000 ---p 00007000 08:01 3015517                    /lib/x86_64-linux-gnu/librt-2.17.so
7f29fd27a000-7f29fd27b000 r--p 00006000 08:01 3015517                    /lib/x86_64-linux-gnu/librt-2.17.so
7f29fd27b000-7f29fd27c000 rw-p 00007000 08:01 3015517                    /lib/x86_64-linux-gnu/librt-2.17.so
7f29fd27c000-7f29fd27f000 ---p 00000000 00:00 0 
7f29fd27f000-7f2a7d27d000 rw-p 00000000 00:00 0                          [stack:21095]
7f2a7d27d000-7f2a7d379000 r-xp 00000000 08:01 3015506                    /lib/x86_64-linux-gnu/libm-2.17.so
7f2a7d379000-7f2a7d579000 ---p 000fc000 08:01 3015506                    /lib/x86_64-linux-gnu/libm-2.17.so
7f2a7d579000-7f2a7d57a000 r--p 000fc000 08:01 3015506                    /lib/x86_64-linux-gnu/libm-2.17.so
7f2a7d57a000-7f2a7d57b000 rw-p 000fd000 08:01 3015506                    /lib/x86_64-linux-gnu/libm-2.17.so
7f2a7d57b000-7f2a7dfbc000 r-xp 00000000 08:01 14815347                   /usr/lib/jvm/java-7-oracle/jre/lib/amd64/server/libjvm.so
7f2a7dfbc000-7f2a7e1bc000 ---p 00a41000 08:01 14815347                   /usr/lib/jvm/java-7-oracle/jre/lib/amd64/server/libjvm.so
7f2a7e1bc000-7f2a7e25f000 rw-p 00a41000 08:01 14815347                   /usr/lib/jvm/java-7-oracle/jre/lib/amd64/server/libjvm.so
7f2a7e25f000-7f2a7e29b000 rw-p 00000000 00:00 0 
7f2a7e29b000-7f2a7e43d000 r-xp 00000000 08:01 3015502                    /lib/x86_64-linux-gnu/libc-2.17.so
7f2a7e43d000-7f2a7e63d000 ---p 001a2000 08:01 3015502                    /lib/x86_64-linux-gnu/libc-2.17.so
7f2a7e63d000-7f2a7e641000 r--p 001a2000 08:01 3015502                    /lib/x86_64-linux-gnu/libc-2.17.so
7f2a7e641000-7f2a7e643000 rw-p 001a6000 08:01 3015502                    /lib/x86_64-linux-gnu/libc-2.17.so
7f2a7e643000-7f2a7e647000 rw-p 00000000 00:00 0 
7f2a7e647000-7f2a7e64a000 r-xp 00000000 08:01 3015505                    /lib/x86_64-linux-gnu/libdl-2.17.so
7f2a7e64a000-7f2a7e849000 ---p 00003000 08:01 3015505                    /lib/x86_64-linux-gnu/libdl-2.17.so
7f2a7e849000-7f2a7e84a000 r--p 00002000 08:01 3015505                    /lib/x86_64-linux-gnu/libdl-2.17.so
7f2a7e84a000-7f2a7e84b000 rw-p 00003000 08:01 3015505                    /lib/x86_64-linux-gnu/libdl-2.17.so
7f2a7e84b000-7f2a7e861000 r-xp 00000000 08:01 14815338                   /usr/lib/jvm/java-7-oracle/jre/lib/amd64/jli/libjli.so
7f2a7e861000-7f2a7ea61000 ---p 00016000 08:01 14815338                   /usr/lib/jvm/java-7-oracle/jre/lib/amd64/jli/libjli.so
7f2a7ea61000-7f2a7ea62000 rw-p 00016000 08:01 14815338                   /usr/lib/jvm/java-7-oracle/jre/lib/amd64/jli/libjli.so
7f2a7ea62000-7f2a7ea79000 r-xp 00000000 08:01 3015498                    /lib/x86_64-linux-gnu/libpthread-2.17.so
7f2a7ea79000-7f2a7ec78000 ---p 00017000 08:01 3015498                    /lib/x86_64-linux-gnu/libpthread-2.17.so
7f2a7ec78000-7f2a7ec79000 r--p 00016000 08:01 3015498                    /lib/x86_64-linux-gnu/libpthread-2.17.so
7f2a7ec79000-7f2a7ec7a000 rw-p 00017000 08:01 3015498                    /lib/x86_64-linux-gnu/libpthread-2.17.so
7f2a7ec7a000-7f2a7ec7e000 rw-p 00000000 00:00 0 
7f2a7ec7e000-7f2a7ec9f000 r-xp 00000000 08:01 3015499                    /lib/x86_64-linux-gnu/ld-2.17.so
7f2a7ecbd000-7f2a7eda2000 rw-p 00000000 00:00 0 
7f2a7eda2000-7f2a7edc0000 rw-p 00000000 00:00 0 
7f2a7edc0000-7f2a7edca000 rw-p 00000000 00:00 0 
7f2a7edca000-7f2a7ee80000 rw-p 00000000 00:00 0 
7f2a7ee80000-7f2a7ee84000 rw-p 00000000 00:00 0 
7f2a7ee93000-7f2a7ee9b000 rw-s 00000000 08:01 14684439                   /tmp/hsperfdata_anantoni/21091
7f2a7ee9b000-7f2a7ee9c000 rw-p 00000000 00:00 0 
7f2a7ee9c000-7f2a7ee9d000 r--p 00000000 00:00 0 
7f2a7ee9d000-7f2a7ee9f000 rw-p 00000000 00:00 0 
7f2a7ee9f000-7f2a7eea0000 r--p 00021000 08:01 3015499                    /lib/x86_64-linux-gnu/ld-2.17.so
7f2a7eea0000-7f2a7eea2000 rw-p 00022000 08:01 3015499                    /lib/x86_64-linux-gnu/ld-2.17.so
7fff41baa000-7fff41bcc000 rw-p 00000000 00:00 0                          [stack]
7fff41bfe000-7fff41c00000 r-xp 00000000 00:00 0                          [vdso]
ffffffffff600000-ffffffffff601000 r-xp 00000000 00:00 0                  [vsyscall]

VM Arguments:
jvm_args: -Dfile.encoding=UTF-8 -Xmx5g -Xss2g 
java_command: main.MyPointerAnalysis
Launcher Type: SUN_STANDARD

Environment Variables:
PATH=/usr/local/bin:/usr/bin:/bin:/usr/local/games:/usr/games
USERNAME=anantoni
LD_LIBRARY_PATH=/usr/lib/jvm/java-7-oracle/jre/lib/amd64:/usr/lib/jvm/java-7-oracle/jre/lib/i386:
SHELL=/bin/bash
DISPLAY=:0.0

Signal Handlers:
SIGSEGV: [libjvm.so+0x8a26a0], sa_mask[0]=0x7ffbfeff, sa_flags=0x10000004
SIGBUS: [libjvm.so+0x8a26a0], sa_mask[0]=0x7ffbfeff, sa_flags=0x10000004
SIGFPE: [libjvm.so+0x73f3d0], sa_mask[0]=0x7ffbfeff, sa_flags=0x10000004
SIGPIPE: [libjvm.so+0x73f3d0], sa_mask[0]=0x7ffbfeff, sa_flags=0x10000004
SIGXFSZ: [libjvm.so+0x73f3d0], sa_mask[0]=0x7ffbfeff, sa_flags=0x10000004
SIGILL: [libjvm.so+0x73f3d0], sa_mask[0]=0x7ffbfeff, sa_flags=0x10000004
SIGUSR1: SIG_DFL, sa_mask[0]=0x00000000, sa_flags=0x00000000
SIGUSR2: [libjvm.so+0x73ed20], sa_mask[0]=0x00000004, sa_flags=0x10000004
SIGHUP: SIG_DFL, sa_mask[0]=0x00000000, sa_flags=0x00000000
SIGINT: SIG_IGN, sa_mask[0]=0x00000000, sa_flags=0x00000000
SIGTERM: SIG_DFL, sa_mask[0]=0x00000000, sa_flags=0x00000000
SIGQUIT: SIG_DFL, sa_mask[0]=0x00000000, sa_flags=0x00000000


---------------  S Y S T E M  ---------------

OS:jessie/sid

uname:Linux 3.9-1-amd64 #1 SMP Debian 3.9.8-1 x86_64
libc:glibc 2.17 NPTL 2.17 
rlimit: STACK 8192k, CORE 0k, NPROC 47104, NOFILE 4096, AS infinity
load average:1.72 2.11 1.93

/proc/meminfo:
MemTotal:        6042956 kB
MemFree:         3035472 kB
Buffers:           13876 kB
Cached:           898648 kB
SwapCached:         1804 kB
Active:          1454472 kB
Inactive:        1359720 kB
Active(anon):    1072372 kB
Inactive(anon):   929912 kB
Active(file):     382100 kB
Inactive(file):   429808 kB
Unevictable:          16 kB
Mlocked:              16 kB
SwapTotal:      10157052 kB
SwapFree:       10110148 kB
Dirty:               176 kB
Writeback:             0 kB
AnonPages:       1900392 kB
Mapped:           408024 kB
Shmem:            100600 kB
Slab:             103592 kB
SReclaimable:      65828 kB
SUnreclaim:        37764 kB
KernelStack:        4744 kB
PageTables:        39576 kB
NFS_Unstable:          0 kB
Bounce:                0 kB
WritebackTmp:          0 kB
CommitLimit:    13178528 kB
Committed_AS:    7763344 kB
VmallocTotal:   34359738367 kB
VmallocUsed:      410188 kB
VmallocChunk:   34359320648 kB
HardwareCorrupted:     0 kB
AnonHugePages:         0 kB
HugePages_Total:       0
HugePages_Free:        0
HugePages_Rsvd:        0
HugePages_Surp:        0
Hugepagesize:       2048 kB
DirectMap4k:       59968 kB
DirectMap2M:     6144000 kB


CPU:total 8 (4 cores per cpu, 2 threads per core) family 6 model 42 stepping 7, cmov, cx8, fxsr, mmx, sse, sse2, sse3, ssse3, sse4.1, sse4.2, popcnt, avx, ht, tsc, tscinvbit

/proc/cpuinfo:
processor	: 0
vendor_id	: GenuineIntel
cpu family	: 6
model		: 42
model name	: Intel(R) Core(TM) i7-2720QM CPU @ 2.20GHz
stepping	: 7
microcode	: 0x28
cpu MHz		: 800.000
cache size	: 6144 KB
physical id	: 0
siblings	: 8
core id		: 0
cpu cores	: 4
apicid		: 0
initial apicid	: 0
fpu		: yes
fpu_exception	: yes
cpuid level	: 13
wp		: yes
flags		: fpu vme de pse tsc msr pae mce cx8 apic sep mtrr pge mca cmov pat pse36 clflush dts acpi mmx fxsr sse sse2 ss ht tm pbe syscall nx rdtscp lm constant_tsc arch_perfmon pebs bts nopl xtopology nonstop_tsc aperfmperf eagerfpu pni pclmulqdq dtes64 monitor ds_cpl vmx smx est tm2 ssse3 cx16 xtpr pdcm pcid sse4_1 sse4_2 x2apic popcnt tsc_deadline_timer aes xsave avx lahf_lm ida arat epb xsaveopt pln pts dtherm tpr_shadow vnmi flexpriority ept vpid
bogomips	: 4390.26
clflush size	: 64
cache_alignment	: 64
address sizes	: 36 bits physical, 48 bits virtual
power management:

processor	: 1
vendor_id	: GenuineIntel
cpu family	: 6
model		: 42
model name	: Intel(R) Core(TM) i7-2720QM CPU @ 2.20GHz
stepping	: 7
microcode	: 0x28
cpu MHz		: 800.000
cache size	: 6144 KB
physical id	: 0
siblings	: 8
core id		: 0
cpu cores	: 4
apicid		: 1
initial apicid	: 1
fpu		: yes
fpu_exception	: yes
cpuid level	: 13
wp		: yes
flags		: fpu vme de pse tsc msr pae mce cx8 apic sep mtrr pge mca cmov pat pse36 clflush dts acpi mmx fxsr sse sse2 ss ht tm pbe syscall nx rdtscp lm constant_tsc arch_perfmon pebs bts nopl xtopology nonstop_tsc aperfmperf eagerfpu pni pclmulqdq dtes64 monitor ds_cpl vmx smx est tm2 ssse3 cx16 xtpr pdcm pcid sse4_1 sse4_2 x2apic popcnt tsc_deadline_timer aes xsave avx lahf_lm ida arat epb xsaveopt pln pts dtherm tpr_shadow vnmi flexpriority ept vpid
bogomips	: 4390.26
clflush size	: 64
cache_alignment	: 64
address sizes	: 36 bits physical, 48 bits virtual
power management:

processor	: 2
vendor_id	: GenuineIntel
cpu family	: 6
model		: 42
model name	: Intel(R) Core(TM) i7-2720QM CPU @ 2.20GHz
stepping	: 7
microcode	: 0x28
cpu MHz		: 800.000
cache size	: 6144 KB
physical id	: 0
siblings	: 8
core id		: 1
cpu cores	: 4
apicid		: 2
initial apicid	: 2
fpu		: yes
fpu_exception	: yes
cpuid level	: 13
wp		: yes
flags		: fpu vme de pse tsc msr pae mce cx8 apic sep mtrr pge mca cmov pat pse36 clflush dts acpi mmx fxsr sse sse2 ss ht tm pbe syscall nx rdtscp lm constant_tsc arch_perfmon pebs bts nopl xtopology nonstop_tsc aperfmperf eagerfpu pni pclmulqdq dtes64 monitor ds_cpl vmx smx est tm2 ssse3 cx16 xtpr pdcm pcid sse4_1 sse4_2 x2apic popcnt tsc_deadline_timer aes xsave avx lahf_lm ida arat epb xsaveopt pln pts dtherm tpr_shadow vnmi flexpriority ept vpid
bogomips	: 4390.26
clflush size	: 64
cache_alignment	: 64
address sizes	: 36 bits physical, 48 bits virtual
power management:

processor	: 3
vendor_id	: GenuineIntel
cpu family	: 6
model		: 42
model name	: Intel(R) Core(TM) i7-2720QM CPU @ 2.20GHz
stepping	: 7
microcode	: 0x28
cpu MHz		: 2201.000
cache size	: 6144 KB
physical id	: 0
siblings	: 8
core id		: 1
cpu cores	: 4
apicid		: 3
initial apicid	: 3
fpu		: yes
fpu_exception	: yes
cpuid level	: 13
wp		: yes
flags		: fpu vme de pse tsc msr pae mce cx8 apic sep mtrr pge mca cmov pat pse36 clflush dts acpi mmx fxsr sse sse2 ss ht tm pbe syscall nx rdtscp lm constant_tsc arch_perfmon pebs bts nopl xtopology nonstop_tsc aperfmperf eagerfpu pni pclmulqdq dtes64 monitor ds_cpl vmx smx est tm2 ssse3 cx16 xtpr pdcm pcid sse4_1 sse4_2 x2apic popcnt tsc_deadline_timer aes xsave avx lahf_lm ida arat epb xsaveopt pln pts dtherm tpr_shadow vnmi flexpriority ept vpid
bogomips	: 4390.26
clflush size	: 64
cache_alignment	: 64
address sizes	: 36 bits physical, 48 bits virtual
power management:

processor	: 4
vendor_id	: GenuineIntel
cpu family	: 6
model		: 42
model name	: Intel(R) Core(TM) i7-2720QM CPU @ 2.20GHz
stepping	: 7
microcode	: 0x28
cpu MHz		: 800.000
cache size	: 6144 KB
physical id	: 0
siblings	: 8
core id		: 2
cpu cores	: 4
apicid		: 4
initial apicid	: 4
fpu		: yes
fpu_exception	: yes
cpuid level	: 13
wp		: yes
flags		: fpu vme de pse tsc msr pae mce cx8 apic sep mtrr pge mca cmov pat pse36 clflush dts acpi mmx fxsr sse sse2 ss ht tm pbe syscall nx rdtscp lm constant_tsc arch_perfmon pebs bts nopl xtopology nonstop_tsc aperfmperf eagerfpu pni pclmulqdq dtes64 monitor ds_cpl vmx smx est tm2 ssse3 cx16 xtpr pdcm pcid sse4_1 sse4_2 x2apic popcnt tsc_deadline_timer aes xsave avx lahf_lm ida arat epb xsaveopt pln pts dtherm tpr_shadow vnmi flexpriority ept vpid
bogomips	: 4390.26
clflush size	: 64
cache_alignment	: 64
address sizes	: 36 bits physical, 48 bits virtual
power management:

processor	: 5
vendor_id	: GenuineIntel
cpu family	: 6
model		: 42
model name	: Intel(R) Core(TM) i7-2720QM CPU @ 2.20GHz
stepping	: 7
microcode	: 0x28
cpu MHz		: 800.000
cache size	: 6144 KB
physical id	: 0
siblings	: 8
core id		: 2
cpu cores	: 4
apicid		: 5
initial apicid	: 5
fpu		: yes
fpu_exception	: yes
cpuid level	: 13
wp		: yes
flags		: fpu vme de pse tsc msr pae mce cx8 apic sep mtrr pge mca cmov pat pse36 clflush dts acpi mmx fxsr sse sse2 ss ht tm pbe syscall nx rdtscp lm constant_tsc arch_perfmon pebs bts nopl xtopology nonstop_tsc aperfmperf eagerfpu pni pclmulqdq dtes64 monitor ds_cpl vmx smx est tm2 ssse3 cx16 xtpr pdcm pcid sse4_1 sse4_2 x2apic popcnt tsc_deadline_timer aes xsave avx lahf_lm ida arat epb xsaveopt pln pts dtherm tpr_shadow vnmi flexpriority ept vpid
bogomips	: 4390.26
clflush size	: 64
cache_alignment	: 64
address sizes	: 36 bits physical, 48 bits virtual
power management:

processor	: 6
vendor_id	: GenuineIntel
cpu family	: 6
model		: 42
model name	: Intel(R) Core(TM) i7-2720QM CPU @ 2.20GHz
stepping	: 7
microcode	: 0x28
cpu MHz		: 2201.000
cache size	: 6144 KB
physical id	: 0
siblings	: 8
core id		: 3
cpu cores	: 4
apicid		: 6
initial apicid	: 6
fpu		: yes
fpu_exception	: yes
cpuid level	: 13
wp		: yes
flags		: fpu vme de pse tsc msr pae mce cx8 apic sep mtrr pge mca cmov pat pse36 clflush dts acpi mmx fxsr sse sse2 ss ht tm pbe syscall nx rdtscp lm constant_tsc arch_perfmon pebs bts nopl xtopology nonstop_tsc aperfmperf eagerfpu pni pclmulqdq dtes64 monitor ds_cpl vmx smx est tm2 ssse3 cx16 xtpr pdcm pcid sse4_1 sse4_2 x2apic popcnt tsc_deadline_timer aes xsave avx lahf_lm ida arat epb xsaveopt pln pts dtherm tpr_shadow vnmi flexpriority ept vpid
bogomips	: 4390.26
clflush size	: 64
cache_alignment	: 64
address sizes	: 36 bits physical, 48 bits virtual
power management:

processor	: 7
vendor_id	: GenuineIntel
cpu family	: 6
model		: 42
model name	: Intel(R) Core(TM) i7-2720QM CPU @ 2.20GHz
stepping	: 7
microcode	: 0x28
cpu MHz		: 800.000
cache size	: 6144 KB
physical id	: 0
siblings	: 8
core id		: 3
cpu cores	: 4
apicid		: 7
initial apicid	: 7
fpu		: yes
fpu_exception	: yes
cpuid level	: 13
wp		: yes
flags		: fpu vme de pse tsc msr pae mce cx8 apic sep mtrr pge mca cmov pat pse36 clflush dts acpi mmx fxsr sse sse2 ss ht tm pbe syscall nx rdtscp lm constant_tsc arch_perfmon pebs bts nopl xtopology nonstop_tsc aperfmperf eagerfpu pni pclmulqdq dtes64 monitor ds_cpl vmx smx est tm2 ssse3 cx16 xtpr pdcm pcid sse4_1 sse4_2 x2apic popcnt tsc_deadline_timer aes xsave avx lahf_lm ida arat epb xsaveopt pln pts dtherm tpr_shadow vnmi flexpriority ept vpid
bogomips	: 4390.26
clflush size	: 64
cache_alignment	: 64
address sizes	: 36 bits physical, 48 bits virtual
power management:



Memory: 4k page, physical 6042956k(3035472k free), swap 10157052k(10110148k free)

vm_info: Java HotSpot(TM) 64-Bit Server VM (23.25-b01) for linux-amd64 JRE (1.7.0_25-b15), built on Jun  5 2013 20:48:36 by "java_re" with gcc 4.3.0 20080428 (Red Hat 4.3.0-8)

time: Fri Aug  2 10:41:32 2013
elapsed time: 0 seconds

