#
# A fatal error has been detected by the Java Runtime Environment:
#
#  SIGSEGV (0xb) at pc=0x00007f72c477c17e, pid=5876, tid=140130996406016
#
# JRE version: Java(TM) SE Runtime Environment (7.0_45-b18) (build 1.7.0_45-b18)
# Java VM: Java HotSpot(TM) 64-Bit Server VM (24.45-b08 mixed mode linux-amd64 compressed oops)
# Problematic frame:
# J  inputfactsconverter.InstructionsFactsConverter.parseLogicBloxFactsFile()V
#
# Failed to write core dump. Core dumps have been disabled. To enable core dumping, try "ulimit -c unlimited" before starting Java again
#
# If you would like to submit a bug report, please visit:
#   http://bugreport.sun.com/bugreport/crash.jsp
#

---------------  T H R E A D  ---------------

Current thread (0x0000000001dd1800):  JavaThread "main" [_thread_in_Java, id=5880, stack(0x00007f72ca334000,0x00007f72ca435000)]

siginfo:si_signo=SIGSEGV: si_errno=0, si_code=2 (SEGV_ACCERR), si_addr=0x00007f693f3ff08c

Registers:
RAX=0x00007f713f3ff068, RBX=0x000000000000003d, RCX=0x0000000000000039, RDX=0x0000000000000000
RSP=0x00007f72ca4337b0, RBP=0x00000000cb527892, RSI=0x00007f713f3ff0f8, RDI=0x00007f713f3e6da0
R8 =0x0000000000000010, R9 =0x0000000000000039, R10=0x00000000cb527895, R11=0x00007f6f99d3b490
R12=0x00007f693f3ff000, R13=0x00007f713f3e6d28, R14=0x00007f72ca4337a8, R15=0x0000000001dd1800
RIP=0x00007f72c477c17e, EFLAGS=0x0000000000010297, CSGSFS=0x0000000000000033, ERR=0x0000000000000004
  TRAPNO=0x000000000000000e

Top of Stack: (sp=0x00007f72ca4337b0)
0x00007f72ca4337b0:   00007f713f3e7068 00007f6f99cec2d0
0x00007f72ca4337c0:   0000b72ecb51daae 00007f6f9c527738
0x00007f72ca4337d0:   00007f713f3e7128 00007f6f99d3b548
0x00007f72ca4337e0:   00007f6f99cd8510 00007f6f9d102b90
0x00007f72ca4337f0:   0000000000000001 00007f6f9d102a98
0x00007f72ca433800:   00007f72ca433860 00007f72c4701058
0x00007f72ca433810:   00007f6f99cec2d0 00007f6f99cec2d0
0x00007f72ca433820:   00007f72ca433820 00007f693f722bf9
0x00007f72ca433830:   00007f72ca4338f8 00007f693f723248
0x00007f72ca433840:   0000000000000000 00007f693f722fa0
0x00007f72ca433850:   00007f72ca433818 00007f72ca4338f8
0x00007f72ca433860:   00007f72ca433948 00007f72c4701058
0x00007f72ca433870:   0000000000000000 0000000000000000
0x00007f72ca433880:   0000000000000000 0000000000000000
0x00007f72ca433890:   0000000000000000 0000000000000000
0x00007f72ca4338a0:   0000000000000000 0000000000000000
0x00007f72ca4338b0:   0000000000000000 0000000000000000
0x00007f72ca4338c0:   0000000000000000 0000000000000000
0x00007f72ca4338d0:   0000000000000000 0000000000000000
0x00007f72ca4338e0:   0000000000000000 00007f6f99cec2d0
0x00007f72ca4338f0:   00007f6f99cd8510 00007f6f99cd1f38
0x00007f72ca433900:   00007f6f99cd1f38 00007f72ca433908
0x00007f72ca433910:   00007f693f676a1d 00007f72ca4339a8
0x00007f72ca433920:   00007f693f6794f8 0000000000000000
0x00007f72ca433930:   00007f693f676d90 00007f72ca4338f8
0x00007f72ca433940:   00007f72ca4339a8 00007f72ca433a10
0x00007f72ca433950:   00007f72c46fb4e7 0000000000000000
0x00007f72ca433960:   0000000000000000 0000000000000000
0x00007f72ca433970:   0000000000000000 0000000000000000
0x00007f72ca433980:   0000000000000000 0000000000000000
0x00007f72ca433990:   0000000000000000 0000000000000000
0x00007f72ca4339a0:   0000000000000000 00007f6f99cc77d8 

Instructions: (pc=0x00007f72c477c17e)
0x00007f72c477c15e:   00 00 66 66 90 e8 58 56 ff ff 45 8b 54 ec 0c 4d
0x00007f72c477c16e:   8d 1c ec 4c 3b d8 0f 84 2f fc ff ff 44 8b 40 0c
0x00007f72c477c17e:   47 8b 5c c4 0c 43 8b 4c d4 0c 41 3b cb 0f 85 0f
0x00007f72c477c18e:   ff ff ff 4f 8d 1c c4 4b 8d 74 c4 10 4f 8d 1c d4 

Register to memory mapping:

RAX=0x00007f713f3ff068 is an oop
java.lang.String 
 - klass: 'java/lang/String'
RBX=0x000000000000003d is an unknown value
RCX=0x0000000000000039 is an unknown value
RDX=0x0000000000000000 is an unknown value
RSP=0x00007f72ca4337b0 is pointing into the stack for thread: 0x0000000001dd1800
RBP=0x00000000cb527892 is an unknown value
RSI=0x00007f713f3ff0f8 is an unknown value
RDI=0x00007f713f3e6da0 is an unknown value
R8 =0x0000000000000010 is an unknown value
R9 =0x0000000000000039 is an unknown value
R10=0x00000000cb527895 is an unknown value
R11=0x00007f6f99d3b490 is an oop
java.lang.String 
 - klass: 'java/lang/String'
R12=0x00007f693f3ff000 is an unknown value
R13=0x00007f713f3e6d28 is an oop
[C 
 - klass: {type array char}
 - length: 61
R14=0x00007f72ca4337a8 is pointing into the stack for thread: 0x0000000001dd1800
R15=0x0000000001dd1800 is a thread


Stack: [0x00007f72ca334000,0x00007f72ca435000],  sp=0x00007f72ca4337b0,  free space=1021k
Native frames: (J=compiled Java code, j=interpreted, Vv=VM code, C=native code)
J  inputfactsconverter.InstructionsFactsConverter.parseLogicBloxFactsFile()V


---------------  P R O C E S S  ---------------

Java Threads: ( => current thread )
  0x00007f6930028000 JavaThread "Service Thread" daemon [_thread_blocked, id=5897, stack(0x00007f68deac6000,0x00007f68debc7000)]
  0x00007f6930025000 JavaThread "C2 CompilerThread1" daemon [_thread_blocked, id=5896, stack(0x00007f68debc7000,0x00007f68decc8000)]
  0x00007f6930022000 JavaThread "C2 CompilerThread0" daemon [_thread_blocked, id=5895, stack(0x00007f68decc8000,0x00007f68dedc9000)]
  0x00007f6930018000 JavaThread "Signal Dispatcher" daemon [_thread_blocked, id=5894, stack(0x00007f68dedc9000,0x00007f68deeca000)]
  0x00007f6930001000 JavaThread "Finalizer" daemon [_thread_blocked, id=5893, stack(0x00007f68df041000,0x00007f68df142000)]
  0x0000000001e40800 JavaThread "Reference Handler" daemon [_thread_blocked, id=5892, stack(0x00007f6934041000,0x00007f6934142000)]
=>0x0000000001dd1800 JavaThread "main" [_thread_in_Java, id=5880, stack(0x00007f72ca334000,0x00007f72ca435000)]

Other Threads:
  0x0000000001e3e000 VMThread [stack: 0x00007f6934142000,0x00007f6934243000] [id=5891]
  0x00007f6930033000 WatcherThread [stack: 0x00007f68de9c5000,0x00007f68deac6000] [id=5898]

VM state:not at safepoint (normal execution)

VM Mutex/Monitor currently owned by a thread: None

Heap
 PSYoungGen      total 11622400K, used 6973752K [0x00007f6f99b80000, 0x00007f72c4680000, 0x00007f72c4680000)
  eden space 9962496K, 70% used [0x00007f6f99b80000,0x00007f71435ce200,0x00007f71f9c80000)
  from space 1659904K, 0% used [0x00007f725f180000,0x00007f725f180000,0x00007f72c4680000)
  to   space 1659904K, 0% used [0x00007f71f9c80000,0x00007f71f9c80000,0x00007f725f180000)
 ParOldGen       total 26564096K, used 0K [0x00007f6944600000, 0x00007f6f99b80000, 0x00007f6f99b80000)
  object space 26564096K, 0% used [0x00007f6944600000,0x00007f6944600000,0x00007f6f99b80000)
 PSPermGen       total 21504K, used 3297K [0x00007f693f400000, 0x00007f6940900000, 0x00007f6944600000)
  object space 21504K, 15% used [0x00007f693f400000,0x00007f693f738548,0x00007f6940900000)

Card table byte_map: [0x00007f693a756000,0x00007f693f380000] byte_map_base: 0x00007f2985d5c000

Polling page: 0x00007f72ca453000

Code Cache  [0x00007f72c46fb000, 0x00007f72c496b000, 0x00007f72c76fb000)
 total_blobs=277 nmethods=84 adapters=146 free_code_cache=48580Kb largest_free_block=49724736

Compilation events (10 events):
Event: 14.093 Thread 0x00007f6930022000   80             java.util.regex.Pattern$CharProperty::<init> (5 bytes)
Event: 14.093 Thread 0x00007f6930025000   81             java.util.regex.Pattern$CharProperty::<init> (5 bytes)
Event: 14.094 Thread 0x00007f6930025000 nmethod 81 0x00007f72c478c190 code [0x00007f72c478c2c0, 0x00007f72c478c338]
Event: 14.094 Thread 0x00007f6930022000 nmethod 80 0x00007f72c478bf90 code [0x00007f72c478c0c0, 0x00007f72c478c138]
Event: 14.226 Thread 0x00007f6930025000   82             java.util.regex.Pattern$Curly::study (153 bytes)
Event: 14.226 Thread 0x00007f6930022000   83             java.util.regex.Pattern::skip (23 bytes)
Event: 14.227 Thread 0x00007f6930022000 nmethod 83 0x00007f72c4787a90 code [0x00007f72c4787be0, 0x00007f72c4787cb8]
Event: 14.227 Thread 0x00007f6930022000   84             java.util.regex.Pattern::escape (1040 bytes)
Event: 14.227 Thread 0x00007f6930025000 nmethod 82 0x00007f72c47874d0 code [0x00007f72c4787640, 0x00007f72c4787898]
Event: 14.234 Thread 0x00007f6930022000 nmethod 84 0x00007f72c478d590 code [0x00007f72c478dba0, 0x00007f72c478e6e0]

GC Heap History (0 events):
No events

Deoptimization events (5 events):
Event: 0.137 Thread 0x0000000001dd1800 Uncommon trap: reason=unreached action=reinterpret pc=0x00007f72c47679f0 method=java.io.BufferedReader.readLine(Z)Ljava/lang/String; @ 192
Event: 0.177 Thread 0x0000000001dd1800 Uncommon trap: reason=unreached action=reinterpret pc=0x00007f72c476dc10 method=inputfactsconverter.InstructionsFactsConverter.parseLogicBloxFactsFile()V @ 25
Event: 0.177 Thread 0x0000000001dd1800 Uncommon trap: reason=unreached action=reinterpret pc=0x00007f72c476098c method=java.util.ArrayList.ensureCapacityInternal(I)V @ 7
Event: 13.265 Thread 0x0000000001dd1800 Uncommon trap: reason=unreached action=reinterpret pc=0x00007f72c477488c method=inputfactsconverter.InstructionsFactsConverter.parseLogicBloxFactsFile()V @ 163
Event: 13.266 Thread 0x0000000001dd1800 Uncommon trap: reason=unreached action=reinterpret pc=0x00007f72c475e018 method=java.util.ArrayList.ensureCapacityInternal(I)V @ 7

Internal exceptions (10 events):
Event: 0.119 Thread 0x0000000001dd1800 Threw 0x00007f6f99cb9c68 at /HUDSON/workspace/7u-2-build-linux-amd64/jdk7u45/229/hotspot/src/share/vm/prims/jvm.cpp:1244
Event: 0.119 Thread 0x0000000001dd1800 Threw 0x00007f6f99cb9d90 at /HUDSON/workspace/7u-2-build-linux-amd64/jdk7u45/229/hotspot/src/share/vm/prims/jvm.cpp:1244
Event: 0.124 Thread 0x0000000001dd1800 Threw 0x00007f6f99cc8700 at /HUDSON/workspace/7u-2-build-linux-amd64/jdk7u45/229/hotspot/src/share/vm/prims/jvm.cpp:1244
Event: 0.124 Thread 0x0000000001dd1800 Threw 0x00007f6f99cd23e8 at /HUDSON/workspace/7u-2-build-linux-amd64/jdk7u45/229/hotspot/src/share/vm/prims/jvm.cpp:1244
Event: 0.124 Thread 0x0000000001dd1800 Threw 0x00007f6f99cd8a38 at /HUDSON/workspace/7u-2-build-linux-amd64/jdk7u45/229/hotspot/src/share/vm/prims/jvm.cpp:1244
Event: 0.125 Thread 0x0000000001dd1800 Threw 0x00007f6f99ce5640 at /HUDSON/workspace/7u-2-build-linux-amd64/jdk7u45/229/hotspot/src/share/vm/prims/jvm.cpp:1244
Event: 0.126 Thread 0x0000000001dd1800 Threw 0x00007f6f99cf2fd8 at /HUDSON/workspace/7u-2-build-linux-amd64/jdk7u45/229/hotspot/src/share/vm/prims/jvm.cpp:1244
Event: 0.177 Thread 0x0000000001dd1800 Threw 0x00007f6f9b0ac358 at /HUDSON/workspace/7u-2-build-linux-amd64/jdk7u45/229/hotspot/src/share/vm/prims/jvm.cpp:1244
Event: 13.266 Thread 0x0000000001dd1800 Threw 0x00007f6f9c52ee08 at /HUDSON/workspace/7u-2-build-linux-amd64/jdk7u45/229/hotspot/src/share/vm/prims/jvm.cpp:1244
Event: 15.794 Thread 0x0000000001dd1800 Implicit null exception at 0x00007f72c477c17e to 0x0000000000000000

Events (10 events):
Event: 13.266 loading class 0x0000000001eb84e0 done
Event: 13.266 loading class 0x0000000001eb80c0
Event: 13.266 loading class 0x0000000001eb80c0 done
Event: 13.266 loading class 0x0000000001eb7ba0
Event: 13.266 loading class 0x0000000001eb7ba0 done
Event: 13.266 loading class 0x00007f693026aa30
Event: 13.266 loading class 0x00007f693026aa30 done
Event: 13.266 Thread 0x0000000001dd1800 Uncommon trap: trap_request=0xffffffad fr.pc=0x00007f72c475e018
Event: 13.266 Thread 0x0000000001dd1800 DEOPT PACKING pc=0x00007f72c475e018 sp=0x00007f72ca4336c0
Event: 13.266 Thread 0x0000000001dd1800 DEOPT UNPACKING pc=0x00007f72c4734445 sp=0x00007f72ca433680 mode 2


Dynamic libraries:
00400000-00401000 r-xp 00000000 08:04 278121                             /usr/lib/jvm/java-7-oracle/bin/java
00600000-00601000 rw-p 00000000 08:04 278121                             /usr/lib/jvm/java-7-oracle/bin/java
01dc3000-02131000 rw-p 00000000 00:00 0                                  [heap]
7f68de6ca000-7f68de6cb000 r--s 00001000 08:04 1706264                    /home/anantoni/datomic-free-0.8.4260/lib/tools.trace-0.7.3.jar
7f68de6cb000-7f68de6cc000 r--s 00000000 08:04 1706777                    /home/anantoni/datomic-free-0.8.4260/lib/tools.namespace-0.1.0.jar
7f68de6cc000-7f68de6cd000 r--s 00001000 08:04 1707457                    /home/anantoni/datomic-free-0.8.4260/lib/tools.logging-0.2.3.jar
7f68de6cd000-7f68de6ce000 r--s 00000000 08:04 1707445                    /home/anantoni/datomic-free-0.8.4260/lib/tools.cli-0.2.2.jar
7f68de6ce000-7f68de6d0000 r--s 00008000 08:04 1707460                    /home/anantoni/datomic-free-0.8.4260/lib/tomcat-juli-7.0.27.jar
7f68de6d0000-7f68de6d2000 r--s 0001c000 08:04 1707448                    /home/anantoni/datomic-free-0.8.4260/lib/tomcat-jdbc-7.0.27.jar
7f68de6d2000-7f68de6d3000 r--s 00015000 08:04 1707451                    /home/anantoni/datomic-free-0.8.4260/lib/tagsoup-1.2.jar
7f68de6d3000-7f68de6d5000 r--s 00005000 08:04 1707434                    /home/anantoni/datomic-free-0.8.4260/lib/slf4j-api-1.7.5.jar
7f68de6d5000-7f68de6d6000 r--s 00000000 08:04 1706177                    /home/anantoni/datomic-free-0.8.4260/lib/ring-servlet-1.1.1.jar
7f68de6d6000-7f68de6d7000 r--s 00000000 08:04 1706205                    /home/anantoni/datomic-free-0.8.4260/lib/ring-jetty-adapter-1.1.1.jar
7f68de6d7000-7f68de6d8000 r--s 00001000 08:04 1706201                    /home/anantoni/datomic-free-0.8.4260/lib/ring-devel-1.1.1.jar
7f68de6d8000-7f68de6da000 r--s 00004000 08:04 1706245                    /home/anantoni/datomic-free-0.8.4260/lib/ring-core-1.1.1.jar
7f68de6da000-7f68de6db000 r--s 00000000 08:04 1707455                    /home/anantoni/datomic-free-0.8.4260/lib/ring-1.1.1.jar
7f68de6db000-7f68de6e7000 r--s 00100000 08:04 1706199                    /home/anantoni/datomic-free-0.8.4260/lib/rhino-1.7R3.jar
7f68de6e7000-7f68de6ed000 r--s 00068000 08:04 1706188                    /home/anantoni/datomic-free-0.8.4260/lib/protobuf-java-2.4.1.jar
7f68de6ed000-7f68de6ee000 r--s 00000000 08:04 1707453                    /home/anantoni/datomic-free-0.8.4260/lib/ns-tracker-0.1.1.jar
7f68de6ee000-7f68de706000 r--s 0010f000 08:04 1707079                    /home/anantoni/datomic-free-0.8.4260/lib/netty-3.6.6.Final.jar
7f68de706000-7f68de707000 r--s 00001000 08:04 1707442                    /home/anantoni/datomic-free-0.8.4260/lib/moustache-1.1.0.jar
7f68de707000-7f68de71e000 r--s 0012c000 08:04 1706221                    /home/anantoni/datomic-free-0.8.4260/lib/lucene-core-3.3.0.jar
7f68de71e000-7f68de728000 r--s 0005d000 08:04 1707454                    /home/anantoni/datomic-free-0.8.4260/lib/logback-core-1.0.13.jar
7f68de728000-7f68de72e000 r--s 0003b000 08:04 1707459                    /home/anantoni/datomic-free-0.8.4260/lib/logback-classic-1.0.13.jar
7f68de72e000-7f68de730000 r--s 00004000 08:04 1706218                    /home/anantoni/datomic-free-0.8.4260/lib/log4j-over-slf4j-1.7.5.jar
7f68de730000-7f68de731000 r--s 00004000 08:04 1706216                    /home/anantoni/datomic-free-0.8.4260/lib/liberator-0.5.0.jar
7f68de731000-7f68de737000 r--s 00034000 08:04 1706241                    /home/anantoni/datomic-free-0.8.4260/lib/junit-4.8.2.jar
7f68de737000-7f68de738000 r--s 00001000 08:04 1707450                    /home/anantoni/datomic-free-0.8.4260/lib/jul-to-slf4j-1.7.5.jar
7f68de738000-7f68de73b000 r--s 00006000 08:04 1706248                    /home/anantoni/datomic-free-0.8.4260/lib/jsr305-1.3.9.jar
7f68de73b000-7f68de73d000 r--s 0000a000 08:04 1706187                    /home/anantoni/datomic-free-0.8.4260/lib/json-20090211.jar
7f68de73d000-7f68de74c000 r--s 0007c000 08:04 1706252                    /home/anantoni/datomic-free-0.8.4260/lib/joda-time-2.0.jar
7f68de74c000-7f68de74e000 r--s 00015000 08:04 1707449                    /home/anantoni/datomic-free-0.8.4260/lib/jline-win-1.0.jar
7f68de74e000-7f68de74f000 r--s 0000d000 08:04 1707426                    /home/anantoni/datomic-free-0.8.4260/lib/jline-0.9.9.jar
7f68de74f000-7f68de754000 r--s 00041000 08:04 1706258                    /home/anantoni/datomic-free-0.8.4260/lib/jetty-util-8.1.11.v20130520.jar
7f68de754000-7f68de756000 r--s 00017000 08:04 1706243                    /home/anantoni/datomic-free-0.8.4260/lib/jetty-servlet-8.1.11.v20130520.jar
7f68de756000-7f68de75c000 r--s 00051000 08:04 1707456                    /home/anantoni/datomic-free-0.8.4260/lib/jetty-server-8.1.11.v20130520.jar
7f68de75c000-7f68de75e000 r--s 00014000 08:04 1706238                    /home/anantoni/datomic-free-0.8.4260/lib/jetty-security-8.1.11.v20130520.jar
7f68de75e000-7f68de761000 r--s 00017000 08:04 1706736                    /home/anantoni/datomic-free-0.8.4260/lib/jetty-io-8.1.11.v20130520.jar
7f68de761000-7f68de763000 r--s 00016000 08:04 1706237                    /home/anantoni/datomic-free-0.8.4260/lib/jetty-http-8.1.11.v20130520.jar
7f68de763000-7f68de765000 r--s 00004000 08:04 1707428                    /home/anantoni/datomic-free-0.8.4260/lib/jetty-continuation-8.1.11.v20130520.jar
7f68de765000-7f68de767000 r--s 00003000 08:04 1706206                    /home/anantoni/datomic-free-0.8.4260/lib/jcl-over-slf4j-1.7.5.jar
7f68de767000-7f68de76a000 r--s 0002e000 08:04 1706222                    /home/anantoni/datomic-free-0.8.4260/lib/javax.servlet-3.0.0.v201112011016.jar
7f68de76a000-7f68de76b000 r--s 00000000 08:04 1707439                    /home/anantoni/datomic-free-0.8.4260/lib/java.classpath-0.1.0.jar
7f68de76b000-7f68de76e000 r--s 00019000 08:04 1706176                    /home/anantoni/datomic-free-0.8.4260/lib/jarjar-1.1.jar
7f68de76e000-7f68de77b000 r--s 00097000 08:04 1707443                    /home/anantoni/datomic-free-0.8.4260/lib/jackson-mapper-asl-1.8.9.jar
7f68de77b000-7f68de77f000 r--s 00034000 08:04 1706260                    /home/anantoni/datomic-free-0.8.4260/lib/jackson-core-asl-1.8.9.jar
7f68de77f000-7f68de799000 r--s 00158000 08:04 1706254                    /home/anantoni/datomic-free-0.8.4260/lib/hornetq-core-2.2.21.Final.jar
7f68de799000-7f68de79a000 r--s 00002000 08:04 1706212                    /home/anantoni/datomic-free-0.8.4260/lib/hiccup-1.0.1.jar
7f68de79a000-7f68de7a6000 r--s 0016b000 08:04 1707444                    /home/anantoni/datomic-free-0.8.4260/lib/h2-1.3.171.jar
7f68de7a6000-7f68de7cf000 r--s 001ee000 08:04 1707433                    /home/anantoni/datomic-free-0.8.4260/lib/guava-14.0.1.jar
7f68de7cf000-7f68de7ee000 r--s 003bf000 08:04 1706190                    /home/anantoni/datomic-free-0.8.4260/lib/google-closure-library-0.0-1376.jar
7f68de7ee000-7f68de7f0000 r--s 0000f000 08:04 1707461                    /home/anantoni/datomic-free-0.8.4260/lib/fressian-0.6.3.jar
7f68de7f0000-7f68de7f1000 r--s 00004000 08:04 1706255                    /home/anantoni/datomic-free-0.8.4260/lib/enlive-1.0.1.jar
7f68de7f1000-7f68de7f2000 r--s 00001000 08:04 1707440                    /home/anantoni/datomic-free-0.8.4260/lib/data.json-0.1.2.jar
7f68de7f2000-7f68de7f3000 r--s 00000000 08:04 1707437                    /home/anantoni/datomic-free-0.8.4260/lib/data.csv-0.1.2.jar
7f68de7f3000-7f68de7f6000 r--s 00025000 08:04 1706253                    /home/anantoni/datomic-free-0.8.4260/lib/commons-io-2.1.jar
7f68de7f6000-7f68de7f9000 r--s 0000c000 08:04 1707446                    /home/anantoni/datomic-free-0.8.4260/lib/commons-fileupload-1.2.1.jar
7f68de7f9000-7f68de7fb000 r--s 00009000 08:04 1707441                    /home/anantoni/datomic-free-0.8.4260/lib/commons-compiler-jdk-2.6.1.jar
7f68de7fb000-7f68de7fd000 r--s 00006000 08:04 1707452                    /home/anantoni/datomic-free-0.8.4260/lib/commons-compiler-2.6.1.jar
7f68de7fd000-7f68de7ff000 r--s 0000a000 08:04 1706200                    /home/anantoni/datomic-free-0.8.4260/lib/commons-codec-1.3.jar
7f68de7ff000-7f68de830000 r--s 00304000 08:04 1706196                    /home/anantoni/datomic-free-0.8.4260/lib/closure-compiler-r1918.jar
7f68de830000-7f68de831000 r--s 0001b000 08:04 1706247                    /home/anantoni/datomic-free-0.8.4260/lib/clojurescript-0.0-1236.jar
7f68de831000-7f68de870000 r--s 0032d000 08:04 1707438                    /home/anantoni/datomic-free-0.8.4260/lib/clojure-1.5.1.jar
7f68de870000-7f68de871000 r--s 00001000 08:04 1706242                    /home/anantoni/datomic-free-0.8.4260/lib/clj-time-0.3.7.jar
7f68de871000-7f68de872000 r--s 00001000 08:04 1706220                    /home/anantoni/datomic-free-0.8.4260/lib/clj-stacktrace-0.2.4.jar
7f68de872000-7f68de877000 r--s 00058000 08:04 1707447                    /home/anantoni/datomic-free-0.8.4260/lib/bsh-2.1b5.jar
7f68de877000-7f68de960000 r--s 0090a000 08:04 1706180                    /home/anantoni/datomic-free-0.8.4260/lib/aws-java-sdk-1.5.5.jar
7f68de960000-7f68de962000 r--s 0000a000 08:04 1706213                    /home/anantoni/datomic-free-0.8.4260/lib/args4j-2.0.12.jar
7f68de962000-7f68de9a5000 r--s 0036f000 08:04 1706136                    /home/anantoni/datomic-free-0.8.4260/datomic-free-transactor-0.8.4260.jar
7f68de9a5000-7f68de9a7000 r--s 00002000 08:04 1707257                    /home/anantoni/datomic-free-0.8.4260/lib/ant-launcher-1.8.2.jar
7f68de9a7000-7f68de9c5000 r--s 001bb000 08:04 1706202                    /home/anantoni/datomic-free-0.8.4260/lib/ant-1.8.2.jar
7f68de9c5000-7f68de9c6000 ---p 00000000 00:00 0 
7f68de9c6000-7f68deac6000 rw-p 00000000 00:00 0 
7f68deac6000-7f68deac9000 ---p 00000000 00:00 0 
7f68deac9000-7f68debc7000 rw-p 00000000 00:00 0 
7f68debc7000-7f68debca000 ---p 00000000 00:00 0 
7f68debca000-7f68decc8000 rw-p 00000000 00:00 0 
7f68decc8000-7f68deccb000 ---p 00000000 00:00 0 
7f68deccb000-7f68dedc9000 rw-p 00000000 00:00 0 
7f68dedc9000-7f68dedcc000 ---p 00000000 00:00 0 
7f68dedcc000-7f68deeca000 rw-p 00000000 00:00 0 
7f68deeca000-7f68df041000 r--p 00000000 08:04 3545383                    /usr/lib/locale/locale-archive
7f68df041000-7f68df044000 ---p 00000000 00:00 0 
7f68df044000-7f6930000000 rw-p 00000000 00:00 0 
7f6930000000-7f6930429000 rw-p 00000000 00:00 0 
7f6930429000-7f6934000000 ---p 00000000 00:00 0 
7f6934041000-7f6934044000 ---p 00000000 00:00 0 
7f6934044000-7f6934142000 rw-p 00000000 00:00 0 
7f6934142000-7f6934143000 ---p 00000000 00:00 0 
7f6934143000-7f693651a000 rw-p 00000000 00:00 0 
7f693651a000-7f69366d6000 r--s 039b2000 08:04 277934                     /usr/lib/jvm/java-7-oracle/jre/lib/rt.jar
7f69366d6000-7f6936aa1000 rw-p 00000000 00:00 0 
7f6936aa1000-7f6936aa2000 ---p 00000000 00:00 0 
7f6936aa2000-7f6936ba2000 rw-p 00000000 00:00 0 
7f6936ba2000-7f6936ba3000 ---p 00000000 00:00 0 
7f6936ba3000-7f6936ca3000 rw-p 00000000 00:00 0 
7f6936ca3000-7f6936ca4000 ---p 00000000 00:00 0 
7f6936ca4000-7f6936da4000 rw-p 00000000 00:00 0 
7f6936da4000-7f6936da5000 ---p 00000000 00:00 0 
7f6936da5000-7f6936ea5000 rw-p 00000000 00:00 0 
7f6936ea5000-7f6936ea6000 ---p 00000000 00:00 0 
7f6936ea6000-7f6936fa6000 rw-p 00000000 00:00 0 
7f6936fa6000-7f6936fa7000 ---p 00000000 00:00 0 
7f6936fa7000-7f69370a7000 rw-p 00000000 00:00 0 
7f69370a7000-7f69370a8000 ---p 00000000 00:00 0 
7f69370a8000-7f69371a8000 rw-p 00000000 00:00 0 
7f69371a8000-7f69371a9000 ---p 00000000 00:00 0 
7f69371a9000-7f69372a9000 rw-p 00000000 00:00 0 
7f69372a9000-7f69372aa000 ---p 00000000 00:00 0 
7f69372aa000-7f69373aa000 rw-p 00000000 00:00 0 
7f69373aa000-7f69373ab000 ---p 00000000 00:00 0 
7f69373ab000-7f693a761000 rw-p 00000000 00:00 0 
7f693a761000-7f693a77f000 rw-p 00000000 00:00 0 
7f693a77f000-7f693f380000 rw-p 00000000 00:00 0 
7f693f380000-7f693f400000 ---p 00000000 00:00 0 
7f693f400000-7f6940900000 rw-p 00000000 00:00 0 
7f6940900000-7f6944600000 rw-p 00000000 00:00 0 
7f6944600000-7f72c4680000 rw-p 00000000 00:00 0 
7f72c46aa000-7f72c46dd000 rw-p 00000000 00:00 0 
7f72c46dd000-7f72c46fb000 rw-p 00000000 00:00 0 
7f72c46fb000-7f72c496b000 rwxp 00000000 00:00 0 
7f72c496b000-7f72c76fb000 rw-p 00000000 00:00 0 
7f72c76fb000-7f72c7715000 r-xp 00000000 08:04 262719                     /usr/lib/jvm/java-7-oracle/jre/lib/amd64/libzip.so
7f72c7715000-7f72c7915000 ---p 0001a000 08:04 262719                     /usr/lib/jvm/java-7-oracle/jre/lib/amd64/libzip.so
7f72c7915000-7f72c7916000 rw-p 0001a000 08:04 262719                     /usr/lib/jvm/java-7-oracle/jre/lib/amd64/libzip.so
7f72c7916000-7f72c7921000 r-xp 00000000 08:04 1441805                    /lib/x86_64-linux-gnu/libnss_files-2.13.so
7f72c7921000-7f72c7b20000 ---p 0000b000 08:04 1441805                    /lib/x86_64-linux-gnu/libnss_files-2.13.so
7f72c7b20000-7f72c7b21000 r--p 0000a000 08:04 1441805                    /lib/x86_64-linux-gnu/libnss_files-2.13.so
7f72c7b21000-7f72c7b22000 rw-p 0000b000 08:04 1441805                    /lib/x86_64-linux-gnu/libnss_files-2.13.so
7f72c7b22000-7f72c7b2c000 r-xp 00000000 08:04 1441817                    /lib/x86_64-linux-gnu/libnss_nis-2.13.so
7f72c7b2c000-7f72c7d2b000 ---p 0000a000 08:04 1441817                    /lib/x86_64-linux-gnu/libnss_nis-2.13.so
7f72c7d2b000-7f72c7d2c000 r--p 00009000 08:04 1441817                    /lib/x86_64-linux-gnu/libnss_nis-2.13.so
7f72c7d2c000-7f72c7d2d000 rw-p 0000a000 08:04 1441817                    /lib/x86_64-linux-gnu/libnss_nis-2.13.so
7f72c7d2d000-7f72c7d42000 r-xp 00000000 08:04 1441815                    /lib/x86_64-linux-gnu/libnsl-2.13.so
7f72c7d42000-7f72c7f41000 ---p 00015000 08:04 1441815                    /lib/x86_64-linux-gnu/libnsl-2.13.so
7f72c7f41000-7f72c7f42000 r--p 00014000 08:04 1441815                    /lib/x86_64-linux-gnu/libnsl-2.13.so
7f72c7f42000-7f72c7f43000 rw-p 00015000 08:04 1441815                    /lib/x86_64-linux-gnu/libnsl-2.13.so
7f72c7f43000-7f72c7f45000 rw-p 00000000 00:00 0 
7f72c7f45000-7f72c7f4c000 r-xp 00000000 08:04 1441807                    /lib/x86_64-linux-gnu/libnss_compat-2.13.so
7f72c7f4c000-7f72c814b000 ---p 00007000 08:04 1441807                    /lib/x86_64-linux-gnu/libnss_compat-2.13.so
7f72c814b000-7f72c814c000 r--p 00006000 08:04 1441807                    /lib/x86_64-linux-gnu/libnss_compat-2.13.so
7f72c814c000-7f72c814d000 rw-p 00007000 08:04 1441807                    /lib/x86_64-linux-gnu/libnss_compat-2.13.so
7f72c814d000-7f72c8176000 r-xp 00000000 08:04 262764                     /usr/lib/jvm/java-7-oracle/jre/lib/amd64/libjava.so
7f72c8176000-7f72c8376000 ---p 00029000 08:04 262764                     /usr/lib/jvm/java-7-oracle/jre/lib/amd64/libjava.so
7f72c8376000-7f72c8378000 rw-p 00029000 08:04 262764                     /usr/lib/jvm/java-7-oracle/jre/lib/amd64/libjava.so
7f72c8378000-7f72c8385000 r-xp 00000000 08:04 262746                     /usr/lib/jvm/java-7-oracle/jre/lib/amd64/libverify.so
7f72c8385000-7f72c8584000 ---p 0000d000 08:04 262746                     /usr/lib/jvm/java-7-oracle/jre/lib/amd64/libverify.so
7f72c8584000-7f72c8586000 rw-p 0000c000 08:04 262746                     /usr/lib/jvm/java-7-oracle/jre/lib/amd64/libverify.so
7f72c8586000-7f72c858d000 r-xp 00000000 08:04 1441806                    /lib/x86_64-linux-gnu/librt-2.13.so
7f72c858d000-7f72c878c000 ---p 00007000 08:04 1441806                    /lib/x86_64-linux-gnu/librt-2.13.so
7f72c878c000-7f72c878d000 r--p 00006000 08:04 1441806                    /lib/x86_64-linux-gnu/librt-2.13.so
7f72c878d000-7f72c878e000 rw-p 00007000 08:04 1441806                    /lib/x86_64-linux-gnu/librt-2.13.so
7f72c878e000-7f72c880f000 r-xp 00000000 08:04 1441808                    /lib/x86_64-linux-gnu/libm-2.13.so
7f72c880f000-7f72c8a0e000 ---p 00081000 08:04 1441808                    /lib/x86_64-linux-gnu/libm-2.13.so
7f72c8a0e000-7f72c8a0f000 r--p 00080000 08:04 1441808                    /lib/x86_64-linux-gnu/libm-2.13.so
7f72c8a0f000-7f72c8a10000 rw-p 00081000 08:04 1441808                    /lib/x86_64-linux-gnu/libm-2.13.so
7f72c8a10000-7f72c9572000 r-xp 00000000 08:04 262725                     /usr/lib/jvm/java-7-oracle/jre/lib/amd64/server/libjvm.so
7f72c9572000-7f72c9772000 ---p 00b62000 08:04 262725                     /usr/lib/jvm/java-7-oracle/jre/lib/amd64/server/libjvm.so
7f72c9772000-7f72c9835000 rw-p 00b62000 08:04 262725                     /usr/lib/jvm/java-7-oracle/jre/lib/amd64/server/libjvm.so
7f72c9835000-7f72c9876000 rw-p 00000000 00:00 0 
7f72c9876000-7f72c99f6000 r-xp 00000000 08:04 1441811                    /lib/x86_64-linux-gnu/libc-2.13.so
7f72c99f6000-7f72c9bf6000 ---p 00180000 08:04 1441811                    /lib/x86_64-linux-gnu/libc-2.13.so
7f72c9bf6000-7f72c9bfa000 r--p 00180000 08:04 1441811                    /lib/x86_64-linux-gnu/libc-2.13.so
7f72c9bfa000-7f72c9bfb000 rw-p 00184000 08:04 1441811                    /lib/x86_64-linux-gnu/libc-2.13.so
7f72c9bfb000-7f72c9c00000 rw-p 00000000 00:00 0 
7f72c9c00000-7f72c9c02000 r-xp 00000000 08:04 1441804                    /lib/x86_64-linux-gnu/libdl-2.13.so
7f72c9c02000-7f72c9e02000 ---p 00002000 08:04 1441804                    /lib/x86_64-linux-gnu/libdl-2.13.so
7f72c9e02000-7f72c9e03000 r--p 00002000 08:04 1441804                    /lib/x86_64-linux-gnu/libdl-2.13.so
7f72c9e03000-7f72c9e04000 rw-p 00003000 08:04 1441804                    /lib/x86_64-linux-gnu/libdl-2.13.so
7f72c9e04000-7f72c9e1a000 r-xp 00000000 08:04 279625                     /usr/lib/jvm/java-7-oracle/lib/amd64/jli/libjli.so
7f72c9e1a000-7f72ca01a000 ---p 00016000 08:04 279625                     /usr/lib/jvm/java-7-oracle/lib/amd64/jli/libjli.so
7f72ca01a000-7f72ca01b000 rw-p 00016000 08:04 279625                     /usr/lib/jvm/java-7-oracle/lib/amd64/jli/libjli.so
7f72ca01b000-7f72ca032000 r-xp 00000000 08:04 1441801                    /lib/x86_64-linux-gnu/libpthread-2.13.so
7f72ca032000-7f72ca231000 ---p 00017000 08:04 1441801                    /lib/x86_64-linux-gnu/libpthread-2.13.so
7f72ca231000-7f72ca232000 r--p 00016000 08:04 1441801                    /lib/x86_64-linux-gnu/libpthread-2.13.so
7f72ca232000-7f72ca233000 rw-p 00017000 08:04 1441801                    /lib/x86_64-linux-gnu/libpthread-2.13.so
7f72ca233000-7f72ca237000 rw-p 00000000 00:00 0 
7f72ca237000-7f72ca257000 r-xp 00000000 08:04 1441814                    /lib/x86_64-linux-gnu/ld-2.13.so
7f72ca274000-7f72ca27e000 rw-p 00000000 00:00 0 
7f72ca27e000-7f72ca334000 rw-p 00000000 00:00 0 
7f72ca334000-7f72ca337000 ---p 00000000 00:00 0 
7f72ca337000-7f72ca439000 rw-p 00000000 00:00 0 
7f72ca44a000-7f72ca452000 rw-s 00000000 08:04 2359452                    /tmp/hsperfdata_anantoni/5876
7f72ca452000-7f72ca453000 rw-p 00000000 00:00 0 
7f72ca453000-7f72ca454000 r--p 00000000 00:00 0 
7f72ca454000-7f72ca456000 rw-p 00000000 00:00 0 
7f72ca456000-7f72ca457000 r--p 0001f000 08:04 1441814                    /lib/x86_64-linux-gnu/ld-2.13.so
7f72ca457000-7f72ca458000 rw-p 00020000 08:04 1441814                    /lib/x86_64-linux-gnu/ld-2.13.so
7f72ca458000-7f72ca459000 rw-p 00000000 00:00 0 
7fff44361000-7fff44383000 rw-p 00000000 00:00 0                          [stack]
7fff443a3000-7fff443a4000 r-xp 00000000 00:00 0                          [vdso]
ffffffffff600000-ffffffffff601000 r-xp 00000000 00:00 0                  [vsyscall]

VM Arguments:
jvm_args: -Dfile.encoding=UTF-8 -Xms38g 
java_command: main.MyPointerAnalysis
Launcher Type: SUN_STANDARD

Environment Variables:
JAVA_HOME=/usr/lib/jvm/java-7-oracle
PATH=/usr/local/bin:/usr/bin:/bin:/usr/local/games:/usr/games:/usr/lib/jvm/java-7-oracle/bin:/usr/lib/jvm/java-7-oracle/db/bin:/usr/lib/jvm/java-7-oracle/jre/bin
USERNAME=anantoni
LD_LIBRARY_PATH=/usr/lib/jvm/java-7-oracle/jre/lib/amd64:/usr/lib/jvm/java-7-oracle/jre/lib/i386:
SHELL=/bin/bash
DISPLAY=:0.0

Signal Handlers:
SIGSEGV: [libjvm.so+0x9935b0], sa_mask[0]=0x7ffbfeff, sa_flags=0x10000004
SIGBUS: [libjvm.so+0x9935b0], sa_mask[0]=0x7ffbfeff, sa_flags=0x10000004
SIGFPE: [libjvm.so+0x810330], sa_mask[0]=0x7ffbfeff, sa_flags=0x10000004
SIGPIPE: [libjvm.so+0x810330], sa_mask[0]=0x7ffbfeff, sa_flags=0x10000004
SIGXFSZ: [libjvm.so+0x810330], sa_mask[0]=0x7ffbfeff, sa_flags=0x10000004
SIGILL: [libjvm.so+0x810330], sa_mask[0]=0x7ffbfeff, sa_flags=0x10000004
SIGUSR1: SIG_DFL, sa_mask[0]=0x00000000, sa_flags=0x00000000
SIGUSR2: [libjvm.so+0x811820], sa_mask[0]=0x00000004, sa_flags=0x10000004
SIGHUP: [libjvm.so+0x812790], sa_mask[0]=0x7ffbfeff, sa_flags=0x10000004
SIGINT: SIG_IGN, sa_mask[0]=0x00000000, sa_flags=0x00000000
SIGTERM: [libjvm.so+0x812790], sa_mask[0]=0x7ffbfeff, sa_flags=0x10000004
SIGQUIT: [libjvm.so+0x812790], sa_mask[0]=0x7ffbfeff, sa_flags=0x10000004


---------------  S Y S T E M  ---------------

OS:7.2

uname:Linux 3.2.0-4-amd64 #1 SMP Debian 3.2.51-1 x86_64
libc:glibc 2.13 NPTL 2.13 
rlimit: STACK 8192k, CORE 0k, NPROC 128116, NOFILE 4096, AS infinity
load average:0.41 0.42 1.63

/proc/meminfo:
MemTotal:       16411040 kB
MemFree:         5950680 kB
Buffers:           73236 kB
Cached:          2585008 kB
SwapCached:       180356 kB
Active:          8389436 kB
Inactive:        1838168 kB
Active(anon):    6908168 kB
Inactive(anon):   672008 kB
Active(file):    1481268 kB
Inactive(file):  1166160 kB
Unevictable:           0 kB
Mlocked:               0 kB
SwapTotal:      32193528 kB
SwapFree:       31761096 kB
Dirty:               156 kB
Writeback:             0 kB
AnonPages:       7489476 kB
Mapped:            45188 kB
Shmem:             10808 kB
Slab:             121908 kB
SReclaimable:      91952 kB
SUnreclaim:        29956 kB
KernelStack:        3264 kB
PageTables:        31412 kB
NFS_Unstable:          0 kB
Bounce:                0 kB
WritebackTmp:          0 kB
CommitLimit:    40399048 kB
Committed_AS:   43484444 kB
VmallocTotal:   34359738367 kB
VmallocUsed:      345352 kB
VmallocChunk:   34359390344 kB
HardwareCorrupted:     0 kB
AnonHugePages:         0 kB
HugePages_Total:       0
HugePages_Free:        0
HugePages_Rsvd:        0
HugePages_Surp:        0
Hugepagesize:       2048 kB
DirectMap4k:      215040 kB
DirectMap2M:    14432256 kB
DirectMap1G:     2097152 kB


CPU:total 12 (6 cores per cpu, 2 threads per core) family 6 model 45 stepping 6, cmov, cx8, fxsr, mmx, sse, sse2, sse3, ssse3, sse4.1, sse4.2, popcnt, avx, aes, ht, tsc, tscinvbit, tscinv

/proc/cpuinfo:
processor	: 0
vendor_id	: GenuineIntel
cpu family	: 6
model		: 45
model name	: 06/2d
stepping	: 6
microcode	: 0x616
cpu MHz		: 1200.000
cache size	: 15360 KB
physical id	: 0
siblings	: 12
core id		: 0
cpu cores	: 6
apicid		: 0
initial apicid	: 0
fpu		: yes
fpu_exception	: yes
cpuid level	: 13
wp		: yes
flags		: fpu vme de pse tsc msr pae mce cx8 apic sep mtrr pge mca cmov pat pse36 clflush dts acpi mmx fxsr sse sse2 ss ht tm pbe syscall nx pdpe1gb rdtscp lm constant_tsc arch_perfmon pebs bts rep_good nopl xtopology nonstop_tsc aperfmperf pni pclmulqdq dtes64 monitor ds_cpl vmx est tm2 ssse3 cx16 xtpr pdcm pcid dca sse4_1 sse4_2 x2apic popcnt tsc_deadline_timer aes xsave avx lahf_lm ida arat epb xsaveopt pln pts dtherm tpr_shadow vnmi flexpriority ept vpid
bogomips	: 6599.30
clflush size	: 64
cache_alignment	: 64
address sizes	: 46 bits physical, 48 bits virtual
power management:

processor	: 1
vendor_id	: GenuineIntel
cpu family	: 6
model		: 45
model name	: 06/2d
stepping	: 6
microcode	: 0x616
cpu MHz		: 1200.000
cache size	: 15360 KB
physical id	: 0
siblings	: 12
core id		: 1
cpu cores	: 6
apicid		: 2
initial apicid	: 2
fpu		: yes
fpu_exception	: yes
cpuid level	: 13
wp		: yes
flags		: fpu vme de pse tsc msr pae mce cx8 apic sep mtrr pge mca cmov pat pse36 clflush dts acpi mmx fxsr sse sse2 ss ht tm pbe syscall nx pdpe1gb rdtscp lm constant_tsc arch_perfmon pebs bts rep_good nopl xtopology nonstop_tsc aperfmperf pni pclmulqdq dtes64 monitor ds_cpl vmx est tm2 ssse3 cx16 xtpr pdcm pcid dca sse4_1 sse4_2 x2apic popcnt tsc_deadline_timer aes xsave avx lahf_lm ida arat epb xsaveopt pln pts dtherm tpr_shadow vnmi flexpriority ept vpid
bogomips	: 6599.78
clflush size	: 64
cache_alignment	: 64
address sizes	: 46 bits physical, 48 bits virtual
power management:

processor	: 2
vendor_id	: GenuineIntel
cpu family	: 6
model		: 45
model name	: 06/2d
stepping	: 6
microcode	: 0x616
cpu MHz		: 3301.000
cache size	: 15360 KB
physical id	: 0
siblings	: 12
core id		: 2
cpu cores	: 6
apicid		: 4
initial apicid	: 4
fpu		: yes
fpu_exception	: yes
cpuid level	: 13
wp		: yes
flags		: fpu vme de pse tsc msr pae mce cx8 apic sep mtrr pge mca cmov pat pse36 clflush dts acpi mmx fxsr sse sse2 ss ht tm pbe syscall nx pdpe1gb rdtscp lm constant_tsc arch_perfmon pebs bts rep_good nopl xtopology nonstop_tsc aperfmperf pni pclmulqdq dtes64 monitor ds_cpl vmx est tm2 ssse3 cx16 xtpr pdcm pcid dca sse4_1 sse4_2 x2apic popcnt tsc_deadline_timer aes xsave avx lahf_lm ida arat epb xsaveopt pln pts dtherm tpr_shadow vnmi flexpriority ept vpid
bogomips	: 6599.78
clflush size	: 64
cache_alignment	: 64
address sizes	: 46 bits physical, 48 bits virtual
power management:

processor	: 3
vendor_id	: GenuineIntel
cpu family	: 6
model		: 45
model name	: 06/2d
stepping	: 6
microcode	: 0x616
cpu MHz		: 1200.000
cache size	: 15360 KB
physical id	: 0
siblings	: 12
core id		: 3
cpu cores	: 6
apicid		: 6
initial apicid	: 6
fpu		: yes
fpu_exception	: yes
cpuid level	: 13
wp		: yes
flags		: fpu vme de pse tsc msr pae mce cx8 apic sep mtrr pge mca cmov pat pse36 clflush dts acpi mmx fxsr sse sse2 ss ht tm pbe syscall nx pdpe1gb rdtscp lm constant_tsc arch_perfmon pebs bts rep_good nopl xtopology nonstop_tsc aperfmperf pni pclmulqdq dtes64 monitor ds_cpl vmx est tm2 ssse3 cx16 xtpr pdcm pcid dca sse4_1 sse4_2 x2apic popcnt tsc_deadline_timer aes xsave avx lahf_lm ida arat epb xsaveopt pln pts dtherm tpr_shadow vnmi flexpriority ept vpid
bogomips	: 6599.78
clflush size	: 64
cache_alignment	: 64
address sizes	: 46 bits physical, 48 bits virtual
power management:

processor	: 4
vendor_id	: GenuineIntel
cpu family	: 6
model		: 45
model name	: 06/2d
stepping	: 6
microcode	: 0x616
cpu MHz		: 1200.000
cache size	: 15360 KB
physical id	: 0
siblings	: 12
core id		: 4
cpu cores	: 6
apicid		: 8
initial apicid	: 8
fpu		: yes
fpu_exception	: yes
cpuid level	: 13
wp		: yes
flags		: fpu vme de pse tsc msr pae mce cx8 apic sep mtrr pge mca cmov pat pse36 clflush dts acpi mmx fxsr sse sse2 ss ht tm pbe syscall nx pdpe1gb rdtscp lm constant_tsc arch_perfmon pebs bts rep_good nopl xtopology nonstop_tsc aperfmperf pni pclmulqdq dtes64 monitor ds_cpl vmx est tm2 ssse3 cx16 xtpr pdcm pcid dca sse4_1 sse4_2 x2apic popcnt tsc_deadline_timer aes xsave avx lahf_lm ida arat epb xsaveopt pln pts dtherm tpr_shadow vnmi flexpriority ept vpid
bogomips	: 6599.78
clflush size	: 64
cache_alignment	: 64
address sizes	: 46 bits physical, 48 bits virtual
power management:

processor	: 5
vendor_id	: GenuineIntel
cpu family	: 6
model		: 45
model name	: 06/2d
stepping	: 6
microcode	: 0x616
cpu MHz		: 3301.000
cache size	: 15360 KB
physical id	: 0
siblings	: 12
core id		: 5
cpu cores	: 6
apicid		: 10
initial apicid	: 10
fpu		: yes
fpu_exception	: yes
cpuid level	: 13
wp		: yes
flags		: fpu vme de pse tsc msr pae mce cx8 apic sep mtrr pge mca cmov pat pse36 clflush dts acpi mmx fxsr sse sse2 ss ht tm pbe syscall nx pdpe1gb rdtscp lm constant_tsc arch_perfmon pebs bts rep_good nopl xtopology nonstop_tsc aperfmperf pni pclmulqdq dtes64 monitor ds_cpl vmx est tm2 ssse3 cx16 xtpr pdcm pcid dca sse4_1 sse4_2 x2apic popcnt tsc_deadline_timer aes xsave avx lahf_lm ida arat epb xsaveopt pln pts dtherm tpr_shadow vnmi flexpriority ept vpid
bogomips	: 6599.78
clflush size	: 64
cache_alignment	: 64
address sizes	: 46 bits physical, 48 bits virtual
power management:

processor	: 6
vendor_id	: GenuineIntel
cpu family	: 6
model		: 45
model name	: 06/2d
stepping	: 6
microcode	: 0x616
cpu MHz		: 1200.000
cache size	: 15360 KB
physical id	: 0
siblings	: 12
core id		: 0
cpu cores	: 6
apicid		: 1
initial apicid	: 1
fpu		: yes
fpu_exception	: yes
cpuid level	: 13
wp		: yes
flags		: fpu vme de pse tsc msr pae mce cx8 apic sep mtrr pge mca cmov pat pse36 clflush dts acpi mmx fxsr sse sse2 ss ht tm pbe syscall nx pdpe1gb rdtscp lm constant_tsc arch_perfmon pebs bts rep_good nopl xtopology nonstop_tsc aperfmperf pni pclmulqdq dtes64 monitor ds_cpl vmx est tm2 ssse3 cx16 xtpr pdcm pcid dca sse4_1 sse4_2 x2apic popcnt tsc_deadline_timer aes xsave avx lahf_lm ida arat epb xsaveopt pln pts dtherm tpr_shadow vnmi flexpriority ept vpid
bogomips	: 6599.78
clflush size	: 64
cache_alignment	: 64
address sizes	: 46 bits physical, 48 bits virtual
power management:

processor	: 7
vendor_id	: GenuineIntel
cpu family	: 6
model		: 45
model name	: 06/2d
stepping	: 6
microcode	: 0x616
cpu MHz		: 1200.000
cache size	: 15360 KB
physical id	: 0
siblings	: 12
core id		: 1
cpu cores	: 6
apicid		: 3
initial apicid	: 3
fpu		: yes
fpu_exception	: yes
cpuid level	: 13
wp		: yes
flags		: fpu vme de pse tsc msr pae mce cx8 apic sep mtrr pge mca cmov pat pse36 clflush dts acpi mmx fxsr sse sse2 ss ht tm pbe syscall nx pdpe1gb rdtscp lm constant_tsc arch_perfmon pebs bts rep_good nopl xtopology nonstop_tsc aperfmperf pni pclmulqdq dtes64 monitor ds_cpl vmx est tm2 ssse3 cx16 xtpr pdcm pcid dca sse4_1 sse4_2 x2apic popcnt tsc_deadline_timer aes xsave avx lahf_lm ida arat epb xsaveopt pln pts dtherm tpr_shadow vnmi flexpriority ept vpid
bogomips	: 6599.77
clflush size	: 64
cache_alignment	: 64
address sizes	: 46 bits physical, 48 bits virtual
power management:

processor	: 8
vendor_id	: GenuineIntel
cpu family	: 6
model		: 45
model name	: 06/2d
stepping	: 6
microcode	: 0x616
cpu MHz		: 1200.000
cache size	: 15360 KB
physical id	: 0
siblings	: 12
core id		: 2
cpu cores	: 6
apicid		: 5
initial apicid	: 5
fpu		: yes
fpu_exception	: yes
cpuid level	: 13
wp		: yes
flags		: fpu vme de pse tsc msr pae mce cx8 apic sep mtrr pge mca cmov pat pse36 clflush dts acpi mmx fxsr sse sse2 ss ht tm pbe syscall nx pdpe1gb rdtscp lm constant_tsc arch_perfmon pebs bts rep_good nopl xtopology nonstop_tsc aperfmperf pni pclmulqdq dtes64 monitor ds_cpl vmx est tm2 ssse3 cx16 xtpr pdcm pcid dca sse4_1 sse4_2 x2apic popcnt tsc_deadline_timer aes xsave avx lahf_lm ida arat epb xsaveopt pln pts dtherm tpr_shadow vnmi flexpriority ept vpid
bogomips	: 6599.78
clflush size	: 64
cache_alignment	: 64
address sizes	: 46 bits physical, 48 bits virtual
power management:

processor	: 9
vendor_id	: GenuineIntel
cpu family	: 6
model		: 45
model name	: 06/2d
stepping	: 6
microcode	: 0x616
cpu MHz		: 1200.000
cache size	: 15360 KB
physical id	: 0
siblings	: 12
core id		: 3
cpu cores	: 6
apicid		: 7
initial apicid	: 7
fpu		: yes
fpu_exception	: yes
cpuid level	: 13
wp		: yes
flags		: fpu vme de pse tsc msr pae mce cx8 apic sep mtrr pge mca cmov pat pse36 clflush dts acpi mmx fxsr sse sse2 ss ht tm pbe syscall nx pdpe1gb rdtscp lm constant_tsc arch_perfmon pebs bts rep_good nopl xtopology nonstop_tsc aperfmperf pni pclmulqdq dtes64 monitor ds_cpl vmx est tm2 ssse3 cx16 xtpr pdcm pcid dca sse4_1 sse4_2 x2apic popcnt tsc_deadline_timer aes xsave avx lahf_lm ida arat epb xsaveopt pln pts dtherm tpr_shadow vnmi flexpriority ept vpid
bogomips	: 6599.78
clflush size	: 64
cache_alignment	: 64
address sizes	: 46 bits physical, 48 bits virtual
power management:

processor	: 10
vendor_id	: GenuineIntel
cpu family	: 6
model		: 45
model name	: 06/2d
stepping	: 6
microcode	: 0x616
cpu MHz		: 1200.000
cache size	: 15360 KB
physical id	: 0
siblings	: 12
core id		: 4
cpu cores	: 6
apicid		: 9
initial apicid	: 9
fpu		: yes
fpu_exception	: yes
cpuid level	: 13
wp		: yes
flags		: fpu vme de pse tsc msr pae mce cx8 apic sep mtrr pge mca cmov pat pse36 clflush dts acpi mmx fxsr sse sse2 ss ht tm pbe syscall nx pdpe1gb rdtscp lm constant_tsc arch_perfmon pebs bts rep_good nopl xtopology nonstop_tsc aperfmperf pni pclmulqdq dtes64 monitor ds_cpl vmx est tm2 ssse3 cx16 xtpr pdcm pcid dca sse4_1 sse4_2 x2apic popcnt tsc_deadline_timer aes xsave avx lahf_lm ida arat epb xsaveopt pln pts dtherm tpr_shadow vnmi flexpriority ept vpid
bogomips	: 6599.78
clflush size	: 64
cache_alignment	: 64
address sizes	: 46 bits physical, 48 bits virtual
power management:

processor	: 11
vendor_id	: GenuineIntel
cpu family	: 6
model		: 45
model name	: 06/2d
stepping	: 6
microcode	: 0x616
cpu MHz		: 1200.000
cache size	: 15360 KB
physical id	: 0
siblings	: 12
core id		: 5
cpu cores	: 6
apicid		: 11
initial apicid	: 11
fpu		: yes
fpu_exception	: yes
cpuid level	: 13
wp		: yes
flags		: fpu vme de pse tsc msr pae mce cx8 apic sep mtrr pge mca cmov pat pse36 clflush dts acpi mmx fxsr sse sse2 ss ht tm pbe syscall nx pdpe1gb rdtscp lm constant_tsc arch_perfmon pebs bts rep_good nopl xtopology nonstop_tsc aperfmperf pni pclmulqdq dtes64 monitor ds_cpl vmx est tm2 ssse3 cx16 xtpr pdcm pcid dca sse4_1 sse4_2 x2apic popcnt tsc_deadline_timer aes xsave avx lahf_lm ida arat epb xsaveopt pln pts dtherm tpr_shadow vnmi flexpriority ept vpid
bogomips	: 6599.77
clflush size	: 64
cache_alignment	: 64
address sizes	: 46 bits physical, 48 bits virtual
power management:



Memory: 4k page, physical 16411040k(5950680k free), swap 32193528k(31761096k free)

vm_info: Java HotSpot(TM) 64-Bit Server VM (24.45-b08) for linux-amd64 JRE (1.7.0_45-b18), built on Oct  8 2013 05:44:25 by "java_re" with gcc 4.3.0 20080428 (Red Hat 4.3.0-8)

time: Mon Nov 18 00:44:57 2013
elapsed time: 15 seconds

