#
# A fatal error has been detected by the Java Runtime Environment:
#
#  SIGSEGV (0xb) at pc=0x0000000000000000, pid=21221, tid=140344970442496
#
# JRE version: 7.0_25-b15
# Java VM: Java HotSpot(TM) 64-Bit Server VM (23.25-b01 mixed mode linux-amd64 compressed oops)
# Problematic frame:
# C  0x0000000000000000
#
# Failed to write core dump. Core dumps have been disabled. To enable core dumping, try "ulimit -c unlimited" before starting Java again
#
# If you would like to submit a bug report, please visit:
#   http://bugreport.sun.com/bugreport/crash.jsp
#

---------------  T H R E A D  ---------------

Current thread (0x00007fa31800b000):  JavaThread "main" [_thread_in_Java, id=21226, stack(0x00007fa31c1bf000,0x00007fa49c1c0000)]

siginfo:si_signo=SIGSEGV: si_errno=0, si_code=1 (SEGV_MAPERR), si_addr=0x0000000000000000

Registers:
RAX=0x0000000000000000, RBX=0x00000006bae154d8, RCX=0x0000000795560da0, RDX=0x000000000c800001
RSP=0x00007fa49c1bd9e0, RBP=0x00007fa49c1bda30, RSI=0x0000000000000001, RDI=0x00007fa31800b000
R8 =0x00007fa31803bb30, R9 =0x0000000000005400, R10=0x00007fa49d1b3de0, R11=0x00007fa49c756ad0
R12=0x0000000000000000, R13=0x00007fa49c1bd9e8, R14=0x00007fa49c1bda38, R15=0x00007fa31800b000
RIP=0x0000000000000000, EFLAGS=0x0000000000010246, CSGSFS=0x0000000000000033, ERR=0x0000000000000014
  TRAPNO=0x000000000000000e

Top of Stack: (sp=0x00007fa49c1bd9e0)
0x00007fa49c1bd9e0:   00007fa313f72450 0000000795560da0
0x00007fa49c1bd9f0:   00007fa49c1bd9f0 00000006bae248fb
0x00007fa49c1bda00:   00007fa49c1bda38 00000006baeaceb8
0x00007fa49c1bda10:   0000000000000000 00000006bae24938
0x00007fa49c1bda20:   00007fa49c1bd9e8 00007fa49c1bda40
0x00007fa49c1bda30:   00007fa49c1bdaa0 00007fa313f6c50d
0x00007fa49c1bda40:   00007fa400001fa0 00007fa49c1bdc30
0x00007fa49c1bda50:   00007fa49c1bdb20 00007fa49c1bdbb0
0x00007fa49c1bda60:   00007fa31800b000 00007fa31800c0b8
0x00007fa49c1bda70:   00007fa49c1bdae0 00007fa49c1bdc38
0x00007fa49c1bda80:   00007fa30000000a 00000006bae24938
0x00007fa49c1bda90:   00007fa313f7cf40 00007fa49c1bdbb8
0x00007fa49c1bdaa0:   00007fa49c1bdb80 00007fa49ca0bd35
0x00007fa49c1bdab0:   0000000000000000 00007fa31800b000
0x00007fa49c1bdac0:   00007fa318054b60 00007fa49c1bdae0
0x00007fa49c1bdad0:   00007fa313f7cf40 00007fa40000000a
0x00007fa49c1bdae0:   00007fa31800b000 00007fa31809e910
0x00007fa49c1bdaf0:   00000006bae24938 0000000000000000
0x00007fa49c1bdb00:   00007fa49c1be420 00007fa313f7ed62
0x00007fa49c1bdb10:   00007fa49c1be470 00007fa49c1bdc30
0x00007fa49c1bdb20:   00007fa31800b000 00007fa318008910
0x00007fa49c1bdb30:   00007fa31800bf00 00007fa31800c0c0
0x00007fa49c1bdb40:   00007fa31800c2e8 00007fa49c1bdd50
0x00007fa49c1bdb50:   00007fa3180379f0 00000006bae24938
0x00007fa49c1bdb60:   00007fa31800b000 00007fa49c1bdce0
0x00007fa49c1bdb70:   00000006bae02db0 00007fa49c1bdc60
0x00007fa49c1bdb80:   00007fa49c1bdba0 00007fa49ca0a858
0x00007fa49c1bdb90:   00000006bae24938 00007fa31800c0b8
0x00007fa49c1bdba0:   00007fa49c1bdc50 00007fa49c9ce1ea
0x00007fa49c1bdbb0:   00007fa49c1bdce0 00007fa49c1bdbf0
0x00007fa49c1bdbc0:   00007fff6c5fed01 0000000000000000
0x00007fa49c1bdbd0:   000000019c1bdc20 00007fa49c1bdc10 

Instructions: (pc=0x0000000000000000)
0xffffffffffffffe0:   

Register to memory mapping:

RAX=0x0000000000000000 is an unknown value
RBX=0x00000006bae154d8 is an oop
{method} 
 - klass: {other class}
RCX=0x0000000795560da0 is an oop
java.lang.Class 
 - klass: 'java/lang/Class'
RDX=0x000000000c800001 is an unknown value
RSP=0x00007fa49c1bd9e0 is pointing into the stack for thread: 0x00007fa31800b000
RBP=0x00007fa49c1bda30 is pointing into the stack for thread: 0x00007fa31800b000
RSI=0x0000000000000001 is an unknown value
RDI=0x00007fa31800b000 is a thread
R8 =0x00007fa31803bb30 is an unknown value
R9 =0x0000000000005400 is an unknown value
R10=0x00007fa49d1b3de0: <offset 0xcf5de0> in /usr/lib/jvm/java-7-oracle/jre/lib/amd64/server/libjvm.so at 0x00007fa49c4be000
R11=0x00007fa49c756ad0: <offset 0x298ad0> in /usr/lib/jvm/java-7-oracle/jre/lib/amd64/server/libjvm.so at 0x00007fa49c4be000
R12=0x0000000000000000 is an unknown value
R13=0x00007fa49c1bd9e8 is pointing into the stack for thread: 0x00007fa31800b000
R14=0x00007fa49c1bda38 is pointing into the stack for thread: 0x00007fa31800b000
R15=0x00007fa31800b000 is a thread


Stack: [0x00007fa31c1bf000,0x00007fa49c1c0000],  sp=0x00007fa49c1bd9e0,  free space=6291450k

---------------  P R O C E S S  ---------------

Java Threads: ( => current thread )
=>0x00007fa31800b000 JavaThread "main" [_thread_in_Java, id=21226, stack(0x00007fa31c1bf000,0x00007fa49c1c0000)]

Other Threads:
  0x00007fa31809d000 VMThread [stack: 0x00007fa310975000,0x00007fa310a76000] [id=21235]

VM state:not at safepoint (normal execution)

VM Mutex/Monitor currently owned by a thread: None

Heap
 PSYoungGen      total 27584K, used 473K [0x0000000795560000, 0x0000000797420000, 0x0000000800000000)
  eden space 23680K, 2% used [0x0000000795560000,0x00000007955d66d0,0x0000000796c80000)
  from space 3904K, 0% used [0x0000000797050000,0x0000000797050000,0x0000000797420000)
  to   space 3904K, 0% used [0x0000000796c80000,0x0000000796c80000,0x0000000797050000)
 ParOldGen       total 62976K, used 0K [0x00000006c0000000, 0x00000006c3d80000, 0x0000000795560000)
  object space 62976K, 0% used [0x00000006c0000000,0x00000006c0000000,0x00000006c3d80000)
 PSPermGen       total 21248K, used 830K [0x00000006bae00000, 0x00000006bc2c0000, 0x00000006c0000000)
  object space 21248K, 3% used [0x00000006bae00000,0x00000006baecfb80,0x00000006bc2c0000)

Card table byte_map: [0x00007fa313542000,0x00007fa313f6c000] byte_map_base: 0x00007fa30ff6b000

Polling page: 0x00007fa49dddf000

Code Cache  [0x00007fa313f6c000, 0x00007fa3141dc000, 0x00007fa316f6c000)
 total_blobs=61 nmethods=0 adapters=37 free_code_cache=48825Kb largest_free_block=49997056

Compilation events (0 events):
No events

GC Heap History (0 events):
No events

Deoptimization events (0 events):
No events

Internal exceptions (0 events):
No events

Events (10 events):
Event: 0.019 loading class 0x00007fa318035970 done
Event: 0.019 loading class 0x00007fa318035940 done
Event: 0.019 loading class 0x00007fa31806cb40
Event: 0.020 loading class 0x00007fa31806cb40 done
Event: 0.020 loading class 0x00007fa318068eb0
Event: 0.020 loading class 0x00007fa318068eb0 done
Event: 0.020 loading class 0x00007fa318078360
Event: 0.020 loading class 0x00007fa318078360 done
Event: 0.020 loading class 0x00007fa318078090
Event: 0.020 loading class 0x00007fa318078090 done


Dynamic libraries:
00400000-00401000 r-xp 00000000 08:01 12725529                           /usr/lib/jvm/java-7-oracle/bin/java
00600000-00601000 rw-p 00000000 08:01 12725529                           /usr/lib/jvm/java-7-oracle/bin/java
02283000-022a4000 rw-p 00000000 00:00 0                                  [heap]
6bae00000-6bc2c0000 rw-p 00000000 00:00 0 
6bc2c0000-6c0000000 rw-p 00000000 00:00 0 
6c0000000-6c3d80000 rw-p 00000000 00:00 0 
6c3d80000-795560000 rw-p 00000000 00:00 0 
795560000-797420000 rw-p 00000000 00:00 0 
797420000-800000000 rw-p 00000000 00:00 0 
7fa2cc000000-7fa2cc021000 rw-p 00000000 00:00 0 
7fa2cc021000-7fa2d0000000 ---p 00000000 00:00 0 
7fa2d1d70000-7fa2dc000000 rw-p 00000000 00:00 0 
7fa2dc000000-7fa2dc021000 rw-p 00000000 00:00 0 
7fa2dc021000-7fa2e0000000 ---p 00000000 00:00 0 
7fa2e4000000-7fa2e4021000 rw-p 00000000 00:00 0 
7fa2e4021000-7fa2e8000000 ---p 00000000 00:00 0 
7fa2ec000000-7fa2ec021000 rw-p 00000000 00:00 0 
7fa2ec021000-7fa2f0000000 ---p 00000000 00:00 0 
7fa2f4000000-7fa2f4021000 rw-p 00000000 00:00 0 
7fa2f4021000-7fa2f8000000 ---p 00000000 00:00 0 
7fa2fc000000-7fa2fc021000 rw-p 00000000 00:00 0 
7fa2fc021000-7fa300000000 ---p 00000000 00:00 0 
7fa30175c000-7fa304000000 rw-p 00000000 00:00 0 
7fa304000000-7fa304021000 rw-p 00000000 00:00 0 
7fa304021000-7fa308000000 ---p 00000000 00:00 0 
7fa308000000-7fa308021000 rw-p 00000000 00:00 0 
7fa308021000-7fa30c000000 ---p 00000000 00:00 0 
7fa30c000000-7fa30c021000 rw-p 00000000 00:00 0 
7fa30c021000-7fa310000000 ---p 00000000 00:00 0 
7fa310975000-7fa310976000 ---p 00000000 00:00 0 
7fa310976000-7fa3125d3000 rw-p 00000000 00:00 0                          [stack:21235]
7fa3125d3000-7fa312790000 r--s 039f9000 08:01 12982616                   /usr/lib/jvm/java-7-oracle/jre/lib/rt.jar
7fa312790000-7fa312791000 ---p 00000000 00:00 0 
7fa312791000-7fa312891000 rw-p 00000000 00:00 0                          [stack:21234]
7fa312891000-7fa312892000 ---p 00000000 00:00 0 
7fa312892000-7fa312992000 rw-p 00000000 00:00 0                          [stack:21233]
7fa312992000-7fa312993000 ---p 00000000 00:00 0 
7fa312993000-7fa312a93000 rw-p 00000000 00:00 0                          [stack:21232]
7fa312a93000-7fa312a94000 ---p 00000000 00:00 0 
7fa312a94000-7fa312b94000 rw-p 00000000 00:00 0                          [stack:21231]
7fa312b94000-7fa312b95000 ---p 00000000 00:00 0 
7fa312b95000-7fa312c95000 rw-p 00000000 00:00 0                          [stack:21230]
7fa312c95000-7fa312c96000 ---p 00000000 00:00 0 
7fa312c96000-7fa312d96000 rw-p 00000000 00:00 0                          [stack:21229]
7fa312d96000-7fa312d97000 ---p 00000000 00:00 0 
7fa312d97000-7fa312eb6000 rw-p 00000000 00:00 0                          [stack:21228]
7fa312eb6000-7fa313542000 rw-p 00000000 00:00 0 
7fa313542000-7fa31354d000 rw-p 00000000 00:00 0 
7fa31354d000-7fa31356b000 rw-p 00000000 00:00 0 
7fa31356b000-7fa31358a000 rw-p 00000000 00:00 0 
7fa31358a000-7fa313c15000 rw-p 00000000 00:00 0 
7fa313c15000-7fa313c26000 rw-p 00000000 00:00 0 
7fa313c26000-7fa313f6b000 rw-p 00000000 00:00 0 
7fa313f6b000-7fa313f6c000 rw-p 00000000 00:00 0 
7fa313f6c000-7fa3141dc000 rwxp 00000000 00:00 0 
7fa3141dc000-7fa316f6c000 rw-p 00000000 00:00 0 
7fa316f6c000-7fa316f87000 r-xp 00000000 08:01 14815379                   /usr/lib/jvm/java-7-oracle/jre/lib/amd64/libzip.so
7fa316f87000-7fa317186000 ---p 0001b000 08:01 14815379                   /usr/lib/jvm/java-7-oracle/jre/lib/amd64/libzip.so
7fa317186000-7fa317187000 rw-p 0001a000 08:01 14815379                   /usr/lib/jvm/java-7-oracle/jre/lib/amd64/libzip.so
7fa317187000-7fa317193000 r-xp 00000000 08:01 3015511                    /lib/x86_64-linux-gnu/libnss_files-2.17.so
7fa317193000-7fa317392000 ---p 0000c000 08:01 3015511                    /lib/x86_64-linux-gnu/libnss_files-2.17.so
7fa317392000-7fa317393000 r--p 0000b000 08:01 3015511                    /lib/x86_64-linux-gnu/libnss_files-2.17.so
7fa317393000-7fa317394000 rw-p 0000c000 08:01 3015511                    /lib/x86_64-linux-gnu/libnss_files-2.17.so
7fa317394000-7fa31739e000 r-xp 00000000 08:01 3015513                    /lib/x86_64-linux-gnu/libnss_nis-2.17.so
7fa31739e000-7fa31759d000 ---p 0000a000 08:01 3015513                    /lib/x86_64-linux-gnu/libnss_nis-2.17.so
7fa31759d000-7fa31759e000 r--p 00009000 08:01 3015513                    /lib/x86_64-linux-gnu/libnss_nis-2.17.so
7fa31759e000-7fa31759f000 rw-p 0000a000 08:01 3015513                    /lib/x86_64-linux-gnu/libnss_nis-2.17.so
7fa31759f000-7fa3175b4000 r-xp 00000000 08:01 3015508                    /lib/x86_64-linux-gnu/libnsl-2.17.so
7fa3175b4000-7fa3177b3000 ---p 00015000 08:01 3015508                    /lib/x86_64-linux-gnu/libnsl-2.17.so
7fa3177b3000-7fa3177b4000 r--p 00014000 08:01 3015508                    /lib/x86_64-linux-gnu/libnsl-2.17.so
7fa3177b4000-7fa3177b5000 rw-p 00015000 08:01 3015508                    /lib/x86_64-linux-gnu/libnsl-2.17.so
7fa3177b5000-7fa3177b7000 rw-p 00000000 00:00 0 
7fa3177b7000-7fa3177be000 r-xp 00000000 08:01 3015509                    /lib/x86_64-linux-gnu/libnss_compat-2.17.so
7fa3177be000-7fa3179bd000 ---p 00007000 08:01 3015509                    /lib/x86_64-linux-gnu/libnss_compat-2.17.so
7fa3179bd000-7fa3179be000 r--p 00006000 08:01 3015509                    /lib/x86_64-linux-gnu/libnss_compat-2.17.so
7fa3179be000-7fa3179bf000 rw-p 00007000 08:01 3015509                    /lib/x86_64-linux-gnu/libnss_compat-2.17.so
7fa3179bf000-7fa3179e8000 r-xp 00000000 08:01 14815391                   /usr/lib/jvm/java-7-oracle/jre/lib/amd64/libjava.so
7fa3179e8000-7fa317be8000 ---p 00029000 08:01 14815391                   /usr/lib/jvm/java-7-oracle/jre/lib/amd64/libjava.so
7fa317be8000-7fa317bea000 rw-p 00029000 08:01 14815391                   /usr/lib/jvm/java-7-oracle/jre/lib/amd64/libjava.so
7fa317bea000-7fa317bf7000 r-xp 00000000 08:01 14815339                   /usr/lib/jvm/java-7-oracle/jre/lib/amd64/libverify.so
7fa317bf7000-7fa317df6000 ---p 0000d000 08:01 14815339                   /usr/lib/jvm/java-7-oracle/jre/lib/amd64/libverify.so
7fa317df6000-7fa317df8000 rw-p 0000c000 08:01 14815339                   /usr/lib/jvm/java-7-oracle/jre/lib/amd64/libverify.so
7fa317df8000-7fa317dff000 r-xp 00000000 08:01 3015517                    /lib/x86_64-linux-gnu/librt-2.17.so
7fa317dff000-7fa317ffe000 ---p 00007000 08:01 3015517                    /lib/x86_64-linux-gnu/librt-2.17.so
7fa317ffe000-7fa317fff000 r--p 00006000 08:01 3015517                    /lib/x86_64-linux-gnu/librt-2.17.so
7fa317fff000-7fa318000000 rw-p 00007000 08:01 3015517                    /lib/x86_64-linux-gnu/librt-2.17.so
7fa318000000-7fa3180a7000 rw-p 00000000 00:00 0 
7fa3180a7000-7fa31c000000 ---p 00000000 00:00 0 
7fa31c019000-7fa31c0be000 rw-p 00000000 00:00 0 
7fa31c0be000-7fa31c0bf000 ---p 00000000 00:00 0 
7fa31c0bf000-7fa31c1bf000 rw-p 00000000 00:00 0                          [stack:21227]
7fa31c1bf000-7fa31c1c2000 ---p 00000000 00:00 0 
7fa31c1c2000-7fa49c1c0000 rw-p 00000000 00:00 0                          [stack:21226]
7fa49c1c0000-7fa49c2bc000 r-xp 00000000 08:01 3015506                    /lib/x86_64-linux-gnu/libm-2.17.so
7fa49c2bc000-7fa49c4bc000 ---p 000fc000 08:01 3015506                    /lib/x86_64-linux-gnu/libm-2.17.so
7fa49c4bc000-7fa49c4bd000 r--p 000fc000 08:01 3015506                    /lib/x86_64-linux-gnu/libm-2.17.so
7fa49c4bd000-7fa49c4be000 rw-p 000fd000 08:01 3015506                    /lib/x86_64-linux-gnu/libm-2.17.so
7fa49c4be000-7fa49ceff000 r-xp 00000000 08:01 14815347                   /usr/lib/jvm/java-7-oracle/jre/lib/amd64/server/libjvm.so
7fa49ceff000-7fa49d0ff000 ---p 00a41000 08:01 14815347                   /usr/lib/jvm/java-7-oracle/jre/lib/amd64/server/libjvm.so
7fa49d0ff000-7fa49d1a2000 rw-p 00a41000 08:01 14815347                   /usr/lib/jvm/java-7-oracle/jre/lib/amd64/server/libjvm.so
7fa49d1a2000-7fa49d1de000 rw-p 00000000 00:00 0 
7fa49d1de000-7fa49d380000 r-xp 00000000 08:01 3015502                    /lib/x86_64-linux-gnu/libc-2.17.so
7fa49d380000-7fa49d580000 ---p 001a2000 08:01 3015502                    /lib/x86_64-linux-gnu/libc-2.17.so
7fa49d580000-7fa49d584000 r--p 001a2000 08:01 3015502                    /lib/x86_64-linux-gnu/libc-2.17.so
7fa49d584000-7fa49d586000 rw-p 001a6000 08:01 3015502                    /lib/x86_64-linux-gnu/libc-2.17.so
7fa49d586000-7fa49d58a000 rw-p 00000000 00:00 0 
7fa49d58a000-7fa49d58d000 r-xp 00000000 08:01 3015505                    /lib/x86_64-linux-gnu/libdl-2.17.so
7fa49d58d000-7fa49d78c000 ---p 00003000 08:01 3015505                    /lib/x86_64-linux-gnu/libdl-2.17.so
7fa49d78c000-7fa49d78d000 r--p 00002000 08:01 3015505                    /lib/x86_64-linux-gnu/libdl-2.17.so
7fa49d78d000-7fa49d78e000 rw-p 00003000 08:01 3015505                    /lib/x86_64-linux-gnu/libdl-2.17.so
7fa49d78e000-7fa49d7a4000 r-xp 00000000 08:01 14815338                   /usr/lib/jvm/java-7-oracle/jre/lib/amd64/jli/libjli.so
7fa49d7a4000-7fa49d9a4000 ---p 00016000 08:01 14815338                   /usr/lib/jvm/java-7-oracle/jre/lib/amd64/jli/libjli.so
7fa49d9a4000-7fa49d9a5000 rw-p 00016000 08:01 14815338                   /usr/lib/jvm/java-7-oracle/jre/lib/amd64/jli/libjli.so
7fa49d9a5000-7fa49d9bc000 r-xp 00000000 08:01 3015498                    /lib/x86_64-linux-gnu/libpthread-2.17.so
7fa49d9bc000-7fa49dbbb000 ---p 00017000 08:01 3015498                    /lib/x86_64-linux-gnu/libpthread-2.17.so
7fa49dbbb000-7fa49dbbc000 r--p 00016000 08:01 3015498                    /lib/x86_64-linux-gnu/libpthread-2.17.so
7fa49dbbc000-7fa49dbbd000 rw-p 00017000 08:01 3015498                    /lib/x86_64-linux-gnu/libpthread-2.17.so
7fa49dbbd000-7fa49dbc1000 rw-p 00000000 00:00 0 
7fa49dbc1000-7fa49dbe2000 r-xp 00000000 08:01 3015499                    /lib/x86_64-linux-gnu/ld-2.17.so
7fa49dc00000-7fa49dce5000 rw-p 00000000 00:00 0 
7fa49dce5000-7fa49dd03000 rw-p 00000000 00:00 0 
7fa49dd03000-7fa49dd0d000 rw-p 00000000 00:00 0 
7fa49dd0d000-7fa49ddc3000 rw-p 00000000 00:00 0 
7fa49ddc3000-7fa49ddc7000 rw-p 00000000 00:00 0 
7fa49ddd6000-7fa49ddde000 rw-s 00000000 08:01 14684439                   /tmp/hsperfdata_anantoni/21221
7fa49ddde000-7fa49dddf000 rw-p 00000000 00:00 0 
7fa49dddf000-7fa49dde0000 r--p 00000000 00:00 0 
7fa49dde0000-7fa49dde2000 rw-p 00000000 00:00 0 
7fa49dde2000-7fa49dde3000 r--p 00021000 08:01 3015499                    /lib/x86_64-linux-gnu/ld-2.17.so
7fa49dde3000-7fa49dde5000 rw-p 00022000 08:01 3015499                    /lib/x86_64-linux-gnu/ld-2.17.so
7fff6c544000-7fff6c566000 rw-p 00000000 00:00 0                          [stack]
7fff6c5fe000-7fff6c600000 r-xp 00000000 00:00 0                          [vdso]
ffffffffff600000-ffffffffff601000 r-xp 00000000 00:00 0                  [vsyscall]

VM Arguments:
jvm_args: -Dfile.encoding=UTF-8 -Xmx5g -Xss6g 
java_command: main.MyPointerAnalysis
Launcher Type: SUN_STANDARD

Environment Variables:
PATH=/usr/local/bin:/usr/bin:/bin:/usr/local/games:/usr/games
USERNAME=anantoni
LD_LIBRARY_PATH=/usr/lib/jvm/java-7-oracle/jre/lib/amd64:/usr/lib/jvm/java-7-oracle/jre/lib/i386:
SHELL=/bin/bash
DISPLAY=:0.0

Signal Handlers:
SIGSEGV: [libjvm.so+0x8a26a0], sa_mask[0]=0x7ffbfeff, sa_flags=0x10000004
SIGBUS: [libjvm.so+0x8a26a0], sa_mask[0]=0x7ffbfeff, sa_flags=0x10000004
SIGFPE: [libjvm.so+0x73f3d0], sa_mask[0]=0x7ffbfeff, sa_flags=0x10000004
SIGPIPE: [libjvm.so+0x73f3d0], sa_mask[0]=0x7ffbfeff, sa_flags=0x10000004
SIGXFSZ: [libjvm.so+0x73f3d0], sa_mask[0]=0x7ffbfeff, sa_flags=0x10000004
SIGILL: [libjvm.so+0x73f3d0], sa_mask[0]=0x7ffbfeff, sa_flags=0x10000004
SIGUSR1: SIG_DFL, sa_mask[0]=0x00000000, sa_flags=0x00000000
SIGUSR2: [libjvm.so+0x73ed20], sa_mask[0]=0x00000004, sa_flags=0x10000004
SIGHUP: SIG_DFL, sa_mask[0]=0x00000000, sa_flags=0x00000000
SIGINT: SIG_IGN, sa_mask[0]=0x00000000, sa_flags=0x00000000
SIGTERM: SIG_DFL, sa_mask[0]=0x00000000, sa_flags=0x00000000
SIGQUIT: SIG_DFL, sa_mask[0]=0x00000000, sa_flags=0x00000000


---------------  S Y S T E M  ---------------

OS:jessie/sid

uname:Linux 3.9-1-amd64 #1 SMP Debian 3.9.8-1 x86_64
libc:glibc 2.17 NPTL 2.17 
rlimit: STACK 8192k, CORE 0k, NPROC 47104, NOFILE 4096, AS infinity
load average:0.27 0.23 0.51

/proc/meminfo:
MemTotal:        6042956 kB
MemFree:         2891332 kB
Buffers:           17872 kB
Cached:           997804 kB
SwapCached:         2232 kB
Active:          1531316 kB
Inactive:        1426160 kB
Active(anon):    1116960 kB
Inactive(anon):   925968 kB
Active(file):     414356 kB
Inactive(file):   500192 kB
Unevictable:          16 kB
Mlocked:              16 kB
SwapTotal:      10157052 kB
SwapFree:       10110168 kB
Dirty:               100 kB
Writeback:             0 kB
AnonPages:       1940408 kB
Mapped:           409788 kB
Shmem:            101128 kB
Slab:             103752 kB
SReclaimable:      66108 kB
SUnreclaim:        37644 kB
KernelStack:        4728 kB
PageTables:        39740 kB
NFS_Unstable:          0 kB
Bounce:                0 kB
WritebackTmp:          0 kB
CommitLimit:    13178528 kB
Committed_AS:   11973112 kB
VmallocTotal:   34359738367 kB
VmallocUsed:      410188 kB
VmallocChunk:   34359320648 kB
HardwareCorrupted:     0 kB
AnonHugePages:         0 kB
HugePages_Total:       0
HugePages_Free:        0
HugePages_Rsvd:        0
HugePages_Surp:        0
Hugepagesize:       2048 kB
DirectMap4k:       59968 kB
DirectMap2M:     6144000 kB


CPU:total 8 (4 cores per cpu, 2 threads per core) family 6 model 42 stepping 7, cmov, cx8, fxsr, mmx, sse, sse2, sse3, ssse3, sse4.1, sse4.2, popcnt, avx, ht, tsc, tscinvbit

/proc/cpuinfo:
processor	: 0
vendor_id	: GenuineIntel
cpu family	: 6
model		: 42
model name	: Intel(R) Core(TM) i7-2720QM CPU @ 2.20GHz
stepping	: 7
microcode	: 0x28
cpu MHz		: 2201.000
cache size	: 6144 KB
physical id	: 0
siblings	: 8
core id		: 0
cpu cores	: 4
apicid		: 0
initial apicid	: 0
fpu		: yes
fpu_exception	: yes
cpuid level	: 13
wp		: yes
flags		: fpu vme de pse tsc msr pae mce cx8 apic sep mtrr pge mca cmov pat pse36 clflush dts acpi mmx fxsr sse sse2 ss ht tm pbe syscall nx rdtscp lm constant_tsc arch_perfmon pebs bts nopl xtopology nonstop_tsc aperfmperf eagerfpu pni pclmulqdq dtes64 monitor ds_cpl vmx smx est tm2 ssse3 cx16 xtpr pdcm pcid sse4_1 sse4_2 x2apic popcnt tsc_deadline_timer aes xsave avx lahf_lm ida arat epb xsaveopt pln pts dtherm tpr_shadow vnmi flexpriority ept vpid
bogomips	: 4390.26
clflush size	: 64
cache_alignment	: 64
address sizes	: 36 bits physical, 48 bits virtual
power management:

processor	: 1
vendor_id	: GenuineIntel
cpu family	: 6
model		: 42
model name	: Intel(R) Core(TM) i7-2720QM CPU @ 2.20GHz
stepping	: 7
microcode	: 0x28
cpu MHz		: 800.000
cache size	: 6144 KB
physical id	: 0
siblings	: 8
core id		: 0
cpu cores	: 4
apicid		: 1
initial apicid	: 1
fpu		: yes
fpu_exception	: yes
cpuid level	: 13
wp		: yes
flags		: fpu vme de pse tsc msr pae mce cx8 apic sep mtrr pge mca cmov pat pse36 clflush dts acpi mmx fxsr sse sse2 ss ht tm pbe syscall nx rdtscp lm constant_tsc arch_perfmon pebs bts nopl xtopology nonstop_tsc aperfmperf eagerfpu pni pclmulqdq dtes64 monitor ds_cpl vmx smx est tm2 ssse3 cx16 xtpr pdcm pcid sse4_1 sse4_2 x2apic popcnt tsc_deadline_timer aes xsave avx lahf_lm ida arat epb xsaveopt pln pts dtherm tpr_shadow vnmi flexpriority ept vpid
bogomips	: 4390.26
clflush size	: 64
cache_alignment	: 64
address sizes	: 36 bits physical, 48 bits virtual
power management:

processor	: 2
vendor_id	: GenuineIntel
cpu family	: 6
model		: 42
model name	: Intel(R) Core(TM) i7-2720QM CPU @ 2.20GHz
stepping	: 7
microcode	: 0x28
cpu MHz		: 800.000
cache size	: 6144 KB
physical id	: 0
siblings	: 8
core id		: 1
cpu cores	: 4
apicid		: 2
initial apicid	: 2
fpu		: yes
fpu_exception	: yes
cpuid level	: 13
wp		: yes
flags		: fpu vme de pse tsc msr pae mce cx8 apic sep mtrr pge mca cmov pat pse36 clflush dts acpi mmx fxsr sse sse2 ss ht tm pbe syscall nx rdtscp lm constant_tsc arch_perfmon pebs bts nopl xtopology nonstop_tsc aperfmperf eagerfpu pni pclmulqdq dtes64 monitor ds_cpl vmx smx est tm2 ssse3 cx16 xtpr pdcm pcid sse4_1 sse4_2 x2apic popcnt tsc_deadline_timer aes xsave avx lahf_lm ida arat epb xsaveopt pln pts dtherm tpr_shadow vnmi flexpriority ept vpid
bogomips	: 4390.26
clflush size	: 64
cache_alignment	: 64
address sizes	: 36 bits physical, 48 bits virtual
power management:

processor	: 3
vendor_id	: GenuineIntel
cpu family	: 6
model		: 42
model name	: Intel(R) Core(TM) i7-2720QM CPU @ 2.20GHz
stepping	: 7
microcode	: 0x28
cpu MHz		: 1800.000
cache size	: 6144 KB
physical id	: 0
siblings	: 8
core id		: 1
cpu cores	: 4
apicid		: 3
initial apicid	: 3
fpu		: yes
fpu_exception	: yes
cpuid level	: 13
wp		: yes
flags		: fpu vme de pse tsc msr pae mce cx8 apic sep mtrr pge mca cmov pat pse36 clflush dts acpi mmx fxsr sse sse2 ss ht tm pbe syscall nx rdtscp lm constant_tsc arch_perfmon pebs bts nopl xtopology nonstop_tsc aperfmperf eagerfpu pni pclmulqdq dtes64 monitor ds_cpl vmx smx est tm2 ssse3 cx16 xtpr pdcm pcid sse4_1 sse4_2 x2apic popcnt tsc_deadline_timer aes xsave avx lahf_lm ida arat epb xsaveopt pln pts dtherm tpr_shadow vnmi flexpriority ept vpid
bogomips	: 4390.26
clflush size	: 64
cache_alignment	: 64
address sizes	: 36 bits physical, 48 bits virtual
power management:

processor	: 4
vendor_id	: GenuineIntel
cpu family	: 6
model		: 42
model name	: Intel(R) Core(TM) i7-2720QM CPU @ 2.20GHz
stepping	: 7
microcode	: 0x28
cpu MHz		: 2201.000
cache size	: 6144 KB
physical id	: 0
siblings	: 8
core id		: 2
cpu cores	: 4
apicid		: 4
initial apicid	: 4
fpu		: yes
fpu_exception	: yes
cpuid level	: 13
wp		: yes
flags		: fpu vme de pse tsc msr pae mce cx8 apic sep mtrr pge mca cmov pat pse36 clflush dts acpi mmx fxsr sse sse2 ss ht tm pbe syscall nx rdtscp lm constant_tsc arch_perfmon pebs bts nopl xtopology nonstop_tsc aperfmperf eagerfpu pni pclmulqdq dtes64 monitor ds_cpl vmx smx est tm2 ssse3 cx16 xtpr pdcm pcid sse4_1 sse4_2 x2apic popcnt tsc_deadline_timer aes xsave avx lahf_lm ida arat epb xsaveopt pln pts dtherm tpr_shadow vnmi flexpriority ept vpid
bogomips	: 4390.26
clflush size	: 64
cache_alignment	: 64
address sizes	: 36 bits physical, 48 bits virtual
power management:

processor	: 5
vendor_id	: GenuineIntel
cpu family	: 6
model		: 42
model name	: Intel(R) Core(TM) i7-2720QM CPU @ 2.20GHz
stepping	: 7
microcode	: 0x28
cpu MHz		: 800.000
cache size	: 6144 KB
physical id	: 0
siblings	: 8
core id		: 2
cpu cores	: 4
apicid		: 5
initial apicid	: 5
fpu		: yes
fpu_exception	: yes
cpuid level	: 13
wp		: yes
flags		: fpu vme de pse tsc msr pae mce cx8 apic sep mtrr pge mca cmov pat pse36 clflush dts acpi mmx fxsr sse sse2 ss ht tm pbe syscall nx rdtscp lm constant_tsc arch_perfmon pebs bts nopl xtopology nonstop_tsc aperfmperf eagerfpu pni pclmulqdq dtes64 monitor ds_cpl vmx smx est tm2 ssse3 cx16 xtpr pdcm pcid sse4_1 sse4_2 x2apic popcnt tsc_deadline_timer aes xsave avx lahf_lm ida arat epb xsaveopt pln pts dtherm tpr_shadow vnmi flexpriority ept vpid
bogomips	: 4390.26
clflush size	: 64
cache_alignment	: 64
address sizes	: 36 bits physical, 48 bits virtual
power management:

processor	: 6
vendor_id	: GenuineIntel
cpu family	: 6
model		: 42
model name	: Intel(R) Core(TM) i7-2720QM CPU @ 2.20GHz
stepping	: 7
microcode	: 0x28
cpu MHz		: 800.000
cache size	: 6144 KB
physical id	: 0
siblings	: 8
core id		: 3
cpu cores	: 4
apicid		: 6
initial apicid	: 6
fpu		: yes
fpu_exception	: yes
cpuid level	: 13
wp		: yes
flags		: fpu vme de pse tsc msr pae mce cx8 apic sep mtrr pge mca cmov pat pse36 clflush dts acpi mmx fxsr sse sse2 ss ht tm pbe syscall nx rdtscp lm constant_tsc arch_perfmon pebs bts nopl xtopology nonstop_tsc aperfmperf eagerfpu pni pclmulqdq dtes64 monitor ds_cpl vmx smx est tm2 ssse3 cx16 xtpr pdcm pcid sse4_1 sse4_2 x2apic popcnt tsc_deadline_timer aes xsave avx lahf_lm ida arat epb xsaveopt pln pts dtherm tpr_shadow vnmi flexpriority ept vpid
bogomips	: 4390.26
clflush size	: 64
cache_alignment	: 64
address sizes	: 36 bits physical, 48 bits virtual
power management:

processor	: 7
vendor_id	: GenuineIntel
cpu family	: 6
model		: 42
model name	: Intel(R) Core(TM) i7-2720QM CPU @ 2.20GHz
stepping	: 7
microcode	: 0x28
cpu MHz		: 800.000
cache size	: 6144 KB
physical id	: 0
siblings	: 8
core id		: 3
cpu cores	: 4
apicid		: 7
initial apicid	: 7
fpu		: yes
fpu_exception	: yes
cpuid level	: 13
wp		: yes
flags		: fpu vme de pse tsc msr pae mce cx8 apic sep mtrr pge mca cmov pat pse36 clflush dts acpi mmx fxsr sse sse2 ss ht tm pbe syscall nx rdtscp lm constant_tsc arch_perfmon pebs bts nopl xtopology nonstop_tsc aperfmperf eagerfpu pni pclmulqdq dtes64 monitor ds_cpl vmx smx est tm2 ssse3 cx16 xtpr pdcm pcid sse4_1 sse4_2 x2apic popcnt tsc_deadline_timer aes xsave avx lahf_lm ida arat epb xsaveopt pln pts dtherm tpr_shadow vnmi flexpriority ept vpid
bogomips	: 4390.26
clflush size	: 64
cache_alignment	: 64
address sizes	: 36 bits physical, 48 bits virtual
power management:



Memory: 4k page, physical 6042956k(2891332k free), swap 10157052k(10110168k free)

vm_info: Java HotSpot(TM) 64-Bit Server VM (23.25-b01) for linux-amd64 JRE (1.7.0_25-b15), built on Jun  5 2013 20:48:36 by "java_re" with gcc 4.3.0 20080428 (Red Hat 4.3.0-8)

time: Fri Aug  2 11:09:33 2013
elapsed time: 0 seconds

