#
# A fatal error has been detected by the Java Runtime Environment:
#
#  SIGSEGV (0xb) at pc=0x0000000000000000, pid=16967, tid=139756091025152
#
# JRE version: 7.0_25-b15
# Java VM: Java HotSpot(TM) 64-Bit Server VM (23.25-b01 mixed mode linux-amd64 compressed oops)
# Problematic frame:
# C  0x0000000000000000
#
# Failed to write core dump. Core dumps have been disabled. To enable core dumping, try "ulimit -c unlimited" before starting Java again
#
# If you would like to submit a bug report, please visit:
#   http://bugreport.sun.com/bugreport/crash.jsp
#

---------------  T H R E A D  ---------------

Current thread (0x00007f19bc00b000):  JavaThread "main" [_thread_in_Java, id=16972, stack(0x00007f19c0292000,0x00007f1b80293000)]

siginfo:si_signo=SIGSEGV: si_errno=0, si_code=1 (SEGV_MAPERR), si_addr=0x0000000000000000

Registers:
RAX=0x0000000000000000, RBX=0x000000009ea154d8, RCX=0x00000000e1400da0, RDX=0x000000000c800001
RSP=0x00007f1b802909e0, RBP=0x00007f1b80290a30, RSI=0x0000000000000001, RDI=0x00007f19bc00b000
R8 =0x00007f19bc03b8d0, R9 =0x0000000000005400, R10=0x00007f1b81286de0, R11=0x00007f1b80829ad0
R12=0x0000000000000000, R13=0x00007f1b802909e8, R14=0x00007f1b80290a38, R15=0x00007f19bc00b000
RIP=0x0000000000000000, EFLAGS=0x0000000000010246, CSGSFS=0x0000000000000033, ERR=0x0000000000000014
  TRAPNO=0x000000000000000e

Top of Stack: (sp=0x00007f1b802909e0)
0x00007f1b802909e0:   00007f19b817a450 00000000e1400da0
0x00007f1b802909f0:   00007f1b802909f0 000000009ea248fb
0x00007f1b80290a00:   00007f1b80290a38 000000009eaaceb8
0x00007f1b80290a10:   0000000000000000 000000009ea24938
0x00007f1b80290a20:   00007f1b802909e8 00007f1b80290a40
0x00007f1b80290a30:   00007f1b80290aa0 00007f19b817450d
0x00007f1b80290a40:   00007f1b00001fa0 00007f1b80290c30
0x00007f1b80290a50:   00007f1b80290b20 00007f1b80290bb0
0x00007f1b80290a60:   00007f19bc00b000 00007f19bc00be58
0x00007f1b80290a70:   00007f1b80290ae0 00007f1b80290c38
0x00007f1b80290a80:   00007f190000000a 000000009ea24938
0x00007f1b80290a90:   00007f19b8184f40 00007f1b80290bb8
0x00007f1b80290aa0:   00007f1b80290b80 00007f1b80aded35
0x00007f1b80290ab0:   0000000000000000 00007f19bc00b000
0x00007f1b80290ac0:   00007f19bc054900 00007f1b80290ae0
0x00007f1b80290ad0:   00007f19b8184f40 00007f1b0000000a
0x00007f1b80290ae0:   00007f19bc00b000 00007f19bc09e6c0
0x00007f1b80290af0:   000000009ea24938 0000000000000000
0x00007f1b80290b00:   00007f1b80291420 00007f19b8186d62
0x00007f1b80290b10:   00007f1b80291470 00007f1b80290c30
0x00007f1b80290b20:   00007f19bc00b000 00007f19bc0086b0
0x00007f1b80290b30:   00007f19bc00bca0 00007f19bc00be60
0x00007f1b80290b40:   00007f19bc00c088 00007f1b80290d50
0x00007f1b80290b50:   00007f19bc037790 000000009ea24938
0x00007f1b80290b60:   00007f19bc00b000 00007f1b80290ce0
0x00007f1b80290b70:   000000009ea02db0 00007f1b80290c60
0x00007f1b80290b80:   00007f1b80290ba0 00007f1b80add858
0x00007f1b80290b90:   000000009ea24938 00007f19bc00be58
0x00007f1b80290ba0:   00007f1b80290c50 00007f1b80aa11ea
0x00007f1b80290bb0:   00007f1b80290ce0 00007f1b80290bf0
0x00007f1b80290bc0:   00007fff95554d01 0000000000000000
0x00007f1b80290bd0:   0000000180290c20 00007f1b80290c10 

Instructions: (pc=0x0000000000000000)
0xffffffffffffffe0:   

Register to memory mapping:

RAX=0x0000000000000000 is an unknown value
RBX=0x000000009ea154d8 is an oop
{method} 
 - klass: {other class}
RCX=0x00000000e1400da0 is an oop
java.lang.Class 
 - klass: 'java/lang/Class'
RDX=0x000000000c800001 is an unknown value
RSP=0x00007f1b802909e0 is pointing into the stack for thread: 0x00007f19bc00b000
RBP=0x00007f1b80290a30 is pointing into the stack for thread: 0x00007f19bc00b000
RSI=0x0000000000000001 is an unknown value
RDI=0x00007f19bc00b000 is a thread
R8 =0x00007f19bc03b8d0 is an unknown value
R9 =0x0000000000005400 is an unknown value
R10=0x00007f1b81286de0: <offset 0xcf5de0> in /usr/lib/jvm/java-7-oracle/jre/lib/amd64/server/libjvm.so at 0x00007f1b80591000
R11=0x00007f1b80829ad0: <offset 0x298ad0> in /usr/lib/jvm/java-7-oracle/jre/lib/amd64/server/libjvm.so at 0x00007f1b80591000
R12=0x0000000000000000 is an unknown value
R13=0x00007f1b802909e8 is pointing into the stack for thread: 0x00007f19bc00b000
R14=0x00007f1b80290a38 is pointing into the stack for thread: 0x00007f19bc00b000
R15=0x00007f19bc00b000 is a thread


Stack: [0x00007f19c0292000,0x00007f1b80293000],  sp=0x00007f1b802909e0,  free space=7340026k

---------------  P R O C E S S  ---------------

Java Threads: ( => current thread )
=>0x00007f19bc00b000 JavaThread "main" [_thread_in_Java, id=16972, stack(0x00007f19c0292000,0x00007f1b80293000)]

Other Threads:
  0x00007f19bc09d000 VMThread [stack: 0x00007f199d957000,0x00007f199da58000] [id=16982]

VM state:not at safepoint (normal execution)

VM Mutex/Monitor currently owned by a thread: None

Heap
 PSYoungGen      total 27584K, used 473K [0x00000000e1400000, 0x00000000e32c0000, 0x0000000100000000)
  eden space 23680K, 2% used [0x00000000e1400000,0x00000000e14766d0,0x00000000e2b20000)
  from space 3904K, 0% used [0x00000000e2ef0000,0x00000000e2ef0000,0x00000000e32c0000)
  to   space 3904K, 0% used [0x00000000e2b20000,0x00000000e2b20000,0x00000000e2ef0000)
 ParOldGen       total 62976K, used 0K [0x00000000a3c00000, 0x00000000a7980000, 0x00000000e1400000)
  object space 62976K, 0% used [0x00000000a3c00000,0x00000000a3c00000,0x00000000a7980000)
 PSPermGen       total 21248K, used 830K [0x000000009ea00000, 0x000000009fec0000, 0x00000000a3c00000)
  object space 21248K, 3% used [0x000000009ea00000,0x000000009eacfb80,0x000000009fec0000)

Card table byte_map: [0x00007f19b7e68000,0x00007f19b8174000] byte_map_base: 0x00007f19b7973000

Polling page: 0x00007f1b81eb2000

Code Cache  [0x00007f19b8174000, 0x00007f19b83e4000, 0x00007f19bb174000)
 total_blobs=61 nmethods=0 adapters=37 free_code_cache=48825Kb largest_free_block=49997248

Compilation events (0 events):
No events

GC Heap History (0 events):
No events

Deoptimization events (0 events):
No events

Internal exceptions (0 events):
No events

Events (10 events):
Event: 0.021 loading class 0x00007f19bc035710 done
Event: 0.021 loading class 0x00007f19bc0356e0 done
Event: 0.021 loading class 0x00007f19bc06c8e0
Event: 0.021 loading class 0x00007f19bc06c8e0 done
Event: 0.021 loading class 0x00007f19bc068c50
Event: 0.021 loading class 0x00007f19bc068c50 done
Event: 0.021 loading class 0x00007f19bc078100
Event: 0.021 loading class 0x00007f19bc078100 done
Event: 0.021 loading class 0x00007f19bc077ff0
Event: 0.021 loading class 0x00007f19bc077ff0 done


Dynamic libraries:
00400000-00401000 r-xp 00000000 08:01 12725529                           /usr/lib/jvm/java-7-oracle/bin/java
00600000-00601000 rw-p 00000000 08:01 12725529                           /usr/lib/jvm/java-7-oracle/bin/java
00d8d000-00dae000 rw-p 00000000 00:00 0                                  [heap]
9ea00000-9fec0000 rw-p 00000000 00:00 0 
9fec0000-a3c00000 rw-p 00000000 00:00 0 
a3c00000-a7980000 rw-p 00000000 00:00 0 
a7980000-e1400000 rw-p 00000000 00:00 0 
e1400000-e32c0000 rw-p 00000000 00:00 0 
e32c0000-100000000 rw-p 00000000 00:00 0 
7f1980000000-7f1980021000 rw-p 00000000 00:00 0 
7f1980021000-7f1984000000 ---p 00000000 00:00 0 
7f1988000000-7f1988021000 rw-p 00000000 00:00 0 
7f1988021000-7f198c000000 ---p 00000000 00:00 0 
7f1990000000-7f1990021000 rw-p 00000000 00:00 0 
7f1990021000-7f1994000000 ---p 00000000 00:00 0 
7f1998000000-7f1998021000 rw-p 00000000 00:00 0 
7f1998021000-7f199c000000 ---p 00000000 00:00 0 
7f199d957000-7f199d958000 ---p 00000000 00:00 0 
7f199d958000-7f19a0000000 rw-p 00000000 00:00 0                          [stack:16982]
7f19a0000000-7f19a0021000 rw-p 00000000 00:00 0 
7f19a0021000-7f19a4000000 ---p 00000000 00:00 0 
7f19a4000000-7f19a4021000 rw-p 00000000 00:00 0 
7f19a4021000-7f19a8000000 ---p 00000000 00:00 0 
7f19a8000000-7f19a8021000 rw-p 00000000 00:00 0 
7f19a8021000-7f19ac000000 ---p 00000000 00:00 0 
7f19ac000000-7f19ac021000 rw-p 00000000 00:00 0 
7f19ac021000-7f19b0000000 ---p 00000000 00:00 0 
7f19b0000000-7f19b0021000 rw-p 00000000 00:00 0 
7f19b0021000-7f19b4000000 ---p 00000000 00:00 0 
7f19b4005000-7f19b4207000 rw-p 00000000 00:00 0 
7f19b4207000-7f19b43c4000 r--s 039f9000 08:01 12982616                   /usr/lib/jvm/java-7-oracle/jre/lib/rt.jar
7f19b43c4000-7f19b7474000 rw-p 00000000 00:00 0 
7f19b7474000-7f19b7475000 ---p 00000000 00:00 0 
7f19b7475000-7f19b7575000 rw-p 00000000 00:00 0                          [stack:16980]
7f19b7575000-7f19b7576000 ---p 00000000 00:00 0 
7f19b7576000-7f19b7676000 rw-p 00000000 00:00 0                          [stack:16979]
7f19b7676000-7f19b7677000 ---p 00000000 00:00 0 
7f19b7677000-7f19b7777000 rw-p 00000000 00:00 0                          [stack:16978]
7f19b7777000-7f19b7778000 ---p 00000000 00:00 0 
7f19b7778000-7f19b7878000 rw-p 00000000 00:00 0                          [stack:16977]
7f19b7878000-7f19b7879000 ---p 00000000 00:00 0 
7f19b7879000-7f19b7979000 rw-p 00000000 00:00 0                          [stack:16976]
7f19b7979000-7f19b797a000 ---p 00000000 00:00 0 
7f19b797a000-7f19b7a7a000 rw-p 00000000 00:00 0                          [stack:16975]
7f19b7a7a000-7f19b7a7b000 ---p 00000000 00:00 0 
7f19b7a7b000-7f19b7b7b000 rw-p 00000000 00:00 0                          [stack:16974]
7f19b7b7b000-7f19b7b7c000 ---p 00000000 00:00 0 
7f19b7b7c000-7f19b7c9b000 rw-p 00000000 00:00 0                          [stack:16973]
7f19b7c9b000-7f19b7e68000 rw-p 00000000 00:00 0 
7f19b7e68000-7f19b7e73000 rw-p 00000000 00:00 0 
7f19b7e73000-7f19b7e91000 rw-p 00000000 00:00 0 
7f19b7e91000-7f19b7eb0000 rw-p 00000000 00:00 0 
7f19b7eb0000-7f19b807d000 rw-p 00000000 00:00 0 
7f19b807d000-7f19b808d000 rw-p 00000000 00:00 0 
7f19b808d000-7f19b8173000 rw-p 00000000 00:00 0 
7f19b8173000-7f19b8174000 rw-p 00000000 00:00 0 
7f19b8174000-7f19b83e4000 rwxp 00000000 00:00 0 
7f19b83e4000-7f19bb174000 rw-p 00000000 00:00 0 
7f19bb174000-7f19bb18f000 r-xp 00000000 08:01 14815379                   /usr/lib/jvm/java-7-oracle/jre/lib/amd64/libzip.so
7f19bb18f000-7f19bb38e000 ---p 0001b000 08:01 14815379                   /usr/lib/jvm/java-7-oracle/jre/lib/amd64/libzip.so
7f19bb38e000-7f19bb38f000 rw-p 0001a000 08:01 14815379                   /usr/lib/jvm/java-7-oracle/jre/lib/amd64/libzip.so
7f19bb38f000-7f19bb39b000 r-xp 00000000 08:01 3015511                    /lib/x86_64-linux-gnu/libnss_files-2.17.so
7f19bb39b000-7f19bb59a000 ---p 0000c000 08:01 3015511                    /lib/x86_64-linux-gnu/libnss_files-2.17.so
7f19bb59a000-7f19bb59b000 r--p 0000b000 08:01 3015511                    /lib/x86_64-linux-gnu/libnss_files-2.17.so
7f19bb59b000-7f19bb59c000 rw-p 0000c000 08:01 3015511                    /lib/x86_64-linux-gnu/libnss_files-2.17.so
7f19bb59c000-7f19bb5a6000 r-xp 00000000 08:01 3015513                    /lib/x86_64-linux-gnu/libnss_nis-2.17.so
7f19bb5a6000-7f19bb7a5000 ---p 0000a000 08:01 3015513                    /lib/x86_64-linux-gnu/libnss_nis-2.17.so
7f19bb7a5000-7f19bb7a6000 r--p 00009000 08:01 3015513                    /lib/x86_64-linux-gnu/libnss_nis-2.17.so
7f19bb7a6000-7f19bb7a7000 rw-p 0000a000 08:01 3015513                    /lib/x86_64-linux-gnu/libnss_nis-2.17.so
7f19bb7a7000-7f19bb7bc000 r-xp 00000000 08:01 3015508                    /lib/x86_64-linux-gnu/libnsl-2.17.so
7f19bb7bc000-7f19bb9bb000 ---p 00015000 08:01 3015508                    /lib/x86_64-linux-gnu/libnsl-2.17.so
7f19bb9bb000-7f19bb9bc000 r--p 00014000 08:01 3015508                    /lib/x86_64-linux-gnu/libnsl-2.17.so
7f19bb9bc000-7f19bb9bd000 rw-p 00015000 08:01 3015508                    /lib/x86_64-linux-gnu/libnsl-2.17.so
7f19bb9bd000-7f19bb9bf000 rw-p 00000000 00:00 0 
7f19bb9bf000-7f19bb9c6000 r-xp 00000000 08:01 3015509                    /lib/x86_64-linux-gnu/libnss_compat-2.17.so
7f19bb9c6000-7f19bbbc5000 ---p 00007000 08:01 3015509                    /lib/x86_64-linux-gnu/libnss_compat-2.17.so
7f19bbbc5000-7f19bbbc6000 r--p 00006000 08:01 3015509                    /lib/x86_64-linux-gnu/libnss_compat-2.17.so
7f19bbbc6000-7f19bbbc7000 rw-p 00007000 08:01 3015509                    /lib/x86_64-linux-gnu/libnss_compat-2.17.so
7f19bbbc7000-7f19bbbf0000 r-xp 00000000 08:01 14815391                   /usr/lib/jvm/java-7-oracle/jre/lib/amd64/libjava.so
7f19bbbf0000-7f19bbdf0000 ---p 00029000 08:01 14815391                   /usr/lib/jvm/java-7-oracle/jre/lib/amd64/libjava.so
7f19bbdf0000-7f19bbdf2000 rw-p 00029000 08:01 14815391                   /usr/lib/jvm/java-7-oracle/jre/lib/amd64/libjava.so
7f19bbdf2000-7f19bbdff000 r-xp 00000000 08:01 14815339                   /usr/lib/jvm/java-7-oracle/jre/lib/amd64/libverify.so
7f19bbdff000-7f19bbffe000 ---p 0000d000 08:01 14815339                   /usr/lib/jvm/java-7-oracle/jre/lib/amd64/libverify.so
7f19bbffe000-7f19bc000000 rw-p 0000c000 08:01 14815339                   /usr/lib/jvm/java-7-oracle/jre/lib/amd64/libverify.so
7f19bc000000-7f19bc0a7000 rw-p 00000000 00:00 0 
7f19bc0a7000-7f19c0000000 ---p 00000000 00:00 0 
7f19c0006000-7f19c008a000 rw-p 00000000 00:00 0 
7f19c008a000-7f19c0091000 r-xp 00000000 08:01 3015517                    /lib/x86_64-linux-gnu/librt-2.17.so
7f19c0091000-7f19c0290000 ---p 00007000 08:01 3015517                    /lib/x86_64-linux-gnu/librt-2.17.so
7f19c0290000-7f19c0291000 r--p 00006000 08:01 3015517                    /lib/x86_64-linux-gnu/librt-2.17.so
7f19c0291000-7f19c0292000 rw-p 00007000 08:01 3015517                    /lib/x86_64-linux-gnu/librt-2.17.so
7f19c0292000-7f19c0295000 ---p 00000000 00:00 0 
7f19c0295000-7f1b80293000 rw-p 00000000 00:00 0                          [stack:16972]
7f1b80293000-7f1b8038f000 r-xp 00000000 08:01 3015506                    /lib/x86_64-linux-gnu/libm-2.17.so
7f1b8038f000-7f1b8058f000 ---p 000fc000 08:01 3015506                    /lib/x86_64-linux-gnu/libm-2.17.so
7f1b8058f000-7f1b80590000 r--p 000fc000 08:01 3015506                    /lib/x86_64-linux-gnu/libm-2.17.so
7f1b80590000-7f1b80591000 rw-p 000fd000 08:01 3015506                    /lib/x86_64-linux-gnu/libm-2.17.so
7f1b80591000-7f1b80fd2000 r-xp 00000000 08:01 14815347                   /usr/lib/jvm/java-7-oracle/jre/lib/amd64/server/libjvm.so
7f1b80fd2000-7f1b811d2000 ---p 00a41000 08:01 14815347                   /usr/lib/jvm/java-7-oracle/jre/lib/amd64/server/libjvm.so
7f1b811d2000-7f1b81275000 rw-p 00a41000 08:01 14815347                   /usr/lib/jvm/java-7-oracle/jre/lib/amd64/server/libjvm.so
7f1b81275000-7f1b812b1000 rw-p 00000000 00:00 0 
7f1b812b1000-7f1b81453000 r-xp 00000000 08:01 3015502                    /lib/x86_64-linux-gnu/libc-2.17.so
7f1b81453000-7f1b81653000 ---p 001a2000 08:01 3015502                    /lib/x86_64-linux-gnu/libc-2.17.so
7f1b81653000-7f1b81657000 r--p 001a2000 08:01 3015502                    /lib/x86_64-linux-gnu/libc-2.17.so
7f1b81657000-7f1b81659000 rw-p 001a6000 08:01 3015502                    /lib/x86_64-linux-gnu/libc-2.17.so
7f1b81659000-7f1b8165d000 rw-p 00000000 00:00 0 
7f1b8165d000-7f1b81660000 r-xp 00000000 08:01 3015505                    /lib/x86_64-linux-gnu/libdl-2.17.so
7f1b81660000-7f1b8185f000 ---p 00003000 08:01 3015505                    /lib/x86_64-linux-gnu/libdl-2.17.so
7f1b8185f000-7f1b81860000 r--p 00002000 08:01 3015505                    /lib/x86_64-linux-gnu/libdl-2.17.so
7f1b81860000-7f1b81861000 rw-p 00003000 08:01 3015505                    /lib/x86_64-linux-gnu/libdl-2.17.so
7f1b81861000-7f1b81877000 r-xp 00000000 08:01 14815338                   /usr/lib/jvm/java-7-oracle/jre/lib/amd64/jli/libjli.so
7f1b81877000-7f1b81a77000 ---p 00016000 08:01 14815338                   /usr/lib/jvm/java-7-oracle/jre/lib/amd64/jli/libjli.so
7f1b81a77000-7f1b81a78000 rw-p 00016000 08:01 14815338                   /usr/lib/jvm/java-7-oracle/jre/lib/amd64/jli/libjli.so
7f1b81a78000-7f1b81a8f000 r-xp 00000000 08:01 3015498                    /lib/x86_64-linux-gnu/libpthread-2.17.so
7f1b81a8f000-7f1b81c8e000 ---p 00017000 08:01 3015498                    /lib/x86_64-linux-gnu/libpthread-2.17.so
7f1b81c8e000-7f1b81c8f000 r--p 00016000 08:01 3015498                    /lib/x86_64-linux-gnu/libpthread-2.17.so
7f1b81c8f000-7f1b81c90000 rw-p 00017000 08:01 3015498                    /lib/x86_64-linux-gnu/libpthread-2.17.so
7f1b81c90000-7f1b81c94000 rw-p 00000000 00:00 0 
7f1b81c94000-7f1b81cb5000 r-xp 00000000 08:01 3015499                    /lib/x86_64-linux-gnu/ld-2.17.so
7f1b81cd3000-7f1b81db8000 rw-p 00000000 00:00 0 
7f1b81db8000-7f1b81dd6000 rw-p 00000000 00:00 0 
7f1b81dd6000-7f1b81de0000 rw-p 00000000 00:00 0 
7f1b81de0000-7f1b81e96000 rw-p 00000000 00:00 0 
7f1b81e96000-7f1b81e9a000 rw-p 00000000 00:00 0 
7f1b81ea9000-7f1b81eb1000 rw-s 00000000 08:01 14684455                   /tmp/hsperfdata_anantoni/16967
7f1b81eb1000-7f1b81eb2000 rw-p 00000000 00:00 0 
7f1b81eb2000-7f1b81eb3000 r--p 00000000 00:00 0 
7f1b81eb3000-7f1b81eb5000 rw-p 00000000 00:00 0 
7f1b81eb5000-7f1b81eb6000 r--p 00021000 08:01 3015499                    /lib/x86_64-linux-gnu/ld-2.17.so
7f1b81eb6000-7f1b81eb8000 rw-p 00022000 08:01 3015499                    /lib/x86_64-linux-gnu/ld-2.17.so
7fff95511000-7fff95533000 rw-p 00000000 00:00 0                          [stack]
7fff95554000-7fff95556000 r-xp 00000000 00:00 0                          [vdso]
ffffffffff600000-ffffffffff601000 r-xp 00000000 00:00 0                  [vsyscall]

VM Arguments:
jvm_args: -Dfile.encoding=UTF-8 -Xss7g 
java_command: main.MyPointerAnalysis
Launcher Type: SUN_STANDARD

Environment Variables:
PATH=/usr/local/bin:/usr/bin:/bin:/usr/local/games:/usr/games
USERNAME=anantoni
LD_LIBRARY_PATH=/usr/lib/jvm/java-7-oracle/jre/lib/amd64:/usr/lib/jvm/java-7-oracle/jre/lib/i386:
SHELL=/bin/bash
DISPLAY=:0.0

Signal Handlers:
SIGSEGV: [libjvm.so+0x8a26a0], sa_mask[0]=0x7ffbfeff, sa_flags=0x10000004
SIGBUS: [libjvm.so+0x8a26a0], sa_mask[0]=0x7ffbfeff, sa_flags=0x10000004
SIGFPE: [libjvm.so+0x73f3d0], sa_mask[0]=0x7ffbfeff, sa_flags=0x10000004
SIGPIPE: [libjvm.so+0x73f3d0], sa_mask[0]=0x7ffbfeff, sa_flags=0x10000004
SIGXFSZ: [libjvm.so+0x73f3d0], sa_mask[0]=0x7ffbfeff, sa_flags=0x10000004
SIGILL: [libjvm.so+0x73f3d0], sa_mask[0]=0x7ffbfeff, sa_flags=0x10000004
SIGUSR1: SIG_DFL, sa_mask[0]=0x00000000, sa_flags=0x00000000
SIGUSR2: [libjvm.so+0x73ed20], sa_mask[0]=0x00000004, sa_flags=0x10000004
SIGHUP: SIG_DFL, sa_mask[0]=0x00000000, sa_flags=0x00000000
SIGINT: SIG_IGN, sa_mask[0]=0x00000000, sa_flags=0x00000000
SIGTERM: SIG_DFL, sa_mask[0]=0x00000000, sa_flags=0x00000000
SIGQUIT: SIG_DFL, sa_mask[0]=0x00000000, sa_flags=0x00000000


---------------  S Y S T E M  ---------------

OS:jessie/sid

uname:Linux 3.9-1-amd64 #1 SMP Debian 3.9.8-1 x86_64
libc:glibc 2.17 NPTL 2.17 
rlimit: STACK 8192k, CORE 0k, NPROC 47104, NOFILE 4096, AS infinity
load average:1.06 0.92 0.99

/proc/meminfo:
MemTotal:        6042956 kB
MemFree:         1677912 kB
Buffers:          120116 kB
Cached:          1463172 kB
SwapCached:            0 kB
Active:          3237852 kB
Inactive:         893976 kB
Active(anon):    2549512 kB
Inactive(anon):    92728 kB
Active(file):     688340 kB
Inactive(file):   801248 kB
Unevictable:          16 kB
Mlocked:              16 kB
SwapTotal:      10157052 kB
SwapFree:       10157052 kB
Dirty:               224 kB
Writeback:             0 kB
AnonPages:       2548440 kB
Mapped:           236264 kB
Shmem:             93704 kB
Slab:             149052 kB
SReclaimable:     108516 kB
SUnreclaim:        40536 kB
KernelStack:        4720 kB
PageTables:        35224 kB
NFS_Unstable:          0 kB
Bounce:                0 kB
WritebackTmp:          0 kB
CommitLimit:    13178528 kB
Committed_AS:   13218696 kB
VmallocTotal:   34359738367 kB
VmallocUsed:      410188 kB
VmallocChunk:   34359320648 kB
HardwareCorrupted:     0 kB
AnonHugePages:         0 kB
HugePages_Total:       0
HugePages_Free:        0
HugePages_Rsvd:        0
HugePages_Surp:        0
Hugepagesize:       2048 kB
DirectMap4k:       55872 kB
DirectMap2M:     6148096 kB


CPU:total 8 (4 cores per cpu, 2 threads per core) family 6 model 42 stepping 7, cmov, cx8, fxsr, mmx, sse, sse2, sse3, ssse3, sse4.1, sse4.2, popcnt, avx, ht, tsc, tscinvbit

/proc/cpuinfo:
processor	: 0
vendor_id	: GenuineIntel
cpu family	: 6
model		: 42
model name	: Intel(R) Core(TM) i7-2720QM CPU @ 2.20GHz
stepping	: 7
microcode	: 0x28
cpu MHz		: 800.000
cache size	: 6144 KB
physical id	: 0
siblings	: 8
core id		: 0
cpu cores	: 4
apicid		: 0
initial apicid	: 0
fpu		: yes
fpu_exception	: yes
cpuid level	: 13
wp		: yes
flags		: fpu vme de pse tsc msr pae mce cx8 apic sep mtrr pge mca cmov pat pse36 clflush dts acpi mmx fxsr sse sse2 ss ht tm pbe syscall nx rdtscp lm constant_tsc arch_perfmon pebs bts nopl xtopology nonstop_tsc aperfmperf eagerfpu pni pclmulqdq dtes64 monitor ds_cpl vmx smx est tm2 ssse3 cx16 xtpr pdcm pcid sse4_1 sse4_2 x2apic popcnt tsc_deadline_timer aes xsave avx lahf_lm ida arat epb xsaveopt pln pts dtherm tpr_shadow vnmi flexpriority ept vpid
bogomips	: 4389.96
clflush size	: 64
cache_alignment	: 64
address sizes	: 36 bits physical, 48 bits virtual
power management:

processor	: 1
vendor_id	: GenuineIntel
cpu family	: 6
model		: 42
model name	: Intel(R) Core(TM) i7-2720QM CPU @ 2.20GHz
stepping	: 7
microcode	: 0x28
cpu MHz		: 2201.000
cache size	: 6144 KB
physical id	: 0
siblings	: 8
core id		: 0
cpu cores	: 4
apicid		: 1
initial apicid	: 1
fpu		: yes
fpu_exception	: yes
cpuid level	: 13
wp		: yes
flags		: fpu vme de pse tsc msr pae mce cx8 apic sep mtrr pge mca cmov pat pse36 clflush dts acpi mmx fxsr sse sse2 ss ht tm pbe syscall nx rdtscp lm constant_tsc arch_perfmon pebs bts nopl xtopology nonstop_tsc aperfmperf eagerfpu pni pclmulqdq dtes64 monitor ds_cpl vmx smx est tm2 ssse3 cx16 xtpr pdcm pcid sse4_1 sse4_2 x2apic popcnt tsc_deadline_timer aes xsave avx lahf_lm ida arat epb xsaveopt pln pts dtherm tpr_shadow vnmi flexpriority ept vpid
bogomips	: 4389.96
clflush size	: 64
cache_alignment	: 64
address sizes	: 36 bits physical, 48 bits virtual
power management:

processor	: 2
vendor_id	: GenuineIntel
cpu family	: 6
model		: 42
model name	: Intel(R) Core(TM) i7-2720QM CPU @ 2.20GHz
stepping	: 7
microcode	: 0x28
cpu MHz		: 2201.000
cache size	: 6144 KB
physical id	: 0
siblings	: 8
core id		: 1
cpu cores	: 4
apicid		: 2
initial apicid	: 2
fpu		: yes
fpu_exception	: yes
cpuid level	: 13
wp		: yes
flags		: fpu vme de pse tsc msr pae mce cx8 apic sep mtrr pge mca cmov pat pse36 clflush dts acpi mmx fxsr sse sse2 ss ht tm pbe syscall nx rdtscp lm constant_tsc arch_perfmon pebs bts nopl xtopology nonstop_tsc aperfmperf eagerfpu pni pclmulqdq dtes64 monitor ds_cpl vmx smx est tm2 ssse3 cx16 xtpr pdcm pcid sse4_1 sse4_2 x2apic popcnt tsc_deadline_timer aes xsave avx lahf_lm ida arat epb xsaveopt pln pts dtherm tpr_shadow vnmi flexpriority ept vpid
bogomips	: 4389.96
clflush size	: 64
cache_alignment	: 64
address sizes	: 36 bits physical, 48 bits virtual
power management:

processor	: 3
vendor_id	: GenuineIntel
cpu family	: 6
model		: 42
model name	: Intel(R) Core(TM) i7-2720QM CPU @ 2.20GHz
stepping	: 7
microcode	: 0x28
cpu MHz		: 800.000
cache size	: 6144 KB
physical id	: 0
siblings	: 8
core id		: 1
cpu cores	: 4
apicid		: 3
initial apicid	: 3
fpu		: yes
fpu_exception	: yes
cpuid level	: 13
wp		: yes
flags		: fpu vme de pse tsc msr pae mce cx8 apic sep mtrr pge mca cmov pat pse36 clflush dts acpi mmx fxsr sse sse2 ss ht tm pbe syscall nx rdtscp lm constant_tsc arch_perfmon pebs bts nopl xtopology nonstop_tsc aperfmperf eagerfpu pni pclmulqdq dtes64 monitor ds_cpl vmx smx est tm2 ssse3 cx16 xtpr pdcm pcid sse4_1 sse4_2 x2apic popcnt tsc_deadline_timer aes xsave avx lahf_lm ida arat epb xsaveopt pln pts dtherm tpr_shadow vnmi flexpriority ept vpid
bogomips	: 4389.96
clflush size	: 64
cache_alignment	: 64
address sizes	: 36 bits physical, 48 bits virtual
power management:

processor	: 4
vendor_id	: GenuineIntel
cpu family	: 6
model		: 42
model name	: Intel(R) Core(TM) i7-2720QM CPU @ 2.20GHz
stepping	: 7
microcode	: 0x28
cpu MHz		: 800.000
cache size	: 6144 KB
physical id	: 0
siblings	: 8
core id		: 2
cpu cores	: 4
apicid		: 4
initial apicid	: 4
fpu		: yes
fpu_exception	: yes
cpuid level	: 13
wp		: yes
flags		: fpu vme de pse tsc msr pae mce cx8 apic sep mtrr pge mca cmov pat pse36 clflush dts acpi mmx fxsr sse sse2 ss ht tm pbe syscall nx rdtscp lm constant_tsc arch_perfmon pebs bts nopl xtopology nonstop_tsc aperfmperf eagerfpu pni pclmulqdq dtes64 monitor ds_cpl vmx smx est tm2 ssse3 cx16 xtpr pdcm pcid sse4_1 sse4_2 x2apic popcnt tsc_deadline_timer aes xsave avx lahf_lm ida arat epb xsaveopt pln pts dtherm tpr_shadow vnmi flexpriority ept vpid
bogomips	: 4389.96
clflush size	: 64
cache_alignment	: 64
address sizes	: 36 bits physical, 48 bits virtual
power management:

processor	: 5
vendor_id	: GenuineIntel
cpu family	: 6
model		: 42
model name	: Intel(R) Core(TM) i7-2720QM CPU @ 2.20GHz
stepping	: 7
microcode	: 0x28
cpu MHz		: 800.000
cache size	: 6144 KB
physical id	: 0
siblings	: 8
core id		: 2
cpu cores	: 4
apicid		: 5
initial apicid	: 5
fpu		: yes
fpu_exception	: yes
cpuid level	: 13
wp		: yes
flags		: fpu vme de pse tsc msr pae mce cx8 apic sep mtrr pge mca cmov pat pse36 clflush dts acpi mmx fxsr sse sse2 ss ht tm pbe syscall nx rdtscp lm constant_tsc arch_perfmon pebs bts nopl xtopology nonstop_tsc aperfmperf eagerfpu pni pclmulqdq dtes64 monitor ds_cpl vmx smx est tm2 ssse3 cx16 xtpr pdcm pcid sse4_1 sse4_2 x2apic popcnt tsc_deadline_timer aes xsave avx lahf_lm ida arat epb xsaveopt pln pts dtherm tpr_shadow vnmi flexpriority ept vpid
bogomips	: 4389.96
clflush size	: 64
cache_alignment	: 64
address sizes	: 36 bits physical, 48 bits virtual
power management:

processor	: 6
vendor_id	: GenuineIntel
cpu family	: 6
model		: 42
model name	: Intel(R) Core(TM) i7-2720QM CPU @ 2.20GHz
stepping	: 7
microcode	: 0x28
cpu MHz		: 2201.000
cache size	: 6144 KB
physical id	: 0
siblings	: 8
core id		: 3
cpu cores	: 4
apicid		: 6
initial apicid	: 6
fpu		: yes
fpu_exception	: yes
cpuid level	: 13
wp		: yes
flags		: fpu vme de pse tsc msr pae mce cx8 apic sep mtrr pge mca cmov pat pse36 clflush dts acpi mmx fxsr sse sse2 ss ht tm pbe syscall nx rdtscp lm constant_tsc arch_perfmon pebs bts nopl xtopology nonstop_tsc aperfmperf eagerfpu pni pclmulqdq dtes64 monitor ds_cpl vmx smx est tm2 ssse3 cx16 xtpr pdcm pcid sse4_1 sse4_2 x2apic popcnt tsc_deadline_timer aes xsave avx lahf_lm ida arat epb xsaveopt pln pts dtherm tpr_shadow vnmi flexpriority ept vpid
bogomips	: 4389.96
clflush size	: 64
cache_alignment	: 64
address sizes	: 36 bits physical, 48 bits virtual
power management:

processor	: 7
vendor_id	: GenuineIntel
cpu family	: 6
model		: 42
model name	: Intel(R) Core(TM) i7-2720QM CPU @ 2.20GHz
stepping	: 7
microcode	: 0x28
cpu MHz		: 800.000
cache size	: 6144 KB
physical id	: 0
siblings	: 8
core id		: 3
cpu cores	: 4
apicid		: 7
initial apicid	: 7
fpu		: yes
fpu_exception	: yes
cpuid level	: 13
wp		: yes
flags		: fpu vme de pse tsc msr pae mce cx8 apic sep mtrr pge mca cmov pat pse36 clflush dts acpi mmx fxsr sse sse2 ss ht tm pbe syscall nx rdtscp lm constant_tsc arch_perfmon pebs bts nopl xtopology nonstop_tsc aperfmperf eagerfpu pni pclmulqdq dtes64 monitor ds_cpl vmx smx est tm2 ssse3 cx16 xtpr pdcm pcid sse4_1 sse4_2 x2apic popcnt tsc_deadline_timer aes xsave avx lahf_lm ida arat epb xsaveopt pln pts dtherm tpr_shadow vnmi flexpriority ept vpid
bogomips	: 4389.96
clflush size	: 64
cache_alignment	: 64
address sizes	: 36 bits physical, 48 bits virtual
power management:



Memory: 4k page, physical 6042956k(1677664k free), swap 10157052k(10157052k free)

vm_info: Java HotSpot(TM) 64-Bit Server VM (23.25-b01) for linux-amd64 JRE (1.7.0_25-b15), built on Jun  5 2013 20:48:36 by "java_re" with gcc 4.3.0 20080428 (Red Hat 4.3.0-8)

time: Fri Aug  2 19:04:21 2013
elapsed time: 0 seconds

