#
# A fatal error has been detected by the Java Runtime Environment:
#
#  SIGSEGV (0xb) at pc=0x00007fb1b821b73e, pid=5822, tid=140401372391168
#
# JRE version: Java(TM) SE Runtime Environment (7.0_45-b18) (build 1.7.0_45-b18)
# Java VM: Java HotSpot(TM) 64-Bit Server VM (24.45-b08 mixed mode linux-amd64 compressed oops)
# Problematic frame:
# J  inputfactsconverter.InstructionsFactsConverter.parseLogicBloxFactsFile()V
#
# Failed to write core dump. Core dumps have been disabled. To enable core dumping, try "ulimit -c unlimited" before starting Java again
#
# If you would like to submit a bug report, please visit:
#   http://bugreport.sun.com/bugreport/crash.jsp
#

---------------  T H R E A D  ---------------

Current thread (0x000000000084b800):  JavaThread "main" [_thread_in_Java, id=5826, stack(0x00007fb1bddd6000,0x00007fb1bded7000)]

siginfo:si_signo=SIGSEGV: si_errno=0, si_code=2 (SEGV_ACCERR), si_addr=0x00007fa732f7f0bc

Registers:
RAX=0x00007faf32f7f098, RBX=0x0000000000000058, RCX=0x0000000000000055, RDX=0x0000000000000000
RSP=0x00007fb1bded57b0, RBP=0x00000000e0ab71dd, RSI=0x00007faf32f7f160, RDI=0x00007faf32e61c80
R8 =0x0000000000000016, R9 =0x0000000000000055, R10=0x00000000e0ab71e0, R11=0x00007fae38537ee8
R12=0x00007fa732f7f000, R13=0x00007faf32e61bd0, R14=0x00007fb1bded57a8, R15=0x000000000084b800
RIP=0x00007fb1b821b73e, EFLAGS=0x0000000000010287, CSGSFS=0x0000000000000033, ERR=0x0000000000000004
  TRAPNO=0x000000000000000e

Top of Stack: (sp=0x00007fb1bded57b0)
0x00007fb1bded57b0:   00007faf32e61f40 00007fae382ec390
0x00007fb1bded57c0:   0000b72ee0a6dac6 00007fae3ab277f8
0x00007fb1bded57d0:   00007faf32e62000 00007fae38537f88
0x00007fb1bded57e0:   00007fae382d85d0 00007fae3b702c50
0x00007fb1bded57f0:   0000000000000001 00007fae3b702b58
0x00007fb1bded5800:   00007fb1bded5860 00007fb1b81a3058
0x00007fb1bded5810:   00007fae382ec390 00007fae382ec390
0x00007fb1bded5820:   00007fb1bded5820 00007fa7332a2bf9
0x00007fb1bded5830:   00007fb1bded58f8 00007fa7332a3248
0x00007fb1bded5840:   0000000000000000 00007fa7332a2fa0
0x00007fb1bded5850:   00007fb1bded5818 00007fb1bded58f8
0x00007fb1bded5860:   00007fb1bded5948 00007fb1b81a3058
0x00007fb1bded5870:   0000000000000000 0000000000000000
0x00007fb1bded5880:   0000000000000000 0000000000000000
0x00007fb1bded5890:   0000000000000000 0000000000000000
0x00007fb1bded58a0:   0000000000000000 0000000000000000
0x00007fb1bded58b0:   0000000000000000 0000000000000000
0x00007fb1bded58c0:   0000000000000000 0000000000000000
0x00007fb1bded58d0:   0000000000000000 0000000000000000
0x00007fb1bded58e0:   0000000000000000 00007fae382ec390
0x00007fb1bded58f0:   00007fae382d85d0 00007fae382d1ff8
0x00007fb1bded5900:   00007fae382d1ff8 00007fb1bded5908
0x00007fb1bded5910:   00007fa7331f6a1d 00007fb1bded59a8
0x00007fb1bded5920:   00007fa7331f94f8 0000000000000000
0x00007fb1bded5930:   00007fa7331f6d90 00007fb1bded58f8
0x00007fb1bded5940:   00007fb1bded59a8 00007fb1bded5a10
0x00007fb1bded5950:   00007fb1b819d4e7 0000000000000000
0x00007fb1bded5960:   0000000000000000 0000000000000000
0x00007fb1bded5970:   0000000000000000 0000000000000000
0x00007fb1bded5980:   0000000000000000 0000000000000000
0x00007fb1bded5990:   0000000000000000 0000000000000000
0x00007fb1bded59a0:   0000000000000000 00007fae382c7898 

Instructions: (pc=0x00007fb1b821b73e)
0x00007fb1b821b71e:   00 00 66 66 90 e8 18 69 ff ff 45 8b 54 ec 0c 4d
0x00007fb1b821b72e:   8d 1c ec 4c 3b d8 0f 84 2f fc ff ff 44 8b 40 0c
0x00007fb1b821b73e:   47 8b 5c c4 0c 43 8b 4c d4 0c 41 3b cb 0f 85 0f
0x00007fb1b821b74e:   ff ff ff 4f 8d 1c c4 4b 8d 74 c4 10 4f 8d 1c d4 

Register to memory mapping:

RAX=0x00007faf32f7f098 is an oop
java.lang.String 
 - klass: 'java/lang/String'
RBX=0x0000000000000058 is an unknown value
RCX=0x0000000000000055 is an unknown value
RDX=0x0000000000000000 is an unknown value
RSP=0x00007fb1bded57b0 is pointing into the stack for thread: 0x000000000084b800
RBP=0x00000000e0ab71dd is an unknown value
RSI=0x00007faf32f7f160 is an unknown value
RDI=0x00007faf32e61c80 is an unknown value
R8 =0x0000000000000016 is an unknown value
R9 =0x0000000000000055 is an unknown value
R10=0x00000000e0ab71e0 is an unknown value
R11=0x00007fae38537ee8 is an oop
java.lang.String 
 - klass: 'java/lang/String'
R12=0x00007fa732f7f000 is an unknown value
R13=0x00007faf32e61bd0 is an oop
[C 
 - klass: {type array char}
 - length: 88
R14=0x00007fb1bded57a8 is pointing into the stack for thread: 0x000000000084b800
R15=0x000000000084b800 is a thread


Stack: [0x00007fb1bddd6000,0x00007fb1bded7000],  sp=0x00007fb1bded57b0,  free space=1021k
Native frames: (J=compiled Java code, j=interpreted, Vv=VM code, C=native code)
J  inputfactsconverter.InstructionsFactsConverter.parseLogicBloxFactsFile()V


---------------  P R O C E S S  ---------------

Java Threads: ( => current thread )
  0x00007fa724072800 JavaThread "Service Thread" daemon [_thread_blocked, id=5843, stack(0x00007fa6c9014000,0x00007fa6c9115000)]
  0x00007fa72406f800 JavaThread "C2 CompilerThread1" daemon [_thread_blocked, id=5842, stack(0x00007fa6c9115000,0x00007fa6c9216000)]
  0x00007fa72406c800 JavaThread "C2 CompilerThread0" daemon [_thread_blocked, id=5841, stack(0x00007fa6c9216000,0x00007fa6c9317000)]
  0x00007fa724062800 JavaThread "Signal Dispatcher" daemon [_thread_blocked, id=5840, stack(0x00007fa6c9317000,0x00007fa6c9418000)]
  0x00007fa72404b800 JavaThread "Finalizer" daemon [_thread_blocked, id=5839, stack(0x00007fa6c958f000,0x00007fa6c9690000)]
  0x00007fa724047800 JavaThread "Reference Handler" daemon [_thread_blocked, id=5838, stack(0x00007fa6c9690000,0x00007fa6c9791000)]
=>0x000000000084b800 JavaThread "main" [_thread_in_Java, id=5826, stack(0x00007fb1bddd6000,0x00007fb1bded7000)]

Other Threads:
  0x00007fa724045000 VMThread [stack: 0x00007fa6c9791000,0x00007fa6c9892000] [id=5837]
  0x00007fa72407d000 WatcherThread [stack: 0x00007fa6c8f13000,0x00007fa6c9014000] [id=5844]

VM state:not at safepoint (normal execution)

VM Mutex/Monitor currently owned by a thread: None

Heap
 PSYoungGen      total 12845056K, used 4183821K [0x00007fae38180000, 0x00007fb1b8180000, 0x00007fb1b8180000)
  eden space 11010048K, 38% used [0x00007fae38180000,0x00007faf377434b8,0x00007fb0d8180000)
  from space 1835008K, 0% used [0x00007fb148180000,0x00007fb148180000,0x00007fb1b8180000)
  to   space 1835008K, 0% used [0x00007fb0d8180000,0x00007fb0d8180000,0x00007fb148180000)
 ParOldGen       total 29360128K, used 0K [0x00007fa738180000, 0x00007fae38180000, 0x00007fae38180000)
  object space 29360128K, 0% used [0x00007fa738180000,0x00007fa738180000,0x00007fae38180000)
 PSPermGen       total 21504K, used 3297K [0x00007fa732f80000, 0x00007fa734480000, 0x00007fa738180000)
  object space 21504K, 15% used [0x00007fa732f80000,0x00007fa7332b8568,0x00007fa734480000)

Card table byte_map: [0x00007fa72dad6000,0x00007fa732f00000] byte_map_base: 0x00007f675a13e400

Polling page: 0x00007fb1bdef5000

Code Cache  [0x00007fb1b819d000, 0x00007fb1b840d000, 0x00007fb1bb19d000)
 total_blobs=276 nmethods=83 adapters=146 free_code_cache=48586Kb largest_free_block=49732800

Compilation events (10 events):
Event: 13.453 Thread 0x00007fa72406f800   79             java.util.regex.Pattern$CharProperty::<init> (5 bytes)
Event: 13.453 Thread 0x00007fa72406c800   80             java.util.regex.Pattern$CharProperty::<init> (5 bytes)
Event: 13.453 Thread 0x00007fa72406c800 nmethod 80 0x00007fb1b821f010 code [0x00007fb1b821f140, 0x00007fb1b821f1b8]
Event: 13.454 Thread 0x00007fa72406f800 nmethod 79 0x00007fb1b8223810 code [0x00007fb1b8223940, 0x00007fb1b82239b8]
Event: 13.585 Thread 0x00007fa72406c800   81             java.util.regex.Pattern$Curly::study (153 bytes)
Event: 13.585 Thread 0x00007fa72406f800   82             java.util.regex.Pattern::skip (23 bytes)
Event: 13.585 Thread 0x00007fa72406f800 nmethod 82 0x00007fb1b8223550 code [0x00007fb1b82236a0, 0x00007fb1b8223778]
Event: 13.585 Thread 0x00007fa72406f800   83             java.util.regex.Pattern::escape (1040 bytes)
Event: 13.586 Thread 0x00007fa72406c800 nmethod 81 0x00007fb1b8220210 code [0x00007fb1b8220380, 0x00007fb1b82205d8]
Event: 13.592 Thread 0x00007fa72406f800 nmethod 83 0x00007fb1b822d610 code [0x00007fb1b822dc20, 0x00007fb1b822e760]

GC Heap History (0 events):
No events

Deoptimization events (5 events):
Event: 0.123 Thread 0x000000000084b800 Uncommon trap: reason=unreached action=reinterpret pc=0x00007fb1b82096b0 method=java.io.BufferedReader.readLine(Z)Ljava/lang/String; @ 192
Event: 0.163 Thread 0x000000000084b800 Uncommon trap: reason=unreached action=reinterpret pc=0x00007fb1b8203990 method=inputfactsconverter.InstructionsFactsConverter.parseLogicBloxFactsFile()V @ 25
Event: 0.163 Thread 0x000000000084b800 Uncommon trap: reason=unreached action=reinterpret pc=0x00007fb1b8201f0c method=java.util.ArrayList.ensureCapacityInternal(I)V @ 7
Event: 12.625 Thread 0x000000000084b800 Uncommon trap: reason=unreached action=reinterpret pc=0x00007fb1b821350c method=inputfactsconverter.InstructionsFactsConverter.parseLogicBloxFactsFile()V @ 163
Event: 12.626 Thread 0x000000000084b800 Uncommon trap: reason=unreached action=reinterpret pc=0x00007fb1b8204898 method=java.util.ArrayList.ensureCapacityInternal(I)V @ 7

Internal exceptions (10 events):
Event: 0.105 Thread 0x000000000084b800 Threw 0x00007fae382b9c68 at /HUDSON/workspace/7u-2-build-linux-amd64/jdk7u45/229/hotspot/src/share/vm/prims/jvm.cpp:1244
Event: 0.105 Thread 0x000000000084b800 Threw 0x00007fae382b9d90 at /HUDSON/workspace/7u-2-build-linux-amd64/jdk7u45/229/hotspot/src/share/vm/prims/jvm.cpp:1244
Event: 0.110 Thread 0x000000000084b800 Threw 0x00007fae382c87c0 at /HUDSON/workspace/7u-2-build-linux-amd64/jdk7u45/229/hotspot/src/share/vm/prims/jvm.cpp:1244
Event: 0.110 Thread 0x000000000084b800 Threw 0x00007fae382d24a8 at /HUDSON/workspace/7u-2-build-linux-amd64/jdk7u45/229/hotspot/src/share/vm/prims/jvm.cpp:1244
Event: 0.110 Thread 0x000000000084b800 Threw 0x00007fae382d8af8 at /HUDSON/workspace/7u-2-build-linux-amd64/jdk7u45/229/hotspot/src/share/vm/prims/jvm.cpp:1244
Event: 0.111 Thread 0x000000000084b800 Threw 0x00007fae382e5700 at /HUDSON/workspace/7u-2-build-linux-amd64/jdk7u45/229/hotspot/src/share/vm/prims/jvm.cpp:1244
Event: 0.112 Thread 0x000000000084b800 Threw 0x00007fae382f3098 at /HUDSON/workspace/7u-2-build-linux-amd64/jdk7u45/229/hotspot/src/share/vm/prims/jvm.cpp:1244
Event: 0.163 Thread 0x000000000084b800 Threw 0x00007fae396ac418 at /HUDSON/workspace/7u-2-build-linux-amd64/jdk7u45/229/hotspot/src/share/vm/prims/jvm.cpp:1244
Event: 12.625 Thread 0x000000000084b800 Threw 0x00007fae3ab2eec8 at /HUDSON/workspace/7u-2-build-linux-amd64/jdk7u45/229/hotspot/src/share/vm/prims/jvm.cpp:1244
Event: 14.111 Thread 0x000000000084b800 Implicit null exception at 0x00007fb1b821b73e to 0x0000000000000000

Events (10 events):
Event: 12.625 loading class 0x000000000084e7c0 done
Event: 12.625 loading class 0x000000000084e3a0
Event: 12.625 loading class 0x000000000084e3a0 done
Event: 12.625 loading class 0x000000000084de80
Event: 12.625 loading class 0x000000000084de80 done
Event: 12.625 loading class 0x00007fa7242dfcb0
Event: 12.625 loading class 0x00007fa7242dfcb0 done
Event: 12.626 Thread 0x000000000084b800 Uncommon trap: trap_request=0xffffffad fr.pc=0x00007fb1b8204898
Event: 12.626 Thread 0x000000000084b800 DEOPT PACKING pc=0x00007fb1b8204898 sp=0x00007fb1bded56c0
Event: 12.626 Thread 0x000000000084b800 DEOPT UNPACKING pc=0x00007fb1b81d6445 sp=0x00007fb1bded5680 mode 2


Dynamic libraries:
00400000-00401000 r-xp 00000000 08:04 278121                             /usr/lib/jvm/java-7-oracle/bin/java
00600000-00601000 rw-p 00000000 08:04 278121                             /usr/lib/jvm/java-7-oracle/bin/java
0083d000-00ad3000 rw-p 00000000 00:00 0                                  [heap]
7fa6c8c18000-7fa6c8c19000 r--s 00001000 08:04 1706264                    /home/anantoni/datomic-free-0.8.4260/lib/tools.trace-0.7.3.jar
7fa6c8c19000-7fa6c8c1a000 r--s 00000000 08:04 1706777                    /home/anantoni/datomic-free-0.8.4260/lib/tools.namespace-0.1.0.jar
7fa6c8c1a000-7fa6c8c1b000 r--s 00001000 08:04 1707457                    /home/anantoni/datomic-free-0.8.4260/lib/tools.logging-0.2.3.jar
7fa6c8c1b000-7fa6c8c1c000 r--s 00000000 08:04 1707445                    /home/anantoni/datomic-free-0.8.4260/lib/tools.cli-0.2.2.jar
7fa6c8c1c000-7fa6c8c1e000 r--s 00008000 08:04 1707460                    /home/anantoni/datomic-free-0.8.4260/lib/tomcat-juli-7.0.27.jar
7fa6c8c1e000-7fa6c8c20000 r--s 0001c000 08:04 1707448                    /home/anantoni/datomic-free-0.8.4260/lib/tomcat-jdbc-7.0.27.jar
7fa6c8c20000-7fa6c8c21000 r--s 00015000 08:04 1707451                    /home/anantoni/datomic-free-0.8.4260/lib/tagsoup-1.2.jar
7fa6c8c21000-7fa6c8c23000 r--s 00005000 08:04 1707434                    /home/anantoni/datomic-free-0.8.4260/lib/slf4j-api-1.7.5.jar
7fa6c8c23000-7fa6c8c24000 r--s 00000000 08:04 1706177                    /home/anantoni/datomic-free-0.8.4260/lib/ring-servlet-1.1.1.jar
7fa6c8c24000-7fa6c8c25000 r--s 00000000 08:04 1706205                    /home/anantoni/datomic-free-0.8.4260/lib/ring-jetty-adapter-1.1.1.jar
7fa6c8c25000-7fa6c8c26000 r--s 00001000 08:04 1706201                    /home/anantoni/datomic-free-0.8.4260/lib/ring-devel-1.1.1.jar
7fa6c8c26000-7fa6c8c28000 r--s 00004000 08:04 1706245                    /home/anantoni/datomic-free-0.8.4260/lib/ring-core-1.1.1.jar
7fa6c8c28000-7fa6c8c29000 r--s 00000000 08:04 1707455                    /home/anantoni/datomic-free-0.8.4260/lib/ring-1.1.1.jar
7fa6c8c29000-7fa6c8c35000 r--s 00100000 08:04 1706199                    /home/anantoni/datomic-free-0.8.4260/lib/rhino-1.7R3.jar
7fa6c8c35000-7fa6c8c3b000 r--s 00068000 08:04 1706188                    /home/anantoni/datomic-free-0.8.4260/lib/protobuf-java-2.4.1.jar
7fa6c8c3b000-7fa6c8c3c000 r--s 00000000 08:04 1707453                    /home/anantoni/datomic-free-0.8.4260/lib/ns-tracker-0.1.1.jar
7fa6c8c3c000-7fa6c8c54000 r--s 0010f000 08:04 1707079                    /home/anantoni/datomic-free-0.8.4260/lib/netty-3.6.6.Final.jar
7fa6c8c54000-7fa6c8c55000 r--s 00001000 08:04 1707442                    /home/anantoni/datomic-free-0.8.4260/lib/moustache-1.1.0.jar
7fa6c8c55000-7fa6c8c6c000 r--s 0012c000 08:04 1706221                    /home/anantoni/datomic-free-0.8.4260/lib/lucene-core-3.3.0.jar
7fa6c8c6c000-7fa6c8c76000 r--s 0005d000 08:04 1707454                    /home/anantoni/datomic-free-0.8.4260/lib/logback-core-1.0.13.jar
7fa6c8c76000-7fa6c8c7c000 r--s 0003b000 08:04 1707459                    /home/anantoni/datomic-free-0.8.4260/lib/logback-classic-1.0.13.jar
7fa6c8c7c000-7fa6c8c7e000 r--s 00004000 08:04 1706218                    /home/anantoni/datomic-free-0.8.4260/lib/log4j-over-slf4j-1.7.5.jar
7fa6c8c7e000-7fa6c8c7f000 r--s 00004000 08:04 1706216                    /home/anantoni/datomic-free-0.8.4260/lib/liberator-0.5.0.jar
7fa6c8c7f000-7fa6c8c85000 r--s 00034000 08:04 1706241                    /home/anantoni/datomic-free-0.8.4260/lib/junit-4.8.2.jar
7fa6c8c85000-7fa6c8c86000 r--s 00001000 08:04 1707450                    /home/anantoni/datomic-free-0.8.4260/lib/jul-to-slf4j-1.7.5.jar
7fa6c8c86000-7fa6c8c89000 r--s 00006000 08:04 1706248                    /home/anantoni/datomic-free-0.8.4260/lib/jsr305-1.3.9.jar
7fa6c8c89000-7fa6c8c8b000 r--s 0000a000 08:04 1706187                    /home/anantoni/datomic-free-0.8.4260/lib/json-20090211.jar
7fa6c8c8b000-7fa6c8c9a000 r--s 0007c000 08:04 1706252                    /home/anantoni/datomic-free-0.8.4260/lib/joda-time-2.0.jar
7fa6c8c9a000-7fa6c8c9c000 r--s 00015000 08:04 1707449                    /home/anantoni/datomic-free-0.8.4260/lib/jline-win-1.0.jar
7fa6c8c9c000-7fa6c8c9d000 r--s 0000d000 08:04 1707426                    /home/anantoni/datomic-free-0.8.4260/lib/jline-0.9.9.jar
7fa6c8c9d000-7fa6c8ca2000 r--s 00041000 08:04 1706258                    /home/anantoni/datomic-free-0.8.4260/lib/jetty-util-8.1.11.v20130520.jar
7fa6c8ca2000-7fa6c8ca4000 r--s 00017000 08:04 1706243                    /home/anantoni/datomic-free-0.8.4260/lib/jetty-servlet-8.1.11.v20130520.jar
7fa6c8ca4000-7fa6c8caa000 r--s 00051000 08:04 1707456                    /home/anantoni/datomic-free-0.8.4260/lib/jetty-server-8.1.11.v20130520.jar
7fa6c8caa000-7fa6c8cac000 r--s 00014000 08:04 1706238                    /home/anantoni/datomic-free-0.8.4260/lib/jetty-security-8.1.11.v20130520.jar
7fa6c8cac000-7fa6c8caf000 r--s 00017000 08:04 1706736                    /home/anantoni/datomic-free-0.8.4260/lib/jetty-io-8.1.11.v20130520.jar
7fa6c8caf000-7fa6c8cb1000 r--s 00016000 08:04 1706237                    /home/anantoni/datomic-free-0.8.4260/lib/jetty-http-8.1.11.v20130520.jar
7fa6c8cb1000-7fa6c8cb3000 r--s 00004000 08:04 1707428                    /home/anantoni/datomic-free-0.8.4260/lib/jetty-continuation-8.1.11.v20130520.jar
7fa6c8cb3000-7fa6c8cb5000 r--s 00003000 08:04 1706206                    /home/anantoni/datomic-free-0.8.4260/lib/jcl-over-slf4j-1.7.5.jar
7fa6c8cb5000-7fa6c8cb8000 r--s 0002e000 08:04 1706222                    /home/anantoni/datomic-free-0.8.4260/lib/javax.servlet-3.0.0.v201112011016.jar
7fa6c8cb8000-7fa6c8cb9000 r--s 00000000 08:04 1707439                    /home/anantoni/datomic-free-0.8.4260/lib/java.classpath-0.1.0.jar
7fa6c8cb9000-7fa6c8cbc000 r--s 00019000 08:04 1706176                    /home/anantoni/datomic-free-0.8.4260/lib/jarjar-1.1.jar
7fa6c8cbc000-7fa6c8cc9000 r--s 00097000 08:04 1707443                    /home/anantoni/datomic-free-0.8.4260/lib/jackson-mapper-asl-1.8.9.jar
7fa6c8cc9000-7fa6c8ccd000 r--s 00034000 08:04 1706260                    /home/anantoni/datomic-free-0.8.4260/lib/jackson-core-asl-1.8.9.jar
7fa6c8ccd000-7fa6c8ce7000 r--s 00158000 08:04 1706254                    /home/anantoni/datomic-free-0.8.4260/lib/hornetq-core-2.2.21.Final.jar
7fa6c8ce7000-7fa6c8ce8000 r--s 00002000 08:04 1706212                    /home/anantoni/datomic-free-0.8.4260/lib/hiccup-1.0.1.jar
7fa6c8ce8000-7fa6c8cf4000 r--s 0016b000 08:04 1707444                    /home/anantoni/datomic-free-0.8.4260/lib/h2-1.3.171.jar
7fa6c8cf4000-7fa6c8d1d000 r--s 001ee000 08:04 1707433                    /home/anantoni/datomic-free-0.8.4260/lib/guava-14.0.1.jar
7fa6c8d1d000-7fa6c8d3c000 r--s 003bf000 08:04 1706190                    /home/anantoni/datomic-free-0.8.4260/lib/google-closure-library-0.0-1376.jar
7fa6c8d3c000-7fa6c8d3e000 r--s 0000f000 08:04 1707461                    /home/anantoni/datomic-free-0.8.4260/lib/fressian-0.6.3.jar
7fa6c8d3e000-7fa6c8d3f000 r--s 00004000 08:04 1706255                    /home/anantoni/datomic-free-0.8.4260/lib/enlive-1.0.1.jar
7fa6c8d3f000-7fa6c8d40000 r--s 00001000 08:04 1707440                    /home/anantoni/datomic-free-0.8.4260/lib/data.json-0.1.2.jar
7fa6c8d40000-7fa6c8d41000 r--s 00000000 08:04 1707437                    /home/anantoni/datomic-free-0.8.4260/lib/data.csv-0.1.2.jar
7fa6c8d41000-7fa6c8d44000 r--s 00025000 08:04 1706253                    /home/anantoni/datomic-free-0.8.4260/lib/commons-io-2.1.jar
7fa6c8d44000-7fa6c8d47000 r--s 0000c000 08:04 1707446                    /home/anantoni/datomic-free-0.8.4260/lib/commons-fileupload-1.2.1.jar
7fa6c8d47000-7fa6c8d49000 r--s 00009000 08:04 1707441                    /home/anantoni/datomic-free-0.8.4260/lib/commons-compiler-jdk-2.6.1.jar
7fa6c8d49000-7fa6c8d4b000 r--s 00006000 08:04 1707452                    /home/anantoni/datomic-free-0.8.4260/lib/commons-compiler-2.6.1.jar
7fa6c8d4b000-7fa6c8d4d000 r--s 0000a000 08:04 1706200                    /home/anantoni/datomic-free-0.8.4260/lib/commons-codec-1.3.jar
7fa6c8d4d000-7fa6c8d7e000 r--s 00304000 08:04 1706196                    /home/anantoni/datomic-free-0.8.4260/lib/closure-compiler-r1918.jar
7fa6c8d7e000-7fa6c8d7f000 r--s 0001b000 08:04 1706247                    /home/anantoni/datomic-free-0.8.4260/lib/clojurescript-0.0-1236.jar
7fa6c8d7f000-7fa6c8dbe000 r--s 0032d000 08:04 1707438                    /home/anantoni/datomic-free-0.8.4260/lib/clojure-1.5.1.jar
7fa6c8dbe000-7fa6c8dbf000 r--s 00001000 08:04 1706242                    /home/anantoni/datomic-free-0.8.4260/lib/clj-time-0.3.7.jar
7fa6c8dbf000-7fa6c8dc0000 r--s 00001000 08:04 1706220                    /home/anantoni/datomic-free-0.8.4260/lib/clj-stacktrace-0.2.4.jar
7fa6c8dc0000-7fa6c8dc5000 r--s 00058000 08:04 1707447                    /home/anantoni/datomic-free-0.8.4260/lib/bsh-2.1b5.jar
7fa6c8dc5000-7fa6c8eae000 r--s 0090a000 08:04 1706180                    /home/anantoni/datomic-free-0.8.4260/lib/aws-java-sdk-1.5.5.jar
7fa6c8eae000-7fa6c8eb0000 r--s 0000a000 08:04 1706213                    /home/anantoni/datomic-free-0.8.4260/lib/args4j-2.0.12.jar
7fa6c8eb0000-7fa6c8ef3000 r--s 0036f000 08:04 1706136                    /home/anantoni/datomic-free-0.8.4260/datomic-free-transactor-0.8.4260.jar
7fa6c8ef3000-7fa6c8ef5000 r--s 00002000 08:04 1707257                    /home/anantoni/datomic-free-0.8.4260/lib/ant-launcher-1.8.2.jar
7fa6c8ef5000-7fa6c8f13000 r--s 001bb000 08:04 1706202                    /home/anantoni/datomic-free-0.8.4260/lib/ant-1.8.2.jar
7fa6c8f13000-7fa6c8f14000 ---p 00000000 00:00 0 
7fa6c8f14000-7fa6c9014000 rw-p 00000000 00:00 0 
7fa6c9014000-7fa6c9017000 ---p 00000000 00:00 0 
7fa6c9017000-7fa6c9115000 rw-p 00000000 00:00 0 
7fa6c9115000-7fa6c9118000 ---p 00000000 00:00 0 
7fa6c9118000-7fa6c9216000 rw-p 00000000 00:00 0 
7fa6c9216000-7fa6c9219000 ---p 00000000 00:00 0 
7fa6c9219000-7fa6c9317000 rw-p 00000000 00:00 0 
7fa6c9317000-7fa6c931a000 ---p 00000000 00:00 0 
7fa6c931a000-7fa6c9418000 rw-p 00000000 00:00 0 
7fa6c9418000-7fa6c958f000 r--p 00000000 08:04 3545383                    /usr/lib/locale/locale-archive
7fa6c958f000-7fa6c9592000 ---p 00000000 00:00 0 
7fa6c9592000-7fa6c9690000 rw-p 00000000 00:00 0 
7fa6c9690000-7fa6c9693000 ---p 00000000 00:00 0 
7fa6c9693000-7fa6c9791000 rw-p 00000000 00:00 0 
7fa6c9791000-7fa6c9792000 ---p 00000000 00:00 0 
7fa6c9792000-7fa724000000 rw-p 00000000 00:00 0 
7fa724000000-7fa724503000 rw-p 00000000 00:00 0 
7fa724503000-7fa728000000 ---p 00000000 00:00 0 
7fa728082000-7fa7292a4000 rw-p 00000000 00:00 0 
7fa7292a4000-7fa729460000 r--s 039b2000 08:04 277934                     /usr/lib/jvm/java-7-oracle/jre/lib/rt.jar
7fa729460000-7fa7298a3000 rw-p 00000000 00:00 0 
7fa7298a3000-7fa7298a4000 ---p 00000000 00:00 0 
7fa7298a4000-7fa7299a4000 rw-p 00000000 00:00 0 
7fa7299a4000-7fa7299a5000 ---p 00000000 00:00 0 
7fa7299a5000-7fa729aa5000 rw-p 00000000 00:00 0 
7fa729aa5000-7fa729aa6000 ---p 00000000 00:00 0 
7fa729aa6000-7fa729ba6000 rw-p 00000000 00:00 0 
7fa729ba6000-7fa729ba7000 ---p 00000000 00:00 0 
7fa729ba7000-7fa729ca7000 rw-p 00000000 00:00 0 
7fa729ca7000-7fa729ca8000 ---p 00000000 00:00 0 
7fa729ca8000-7fa729da8000 rw-p 00000000 00:00 0 
7fa729da8000-7fa729da9000 ---p 00000000 00:00 0 
7fa729da9000-7fa729ea9000 rw-p 00000000 00:00 0 
7fa729ea9000-7fa729eaa000 ---p 00000000 00:00 0 
7fa729eaa000-7fa729faa000 rw-p 00000000 00:00 0 
7fa729faa000-7fa729fab000 ---p 00000000 00:00 0 
7fa729fab000-7fa72a0ab000 rw-p 00000000 00:00 0 
7fa72a0ab000-7fa72a0ac000 ---p 00000000 00:00 0 
7fa72a0ac000-7fa72a1ac000 rw-p 00000000 00:00 0 
7fa72a1ac000-7fa72a1ad000 ---p 00000000 00:00 0 
7fa72a1ad000-7fa72a2b8000 rw-p 00000000 00:00 0 
7fa72a2b8000-7fa72a2d6000 rw-p 00000000 00:00 0 
7fa72a2d6000-7fa72dae1000 rw-p 00000000 00:00 0 
7fa72dae1000-7fa72daff000 rw-p 00000000 00:00 0 
7fa72daff000-7fa732f00000 rw-p 00000000 00:00 0 
7fa732f00000-7fa732f80000 ---p 00000000 00:00 0 
7fa732f80000-7fa734480000 rw-p 00000000 00:00 0 
7fa734480000-7fa738180000 rw-p 00000000 00:00 0 
7fa738180000-7fb1b8180000 rw-p 00000000 00:00 0 
7fb1b819d000-7fb1b840d000 rwxp 00000000 00:00 0 
7fb1b840d000-7fb1bb19d000 rw-p 00000000 00:00 0 
7fb1bb19d000-7fb1bb1b7000 r-xp 00000000 08:04 262719                     /usr/lib/jvm/java-7-oracle/jre/lib/amd64/libzip.so
7fb1bb1b7000-7fb1bb3b7000 ---p 0001a000 08:04 262719                     /usr/lib/jvm/java-7-oracle/jre/lib/amd64/libzip.so
7fb1bb3b7000-7fb1bb3b8000 rw-p 0001a000 08:04 262719                     /usr/lib/jvm/java-7-oracle/jre/lib/amd64/libzip.so
7fb1bb3b8000-7fb1bb3c3000 r-xp 00000000 08:04 1441805                    /lib/x86_64-linux-gnu/libnss_files-2.13.so
7fb1bb3c3000-7fb1bb5c2000 ---p 0000b000 08:04 1441805                    /lib/x86_64-linux-gnu/libnss_files-2.13.so
7fb1bb5c2000-7fb1bb5c3000 r--p 0000a000 08:04 1441805                    /lib/x86_64-linux-gnu/libnss_files-2.13.so
7fb1bb5c3000-7fb1bb5c4000 rw-p 0000b000 08:04 1441805                    /lib/x86_64-linux-gnu/libnss_files-2.13.so
7fb1bb5c4000-7fb1bb5ce000 r-xp 00000000 08:04 1441817                    /lib/x86_64-linux-gnu/libnss_nis-2.13.so
7fb1bb5ce000-7fb1bb7cd000 ---p 0000a000 08:04 1441817                    /lib/x86_64-linux-gnu/libnss_nis-2.13.so
7fb1bb7cd000-7fb1bb7ce000 r--p 00009000 08:04 1441817                    /lib/x86_64-linux-gnu/libnss_nis-2.13.so
7fb1bb7ce000-7fb1bb7cf000 rw-p 0000a000 08:04 1441817                    /lib/x86_64-linux-gnu/libnss_nis-2.13.so
7fb1bb7cf000-7fb1bb7e4000 r-xp 00000000 08:04 1441815                    /lib/x86_64-linux-gnu/libnsl-2.13.so
7fb1bb7e4000-7fb1bb9e3000 ---p 00015000 08:04 1441815                    /lib/x86_64-linux-gnu/libnsl-2.13.so
7fb1bb9e3000-7fb1bb9e4000 r--p 00014000 08:04 1441815                    /lib/x86_64-linux-gnu/libnsl-2.13.so
7fb1bb9e4000-7fb1bb9e5000 rw-p 00015000 08:04 1441815                    /lib/x86_64-linux-gnu/libnsl-2.13.so
7fb1bb9e5000-7fb1bb9e7000 rw-p 00000000 00:00 0 
7fb1bb9e7000-7fb1bb9ee000 r-xp 00000000 08:04 1441807                    /lib/x86_64-linux-gnu/libnss_compat-2.13.so
7fb1bb9ee000-7fb1bbbed000 ---p 00007000 08:04 1441807                    /lib/x86_64-linux-gnu/libnss_compat-2.13.so
7fb1bbbed000-7fb1bbbee000 r--p 00006000 08:04 1441807                    /lib/x86_64-linux-gnu/libnss_compat-2.13.so
7fb1bbbee000-7fb1bbbef000 rw-p 00007000 08:04 1441807                    /lib/x86_64-linux-gnu/libnss_compat-2.13.so
7fb1bbbef000-7fb1bbc18000 r-xp 00000000 08:04 262764                     /usr/lib/jvm/java-7-oracle/jre/lib/amd64/libjava.so
7fb1bbc18000-7fb1bbe18000 ---p 00029000 08:04 262764                     /usr/lib/jvm/java-7-oracle/jre/lib/amd64/libjava.so
7fb1bbe18000-7fb1bbe1a000 rw-p 00029000 08:04 262764                     /usr/lib/jvm/java-7-oracle/jre/lib/amd64/libjava.so
7fb1bbe1a000-7fb1bbe27000 r-xp 00000000 08:04 262746                     /usr/lib/jvm/java-7-oracle/jre/lib/amd64/libverify.so
7fb1bbe27000-7fb1bc026000 ---p 0000d000 08:04 262746                     /usr/lib/jvm/java-7-oracle/jre/lib/amd64/libverify.so
7fb1bc026000-7fb1bc028000 rw-p 0000c000 08:04 262746                     /usr/lib/jvm/java-7-oracle/jre/lib/amd64/libverify.so
7fb1bc028000-7fb1bc02f000 r-xp 00000000 08:04 1441806                    /lib/x86_64-linux-gnu/librt-2.13.so
7fb1bc02f000-7fb1bc22e000 ---p 00007000 08:04 1441806                    /lib/x86_64-linux-gnu/librt-2.13.so
7fb1bc22e000-7fb1bc22f000 r--p 00006000 08:04 1441806                    /lib/x86_64-linux-gnu/librt-2.13.so
7fb1bc22f000-7fb1bc230000 rw-p 00007000 08:04 1441806                    /lib/x86_64-linux-gnu/librt-2.13.so
7fb1bc230000-7fb1bc2b1000 r-xp 00000000 08:04 1441808                    /lib/x86_64-linux-gnu/libm-2.13.so
7fb1bc2b1000-7fb1bc4b0000 ---p 00081000 08:04 1441808                    /lib/x86_64-linux-gnu/libm-2.13.so
7fb1bc4b0000-7fb1bc4b1000 r--p 00080000 08:04 1441808                    /lib/x86_64-linux-gnu/libm-2.13.so
7fb1bc4b1000-7fb1bc4b2000 rw-p 00081000 08:04 1441808                    /lib/x86_64-linux-gnu/libm-2.13.so
7fb1bc4b2000-7fb1bd014000 r-xp 00000000 08:04 262725                     /usr/lib/jvm/java-7-oracle/jre/lib/amd64/server/libjvm.so
7fb1bd014000-7fb1bd214000 ---p 00b62000 08:04 262725                     /usr/lib/jvm/java-7-oracle/jre/lib/amd64/server/libjvm.so
7fb1bd214000-7fb1bd2d7000 rw-p 00b62000 08:04 262725                     /usr/lib/jvm/java-7-oracle/jre/lib/amd64/server/libjvm.so
7fb1bd2d7000-7fb1bd318000 rw-p 00000000 00:00 0 
7fb1bd318000-7fb1bd498000 r-xp 00000000 08:04 1441811                    /lib/x86_64-linux-gnu/libc-2.13.so
7fb1bd498000-7fb1bd698000 ---p 00180000 08:04 1441811                    /lib/x86_64-linux-gnu/libc-2.13.so
7fb1bd698000-7fb1bd69c000 r--p 00180000 08:04 1441811                    /lib/x86_64-linux-gnu/libc-2.13.so
7fb1bd69c000-7fb1bd69d000 rw-p 00184000 08:04 1441811                    /lib/x86_64-linux-gnu/libc-2.13.so
7fb1bd69d000-7fb1bd6a2000 rw-p 00000000 00:00 0 
7fb1bd6a2000-7fb1bd6a4000 r-xp 00000000 08:04 1441804                    /lib/x86_64-linux-gnu/libdl-2.13.so
7fb1bd6a4000-7fb1bd8a4000 ---p 00002000 08:04 1441804                    /lib/x86_64-linux-gnu/libdl-2.13.so
7fb1bd8a4000-7fb1bd8a5000 r--p 00002000 08:04 1441804                    /lib/x86_64-linux-gnu/libdl-2.13.so
7fb1bd8a5000-7fb1bd8a6000 rw-p 00003000 08:04 1441804                    /lib/x86_64-linux-gnu/libdl-2.13.so
7fb1bd8a6000-7fb1bd8bc000 r-xp 00000000 08:04 279625                     /usr/lib/jvm/java-7-oracle/lib/amd64/jli/libjli.so
7fb1bd8bc000-7fb1bdabc000 ---p 00016000 08:04 279625                     /usr/lib/jvm/java-7-oracle/lib/amd64/jli/libjli.so
7fb1bdabc000-7fb1bdabd000 rw-p 00016000 08:04 279625                     /usr/lib/jvm/java-7-oracle/lib/amd64/jli/libjli.so
7fb1bdabd000-7fb1bdad4000 r-xp 00000000 08:04 1441801                    /lib/x86_64-linux-gnu/libpthread-2.13.so
7fb1bdad4000-7fb1bdcd3000 ---p 00017000 08:04 1441801                    /lib/x86_64-linux-gnu/libpthread-2.13.so
7fb1bdcd3000-7fb1bdcd4000 r--p 00016000 08:04 1441801                    /lib/x86_64-linux-gnu/libpthread-2.13.so
7fb1bdcd4000-7fb1bdcd5000 rw-p 00017000 08:04 1441801                    /lib/x86_64-linux-gnu/libpthread-2.13.so
7fb1bdcd5000-7fb1bdcd9000 rw-p 00000000 00:00 0 
7fb1bdcd9000-7fb1bdcf9000 r-xp 00000000 08:04 1441814                    /lib/x86_64-linux-gnu/ld-2.13.so
7fb1bdd16000-7fb1bdd20000 rw-p 00000000 00:00 0 
7fb1bdd20000-7fb1bddd6000 rw-p 00000000 00:00 0 
7fb1bddd6000-7fb1bddd9000 ---p 00000000 00:00 0 
7fb1bddd9000-7fb1bdedb000 rw-p 00000000 00:00 0 
7fb1bdeec000-7fb1bdef4000 rw-s 00000000 08:04 2359452                    /tmp/hsperfdata_anantoni/5822
7fb1bdef4000-7fb1bdef5000 rw-p 00000000 00:00 0 
7fb1bdef5000-7fb1bdef6000 r--p 00000000 00:00 0 
7fb1bdef6000-7fb1bdef8000 rw-p 00000000 00:00 0 
7fb1bdef8000-7fb1bdef9000 r--p 0001f000 08:04 1441814                    /lib/x86_64-linux-gnu/ld-2.13.so
7fb1bdef9000-7fb1bdefa000 rw-p 00020000 08:04 1441814                    /lib/x86_64-linux-gnu/ld-2.13.so
7fb1bdefa000-7fb1bdefb000 rw-p 00000000 00:00 0 
7fffc2873000-7fffc2895000 rw-p 00000000 00:00 0                          [stack]
7fffc293d000-7fffc293e000 r-xp 00000000 00:00 0                          [vdso]
ffffffffff600000-ffffffffff601000 r-xp 00000000 00:00 0                  [vsyscall]

VM Arguments:
jvm_args: -Dfile.encoding=UTF-8 -Xms42g 
java_command: main.MyPointerAnalysis
Launcher Type: SUN_STANDARD

Environment Variables:
JAVA_HOME=/usr/lib/jvm/java-7-oracle
PATH=/usr/local/bin:/usr/bin:/bin:/usr/local/games:/usr/games:/usr/lib/jvm/java-7-oracle/bin:/usr/lib/jvm/java-7-oracle/db/bin:/usr/lib/jvm/java-7-oracle/jre/bin
USERNAME=anantoni
LD_LIBRARY_PATH=/usr/lib/jvm/java-7-oracle/jre/lib/amd64:/usr/lib/jvm/java-7-oracle/jre/lib/i386:
SHELL=/bin/bash
DISPLAY=:0.0

Signal Handlers:
SIGSEGV: [libjvm.so+0x9935b0], sa_mask[0]=0x7ffbfeff, sa_flags=0x10000004
SIGBUS: [libjvm.so+0x9935b0], sa_mask[0]=0x7ffbfeff, sa_flags=0x10000004
SIGFPE: [libjvm.so+0x810330], sa_mask[0]=0x7ffbfeff, sa_flags=0x10000004
SIGPIPE: [libjvm.so+0x810330], sa_mask[0]=0x7ffbfeff, sa_flags=0x10000004
SIGXFSZ: [libjvm.so+0x810330], sa_mask[0]=0x7ffbfeff, sa_flags=0x10000004
SIGILL: [libjvm.so+0x810330], sa_mask[0]=0x7ffbfeff, sa_flags=0x10000004
SIGUSR1: SIG_DFL, sa_mask[0]=0x00000000, sa_flags=0x00000000
SIGUSR2: [libjvm.so+0x811820], sa_mask[0]=0x00000004, sa_flags=0x10000004
SIGHUP: [libjvm.so+0x812790], sa_mask[0]=0x7ffbfeff, sa_flags=0x10000004
SIGINT: SIG_IGN, sa_mask[0]=0x00000000, sa_flags=0x00000000
SIGTERM: [libjvm.so+0x812790], sa_mask[0]=0x7ffbfeff, sa_flags=0x10000004
SIGQUIT: [libjvm.so+0x812790], sa_mask[0]=0x7ffbfeff, sa_flags=0x10000004


---------------  S Y S T E M  ---------------

OS:7.2

uname:Linux 3.2.0-4-amd64 #1 SMP Debian 3.2.51-1 x86_64
libc:glibc 2.13 NPTL 2.13 
rlimit: STACK 8192k, CORE 0k, NPROC 128116, NOFILE 4096, AS infinity
load average:0.44 0.44 1.70

/proc/meminfo:
MemTotal:       16411040 kB
MemFree:         8766124 kB
Buffers:           73072 kB
Cached:          2584936 kB
SwapCached:       181336 kB
Active:          5581056 kB
Inactive:        1837072 kB
Active(anon):    4099924 kB
Inactive(anon):   671004 kB
Active(file):    1481132 kB
Inactive(file):  1166068 kB
Unevictable:           0 kB
Mlocked:               0 kB
SwapTotal:      32193528 kB
SwapFree:       31759092 kB
Dirty:               180 kB
Writeback:             0 kB
AnonPages:       4680428 kB
Mapped:            45180 kB
Shmem:             10808 kB
Slab:             121692 kB
SReclaimable:      92000 kB
SUnreclaim:        29692 kB
KernelStack:        3256 kB
PageTables:        26136 kB
NFS_Unstable:          0 kB
Bounce:                0 kB
WritebackTmp:          0 kB
CommitLimit:    40399048 kB
Committed_AS:   47830124 kB
VmallocTotal:   34359738367 kB
VmallocUsed:      345352 kB
VmallocChunk:   34359390344 kB
HardwareCorrupted:     0 kB
AnonHugePages:         0 kB
HugePages_Total:       0
HugePages_Free:        0
HugePages_Rsvd:        0
HugePages_Surp:        0
Hugepagesize:       2048 kB
DirectMap4k:      215040 kB
DirectMap2M:    14432256 kB
DirectMap1G:     2097152 kB


CPU:total 12 (6 cores per cpu, 2 threads per core) family 6 model 45 stepping 6, cmov, cx8, fxsr, mmx, sse, sse2, sse3, ssse3, sse4.1, sse4.2, popcnt, avx, aes, ht, tsc, tscinvbit, tscinv

/proc/cpuinfo:
processor	: 0
vendor_id	: GenuineIntel
cpu family	: 6
model		: 45
model name	: 06/2d
stepping	: 6
microcode	: 0x616
cpu MHz		: 1200.000
cache size	: 15360 KB
physical id	: 0
siblings	: 12
core id		: 0
cpu cores	: 6
apicid		: 0
initial apicid	: 0
fpu		: yes
fpu_exception	: yes
cpuid level	: 13
wp		: yes
flags		: fpu vme de pse tsc msr pae mce cx8 apic sep mtrr pge mca cmov pat pse36 clflush dts acpi mmx fxsr sse sse2 ss ht tm pbe syscall nx pdpe1gb rdtscp lm constant_tsc arch_perfmon pebs bts rep_good nopl xtopology nonstop_tsc aperfmperf pni pclmulqdq dtes64 monitor ds_cpl vmx est tm2 ssse3 cx16 xtpr pdcm pcid dca sse4_1 sse4_2 x2apic popcnt tsc_deadline_timer aes xsave avx lahf_lm ida arat epb xsaveopt pln pts dtherm tpr_shadow vnmi flexpriority ept vpid
bogomips	: 6599.30
clflush size	: 64
cache_alignment	: 64
address sizes	: 46 bits physical, 48 bits virtual
power management:

processor	: 1
vendor_id	: GenuineIntel
cpu family	: 6
model		: 45
model name	: 06/2d
stepping	: 6
microcode	: 0x616
cpu MHz		: 1200.000
cache size	: 15360 KB
physical id	: 0
siblings	: 12
core id		: 1
cpu cores	: 6
apicid		: 2
initial apicid	: 2
fpu		: yes
fpu_exception	: yes
cpuid level	: 13
wp		: yes
flags		: fpu vme de pse tsc msr pae mce cx8 apic sep mtrr pge mca cmov pat pse36 clflush dts acpi mmx fxsr sse sse2 ss ht tm pbe syscall nx pdpe1gb rdtscp lm constant_tsc arch_perfmon pebs bts rep_good nopl xtopology nonstop_tsc aperfmperf pni pclmulqdq dtes64 monitor ds_cpl vmx est tm2 ssse3 cx16 xtpr pdcm pcid dca sse4_1 sse4_2 x2apic popcnt tsc_deadline_timer aes xsave avx lahf_lm ida arat epb xsaveopt pln pts dtherm tpr_shadow vnmi flexpriority ept vpid
bogomips	: 6599.78
clflush size	: 64
cache_alignment	: 64
address sizes	: 46 bits physical, 48 bits virtual
power management:

processor	: 2
vendor_id	: GenuineIntel
cpu family	: 6
model		: 45
model name	: 06/2d
stepping	: 6
microcode	: 0x616
cpu MHz		: 1200.000
cache size	: 15360 KB
physical id	: 0
siblings	: 12
core id		: 2
cpu cores	: 6
apicid		: 4
initial apicid	: 4
fpu		: yes
fpu_exception	: yes
cpuid level	: 13
wp		: yes
flags		: fpu vme de pse tsc msr pae mce cx8 apic sep mtrr pge mca cmov pat pse36 clflush dts acpi mmx fxsr sse sse2 ss ht tm pbe syscall nx pdpe1gb rdtscp lm constant_tsc arch_perfmon pebs bts rep_good nopl xtopology nonstop_tsc aperfmperf pni pclmulqdq dtes64 monitor ds_cpl vmx est tm2 ssse3 cx16 xtpr pdcm pcid dca sse4_1 sse4_2 x2apic popcnt tsc_deadline_timer aes xsave avx lahf_lm ida arat epb xsaveopt pln pts dtherm tpr_shadow vnmi flexpriority ept vpid
bogomips	: 6599.78
clflush size	: 64
cache_alignment	: 64
address sizes	: 46 bits physical, 48 bits virtual
power management:

processor	: 3
vendor_id	: GenuineIntel
cpu family	: 6
model		: 45
model name	: 06/2d
stepping	: 6
microcode	: 0x616
cpu MHz		: 1200.000
cache size	: 15360 KB
physical id	: 0
siblings	: 12
core id		: 3
cpu cores	: 6
apicid		: 6
initial apicid	: 6
fpu		: yes
fpu_exception	: yes
cpuid level	: 13
wp		: yes
flags		: fpu vme de pse tsc msr pae mce cx8 apic sep mtrr pge mca cmov pat pse36 clflush dts acpi mmx fxsr sse sse2 ss ht tm pbe syscall nx pdpe1gb rdtscp lm constant_tsc arch_perfmon pebs bts rep_good nopl xtopology nonstop_tsc aperfmperf pni pclmulqdq dtes64 monitor ds_cpl vmx est tm2 ssse3 cx16 xtpr pdcm pcid dca sse4_1 sse4_2 x2apic popcnt tsc_deadline_timer aes xsave avx lahf_lm ida arat epb xsaveopt pln pts dtherm tpr_shadow vnmi flexpriority ept vpid
bogomips	: 6599.78
clflush size	: 64
cache_alignment	: 64
address sizes	: 46 bits physical, 48 bits virtual
power management:

processor	: 4
vendor_id	: GenuineIntel
cpu family	: 6
model		: 45
model name	: 06/2d
stepping	: 6
microcode	: 0x616
cpu MHz		: 1200.000
cache size	: 15360 KB
physical id	: 0
siblings	: 12
core id		: 4
cpu cores	: 6
apicid		: 8
initial apicid	: 8
fpu		: yes
fpu_exception	: yes
cpuid level	: 13
wp		: yes
flags		: fpu vme de pse tsc msr pae mce cx8 apic sep mtrr pge mca cmov pat pse36 clflush dts acpi mmx fxsr sse sse2 ss ht tm pbe syscall nx pdpe1gb rdtscp lm constant_tsc arch_perfmon pebs bts rep_good nopl xtopology nonstop_tsc aperfmperf pni pclmulqdq dtes64 monitor ds_cpl vmx est tm2 ssse3 cx16 xtpr pdcm pcid dca sse4_1 sse4_2 x2apic popcnt tsc_deadline_timer aes xsave avx lahf_lm ida arat epb xsaveopt pln pts dtherm tpr_shadow vnmi flexpriority ept vpid
bogomips	: 6599.78
clflush size	: 64
cache_alignment	: 64
address sizes	: 46 bits physical, 48 bits virtual
power management:

processor	: 5
vendor_id	: GenuineIntel
cpu family	: 6
model		: 45
model name	: 06/2d
stepping	: 6
microcode	: 0x616
cpu MHz		: 1200.000
cache size	: 15360 KB
physical id	: 0
siblings	: 12
core id		: 5
cpu cores	: 6
apicid		: 10
initial apicid	: 10
fpu		: yes
fpu_exception	: yes
cpuid level	: 13
wp		: yes
flags		: fpu vme de pse tsc msr pae mce cx8 apic sep mtrr pge mca cmov pat pse36 clflush dts acpi mmx fxsr sse sse2 ss ht tm pbe syscall nx pdpe1gb rdtscp lm constant_tsc arch_perfmon pebs bts rep_good nopl xtopology nonstop_tsc aperfmperf pni pclmulqdq dtes64 monitor ds_cpl vmx est tm2 ssse3 cx16 xtpr pdcm pcid dca sse4_1 sse4_2 x2apic popcnt tsc_deadline_timer aes xsave avx lahf_lm ida arat epb xsaveopt pln pts dtherm tpr_shadow vnmi flexpriority ept vpid
bogomips	: 6599.78
clflush size	: 64
cache_alignment	: 64
address sizes	: 46 bits physical, 48 bits virtual
power management:

processor	: 6
vendor_id	: GenuineIntel
cpu family	: 6
model		: 45
model name	: 06/2d
stepping	: 6
microcode	: 0x616
cpu MHz		: 1200.000
cache size	: 15360 KB
physical id	: 0
siblings	: 12
core id		: 0
cpu cores	: 6
apicid		: 1
initial apicid	: 1
fpu		: yes
fpu_exception	: yes
cpuid level	: 13
wp		: yes
flags		: fpu vme de pse tsc msr pae mce cx8 apic sep mtrr pge mca cmov pat pse36 clflush dts acpi mmx fxsr sse sse2 ss ht tm pbe syscall nx pdpe1gb rdtscp lm constant_tsc arch_perfmon pebs bts rep_good nopl xtopology nonstop_tsc aperfmperf pni pclmulqdq dtes64 monitor ds_cpl vmx est tm2 ssse3 cx16 xtpr pdcm pcid dca sse4_1 sse4_2 x2apic popcnt tsc_deadline_timer aes xsave avx lahf_lm ida arat epb xsaveopt pln pts dtherm tpr_shadow vnmi flexpriority ept vpid
bogomips	: 6599.78
clflush size	: 64
cache_alignment	: 64
address sizes	: 46 bits physical, 48 bits virtual
power management:

processor	: 7
vendor_id	: GenuineIntel
cpu family	: 6
model		: 45
model name	: 06/2d
stepping	: 6
microcode	: 0x616
cpu MHz		: 1200.000
cache size	: 15360 KB
physical id	: 0
siblings	: 12
core id		: 1
cpu cores	: 6
apicid		: 3
initial apicid	: 3
fpu		: yes
fpu_exception	: yes
cpuid level	: 13
wp		: yes
flags		: fpu vme de pse tsc msr pae mce cx8 apic sep mtrr pge mca cmov pat pse36 clflush dts acpi mmx fxsr sse sse2 ss ht tm pbe syscall nx pdpe1gb rdtscp lm constant_tsc arch_perfmon pebs bts rep_good nopl xtopology nonstop_tsc aperfmperf pni pclmulqdq dtes64 monitor ds_cpl vmx est tm2 ssse3 cx16 xtpr pdcm pcid dca sse4_1 sse4_2 x2apic popcnt tsc_deadline_timer aes xsave avx lahf_lm ida arat epb xsaveopt pln pts dtherm tpr_shadow vnmi flexpriority ept vpid
bogomips	: 6599.77
clflush size	: 64
cache_alignment	: 64
address sizes	: 46 bits physical, 48 bits virtual
power management:

processor	: 8
vendor_id	: GenuineIntel
cpu family	: 6
model		: 45
model name	: 06/2d
stepping	: 6
microcode	: 0x616
cpu MHz		: 1200.000
cache size	: 15360 KB
physical id	: 0
siblings	: 12
core id		: 2
cpu cores	: 6
apicid		: 5
initial apicid	: 5
fpu		: yes
fpu_exception	: yes
cpuid level	: 13
wp		: yes
flags		: fpu vme de pse tsc msr pae mce cx8 apic sep mtrr pge mca cmov pat pse36 clflush dts acpi mmx fxsr sse sse2 ss ht tm pbe syscall nx pdpe1gb rdtscp lm constant_tsc arch_perfmon pebs bts rep_good nopl xtopology nonstop_tsc aperfmperf pni pclmulqdq dtes64 monitor ds_cpl vmx est tm2 ssse3 cx16 xtpr pdcm pcid dca sse4_1 sse4_2 x2apic popcnt tsc_deadline_timer aes xsave avx lahf_lm ida arat epb xsaveopt pln pts dtherm tpr_shadow vnmi flexpriority ept vpid
bogomips	: 6599.78
clflush size	: 64
cache_alignment	: 64
address sizes	: 46 bits physical, 48 bits virtual
power management:

processor	: 9
vendor_id	: GenuineIntel
cpu family	: 6
model		: 45
model name	: 06/2d
stepping	: 6
microcode	: 0x616
cpu MHz		: 3301.000
cache size	: 15360 KB
physical id	: 0
siblings	: 12
core id		: 3
cpu cores	: 6
apicid		: 7
initial apicid	: 7
fpu		: yes
fpu_exception	: yes
cpuid level	: 13
wp		: yes
flags		: fpu vme de pse tsc msr pae mce cx8 apic sep mtrr pge mca cmov pat pse36 clflush dts acpi mmx fxsr sse sse2 ss ht tm pbe syscall nx pdpe1gb rdtscp lm constant_tsc arch_perfmon pebs bts rep_good nopl xtopology nonstop_tsc aperfmperf pni pclmulqdq dtes64 monitor ds_cpl vmx est tm2 ssse3 cx16 xtpr pdcm pcid dca sse4_1 sse4_2 x2apic popcnt tsc_deadline_timer aes xsave avx lahf_lm ida arat epb xsaveopt pln pts dtherm tpr_shadow vnmi flexpriority ept vpid
bogomips	: 6599.78
clflush size	: 64
cache_alignment	: 64
address sizes	: 46 bits physical, 48 bits virtual
power management:

processor	: 10
vendor_id	: GenuineIntel
cpu family	: 6
model		: 45
model name	: 06/2d
stepping	: 6
microcode	: 0x616
cpu MHz		: 1200.000
cache size	: 15360 KB
physical id	: 0
siblings	: 12
core id		: 4
cpu cores	: 6
apicid		: 9
initial apicid	: 9
fpu		: yes
fpu_exception	: yes
cpuid level	: 13
wp		: yes
flags		: fpu vme de pse tsc msr pae mce cx8 apic sep mtrr pge mca cmov pat pse36 clflush dts acpi mmx fxsr sse sse2 ss ht tm pbe syscall nx pdpe1gb rdtscp lm constant_tsc arch_perfmon pebs bts rep_good nopl xtopology nonstop_tsc aperfmperf pni pclmulqdq dtes64 monitor ds_cpl vmx est tm2 ssse3 cx16 xtpr pdcm pcid dca sse4_1 sse4_2 x2apic popcnt tsc_deadline_timer aes xsave avx lahf_lm ida arat epb xsaveopt pln pts dtherm tpr_shadow vnmi flexpriority ept vpid
bogomips	: 6599.78
clflush size	: 64
cache_alignment	: 64
address sizes	: 46 bits physical, 48 bits virtual
power management:

processor	: 11
vendor_id	: GenuineIntel
cpu family	: 6
model		: 45
model name	: 06/2d
stepping	: 6
microcode	: 0x616
cpu MHz		: 1200.000
cache size	: 15360 KB
physical id	: 0
siblings	: 12
core id		: 5
cpu cores	: 6
apicid		: 11
initial apicid	: 11
fpu		: yes
fpu_exception	: yes
cpuid level	: 13
wp		: yes
flags		: fpu vme de pse tsc msr pae mce cx8 apic sep mtrr pge mca cmov pat pse36 clflush dts acpi mmx fxsr sse sse2 ss ht tm pbe syscall nx pdpe1gb rdtscp lm constant_tsc arch_perfmon pebs bts rep_good nopl xtopology nonstop_tsc aperfmperf pni pclmulqdq dtes64 monitor ds_cpl vmx est tm2 ssse3 cx16 xtpr pdcm pcid dca sse4_1 sse4_2 x2apic popcnt tsc_deadline_timer aes xsave avx lahf_lm ida arat epb xsaveopt pln pts dtherm tpr_shadow vnmi flexpriority ept vpid
bogomips	: 6599.77
clflush size	: 64
cache_alignment	: 64
address sizes	: 46 bits physical, 48 bits virtual
power management:



Memory: 4k page, physical 16411040k(8766124k free), swap 32193528k(31759092k free)

vm_info: Java HotSpot(TM) 64-Bit Server VM (24.45-b08) for linux-amd64 JRE (1.7.0_45-b18), built on Oct  8 2013 05:44:25 by "java_re" with gcc 4.3.0 20080428 (Red Hat 4.3.0-8)

time: Mon Nov 18 00:44:05 2013
elapsed time: 14 seconds

