#
# A fatal error has been detected by the Java Runtime Environment:
#
#  SIGSEGV (0xb) at pc=0x00007fae03e5084b, pid=5902, tid=140347237975808
#
# JRE version: Java(TM) SE Runtime Environment (7.0_45-b18) (build 1.7.0_45-b18)
# Java VM: Java HotSpot(TM) 64-Bit Server VM (24.45-b08 mixed mode linux-amd64 compressed oops)
# Problematic frame:
# V  [libjvm.so+0x88484b]  ReferenceProcessor::balance_queues(DiscoveredList*)+0x2ab
#
# Failed to write core dump. Core dumps have been disabled. To enable core dumping, try "ulimit -c unlimited" before starting Java again
#
# If you would like to submit a bug report, please visit:
#   http://bugreport.sun.com/bugreport/crash.jsp
#

---------------  T H R E A D  ---------------

Current thread (0x000000000151d000):  VMThread [stack: 0x00007fa52333c000,0x00007fa52343d000] [id=5918]

siginfo:si_signo=SIGSEGV: si_errno=0, si_code=1 (SEGV_MAPERR), si_addr=0x0000000000000018

Registers:
RAX=0x00007fa579fff000, RBX=0x0000000000000000, RCX=0x0000000000000003, RDX=0x0000000000000000
RSP=0x00007fa52343b330, RBP=0x00007fa52343b3a0, RSI=0x0000000000000000, RDI=0x0000000000000018
R8 =0x0000000000000003, R9 =0x00007fa579fff000, R10=0x0000000000000001, R11=0x00007fae043fb6a8
R12=0x0000000000000001, R13=0x00007fa5a4c71308, R14=0x0000000000000002, R15=0x00000000015176b8
RIP=0x00007fae03e5084b, EFLAGS=0x0000000000010202, CSGSFS=0x0000000000000033, ERR=0x0000000000000004
  TRAPNO=0x000000000000000e

Top of Stack: (sp=0x00007fa52343b330)
0x00007fa52343b330:   00007fa52343b3a0 00007fae03e4f25a
0x00007fa52343b340:   00000000015176a0 0000000001517540
0x00007fa52343b350:   0000000000000002 0000000101732da8
0x00007fa52343b360:   0000000000000000 00000000000083b0
0x00007fa52343b370:   00000000015176a0 0000000000000000
0x00007fa52343b380:   0000000001517540 00000000015176a0
0x00007fa52343b390:   0000000000000000 00007fa52343b770
0x00007fa52343b3a0:   00007fa52343b430 00007fae03e511d4
0x00007fa52343b3b0:   00007fa52343b400 00007fae04407e10
0x00007fa52343b3c0:   01007fa52343b3e0 00007fff713ffa1b
0x00007fa52343b3d0:   00007fa52343b490 00007fae03fd15fd
0x00007fa52343b3e0:   00007fa52343b410 00007fa52343b490
0x00007fa52343b3f0:   00007fae03fd15fd 0000000000000000
0x00007fa52343b400:   00007fa52343b490 00000000034b756e
0x00007fa52343b410:   0000000001517540 0000000000000000
0x00007fa52343b420:   00007fa52343b490 0000000000000000
0x00007fa52343b430:   00007fa52343b4e0 00007fae03e513e5
0x00007fa52343b440:   00007fa52343b7e0 0000000000000000
0x00007fa52343b450:   00007fa52343b470 00007fa52343b7e0
0x00007fa52343b460:   00007fa52343b770 00007fae04407e10
0x00007fa52343b470:   00007fa52343b600 0000000000000000
0x00007fa52343b480:   00007fa52343b7a0 00007fae03fd15a6
0x00007fa52343b490:   00007fae03fd15fd 00007fa523430000
0x00007fa52343b4a0:   00007fae04407cc0 00000000010711ff
0x00007fa52343b4b0:   000000000000000a 00007fa52343b7c0
0x00007fa52343b4c0:   000000000000000a 00000000014d91c0
0x00007fa52343b4d0:   000000000000000a 00007fa57f202000
0x00007fa52343b4e0:   00007fa52343b8a0 00007fae03e4901f
0x00007fa52343b4f0:   00007fae04407cc0 0000000200000001
0x00007fa52343b500:   0000000000000001 0000000000000001
0x00007fa52343b510:   00000000014c1200 00007fae04fef5c4
0x00007fa52343b520:   0000000000000000 00007fa52343b6f0 

Instructions: (pc=0x00007fae03e5084b)
0x00007fae03e5082b:   04 c3 48 89 45 d0 48 83 78 10 00 0f 95 45 c7 48
0x00007fae03e5083b:   8b 48 10 e9 05 fe ff ff 0f 1f 44 00 00 48 89 de
0x00007fae03e5084b:   8b 14 3e 44 89 c1 bb 00 00 00 00 89 d0 48 d3 e0
0x00007fae03e5085b:   85 d2 49 8d 04 01 48 0f 45 d8 49 83 c4 01 4d 39 

Register to memory mapping:

RAX=0x00007fa579fff000 is an unknown value
RBX=0x0000000000000000 is an unknown value
RCX=0x0000000000000003 is an unknown value
RDX=0x0000000000000000 is an unknown value
RSP=0x00007fa52343b330 is an unknown value
RBP=0x00007fa52343b3a0 is an unknown value
RSI=0x0000000000000000 is an unknown value
RDI=0x0000000000000018 is an unknown value
R8 =0x0000000000000003 is an unknown value
R9 =0x00007fa579fff000 is an unknown value
R10=0x0000000000000001 is an unknown value
R11=0x00007fae043fb6a8: <offset 0xe2f6a8> in /usr/lib/jvm/java-7-oracle/jre/lib/amd64/server/libjvm.so at 0x00007fae035cc000
R12=0x0000000000000001 is an unknown value
R13=
[error occurred during error reporting (printing register info), id 0xb]

Stack: [0x00007fa52333c000,0x00007fa52343d000],  sp=0x00007fa52343b330,  free space=1020k
Native frames: (J=compiled Java code, j=interpreted, Vv=VM code, C=native code)
V  [libjvm.so+0x88484b]  ReferenceProcessor::balance_queues(DiscoveredList*)+0x2ab
V  [libjvm.so+0x8851d4]  ReferenceProcessor::process_discovered_reflist(DiscoveredList*, ReferencePolicy*, bool, BoolObjectClosure*, OopClosure*, VoidClosure*, AbstractRefProcTaskExecutor*)+0x1b4
V  [libjvm.so+0x8853e5]  ReferenceProcessor::process_discovered_references(BoolObjectClosure*, OopClosure*, VoidClosure*, AbstractRefProcTaskExecutor*, GCTimer*)+0x135
V  [libjvm.so+0x87d01f]  PSScavenge::invoke_no_policy()+0xb4f
V  [libjvm.so+0x87db71]  PSScavenge::invoke()+0x41
V  [libjvm.so+0x834c70]  ParallelScavengeHeap::failed_mem_allocate(unsigned long)+0x70
V  [libjvm.so+0x994527]  VM_ParallelGCFailedAllocation::doit()+0x97
V  [libjvm.so+0x99b955]  VM_Operation::evaluate()+0x55
V  [libjvm.so+0x999d8a]  VMThread::evaluate_operation(VM_Operation*)+0xba
V  [libjvm.so+0x99a10e]  VMThread::loop()+0x1ce
V  [libjvm.so+0x99a580]  VMThread::run()+0x70
V  [libjvm.so+0x815288]  java_start(Thread*)+0x108

VM_Operation (0x00007fae04fef620): ParallelGCFailedAllocation, mode: safepoint, requested by thread 0x00000000014b0800


---------------  P R O C E S S  ---------------

Java Threads: ( => current thread )
  0x0000000001550000 JavaThread "" daemon [_thread_blocked, id=5924, stack(0x00007fa522bbf000,0x00007fa522cc0000)]
  0x000000000154d800 JavaThread "" daemon [_thread_blocked, id=5923, stack(0x00007fa522cc0000,0x00007fa522dc1000)]
  0x000000000154a800 JavaThread "" daemon [_thread_blocked, id=5922, stack(0x00007fa522dc1000,0x00007fa522ec2000)]
  0x0000000001540000 JavaThread "" daemon [_thread_blocked, id=5921, stack(0x00007fa522ec2000,0x00007fa522fc3000)]
  0x0000000001529000 JavaThread "" daemon [_thread_blocked, id=5920, stack(0x00007fa52313a000,0x00007fa52323b000)]
  0x000000000151f800 JavaThread "" daemon [_thread_blocked, id=5919, stack(0x00007fa52323b000,0x00007fa52333c000)]
  0x00000000014b0800 JavaThread "" [_thread_blocked, id=5907, stack(0x00007fae04ef0000,0x00007fae04ff1000)]

Other Threads:
=>0x000000000151d000 VMThread [stack: 0x00007fa52333c000,0x00007fa52343d000] [id=5918]
  0x000000000155a800 WatcherThread [stack: 0x00007fa522abe000,0x00007fa522bbf000] [id=5925]

VM state:at safepoint (normal execution)

VM Mutex/Monitor currently owned by a thread:  ([mutex/lock_event])
[0x00000000014acae0] Threads_lock - owner thread: 0x000000000151d000
[0x00000000014acfe0] Heap_lock - owner thread: 0x00000000014b0800

Heap
 PSYoungGen      total 10398720K, used 8925920K [0x00007fab29d00000, 0x00007fadff280000, 0x00007fadff280000)
  eden space 8913408K, 100% used [0x00007fab29d00000,0x00007fad49d80000,0x00007fad49d80000)
  from space 1485312K, 0% used [0x00007fad49d80000,0x00007fad4a9b81a0,0x00007fada4800000)
  to   space 1485312K, 0% used [0x00007fada4800000,0x00007fada54301a0,0x00007fadff280000)
 ParOldGen       total 23768064K, used 8K [0x00007fa57f200000, 0x00007fab29d00000, 0x00007fab29d00000)
  object space 23768064K, 0% used [0x00007fa57f200000,0x00007fa57f202000,0x00007fab29d00000)
 PSPermGen       total 21504K, used 3300K [0x00007fa57a000000, 0x00007fa57b500000, 0x00007fa57f200000)
  object space 21504K, 15% used [0x00007fa57a000000,0x00007fa57a3390e8,0x00007fa57b500000)

Card table byte_map: [0x00007fa575b56000,0x00007fa579f80000] byte_map_base: 0x00007f65a2f86000

Polling page: 0x00007fae0500f000

Code Cache  [0x00007fadff2b7000, 0x00007fadff527000, 0x00007fae022b7000)
 total_blobs=282 nmethods=89 adapters=146 free_code_cache=48576Kb largest_free_block=49718464

Compilation events (10 events):
Event: 16.148 Thread 0x000000000154d800 nmethod 85 0x00007fadff33f0d0 code [0x00007fadff33f240, 0x00007fadff33f438]
Event: 16.148 Thread 0x000000000154d800   86   !         java.util.regex.Pattern::matcher (44 bytes)
Event: 16.148 Thread 0x000000000154a800 nmethod 84 0x00007fadff33eb10 code [0x00007fadff33ec80, 0x00007fadff33eed8]
Event: 16.148 Thread 0x000000000154a800   87             java.util.regex.Matcher::<init> (84 bytes)
Event: 16.151 Thread 0x000000000154a800 nmethod 87 0x00007fadff33b550 code [0x00007fadff33b6a0, 0x00007fadff33ba38]
Event: 16.151 Thread 0x000000000154a800   88             java.util.regex.Matcher::find (69 bytes)
Event: 16.152 Thread 0x000000000154d800 nmethod 86 0x00007fadff33aa50 code [0x00007fadff33abc0, 0x00007fadff33b2a8]
Event: 16.152 Thread 0x000000000154d800   89             java.lang.Integer::parseInt (7 bytes)
Event: 16.152 Thread 0x000000000154d800 nmethod 89 0x00007fadff337150 code [0x00007fadff3372a0, 0x00007fadff337308]
Event: 16.154 Thread 0x000000000154a800 nmethod 88 0x00007fadff34c390 code [0x00007fadff34c500, 0x00007fadff34c858]

GC Heap History (3 events):
Event: 16.052 GC heap before
{Heap before GC invocations=1 (full 0):
 PSYoungGen      total 10398720K, used 8913408K [0x00007fab29d00000, 0x00007fadff280000, 0x00007fadff280000)
  eden space 8913408K, 100% used [0x00007fab29d00000,0x00007fad49d80000,0x00007fad49d80000)
  from space 1485312K, 0% used [0x00007fada4800000,0x00007fada4800000,0x00007fadff280000)
  to   space 1485312K, 0% used [0x00007fad49d80000,0x00007fad49d80000,0x00007fada4800000)
 ParOldGen       total 23768064K, used 0K [0x00007fa57f200000, 0x00007fab29d00000, 0x00007fab29d00000)
  object space 23768064K, 0% used [0x00007fa57f200000,0x00007fa57f200000,0x00007fab29d00000)
 PSPermGen       total 21504K, used 3297K [0x00007fa57a000000, 0x00007fa57b500000, 0x00007fa57f200000)
  object space 21504K, 15% used [0x00007fa57a000000,0x00007fa57a338568,0x00007fa57b500000)
Event: 16.057 GC heap after
Heap after GC invocations=1 (full 0):
 PSYoungGen      total 10398720K, used 12512K [0x00007fab29d00000, 0x00007fadff280000, 0x00007fadff280000)
  eden space 8913408K, 0% used [0x00007fab29d00000,0x00007fab29d00000,0x00007fad49d80000)
  from space 1485312K, 0% used [0x00007fad49d80000,0x00007fad4a9b81a0,0x00007fada4800000)
  to   space 1485312K, 0% used [0x00007fada4800000,0x00007fada4800000,0x00007fadff280000)
 ParOldGen       total 23768064K, used 8K [0x00007fa57f200000, 0x00007fab29d00000, 0x00007fab29d00000)
  object space 23768064K, 0% used [0x00007fa57f200000,0x00007fa57f202000,0x00007fab29d00000)
 PSPermGen       total 21504K, used 3297K [0x00007fa57a000000, 0x00007fa57b500000, 0x00007fa57f200000)
  object space 21504K, 15% used [0x00007fa57a000000,0x00007fa57a338568,0x00007fa57b500000)
}
Event: 17.237 GC heap before
{Heap before GC invocations=2 (full 0):
 PSYoungGen      total 10398720K, used 8925920K [0x00007fab29d00000, 0x00007fadff280000, 0x00007fadff280000)
  eden space 8913408K, 100% used [0x00007fab29d00000,0x00007fad49d80000,0x00007fad49d80000)
  from space 1485312K, 0% used [0x00007fad49d80000,0x00007fad4a9b81a0,0x00007fada4800000)
  to   space 1485312K, 0% used [0x00007fada4800000,0x00007fada4800000,0x00007fadff280000)
 ParOldGen       total 23768064K, used 8K [0x00007fa57f200000, 0x00007fab29d00000, 0x00007fab29d00000)
  object space 23768064K, 0% used [0x00007fa57f200000,0x00007fa57f202000,0x00007fab29d00000)
 PSPermGen       total 21504K, used 3300K [0x00007fa57a000000, 0x00007fa57b500000, 0x00007fa57f200000)
  object space 21504K, 15% used [0x00007fa57a000000,0x00007fa57a3390e8,0x00007fa57b500000)

Deoptimization events (5 events):
Event: 0.120 Thread 0x00000000014b0800 Uncommon trap: reason=unreached action=reinterpret pc=0x00007fadff324bb0 method=java.io.BufferedReader.readLine(Z)Ljava/lang/String; @ 192
Event: 0.161 Thread 0x00000000014b0800 Uncommon trap: reason=unreached action=reinterpret pc=0x00007fadff327750 method=inputfactsconverter.InstructionsFactsConverter.parseLogicBloxFactsFile()V @ 25
Event: 0.161 Thread 0x00000000014b0800 Uncommon trap: reason=unreached action=reinterpret pc=0x00007fadff31cacc method=java.util.ArrayList.ensureCapacityInternal(I)V @ 7
Event: 12.776 Thread 0x00000000014b0800 Uncommon trap: reason=unreached action=reinterpret pc=0x00007fadff329c0c method=inputfactsconverter.InstructionsFactsConverter.parseLogicBloxFactsFile()V @ 163
Event: 12.777 Thread 0x00000000014b0800 Uncommon trap: reason=unreached action=reinterpret pc=0x00007fadff31e7d8 method=java.util.ArrayList.ensureCapacityInternal(I)V @ 7

Internal exceptions (10 events):
Event: 0.103 Thread 0x00000000014b0800 Threw 0x00007fab29e379f8 at /HUDSON/workspace/7u-2-build-linux-amd64/jdk7u45/229/hotspot/src/share/vm/prims/jvm.cpp:1244
Event: 0.103 Thread 0x00000000014b0800 Threw 0x00007fab29e39c68 at /HUDSON/workspace/7u-2-build-linux-amd64/jdk7u45/229/hotspot/src/share/vm/prims/jvm.cpp:1244
Event: 0.103 Thread 0x00000000014b0800 Threw 0x00007fab29e39d90 at /HUDSON/workspace/7u-2-build-linux-amd64/jdk7u45/229/hotspot/src/share/vm/prims/jvm.cpp:1244
Event: 0.108 Thread 0x00000000014b0800 Threw 0x00007fab29e487c0 at /HUDSON/workspace/7u-2-build-linux-amd64/jdk7u45/229/hotspot/src/share/vm/prims/jvm.cpp:1244
Event: 0.108 Thread 0x00000000014b0800 Threw 0x00007fab29e524a8 at /HUDSON/workspace/7u-2-build-linux-amd64/jdk7u45/229/hotspot/src/share/vm/prims/jvm.cpp:1244
Event: 0.108 Thread 0x00000000014b0800 Threw 0x00007fab29e58af8 at /HUDSON/workspace/7u-2-build-linux-amd64/jdk7u45/229/hotspot/src/share/vm/prims/jvm.cpp:1244
Event: 0.109 Thread 0x00000000014b0800 Threw 0x00007fab29e65700 at /HUDSON/workspace/7u-2-build-linux-amd64/jdk7u45/229/hotspot/src/share/vm/prims/jvm.cpp:1244
Event: 0.110 Thread 0x00000000014b0800 Threw 0x00007fab29e73098 at /HUDSON/workspace/7u-2-build-linux-amd64/jdk7u45/229/hotspot/src/share/vm/prims/jvm.cpp:1244
Event: 0.161 Thread 0x00000000014b0800 Threw 0x00007fab2b22c418 at /HUDSON/workspace/7u-2-build-linux-amd64/jdk7u45/229/hotspot/src/share/vm/prims/jvm.cpp:1244
Event: 12.777 Thread 0x00000000014b0800 Threw 0x00007fab2c6aeec8 at /HUDSON/workspace/7u-2-build-linux-amd64/jdk7u45/229/hotspot/src/share/vm/prims/jvm.cpp:1244

Events (10 events):
Event: 12.777 Thread 0x00000000014b0800 DEOPT UNPACKING pc=0x00007fadff2f0445 sp=0x00007fae04fef680 mode 2
Event: 16.052 Executing VM operation: ParallelGCFailedAllocation
Event: 16.057 Executing VM operation: ParallelGCFailedAllocation done
Event: 16.057 loading class 0x00007fa5720f03a0
Event: 16.057 loading class 0x00007fa5720f03a0 done
Event: 16.057 Executing VM operation: RevokeBias
Event: 16.057 Executing VM operation: RevokeBias done
Event: 16.057 Executing VM operation: RevokeBias
Event: 16.057 Executing VM operation: RevokeBias done
Event: 17.237 Executing VM operation: ParallelGCFailedAllocation


Dynamic libraries:
00400000-00401000 r-xp 00000000 08:04 278121                             /usr/lib/jvm/java-7-oracle/bin/java
00600000-00601000 rw-p 00000000 08:04 278121                             /usr/lib/jvm/java-7-oracle/bin/java
014a2000-01819000 rw-p 00000000 00:00 0                                  [heap]
7fa52257d000-7fa5227c3000 rw-p 00000000 00:00 0 
7fa5227c3000-7fa5227c4000 r--s 00001000 08:04 1706264                    /home/anantoni/datomic-free-0.8.4260/lib/tools.trace-0.7.3.jar
7fa5227c4000-7fa5227c5000 r--s 00000000 08:04 1706777                    /home/anantoni/datomic-free-0.8.4260/lib/tools.namespace-0.1.0.jar
7fa5227c5000-7fa5227c6000 r--s 00001000 08:04 1707457                    /home/anantoni/datomic-free-0.8.4260/lib/tools.logging-0.2.3.jar
7fa5227c6000-7fa5227c7000 r--s 00000000 08:04 1707445                    /home/anantoni/datomic-free-0.8.4260/lib/tools.cli-0.2.2.jar
7fa5227c7000-7fa5227c9000 r--s 00008000 08:04 1707460                    /home/anantoni/datomic-free-0.8.4260/lib/tomcat-juli-7.0.27.jar
7fa5227c9000-7fa5227cb000 r--s 0001c000 08:04 1707448                    /home/anantoni/datomic-free-0.8.4260/lib/tomcat-jdbc-7.0.27.jar
7fa5227cb000-7fa5227cc000 r--s 00015000 08:04 1707451                    /home/anantoni/datomic-free-0.8.4260/lib/tagsoup-1.2.jar
7fa5227cc000-7fa5227ce000 r--s 00005000 08:04 1707434                    /home/anantoni/datomic-free-0.8.4260/lib/slf4j-api-1.7.5.jar
7fa5227ce000-7fa5227cf000 r--s 00000000 08:04 1706177                    /home/anantoni/datomic-free-0.8.4260/lib/ring-servlet-1.1.1.jar
7fa5227cf000-7fa5227d0000 r--s 00000000 08:04 1706205                    /home/anantoni/datomic-free-0.8.4260/lib/ring-jetty-adapter-1.1.1.jar
7fa5227d0000-7fa5227d1000 r--s 00001000 08:04 1706201                    /home/anantoni/datomic-free-0.8.4260/lib/ring-devel-1.1.1.jar
7fa5227d1000-7fa5227d3000 r--s 00004000 08:04 1706245                    /home/anantoni/datomic-free-0.8.4260/lib/ring-core-1.1.1.jar
7fa5227d3000-7fa5227d4000 r--s 00000000 08:04 1707455                    /home/anantoni/datomic-free-0.8.4260/lib/ring-1.1.1.jar
7fa5227d4000-7fa5227e0000 r--s 00100000 08:04 1706199                    /home/anantoni/datomic-free-0.8.4260/lib/rhino-1.7R3.jar
7fa5227e0000-7fa5227e6000 r--s 00068000 08:04 1706188                    /home/anantoni/datomic-free-0.8.4260/lib/protobuf-java-2.4.1.jar
7fa5227e6000-7fa5227e7000 r--s 00000000 08:04 1707453                    /home/anantoni/datomic-free-0.8.4260/lib/ns-tracker-0.1.1.jar
7fa5227e7000-7fa5227ff000 r--s 0010f000 08:04 1707079                    /home/anantoni/datomic-free-0.8.4260/lib/netty-3.6.6.Final.jar
7fa5227ff000-7fa522800000 r--s 00001000 08:04 1707442                    /home/anantoni/datomic-free-0.8.4260/lib/moustache-1.1.0.jar
7fa522800000-7fa522817000 r--s 0012c000 08:04 1706221                    /home/anantoni/datomic-free-0.8.4260/lib/lucene-core-3.3.0.jar
7fa522817000-7fa522821000 r--s 0005d000 08:04 1707454                    /home/anantoni/datomic-free-0.8.4260/lib/logback-core-1.0.13.jar
7fa522821000-7fa522827000 r--s 0003b000 08:04 1707459                    /home/anantoni/datomic-free-0.8.4260/lib/logback-classic-1.0.13.jar
7fa522827000-7fa522829000 r--s 00004000 08:04 1706218                    /home/anantoni/datomic-free-0.8.4260/lib/log4j-over-slf4j-1.7.5.jar
7fa522829000-7fa52282a000 r--s 00004000 08:04 1706216                    /home/anantoni/datomic-free-0.8.4260/lib/liberator-0.5.0.jar
7fa52282a000-7fa522830000 r--s 00034000 08:04 1706241                    /home/anantoni/datomic-free-0.8.4260/lib/junit-4.8.2.jar
7fa522830000-7fa522831000 r--s 00001000 08:04 1707450                    /home/anantoni/datomic-free-0.8.4260/lib/jul-to-slf4j-1.7.5.jar
7fa522831000-7fa522834000 r--s 00006000 08:04 1706248                    /home/anantoni/datomic-free-0.8.4260/lib/jsr305-1.3.9.jar
7fa522834000-7fa522836000 r--s 0000a000 08:04 1706187                    /home/anantoni/datomic-free-0.8.4260/lib/json-20090211.jar
7fa522836000-7fa522845000 r--s 0007c000 08:04 1706252                    /home/anantoni/datomic-free-0.8.4260/lib/joda-time-2.0.jar
7fa522845000-7fa522847000 r--s 00015000 08:04 1707449                    /home/anantoni/datomic-free-0.8.4260/lib/jline-win-1.0.jar
7fa522847000-7fa522848000 r--s 0000d000 08:04 1707426                    /home/anantoni/datomic-free-0.8.4260/lib/jline-0.9.9.jar
7fa522848000-7fa52284d000 r--s 00041000 08:04 1706258                    /home/anantoni/datomic-free-0.8.4260/lib/jetty-util-8.1.11.v20130520.jar
7fa52284d000-7fa52284f000 r--s 00017000 08:04 1706243                    /home/anantoni/datomic-free-0.8.4260/lib/jetty-servlet-8.1.11.v20130520.jar
7fa52284f000-7fa522855000 r--s 00051000 08:04 1707456                    /home/anantoni/datomic-free-0.8.4260/lib/jetty-server-8.1.11.v20130520.jar
7fa522855000-7fa522857000 r--s 00014000 08:04 1706238                    /home/anantoni/datomic-free-0.8.4260/lib/jetty-security-8.1.11.v20130520.jar
7fa522857000-7fa52285a000 r--s 00017000 08:04 1706736                    /home/anantoni/datomic-free-0.8.4260/lib/jetty-io-8.1.11.v20130520.jar
7fa52285a000-7fa52285c000 r--s 00016000 08:04 1706237                    /home/anantoni/datomic-free-0.8.4260/lib/jetty-http-8.1.11.v20130520.jar
7fa52285c000-7fa52285e000 r--s 00004000 08:04 1707428                    /home/anantoni/datomic-free-0.8.4260/lib/jetty-continuation-8.1.11.v20130520.jar
7fa52285e000-7fa522860000 r--s 00003000 08:04 1706206                    /home/anantoni/datomic-free-0.8.4260/lib/jcl-over-slf4j-1.7.5.jar
7fa522860000-7fa522863000 r--s 0002e000 08:04 1706222                    /home/anantoni/datomic-free-0.8.4260/lib/javax.servlet-3.0.0.v201112011016.jar
7fa522863000-7fa522864000 r--s 00000000 08:04 1707439                    /home/anantoni/datomic-free-0.8.4260/lib/java.classpath-0.1.0.jar
7fa522864000-7fa522867000 r--s 00019000 08:04 1706176                    /home/anantoni/datomic-free-0.8.4260/lib/jarjar-1.1.jar
7fa522867000-7fa522874000 r--s 00097000 08:04 1707443                    /home/anantoni/datomic-free-0.8.4260/lib/jackson-mapper-asl-1.8.9.jar
7fa522874000-7fa522878000 r--s 00034000 08:04 1706260                    /home/anantoni/datomic-free-0.8.4260/lib/jackson-core-asl-1.8.9.jar
7fa522878000-7fa522892000 r--s 00158000 08:04 1706254                    /home/anantoni/datomic-free-0.8.4260/lib/hornetq-core-2.2.21.Final.jar
7fa522892000-7fa522893000 r--s 00002000 08:04 1706212                    /home/anantoni/datomic-free-0.8.4260/lib/hiccup-1.0.1.jar
7fa522893000-7fa52289f000 r--s 0016b000 08:04 1707444                    /home/anantoni/datomic-free-0.8.4260/lib/h2-1.3.171.jar
7fa52289f000-7fa5228c8000 r--s 001ee000 08:04 1707433                    /home/anantoni/datomic-free-0.8.4260/lib/guava-14.0.1.jar
7fa5228c8000-7fa5228e7000 r--s 003bf000 08:04 1706190                    /home/anantoni/datomic-free-0.8.4260/lib/google-closure-library-0.0-1376.jar
7fa5228e7000-7fa5228e9000 r--s 0000f000 08:04 1707461                    /home/anantoni/datomic-free-0.8.4260/lib/fressian-0.6.3.jar
7fa5228e9000-7fa5228ea000 r--s 00004000 08:04 1706255                    /home/anantoni/datomic-free-0.8.4260/lib/enlive-1.0.1.jar
7fa5228ea000-7fa5228eb000 r--s 00001000 08:04 1707440                    /home/anantoni/datomic-free-0.8.4260/lib/data.json-0.1.2.jar
7fa5228eb000-7fa5228ec000 r--s 00000000 08:04 1707437                    /home/anantoni/datomic-free-0.8.4260/lib/data.csv-0.1.2.jar
7fa5228ec000-7fa5228ef000 r--s 00025000 08:04 1706253                    /home/anantoni/datomic-free-0.8.4260/lib/commons-io-2.1.jar
7fa5228ef000-7fa5228f2000 r--s 0000c000 08:04 1707446                    /home/anantoni/datomic-free-0.8.4260/lib/commons-fileupload-1.2.1.jar
7fa5228f2000-7fa5228f4000 r--s 00009000 08:04 1707441                    /home/anantoni/datomic-free-0.8.4260/lib/commons-compiler-jdk-2.6.1.jar
7fa5228f4000-7fa5228f6000 r--s 00006000 08:04 1707452                    /home/anantoni/datomic-free-0.8.4260/lib/commons-compiler-2.6.1.jar
7fa5228f6000-7fa5228f8000 r--s 0000a000 08:04 1706200                    /home/anantoni/datomic-free-0.8.4260/lib/commons-codec-1.3.jar
7fa5228f8000-7fa522929000 r--s 00304000 08:04 1706196                    /home/anantoni/datomic-free-0.8.4260/lib/closure-compiler-r1918.jar
7fa522929000-7fa52292a000 r--s 0001b000 08:04 1706247                    /home/anantoni/datomic-free-0.8.4260/lib/clojurescript-0.0-1236.jar
7fa52292a000-7fa522969000 r--s 0032d000 08:04 1707438                    /home/anantoni/datomic-free-0.8.4260/lib/clojure-1.5.1.jar
7fa522969000-7fa52296a000 r--s 00001000 08:04 1706242                    /home/anantoni/datomic-free-0.8.4260/lib/clj-time-0.3.7.jar
7fa52296a000-7fa52296b000 r--s 00001000 08:04 1706220                    /home/anantoni/datomic-free-0.8.4260/lib/clj-stacktrace-0.2.4.jar
7fa52296b000-7fa522970000 r--s 00058000 08:04 1707447                    /home/anantoni/datomic-free-0.8.4260/lib/bsh-2.1b5.jar
7fa522970000-7fa522a59000 r--s 0090a000 08:04 1706180                    /home/anantoni/datomic-free-0.8.4260/lib/aws-java-sdk-1.5.5.jar
7fa522a59000-7fa522a5b000 r--s 0000a000 08:04 1706213                    /home/anantoni/datomic-free-0.8.4260/lib/args4j-2.0.12.jar
7fa522a5b000-7fa522a9e000 r--s 0036f000 08:04 1706136                    /home/anantoni/datomic-free-0.8.4260/datomic-free-transactor-0.8.4260.jar
7fa522a9e000-7fa522aa0000 r--s 00002000 08:04 1707257                    /home/anantoni/datomic-free-0.8.4260/lib/ant-launcher-1.8.2.jar
7fa522aa0000-7fa522abe000 r--s 001bb000 08:04 1706202                    /home/anantoni/datomic-free-0.8.4260/lib/ant-1.8.2.jar
7fa522abe000-7fa522abf000 ---p 00000000 00:00 0 
7fa522abf000-7fa522bbf000 rw-p 00000000 00:00 0 
7fa522bbf000-7fa522bc2000 ---p 00000000 00:00 0 
7fa522bc2000-7fa522cc0000 rw-p 00000000 00:00 0 
7fa522cc0000-7fa522cc3000 ---p 00000000 00:00 0 
7fa522cc3000-7fa522dc1000 rw-p 00000000 00:00 0 
7fa522dc1000-7fa522dc4000 ---p 00000000 00:00 0 
7fa522dc4000-7fa522ec2000 rw-p 00000000 00:00 0 
7fa522ec2000-7fa522ec5000 ---p 00000000 00:00 0 
7fa522ec5000-7fa522fc3000 rw-p 00000000 00:00 0 
7fa522fc3000-7fa52313a000 r--p 00000000 08:04 3545383                    /usr/lib/locale/locale-archive
7fa52313a000-7fa52313d000 ---p 00000000 00:00 0 
7fa52313d000-7fa52323b000 rw-p 00000000 00:00 0 
7fa52323b000-7fa52323e000 ---p 00000000 00:00 0 
7fa52323e000-7fa52333c000 rw-p 00000000 00:00 0 
7fa52333c000-7fa52333d000 ---p 00000000 00:00 0 
7fa52333d000-7fa56c000000 rw-p 00000000 00:00 0 
7fa56c000000-7fa56c395000 rw-p 00000000 00:00 0 
7fa56c395000-7fa570000000 ---p 00000000 00:00 0 
7fa5700c5000-7fa571e97000 rw-p 00000000 00:00 0 
7fa571e97000-7fa572053000 r--s 039b2000 08:04 277934                     /usr/lib/jvm/java-7-oracle/jre/lib/rt.jar
7fa572053000-7fa5723f6000 rw-p 00000000 00:00 0 
7fa5723f6000-7fa5723f7000 ---p 00000000 00:00 0 
7fa5723f7000-7fa5724f7000 rw-p 00000000 00:00 0 
7fa5724f7000-7fa5724f8000 ---p 00000000 00:00 0 
7fa5724f8000-7fa5725f8000 rw-p 00000000 00:00 0 
7fa5725f8000-7fa5725f9000 ---p 00000000 00:00 0 
7fa5725f9000-7fa5726f9000 rw-p 00000000 00:00 0 
7fa5726f9000-7fa5726fa000 ---p 00000000 00:00 0 
7fa5726fa000-7fa5727fa000 rw-p 00000000 00:00 0 
7fa5727fa000-7fa5727fb000 ---p 00000000 00:00 0 
7fa5727fb000-7fa5728fb000 rw-p 00000000 00:00 0 
7fa5728fb000-7fa5728fc000 ---p 00000000 00:00 0 
7fa5728fc000-7fa5729fc000 rw-p 00000000 00:00 0 
7fa5729fc000-7fa5729fd000 ---p 00000000 00:00 0 
7fa5729fd000-7fa572afd000 rw-p 00000000 00:00 0 
7fa572afd000-7fa572afe000 ---p 00000000 00:00 0 
7fa572afe000-7fa572bfe000 rw-p 00000000 00:00 0 
7fa572bfe000-7fa572bff000 ---p 00000000 00:00 0 
7fa572bff000-7fa572cff000 rw-p 00000000 00:00 0 
7fa572cff000-7fa572d00000 ---p 00000000 00:00 0 
7fa572d00000-7fa575b61000 rw-p 00000000 00:00 0 
7fa575b61000-7fa575b7f000 rw-p 00000000 00:00 0 
7fa575b7f000-7fa579f80000 rw-p 00000000 00:00 0 
7fa579f80000-7fa57a000000 ---p 00000000 00:00 0 
7fa57a000000-7fa57b500000 rw-p 00000000 00:00 0 
7fa57b500000-7fa57f200000 rw-p 00000000 00:00 0 
7fa57f200000-7fadff280000 rw-p 00000000 00:00 0 
7fadff28e000-7fadff299000 rw-p 00000000 00:00 0 
7fadff299000-7fadff2b7000 rw-p 00000000 00:00 0 
7fadff2b7000-7fadff527000 rwxp 00000000 00:00 0 
7fadff527000-7fae022b7000 rw-p 00000000 00:00 0 
7fae022b7000-7fae022d1000 r-xp 00000000 08:04 262719                     /usr/lib/jvm/java-7-oracle/jre/lib/amd64/libzip.so
7fae022d1000-7fae024d1000 ---p 0001a000 08:04 262719                     /usr/lib/jvm/java-7-oracle/jre/lib/amd64/libzip.so
7fae024d1000-7fae024d2000 rw-p 0001a000 08:04 262719                     /usr/lib/jvm/java-7-oracle/jre/lib/amd64/libzip.so
7fae024d2000-7fae024dd000 r-xp 00000000 08:04 1441805                    /lib/x86_64-linux-gnu/libnss_files-2.13.so
7fae024dd000-7fae026dc000 ---p 0000b000 08:04 1441805                    /lib/x86_64-linux-gnu/libnss_files-2.13.so
7fae026dc000-7fae026dd000 r--p 0000a000 08:04 1441805                    /lib/x86_64-linux-gnu/libnss_files-2.13.so
7fae026dd000-7fae026de000 rw-p 0000b000 08:04 1441805                    /lib/x86_64-linux-gnu/libnss_files-2.13.so
7fae026de000-7fae026e8000 r-xp 00000000 08:04 1441817                    /lib/x86_64-linux-gnu/libnss_nis-2.13.so
7fae026e8000-7fae028e7000 ---p 0000a000 08:04 1441817                    /lib/x86_64-linux-gnu/libnss_nis-2.13.so
7fae028e7000-7fae028e8000 r--p 00009000 08:04 1441817                    /lib/x86_64-linux-gnu/libnss_nis-2.13.so
7fae028e8000-7fae028e9000 rw-p 0000a000 08:04 1441817                    /lib/x86_64-linux-gnu/libnss_nis-2.13.so
7fae028e9000-7fae028fe000 r-xp 00000000 08:04 1441815                    /lib/x86_64-linux-gnu/libnsl-2.13.so
7fae028fe000-7fae02afd000 ---p 00015000 08:04 1441815                    /lib/x86_64-linux-gnu/libnsl-2.13.so
7fae02afd000-7fae02afe000 r--p 00014000 08:04 1441815                    /lib/x86_64-linux-gnu/libnsl-2.13.so
7fae02afe000-7fae02aff000 rw-p 00015000 08:04 1441815                    /lib/x86_64-linux-gnu/libnsl-2.13.so
7fae02aff000-7fae02b01000 rw-p 00000000 00:00 0 
7fae02b01000-7fae02b08000 r-xp 00000000 08:04 1441807                    /lib/x86_64-linux-gnu/libnss_compat-2.13.so
7fae02b08000-7fae02d07000 ---p 00007000 08:04 1441807                    /lib/x86_64-linux-gnu/libnss_compat-2.13.so
7fae02d07000-7fae02d08000 r--p 00006000 08:04 1441807                    /lib/x86_64-linux-gnu/libnss_compat-2.13.so
7fae02d08000-7fae02d09000 rw-p 00007000 08:04 1441807                    /lib/x86_64-linux-gnu/libnss_compat-2.13.so
7fae02d09000-7fae02d32000 r-xp 00000000 08:04 262764                     /usr/lib/jvm/java-7-oracle/jre/lib/amd64/libjava.so
7fae02d32000-7fae02f32000 ---p 00029000 08:04 262764                     /usr/lib/jvm/java-7-oracle/jre/lib/amd64/libjava.so
7fae02f32000-7fae02f34000 rw-p 00029000 08:04 262764                     /usr/lib/jvm/java-7-oracle/jre/lib/amd64/libjava.so
7fae02f34000-7fae02f41000 r-xp 00000000 08:04 262746                     /usr/lib/jvm/java-7-oracle/jre/lib/amd64/libverify.so
7fae02f41000-7fae03140000 ---p 0000d000 08:04 262746                     /usr/lib/jvm/java-7-oracle/jre/lib/amd64/libverify.so
7fae03140000-7fae03142000 rw-p 0000c000 08:04 262746                     /usr/lib/jvm/java-7-oracle/jre/lib/amd64/libverify.so
7fae03142000-7fae03149000 r-xp 00000000 08:04 1441806                    /lib/x86_64-linux-gnu/librt-2.13.so
7fae03149000-7fae03348000 ---p 00007000 08:04 1441806                    /lib/x86_64-linux-gnu/librt-2.13.so
7fae03348000-7fae03349000 r--p 00006000 08:04 1441806                    /lib/x86_64-linux-gnu/librt-2.13.so
7fae03349000-7fae0334a000 rw-p 00007000 08:04 1441806                    /lib/x86_64-linux-gnu/librt-2.13.so
7fae0334a000-7fae033cb000 r-xp 00000000 08:04 1441808                    /lib/x86_64-linux-gnu/libm-2.13.so
7fae033cb000-7fae035ca000 ---p 00081000 08:04 1441808                    /lib/x86_64-linux-gnu/libm-2.13.so
7fae035ca000-7fae035cb000 r--p 00080000 08:04 1441808                    /lib/x86_64-linux-gnu/libm-2.13.so
7fae035cb000-7fae035cc000 rw-p 00081000 08:04 1441808                    /lib/x86_64-linux-gnu/libm-2.13.so
7fae035cc000-7fae0412e000 r-xp 00000000 08:04 262725                     /usr/lib/jvm/java-7-oracle/jre/lib/amd64/server/libjvm.so
7fae0412e000-7fae0432e000 ---p 00b62000 08:04 262725                     /usr/lib/jvm/java-7-oracle/jre/lib/amd64/server/libjvm.so
7fae0432e000-7fae043f1000 rw-p 00b62000 08:04 262725                     /usr/lib/jvm/java-7-oracle/jre/lib/amd64/server/libjvm.so
7fae043f1000-7fae04432000 rw-p 00000000 00:00 0 
7fae04432000-7fae045b2000 r-xp 00000000 08:04 1441811                    /lib/x86_64-linux-gnu/libc-2.13.so
7fae045b2000-7fae047b2000 ---p 00180000 08:04 1441811                    /lib/x86_64-linux-gnu/libc-2.13.so
7fae047b2000-7fae047b6000 r--p 00180000 08:04 1441811                    /lib/x86_64-linux-gnu/libc-2.13.so
7fae047b6000-7fae047b7000 rw-p 00184000 08:04 1441811                    /lib/x86_64-linux-gnu/libc-2.13.so
7fae047b7000-7fae047bc000 rw-p 00000000 00:00 0 
7fae047bc000-7fae047be000 r-xp 00000000 08:04 1441804                    /lib/x86_64-linux-gnu/libdl-2.13.so
7fae047be000-7fae049be000 ---p 00002000 08:04 1441804                    /lib/x86_64-linux-gnu/libdl-2.13.so
7fae049be000-7fae049bf000 r--p 00002000 08:04 1441804                    /lib/x86_64-linux-gnu/libdl-2.13.so
7fae049bf000-7fae049c0000 rw-p 00003000 08:04 1441804                    /lib/x86_64-linux-gnu/libdl-2.13.so
7fae049c0000-7fae049d6000 r-xp 00000000 08:04 279625                     /usr/lib/jvm/java-7-oracle/lib/amd64/jli/libjli.so
7fae049d6000-7fae04bd6000 ---p 00016000 08:04 279625                     /usr/lib/jvm/java-7-oracle/lib/amd64/jli/libjli.so
7fae04bd6000-7fae04bd7000 rw-p 00016000 08:04 279625                     /usr/lib/jvm/java-7-oracle/lib/amd64/jli/libjli.so
7fae04bd7000-7fae04bee000 r-xp 00000000 08:04 1441801                    /lib/x86_64-linux-gnu/libpthread-2.13.so
7fae04bee000-7fae04ded000 ---p 00017000 08:04 1441801                    /lib/x86_64-linux-gnu/libpthread-2.13.so
7fae04ded000-7fae04dee000 r--p 00016000 08:04 1441801                    /lib/x86_64-linux-gnu/libpthread-2.13.so
7fae04dee000-7fae04def000 rw-p 00017000 08:04 1441801                    /lib/x86_64-linux-gnu/libpthread-2.13.so
7fae04def000-7fae04df3000 rw-p 00000000 00:00 0 
7fae04df3000-7fae04e13000 r-xp 00000000 08:04 1441814                    /lib/x86_64-linux-gnu/ld-2.13.so
7fae04e30000-7fae04e3a000 rw-p 00000000 00:00 0 
7fae04e3a000-7fae04ef0000 rw-p 00000000 00:00 0 
7fae04ef0000-7fae04ef3000 ---p 00000000 00:00 0 
7fae04ef3000-7fae04ff5000 rw-p 00000000 00:00 0 
7fae05006000-7fae0500e000 rw-s 00000000 08:04 2359452                    /tmp/hsperfdata_anantoni/5902
7fae0500e000-7fae0500f000 rw-p 00000000 00:00 0 
7fae0500f000-7fae05010000 ---p 00000000 00:00 0 
7fae05010000-7fae05012000 rw-p 00000000 00:00 0 
7fae05012000-7fae05013000 r--p 0001f000 08:04 1441814                    /lib/x86_64-linux-gnu/ld-2.13.so
7fae05013000-7fae05014000 rw-p 00020000 08:04 1441814                    /lib/x86_64-linux-gnu/ld-2.13.so
7fae05014000-7fae05015000 rw-p 00000000 00:00 0 
7fff7133d000-7fff7135f000 rw-p 00000000 00:00 0                          [stack]
7fff713ff000-7fff71400000 r-xp 00000000 00:00 0                          [vdso]
ffffffffff600000-ffffffffff601000 r-xp 00000000 00:00 0                  [vsyscall]

VM Arguments:
jvm_args: -Dfile.encoding=UTF-8 -Xms34g 
java_command: main.MyPointerAnalysis
Launcher Type: SUN_STANDARD

Environment Variables:
JAVA_HOME=/usr/lib/jvm/java-7-oracle
PATH=/usr/local/bin:/usr/bin:/bin:/usr/local/games:/usr/games:/usr/lib/jvm/java-7-oracle/bin:/usr/lib/jvm/java-7-oracle/db/bin:/usr/lib/jvm/java-7-oracle/jre/bin
USERNAME=anantoni
LD_LIBRARY_PATH=/usr/lib/jvm/java-7-oracle/jre/lib/amd64:/usr/lib/jvm/java-7-oracle/jre/lib/i386:
SHELL=/bin/bash
DISPLAY=:0.0

Signal Handlers:
SIGSEGV: [libjvm.so+0x9935b0], sa_mask[0]=0x7ffbfeff, sa_flags=0x10000004
SIGBUS: [libjvm.so+0x9935b0], sa_mask[0]=0x7ffbfeff, sa_flags=0x10000004
SIGFPE: [libjvm.so+0x810330], sa_mask[0]=0x7ffbfeff, sa_flags=0x10000004
SIGPIPE: [libjvm.so+0x810330], sa_mask[0]=0x7ffbfeff, sa_flags=0x10000004
SIGXFSZ: [libjvm.so+0x810330], sa_mask[0]=0x7ffbfeff, sa_flags=0x10000004
SIGILL: [libjvm.so+0x810330], sa_mask[0]=0x7ffbfeff, sa_flags=0x10000004
SIGUSR1: SIG_DFL, sa_mask[0]=0x00000000, sa_flags=0x00000000
SIGUSR2: [libjvm.so+0x811820], sa_mask[0]=0x00000004, sa_flags=0x10000004
SIGHUP: [libjvm.so+0x812790], sa_mask[0]=0x7ffbfeff, sa_flags=0x10000004
SIGINT: SIG_IGN, sa_mask[0]=0x00000000, sa_flags=0x00000000
SIGTERM: [libjvm.so+0x812790], sa_mask[0]=0x7ffbfeff, sa_flags=0x10000004
SIGQUIT: [libjvm.so+0x812790], sa_mask[0]=0x7ffbfeff, sa_flags=0x10000004


---------------  S Y S T E M  ---------------

OS:7.2

uname:Linux 3.2.0-4-amd64 #1 SMP Debian 3.2.51-1 x86_64
libc:glibc 2.13 NPTL 2.13 
rlimit: STACK 8192k, CORE 0k, NPROC 128116, NOFILE 4096, AS infinity
load average:1.02 0.54 1.57

/proc/meminfo:
MemTotal:       16411040 kB
MemFree:         3656276 kB
Buffers:           73404 kB
Cached:          2585292 kB
SwapCached:       114548 kB
Active:         10621192 kB
Inactive:        1898804 kB
Active(anon):    9139348 kB
Inactive(anon):   732772 kB
Active(file):    1481844 kB
Inactive(file):  1166032 kB
Unevictable:           0 kB
Mlocked:               0 kB
SwapTotal:      32193528 kB
SwapFree:       31887644 kB
Dirty:                84 kB
Writeback:             0 kB
AnonPages:       9806884 kB
Mapped:            45356 kB
Shmem:             10808 kB
Slab:             120768 kB
SReclaimable:      90656 kB
SUnreclaim:        30112 kB
KernelStack:        3256 kB
PageTables:        35920 kB
NFS_Unstable:          0 kB
Bounce:                0 kB
WritebackTmp:          0 kB
CommitLimit:    40399048 kB
Committed_AS:   39190216 kB
VmallocTotal:   34359738367 kB
VmallocUsed:      345352 kB
VmallocChunk:   34359390344 kB
HardwareCorrupted:     0 kB
AnonHugePages:         0 kB
HugePages_Total:       0
HugePages_Free:        0
HugePages_Rsvd:        0
HugePages_Surp:        0
Hugepagesize:       2048 kB
DirectMap4k:      215040 kB
DirectMap2M:    14432256 kB
DirectMap1G:     2097152 kB


CPU:total 12 (6 cores per cpu, 2 threads per core) family 6 model 45 stepping 6, cmov, cx8, fxsr, mmx, sse, sse2, sse3, ssse3, sse4.1, sse4.2, popcnt, avx, aes, ht, tsc, tscinvbit, tscinv

/proc/cpuinfo:
processor	: 0
vendor_id	: GenuineIntel
cpu family	: 6
model		: 45
model name	: 06/2d
stepping	: 6
microcode	: 0x616
cpu MHz		: 1200.000
cache size	: 15360 KB
physical id	: 0
siblings	: 12
core id		: 0
cpu cores	: 6
apicid		: 0
initial apicid	: 0
fpu		: yes
fpu_exception	: yes
cpuid level	: 13
wp		: yes
flags		: fpu vme de pse tsc msr pae mce cx8 apic sep mtrr pge mca cmov pat pse36 clflush dts acpi mmx fxsr sse sse2 ss ht tm pbe syscall nx pdpe1gb rdtscp lm constant_tsc arch_perfmon pebs bts rep_good nopl xtopology nonstop_tsc aperfmperf pni pclmulqdq dtes64 monitor ds_cpl vmx est tm2 ssse3 cx16 xtpr pdcm pcid dca sse4_1 sse4_2 x2apic popcnt tsc_deadline_timer aes xsave avx lahf_lm ida arat epb xsaveopt pln pts dtherm tpr_shadow vnmi flexpriority ept vpid
bogomips	: 6599.30
clflush size	: 64
cache_alignment	: 64
address sizes	: 46 bits physical, 48 bits virtual
power management:

processor	: 1
vendor_id	: GenuineIntel
cpu family	: 6
model		: 45
model name	: 06/2d
stepping	: 6
microcode	: 0x616
cpu MHz		: 1200.000
cache size	: 15360 KB
physical id	: 0
siblings	: 12
core id		: 1
cpu cores	: 6
apicid		: 2
initial apicid	: 2
fpu		: yes
fpu_exception	: yes
cpuid level	: 13
wp		: yes
flags		: fpu vme de pse tsc msr pae mce cx8 apic sep mtrr pge mca cmov pat pse36 clflush dts acpi mmx fxsr sse sse2 ss ht tm pbe syscall nx pdpe1gb rdtscp lm constant_tsc arch_perfmon pebs bts rep_good nopl xtopology nonstop_tsc aperfmperf pni pclmulqdq dtes64 monitor ds_cpl vmx est tm2 ssse3 cx16 xtpr pdcm pcid dca sse4_1 sse4_2 x2apic popcnt tsc_deadline_timer aes xsave avx lahf_lm ida arat epb xsaveopt pln pts dtherm tpr_shadow vnmi flexpriority ept vpid
bogomips	: 6599.78
clflush size	: 64
cache_alignment	: 64
address sizes	: 46 bits physical, 48 bits virtual
power management:

processor	: 2
vendor_id	: GenuineIntel
cpu family	: 6
model		: 45
model name	: 06/2d
stepping	: 6
microcode	: 0x616
cpu MHz		: 3301.000
cache size	: 15360 KB
physical id	: 0
siblings	: 12
core id		: 2
cpu cores	: 6
apicid		: 4
initial apicid	: 4
fpu		: yes
fpu_exception	: yes
cpuid level	: 13
wp		: yes
flags		: fpu vme de pse tsc msr pae mce cx8 apic sep mtrr pge mca cmov pat pse36 clflush dts acpi mmx fxsr sse sse2 ss ht tm pbe syscall nx pdpe1gb rdtscp lm constant_tsc arch_perfmon pebs bts rep_good nopl xtopology nonstop_tsc aperfmperf pni pclmulqdq dtes64 monitor ds_cpl vmx est tm2 ssse3 cx16 xtpr pdcm pcid dca sse4_1 sse4_2 x2apic popcnt tsc_deadline_timer aes xsave avx lahf_lm ida arat epb xsaveopt pln pts dtherm tpr_shadow vnmi flexpriority ept vpid
bogomips	: 6599.78
clflush size	: 64
cache_alignment	: 64
address sizes	: 46 bits physical, 48 bits virtual
power management:

processor	: 3
vendor_id	: GenuineIntel
cpu family	: 6
model		: 45
model name	: 06/2d
stepping	: 6
microcode	: 0x616
cpu MHz		: 1200.000
cache size	: 15360 KB
physical id	: 0
siblings	: 12
core id		: 3
cpu cores	: 6
apicid		: 6
initial apicid	: 6
fpu		: yes
fpu_exception	: yes
cpuid level	: 13
wp		: yes
flags		: fpu vme de pse tsc msr pae mce cx8 apic sep mtrr pge mca cmov pat pse36 clflush dts acpi mmx fxsr sse sse2 ss ht tm pbe syscall nx pdpe1gb rdtscp lm constant_tsc arch_perfmon pebs bts rep_good nopl xtopology nonstop_tsc aperfmperf pni pclmulqdq dtes64 monitor ds_cpl vmx est tm2 ssse3 cx16 xtpr pdcm pcid dca sse4_1 sse4_2 x2apic popcnt tsc_deadline_timer aes xsave avx lahf_lm ida arat epb xsaveopt pln pts dtherm tpr_shadow vnmi flexpriority ept vpid
bogomips	: 6599.78
clflush size	: 64
cache_alignment	: 64
address sizes	: 46 bits physical, 48 bits virtual
power management:

processor	: 4
vendor_id	: GenuineIntel
cpu family	: 6
model		: 45
model name	: 06/2d
stepping	: 6
microcode	: 0x616
cpu MHz		: 1200.000
cache size	: 15360 KB
physical id	: 0
siblings	: 12
core id		: 4
cpu cores	: 6
apicid		: 8
initial apicid	: 8
fpu		: yes
fpu_exception	: yes
cpuid level	: 13
wp		: yes
flags		: fpu vme de pse tsc msr pae mce cx8 apic sep mtrr pge mca cmov pat pse36 clflush dts acpi mmx fxsr sse sse2 ss ht tm pbe syscall nx pdpe1gb rdtscp lm constant_tsc arch_perfmon pebs bts rep_good nopl xtopology nonstop_tsc aperfmperf pni pclmulqdq dtes64 monitor ds_cpl vmx est tm2 ssse3 cx16 xtpr pdcm pcid dca sse4_1 sse4_2 x2apic popcnt tsc_deadline_timer aes xsave avx lahf_lm ida arat epb xsaveopt pln pts dtherm tpr_shadow vnmi flexpriority ept vpid
bogomips	: 6599.78
clflush size	: 64
cache_alignment	: 64
address sizes	: 46 bits physical, 48 bits virtual
power management:

processor	: 5
vendor_id	: GenuineIntel
cpu family	: 6
model		: 45
model name	: 06/2d
stepping	: 6
microcode	: 0x616
cpu MHz		: 3301.000
cache size	: 15360 KB
physical id	: 0
siblings	: 12
core id		: 5
cpu cores	: 6
apicid		: 10
initial apicid	: 10
fpu		: yes
fpu_exception	: yes
cpuid level	: 13
wp		: yes
flags		: fpu vme de pse tsc msr pae mce cx8 apic sep mtrr pge mca cmov pat pse36 clflush dts acpi mmx fxsr sse sse2 ss ht tm pbe syscall nx pdpe1gb rdtscp lm constant_tsc arch_perfmon pebs bts rep_good nopl xtopology nonstop_tsc aperfmperf pni pclmulqdq dtes64 monitor ds_cpl vmx est tm2 ssse3 cx16 xtpr pdcm pcid dca sse4_1 sse4_2 x2apic popcnt tsc_deadline_timer aes xsave avx lahf_lm ida arat epb xsaveopt pln pts dtherm tpr_shadow vnmi flexpriority ept vpid
bogomips	: 6599.78
clflush size	: 64
cache_alignment	: 64
address sizes	: 46 bits physical, 48 bits virtual
power management:

processor	: 6
vendor_id	: GenuineIntel
cpu family	: 6
model		: 45
model name	: 06/2d
stepping	: 6
microcode	: 0x616
cpu MHz		: 1200.000
cache size	: 15360 KB
physical id	: 0
siblings	: 12
core id		: 0
cpu cores	: 6
apicid		: 1
initial apicid	: 1
fpu		: yes
fpu_exception	: yes
cpuid level	: 13
wp		: yes
flags		: fpu vme de pse tsc msr pae mce cx8 apic sep mtrr pge mca cmov pat pse36 clflush dts acpi mmx fxsr sse sse2 ss ht tm pbe syscall nx pdpe1gb rdtscp lm constant_tsc arch_perfmon pebs bts rep_good nopl xtopology nonstop_tsc aperfmperf pni pclmulqdq dtes64 monitor ds_cpl vmx est tm2 ssse3 cx16 xtpr pdcm pcid dca sse4_1 sse4_2 x2apic popcnt tsc_deadline_timer aes xsave avx lahf_lm ida arat epb xsaveopt pln pts dtherm tpr_shadow vnmi flexpriority ept vpid
bogomips	: 6599.78
clflush size	: 64
cache_alignment	: 64
address sizes	: 46 bits physical, 48 bits virtual
power management:

processor	: 7
vendor_id	: GenuineIntel
cpu family	: 6
model		: 45
model name	: 06/2d
stepping	: 6
microcode	: 0x616
cpu MHz		: 1200.000
cache size	: 15360 KB
physical id	: 0
siblings	: 12
core id		: 1
cpu cores	: 6
apicid		: 3
initial apicid	: 3
fpu		: yes
fpu_exception	: yes
cpuid level	: 13
wp		: yes
flags		: fpu vme de pse tsc msr pae mce cx8 apic sep mtrr pge mca cmov pat pse36 clflush dts acpi mmx fxsr sse sse2 ss ht tm pbe syscall nx pdpe1gb rdtscp lm constant_tsc arch_perfmon pebs bts rep_good nopl xtopology nonstop_tsc aperfmperf pni pclmulqdq dtes64 monitor ds_cpl vmx est tm2 ssse3 cx16 xtpr pdcm pcid dca sse4_1 sse4_2 x2apic popcnt tsc_deadline_timer aes xsave avx lahf_lm ida arat epb xsaveopt pln pts dtherm tpr_shadow vnmi flexpriority ept vpid
bogomips	: 6599.77
clflush size	: 64
cache_alignment	: 64
address sizes	: 46 bits physical, 48 bits virtual
power management:

processor	: 8
vendor_id	: GenuineIntel
cpu family	: 6
model		: 45
model name	: 06/2d
stepping	: 6
microcode	: 0x616
cpu MHz		: 1200.000
cache size	: 15360 KB
physical id	: 0
siblings	: 12
core id		: 2
cpu cores	: 6
apicid		: 5
initial apicid	: 5
fpu		: yes
fpu_exception	: yes
cpuid level	: 13
wp		: yes
flags		: fpu vme de pse tsc msr pae mce cx8 apic sep mtrr pge mca cmov pat pse36 clflush dts acpi mmx fxsr sse sse2 ss ht tm pbe syscall nx pdpe1gb rdtscp lm constant_tsc arch_perfmon pebs bts rep_good nopl xtopology nonstop_tsc aperfmperf pni pclmulqdq dtes64 monitor ds_cpl vmx est tm2 ssse3 cx16 xtpr pdcm pcid dca sse4_1 sse4_2 x2apic popcnt tsc_deadline_timer aes xsave avx lahf_lm ida arat epb xsaveopt pln pts dtherm tpr_shadow vnmi flexpriority ept vpid
bogomips	: 6599.78
clflush size	: 64
cache_alignment	: 64
address sizes	: 46 bits physical, 48 bits virtual
power management:

processor	: 9
vendor_id	: GenuineIntel
cpu family	: 6
model		: 45
model name	: 06/2d
stepping	: 6
microcode	: 0x616
cpu MHz		: 3301.000
cache size	: 15360 KB
physical id	: 0
siblings	: 12
core id		: 3
cpu cores	: 6
apicid		: 7
initial apicid	: 7
fpu		: yes
fpu_exception	: yes
cpuid level	: 13
wp		: yes
flags		: fpu vme de pse tsc msr pae mce cx8 apic sep mtrr pge mca cmov pat pse36 clflush dts acpi mmx fxsr sse sse2 ss ht tm pbe syscall nx pdpe1gb rdtscp lm constant_tsc arch_perfmon pebs bts rep_good nopl xtopology nonstop_tsc aperfmperf pni pclmulqdq dtes64 monitor ds_cpl vmx est tm2 ssse3 cx16 xtpr pdcm pcid dca sse4_1 sse4_2 x2apic popcnt tsc_deadline_timer aes xsave avx lahf_lm ida arat epb xsaveopt pln pts dtherm tpr_shadow vnmi flexpriority ept vpid
bogomips	: 6599.78
clflush size	: 64
cache_alignment	: 64
address sizes	: 46 bits physical, 48 bits virtual
power management:

processor	: 10
vendor_id	: GenuineIntel
cpu family	: 6
model		: 45
model name	: 06/2d
stepping	: 6
microcode	: 0x616
cpu MHz		: 3301.000
cache size	: 15360 KB
physical id	: 0
siblings	: 12
core id		: 4
cpu cores	: 6
apicid		: 9
initial apicid	: 9
fpu		: yes
fpu_exception	: yes
cpuid level	: 13
wp		: yes
flags		: fpu vme de pse tsc msr pae mce cx8 apic sep mtrr pge mca cmov pat pse36 clflush dts acpi mmx fxsr sse sse2 ss ht tm pbe syscall nx pdpe1gb rdtscp lm constant_tsc arch_perfmon pebs bts rep_good nopl xtopology nonstop_tsc aperfmperf pni pclmulqdq dtes64 monitor ds_cpl vmx est tm2 ssse3 cx16 xtpr pdcm pcid dca sse4_1 sse4_2 x2apic popcnt tsc_deadline_timer aes xsave avx lahf_lm ida arat epb xsaveopt pln pts dtherm tpr_shadow vnmi flexpriority ept vpid
bogomips	: 6599.78
clflush size	: 64
cache_alignment	: 64
address sizes	: 46 bits physical, 48 bits virtual
power management:

processor	: 11
vendor_id	: GenuineIntel
cpu family	: 6
model		: 45
model name	: 06/2d
stepping	: 6
microcode	: 0x616
cpu MHz		: 1200.000
cache size	: 15360 KB
physical id	: 0
siblings	: 12
core id		: 5
cpu cores	: 6
apicid		: 11
initial apicid	: 11
fpu		: yes
fpu_exception	: yes
cpuid level	: 13
wp		: yes
flags		: fpu vme de pse tsc msr pae mce cx8 apic sep mtrr pge mca cmov pat pse36 clflush dts acpi mmx fxsr sse sse2 ss ht tm pbe syscall nx pdpe1gb rdtscp lm constant_tsc arch_perfmon pebs bts rep_good nopl xtopology nonstop_tsc aperfmperf pni pclmulqdq dtes64 monitor ds_cpl vmx est tm2 ssse3 cx16 xtpr pdcm pcid dca sse4_1 sse4_2 x2apic popcnt tsc_deadline_timer aes xsave avx lahf_lm ida arat epb xsaveopt pln pts dtherm tpr_shadow vnmi flexpriority ept vpid
bogomips	: 6599.77
clflush size	: 64
cache_alignment	: 64
address sizes	: 46 bits physical, 48 bits virtual
power management:



Memory: 4k page, physical 16411040k(3656276k free), swap 32193528k(31887644k free)

vm_info: Java HotSpot(TM) 64-Bit Server VM (24.45-b08) for linux-amd64 JRE (1.7.0_45-b18), built on Oct  8 2013 05:44:25 by "java_re" with gcc 4.3.0 20080428 (Red Hat 4.3.0-8)

time: Mon Nov 18 00:46:17 2013
elapsed time: 17 seconds

