#
# A fatal error has been detected by the Java Runtime Environment:
#
#  SIGSEGV (0xb) at pc=0x0000000000000000, pid=21112, tid=139841619658496
#
# JRE version: 7.0_25-b15
# Java VM: Java HotSpot(TM) 64-Bit Server VM (23.25-b01 mixed mode linux-amd64 compressed oops)
# Problematic frame:
# C  0x0000000000000000
#
# Failed to write core dump. Core dumps have been disabled. To enable core dumping, try "ulimit -c unlimited" before starting Java again
#
# If you would like to submit a bug report, please visit:
#   http://bugreport.sun.com/bugreport/crash.jsp
#

---------------  T H R E A D  ---------------

Current thread (0x00007f2ee400b000):  JavaThread "main" [_thread_in_Java, id=21116, stack(0x00007f2eea108000,0x00007f2f6a109000)]

siginfo:si_signo=SIGSEGV: si_errno=0, si_code=1 (SEGV_MAPERR), si_addr=0x0000000000000000

Registers:
RAX=0x0000000000000000, RBX=0x00000006bae154d8, RCX=0x0000000795560da0, RDX=0x000000000c800001
RSP=0x00007f2f6a1069e0, RBP=0x00007f2f6a106a30, RSI=0x0000000000000001, RDI=0x00007f2ee400b000
R8 =0x00007f2ee403bb30, R9 =0x0000000000005400, R10=0x00007f2f6b0fcde0, R11=0x00007f2f6a69fad0
R12=0x0000000000000000, R13=0x00007f2f6a1069e8, R14=0x00007f2f6a106a38, R15=0x00007f2ee400b000
RIP=0x0000000000000000, EFLAGS=0x0000000000010246, CSGSFS=0x0000000000000033, ERR=0x0000000000000014
  TRAPNO=0x000000000000000e

Top of Stack: (sp=0x00007f2f6a1069e0)
0x00007f2f6a1069e0:   00007f2ee1006450 0000000795560da0
0x00007f2f6a1069f0:   00007f2f6a1069f0 00000006bae248fb
0x00007f2f6a106a00:   00007f2f6a106a38 00000006baeaceb8
0x00007f2f6a106a10:   0000000000000000 00000006bae24938
0x00007f2f6a106a20:   00007f2f6a1069e8 00007f2f6a106a40
0x00007f2f6a106a30:   00007f2f6a106aa0 00007f2ee100050d
0x00007f2f6a106a40:   00007f2f00001fa0 00007f2f6a106c30
0x00007f2f6a106a50:   00007f2f6a106b20 00007f2f6a106bb0
0x00007f2f6a106a60:   00007f2ee400b000 00007f2ee400c0b8
0x00007f2f6a106a70:   00007f2f6a106ae0 00007f2f6a106c38
0x00007f2f6a106a80:   00007f2e0000000a 00000006bae24938
0x00007f2f6a106a90:   00007f2ee1010f40 00007f2f6a106bb8
0x00007f2f6a106aa0:   00007f2f6a106b80 00007f2f6a954d35
0x00007f2f6a106ab0:   0000000000000000 00007f2ee400b000
0x00007f2f6a106ac0:   00007f2ee4054b60 00007f2f6a106ae0
0x00007f2f6a106ad0:   00007f2ee1010f40 00007f2f0000000a
0x00007f2f6a106ae0:   00007f2ee400b000 00007f2ee409e910
0x00007f2f6a106af0:   00000006bae24938 0000000000000000
0x00007f2f6a106b00:   00007f2f6a107420 00007f2ee1012d62
0x00007f2f6a106b10:   00007f2f6a107470 00007f2f6a106c30
0x00007f2f6a106b20:   00007f2ee400b000 00007f2ee4008910
0x00007f2f6a106b30:   00007f2ee400bf00 00007f2ee400c0c0
0x00007f2f6a106b40:   00007f2ee400c2e8 00007f2f6a106d50
0x00007f2f6a106b50:   00007f2ee40379f0 00000006bae24938
0x00007f2f6a106b60:   00007f2ee400b000 00007f2f6a106ce0
0x00007f2f6a106b70:   00000006bae02db0 00007f2f6a106c60
0x00007f2f6a106b80:   00007f2f6a106ba0 00007f2f6a953858
0x00007f2f6a106b90:   00000006bae24938 00007f2ee400c0b8
0x00007f2f6a106ba0:   00007f2f6a106c50 00007f2f6a9171ea
0x00007f2f6a106bb0:   00007f2f6a106ce0 00007f2f6a106bf0
0x00007f2f6a106bc0:   00007fff2c708d01 0000000000000000
0x00007f2f6a106bd0:   000000016a106c20 00007f2f6a106c10 

Instructions: (pc=0x0000000000000000)
0xffffffffffffffe0:   

Register to memory mapping:

RAX=0x0000000000000000 is an unknown value
RBX=0x00000006bae154d8 is an oop
{method} 
 - klass: {other class}
RCX=0x0000000795560da0 is an oop
java.lang.Class 
 - klass: 'java/lang/Class'
RDX=0x000000000c800001 is an unknown value
RSP=0x00007f2f6a1069e0 is pointing into the stack for thread: 0x00007f2ee400b000
RBP=0x00007f2f6a106a30 is pointing into the stack for thread: 0x00007f2ee400b000
RSI=0x0000000000000001 is an unknown value
RDI=0x00007f2ee400b000 is a thread
R8 =0x00007f2ee403bb30 is an unknown value
R9 =0x0000000000005400 is an unknown value
R10=0x00007f2f6b0fcde0: <offset 0xcf5de0> in /usr/lib/jvm/java-7-oracle/jre/lib/amd64/server/libjvm.so at 0x00007f2f6a407000
R11=0x00007f2f6a69fad0: <offset 0x298ad0> in /usr/lib/jvm/java-7-oracle/jre/lib/amd64/server/libjvm.so at 0x00007f2f6a407000
R12=0x0000000000000000 is an unknown value
R13=0x00007f2f6a1069e8 is pointing into the stack for thread: 0x00007f2ee400b000
R14=0x00007f2f6a106a38 is pointing into the stack for thread: 0x00007f2ee400b000
R15=0x00007f2ee400b000 is a thread


Stack: [0x00007f2eea108000,0x00007f2f6a109000],  sp=0x00007f2f6a1069e0,  free space=2097146k

---------------  P R O C E S S  ---------------

Java Threads: ( => current thread )
=>0x00007f2ee400b000 JavaThread "main" [_thread_in_Java, id=21116, stack(0x00007f2eea108000,0x00007f2f6a109000)]

Other Threads:
  0x00007f2ee409d000 VMThread [stack: 0x00007f2ed8024000,0x00007f2ed8125000] [id=21125]

VM state:not at safepoint (normal execution)

VM Mutex/Monitor currently owned by a thread: None

Heap
 PSYoungGen      total 27584K, used 473K [0x0000000795560000, 0x0000000797420000, 0x0000000800000000)
  eden space 23680K, 2% used [0x0000000795560000,0x00000007955d66d0,0x0000000796c80000)
  from space 3904K, 0% used [0x0000000797050000,0x0000000797050000,0x0000000797420000)
  to   space 3904K, 0% used [0x0000000796c80000,0x0000000796c80000,0x0000000797050000)
 ParOldGen       total 62976K, used 0K [0x00000006c0000000, 0x00000006c3d80000, 0x0000000795560000)
  object space 62976K, 0% used [0x00000006c0000000,0x00000006c0000000,0x00000006c3d80000)
 PSPermGen       total 21248K, used 830K [0x00000006bae00000, 0x00000006bc2c0000, 0x00000006c0000000)
  object space 21248K, 3% used [0x00000006bae00000,0x00000006baecfb80,0x00000006bc2c0000)

Card table byte_map: [0x00007f2ee864a000,0x00007f2ee9074000] byte_map_base: 0x00007f2ee5073000

Polling page: 0x00007f2f6bd28000

Code Cache  [0x00007f2ee1000000, 0x00007f2ee1270000, 0x00007f2ee4000000)
 total_blobs=61 nmethods=0 adapters=37 free_code_cache=48825Kb largest_free_block=49997056

Compilation events (0 events):
No events

GC Heap History (0 events):
No events

Deoptimization events (0 events):
No events

Internal exceptions (0 events):
No events

Events (10 events):
Event: 0.014 loading class 0x00007f2ee4035970 done
Event: 0.014 loading class 0x00007f2ee4035940 done
Event: 0.014 loading class 0x00007f2ee406cb40
Event: 0.014 loading class 0x00007f2ee406cb40 done
Event: 0.014 loading class 0x00007f2ee4068eb0
Event: 0.014 loading class 0x00007f2ee4068eb0 done
Event: 0.014 loading class 0x00007f2ee4078360
Event: 0.014 loading class 0x00007f2ee4078360 done
Event: 0.014 loading class 0x00007f2ee4078090
Event: 0.014 loading class 0x00007f2ee4078090 done


Dynamic libraries:
00400000-00401000 r-xp 00000000 08:01 12725529                           /usr/lib/jvm/java-7-oracle/bin/java
00600000-00601000 rw-p 00000000 08:01 12725529                           /usr/lib/jvm/java-7-oracle/bin/java
02477000-02498000 rw-p 00000000 00:00 0                                  [heap]
6bae00000-6bc2c0000 rw-p 00000000 00:00 0 
6bc2c0000-6c0000000 rw-p 00000000 00:00 0 
6c0000000-6c3d80000 rw-p 00000000 00:00 0 
6c3d80000-795560000 rw-p 00000000 00:00 0 
795560000-797420000 rw-p 00000000 00:00 0 
797420000-800000000 rw-p 00000000 00:00 0 
7f2e99d70000-7f2ea4000000 rw-p 00000000 00:00 0 
7f2ea4000000-7f2ea4021000 rw-p 00000000 00:00 0 
7f2ea4021000-7f2ea8000000 ---p 00000000 00:00 0 
7f2ea8000000-7f2ea8021000 rw-p 00000000 00:00 0 
7f2ea8021000-7f2eac000000 ---p 00000000 00:00 0 
7f2eac000000-7f2eac021000 rw-p 00000000 00:00 0 
7f2eac021000-7f2eb0000000 ---p 00000000 00:00 0 
7f2eb4000000-7f2eb4021000 rw-p 00000000 00:00 0 
7f2eb4021000-7f2eb8000000 ---p 00000000 00:00 0 
7f2ebc000000-7f2ebc021000 rw-p 00000000 00:00 0 
7f2ebc021000-7f2ec0000000 ---p 00000000 00:00 0 
7f2ec4000000-7f2ec4021000 rw-p 00000000 00:00 0 
7f2ec4021000-7f2ec8000000 ---p 00000000 00:00 0 
7f2ecc000000-7f2ecc021000 rw-p 00000000 00:00 0 
7f2ecc021000-7f2ed0000000 ---p 00000000 00:00 0 
7f2ed4000000-7f2ed4021000 rw-p 00000000 00:00 0 
7f2ed4021000-7f2ed8000000 ---p 00000000 00:00 0 
7f2ed8024000-7f2ed8025000 ---p 00000000 00:00 0 
7f2ed8025000-7f2edc000000 rw-p 00000000 00:00 0                          [stack:21125]
7f2edc000000-7f2edc021000 rw-p 00000000 00:00 0 
7f2edc021000-7f2ee0000000 ---p 00000000 00:00 0 
7f2ee000d000-7f2ee0596000 rw-p 00000000 00:00 0 
7f2ee0596000-7f2ee0753000 r--s 039f9000 08:01 12982616                   /usr/lib/jvm/java-7-oracle/jre/lib/rt.jar
7f2ee0753000-7f2ee0754000 ---p 00000000 00:00 0 
7f2ee0754000-7f2ee0854000 rw-p 00000000 00:00 0                          [stack:21124]
7f2ee0854000-7f2ee0855000 ---p 00000000 00:00 0 
7f2ee0855000-7f2ee0974000 rw-p 00000000 00:00 0                          [stack:21123]
7f2ee0974000-7f2ee1000000 rw-p 00000000 00:00 0 
7f2ee1000000-7f2ee1270000 rwxp 00000000 00:00 0 
7f2ee1270000-7f2ee40a7000 rw-p 00000000 00:00 0 
7f2ee40a7000-7f2ee8000000 ---p 00000000 00:00 0 
7f2ee8002000-7f2ee8044000 rw-p 00000000 00:00 0 
7f2ee8044000-7f2ee8045000 ---p 00000000 00:00 0 
7f2ee8045000-7f2ee8145000 rw-p 00000000 00:00 0                          [stack:21122]
7f2ee8145000-7f2ee8146000 ---p 00000000 00:00 0 
7f2ee8146000-7f2ee8246000 rw-p 00000000 00:00 0                          [stack:21121]
7f2ee8246000-7f2ee8247000 ---p 00000000 00:00 0 
7f2ee8247000-7f2ee8347000 rw-p 00000000 00:00 0                          [stack:21120]
7f2ee8347000-7f2ee8348000 ---p 00000000 00:00 0 
7f2ee8348000-7f2ee8448000 rw-p 00000000 00:00 0                          [stack:21119]
7f2ee8448000-7f2ee8449000 ---p 00000000 00:00 0 
7f2ee8449000-7f2ee8549000 rw-p 00000000 00:00 0                          [stack:21118]
7f2ee8549000-7f2ee854a000 ---p 00000000 00:00 0 
7f2ee854a000-7f2ee8655000 rw-p 00000000 00:00 0                          [stack:21117]
7f2ee8655000-7f2ee8673000 rw-p 00000000 00:00 0 
7f2ee8673000-7f2ee8692000 rw-p 00000000 00:00 0 
7f2ee8692000-7f2ee8d1d000 rw-p 00000000 00:00 0 
7f2ee8d1d000-7f2ee8d2e000 rw-p 00000000 00:00 0 
7f2ee8d2e000-7f2ee9073000 rw-p 00000000 00:00 0 
7f2ee9073000-7f2ee9074000 rw-p 00000000 00:00 0 
7f2ee9074000-7f2ee908f000 r-xp 00000000 08:01 14815379                   /usr/lib/jvm/java-7-oracle/jre/lib/amd64/libzip.so
7f2ee908f000-7f2ee928e000 ---p 0001b000 08:01 14815379                   /usr/lib/jvm/java-7-oracle/jre/lib/amd64/libzip.so
7f2ee928e000-7f2ee928f000 rw-p 0001a000 08:01 14815379                   /usr/lib/jvm/java-7-oracle/jre/lib/amd64/libzip.so
7f2ee928f000-7f2ee929b000 r-xp 00000000 08:01 3015511                    /lib/x86_64-linux-gnu/libnss_files-2.17.so
7f2ee929b000-7f2ee949a000 ---p 0000c000 08:01 3015511                    /lib/x86_64-linux-gnu/libnss_files-2.17.so
7f2ee949a000-7f2ee949b000 r--p 0000b000 08:01 3015511                    /lib/x86_64-linux-gnu/libnss_files-2.17.so
7f2ee949b000-7f2ee949c000 rw-p 0000c000 08:01 3015511                    /lib/x86_64-linux-gnu/libnss_files-2.17.so
7f2ee949c000-7f2ee94a6000 r-xp 00000000 08:01 3015513                    /lib/x86_64-linux-gnu/libnss_nis-2.17.so
7f2ee94a6000-7f2ee96a5000 ---p 0000a000 08:01 3015513                    /lib/x86_64-linux-gnu/libnss_nis-2.17.so
7f2ee96a5000-7f2ee96a6000 r--p 00009000 08:01 3015513                    /lib/x86_64-linux-gnu/libnss_nis-2.17.so
7f2ee96a6000-7f2ee96a7000 rw-p 0000a000 08:01 3015513                    /lib/x86_64-linux-gnu/libnss_nis-2.17.so
7f2ee96a7000-7f2ee96bc000 r-xp 00000000 08:01 3015508                    /lib/x86_64-linux-gnu/libnsl-2.17.so
7f2ee96bc000-7f2ee98bb000 ---p 00015000 08:01 3015508                    /lib/x86_64-linux-gnu/libnsl-2.17.so
7f2ee98bb000-7f2ee98bc000 r--p 00014000 08:01 3015508                    /lib/x86_64-linux-gnu/libnsl-2.17.so
7f2ee98bc000-7f2ee98bd000 rw-p 00015000 08:01 3015508                    /lib/x86_64-linux-gnu/libnsl-2.17.so
7f2ee98bd000-7f2ee98bf000 rw-p 00000000 00:00 0 
7f2ee98bf000-7f2ee98c6000 r-xp 00000000 08:01 3015509                    /lib/x86_64-linux-gnu/libnss_compat-2.17.so
7f2ee98c6000-7f2ee9ac5000 ---p 00007000 08:01 3015509                    /lib/x86_64-linux-gnu/libnss_compat-2.17.so
7f2ee9ac5000-7f2ee9ac6000 r--p 00006000 08:01 3015509                    /lib/x86_64-linux-gnu/libnss_compat-2.17.so
7f2ee9ac6000-7f2ee9ac7000 rw-p 00007000 08:01 3015509                    /lib/x86_64-linux-gnu/libnss_compat-2.17.so
7f2ee9ac7000-7f2ee9af0000 r-xp 00000000 08:01 14815391                   /usr/lib/jvm/java-7-oracle/jre/lib/amd64/libjava.so
7f2ee9af0000-7f2ee9cf0000 ---p 00029000 08:01 14815391                   /usr/lib/jvm/java-7-oracle/jre/lib/amd64/libjava.so
7f2ee9cf0000-7f2ee9cf2000 rw-p 00029000 08:01 14815391                   /usr/lib/jvm/java-7-oracle/jre/lib/amd64/libjava.so
7f2ee9cf2000-7f2ee9cff000 r-xp 00000000 08:01 14815339                   /usr/lib/jvm/java-7-oracle/jre/lib/amd64/libverify.so
7f2ee9cff000-7f2ee9efe000 ---p 0000d000 08:01 14815339                   /usr/lib/jvm/java-7-oracle/jre/lib/amd64/libverify.so
7f2ee9efe000-7f2ee9f00000 rw-p 0000c000 08:01 14815339                   /usr/lib/jvm/java-7-oracle/jre/lib/amd64/libverify.so
7f2ee9f00000-7f2ee9f07000 r-xp 00000000 08:01 3015517                    /lib/x86_64-linux-gnu/librt-2.17.so
7f2ee9f07000-7f2eea106000 ---p 00007000 08:01 3015517                    /lib/x86_64-linux-gnu/librt-2.17.so
7f2eea106000-7f2eea107000 r--p 00006000 08:01 3015517                    /lib/x86_64-linux-gnu/librt-2.17.so
7f2eea107000-7f2eea108000 rw-p 00007000 08:01 3015517                    /lib/x86_64-linux-gnu/librt-2.17.so
7f2eea108000-7f2eea10b000 ---p 00000000 00:00 0 
7f2eea10b000-7f2f6a109000 rw-p 00000000 00:00 0                          [stack:21116]
7f2f6a109000-7f2f6a205000 r-xp 00000000 08:01 3015506                    /lib/x86_64-linux-gnu/libm-2.17.so
7f2f6a205000-7f2f6a405000 ---p 000fc000 08:01 3015506                    /lib/x86_64-linux-gnu/libm-2.17.so
7f2f6a405000-7f2f6a406000 r--p 000fc000 08:01 3015506                    /lib/x86_64-linux-gnu/libm-2.17.so
7f2f6a406000-7f2f6a407000 rw-p 000fd000 08:01 3015506                    /lib/x86_64-linux-gnu/libm-2.17.so
7f2f6a407000-7f2f6ae48000 r-xp 00000000 08:01 14815347                   /usr/lib/jvm/java-7-oracle/jre/lib/amd64/server/libjvm.so
7f2f6ae48000-7f2f6b048000 ---p 00a41000 08:01 14815347                   /usr/lib/jvm/java-7-oracle/jre/lib/amd64/server/libjvm.so
7f2f6b048000-7f2f6b0eb000 rw-p 00a41000 08:01 14815347                   /usr/lib/jvm/java-7-oracle/jre/lib/amd64/server/libjvm.so
7f2f6b0eb000-7f2f6b127000 rw-p 00000000 00:00 0 
7f2f6b127000-7f2f6b2c9000 r-xp 00000000 08:01 3015502                    /lib/x86_64-linux-gnu/libc-2.17.so
7f2f6b2c9000-7f2f6b4c9000 ---p 001a2000 08:01 3015502                    /lib/x86_64-linux-gnu/libc-2.17.so
7f2f6b4c9000-7f2f6b4cd000 r--p 001a2000 08:01 3015502                    /lib/x86_64-linux-gnu/libc-2.17.so
7f2f6b4cd000-7f2f6b4cf000 rw-p 001a6000 08:01 3015502                    /lib/x86_64-linux-gnu/libc-2.17.so
7f2f6b4cf000-7f2f6b4d3000 rw-p 00000000 00:00 0 
7f2f6b4d3000-7f2f6b4d6000 r-xp 00000000 08:01 3015505                    /lib/x86_64-linux-gnu/libdl-2.17.so
7f2f6b4d6000-7f2f6b6d5000 ---p 00003000 08:01 3015505                    /lib/x86_64-linux-gnu/libdl-2.17.so
7f2f6b6d5000-7f2f6b6d6000 r--p 00002000 08:01 3015505                    /lib/x86_64-linux-gnu/libdl-2.17.so
7f2f6b6d6000-7f2f6b6d7000 rw-p 00003000 08:01 3015505                    /lib/x86_64-linux-gnu/libdl-2.17.so
7f2f6b6d7000-7f2f6b6ed000 r-xp 00000000 08:01 14815338                   /usr/lib/jvm/java-7-oracle/jre/lib/amd64/jli/libjli.so
7f2f6b6ed000-7f2f6b8ed000 ---p 00016000 08:01 14815338                   /usr/lib/jvm/java-7-oracle/jre/lib/amd64/jli/libjli.so
7f2f6b8ed000-7f2f6b8ee000 rw-p 00016000 08:01 14815338                   /usr/lib/jvm/java-7-oracle/jre/lib/amd64/jli/libjli.so
7f2f6b8ee000-7f2f6b905000 r-xp 00000000 08:01 3015498                    /lib/x86_64-linux-gnu/libpthread-2.17.so
7f2f6b905000-7f2f6bb04000 ---p 00017000 08:01 3015498                    /lib/x86_64-linux-gnu/libpthread-2.17.so
7f2f6bb04000-7f2f6bb05000 r--p 00016000 08:01 3015498                    /lib/x86_64-linux-gnu/libpthread-2.17.so
7f2f6bb05000-7f2f6bb06000 rw-p 00017000 08:01 3015498                    /lib/x86_64-linux-gnu/libpthread-2.17.so
7f2f6bb06000-7f2f6bb0a000 rw-p 00000000 00:00 0 
7f2f6bb0a000-7f2f6bb2b000 r-xp 00000000 08:01 3015499                    /lib/x86_64-linux-gnu/ld-2.17.so
7f2f6bb49000-7f2f6bc2e000 rw-p 00000000 00:00 0 
7f2f6bc2e000-7f2f6bc4c000 rw-p 00000000 00:00 0 
7f2f6bc4c000-7f2f6bc56000 rw-p 00000000 00:00 0 
7f2f6bc56000-7f2f6bd0c000 rw-p 00000000 00:00 0 
7f2f6bd0c000-7f2f6bd10000 rw-p 00000000 00:00 0 
7f2f6bd1f000-7f2f6bd27000 rw-s 00000000 08:01 14684439                   /tmp/hsperfdata_anantoni/21112
7f2f6bd27000-7f2f6bd28000 rw-p 00000000 00:00 0 
7f2f6bd28000-7f2f6bd29000 r--p 00000000 00:00 0 
7f2f6bd29000-7f2f6bd2b000 rw-p 00000000 00:00 0 
7f2f6bd2b000-7f2f6bd2c000 r--p 00021000 08:01 3015499                    /lib/x86_64-linux-gnu/ld-2.17.so
7f2f6bd2c000-7f2f6bd2e000 rw-p 00022000 08:01 3015499                    /lib/x86_64-linux-gnu/ld-2.17.so
7fff2c65e000-7fff2c680000 rw-p 00000000 00:00 0                          [stack]
7fff2c708000-7fff2c70a000 r-xp 00000000 00:00 0                          [vdso]
ffffffffff600000-ffffffffff601000 r-xp 00000000 00:00 0                  [vsyscall]

VM Arguments:
jvm_args: -Dfile.encoding=UTF-8 -Xmx5g -Xss2g 
java_command: main.MyPointerAnalysis
Launcher Type: SUN_STANDARD

Environment Variables:
PATH=/usr/local/bin:/usr/bin:/bin:/usr/local/games:/usr/games
USERNAME=anantoni
LD_LIBRARY_PATH=/usr/lib/jvm/java-7-oracle/jre/lib/amd64:/usr/lib/jvm/java-7-oracle/jre/lib/i386:
SHELL=/bin/bash
DISPLAY=:0.0

Signal Handlers:
SIGSEGV: [libjvm.so+0x8a26a0], sa_mask[0]=0x7ffbfeff, sa_flags=0x10000004
SIGBUS: [libjvm.so+0x8a26a0], sa_mask[0]=0x7ffbfeff, sa_flags=0x10000004
SIGFPE: [libjvm.so+0x73f3d0], sa_mask[0]=0x7ffbfeff, sa_flags=0x10000004
SIGPIPE: [libjvm.so+0x73f3d0], sa_mask[0]=0x7ffbfeff, sa_flags=0x10000004
SIGXFSZ: [libjvm.so+0x73f3d0], sa_mask[0]=0x7ffbfeff, sa_flags=0x10000004
SIGILL: [libjvm.so+0x73f3d0], sa_mask[0]=0x7ffbfeff, sa_flags=0x10000004
SIGUSR1: SIG_DFL, sa_mask[0]=0x00000000, sa_flags=0x00000000
SIGUSR2: [libjvm.so+0x73ed20], sa_mask[0]=0x00000004, sa_flags=0x10000004
SIGHUP: SIG_DFL, sa_mask[0]=0x00000000, sa_flags=0x00000000
SIGINT: SIG_IGN, sa_mask[0]=0x00000000, sa_flags=0x00000000
SIGTERM: SIG_DFL, sa_mask[0]=0x00000000, sa_flags=0x00000000
SIGQUIT: SIG_DFL, sa_mask[0]=0x00000000, sa_flags=0x00000000


---------------  S Y S T E M  ---------------

OS:jessie/sid

uname:Linux 3.9-1-amd64 #1 SMP Debian 3.9.8-1 x86_64
libc:glibc 2.17 NPTL 2.17 
rlimit: STACK 8192k, CORE 0k, NPROC 47104, NOFILE 4096, AS infinity
load average:1.07 1.90 1.87

/proc/meminfo:
MemTotal:        6042956 kB
MemFree:         2933636 kB
Buffers:           14900 kB
Cached:           978588 kB
SwapCached:         1804 kB
Active:          1505352 kB
Inactive:        1410480 kB
Active(anon):    1094060 kB
Inactive(anon):   928332 kB
Active(file):     411292 kB
Inactive(file):   482148 kB
Unevictable:          16 kB
Mlocked:              16 kB
SwapTotal:      10157052 kB
SwapFree:       10110148 kB
Dirty:             42108 kB
Writeback:             0 kB
AnonPages:       1921556 kB
Mapped:           407932 kB
Shmem:             99952 kB
Slab:             104176 kB
SReclaimable:      65980 kB
SUnreclaim:        38196 kB
KernelStack:        4744 kB
PageTables:        39648 kB
NFS_Unstable:          0 kB
Bounce:                0 kB
WritebackTmp:          0 kB
CommitLimit:    13178528 kB
Committed_AS:    7762576 kB
VmallocTotal:   34359738367 kB
VmallocUsed:      410188 kB
VmallocChunk:   34359320648 kB
HardwareCorrupted:     0 kB
AnonHugePages:         0 kB
HugePages_Total:       0
HugePages_Free:        0
HugePages_Rsvd:        0
HugePages_Surp:        0
Hugepagesize:       2048 kB
DirectMap4k:       59968 kB
DirectMap2M:     6144000 kB


CPU:total 8 (4 cores per cpu, 2 threads per core) family 6 model 42 stepping 7, cmov, cx8, fxsr, mmx, sse, sse2, sse3, ssse3, sse4.1, sse4.2, popcnt, avx, ht, tsc, tscinvbit

/proc/cpuinfo:
processor	: 0
vendor_id	: GenuineIntel
cpu family	: 6
model		: 42
model name	: Intel(R) Core(TM) i7-2720QM CPU @ 2.20GHz
stepping	: 7
microcode	: 0x28
cpu MHz		: 1400.000
cache size	: 6144 KB
physical id	: 0
siblings	: 8
core id		: 0
cpu cores	: 4
apicid		: 0
initial apicid	: 0
fpu		: yes
fpu_exception	: yes
cpuid level	: 13
wp		: yes
flags		: fpu vme de pse tsc msr pae mce cx8 apic sep mtrr pge mca cmov pat pse36 clflush dts acpi mmx fxsr sse sse2 ss ht tm pbe syscall nx rdtscp lm constant_tsc arch_perfmon pebs bts nopl xtopology nonstop_tsc aperfmperf eagerfpu pni pclmulqdq dtes64 monitor ds_cpl vmx smx est tm2 ssse3 cx16 xtpr pdcm pcid sse4_1 sse4_2 x2apic popcnt tsc_deadline_timer aes xsave avx lahf_lm ida arat epb xsaveopt pln pts dtherm tpr_shadow vnmi flexpriority ept vpid
bogomips	: 4390.26
clflush size	: 64
cache_alignment	: 64
address sizes	: 36 bits physical, 48 bits virtual
power management:

processor	: 1
vendor_id	: GenuineIntel
cpu family	: 6
model		: 42
model name	: Intel(R) Core(TM) i7-2720QM CPU @ 2.20GHz
stepping	: 7
microcode	: 0x28
cpu MHz		: 2201.000
cache size	: 6144 KB
physical id	: 0
siblings	: 8
core id		: 0
cpu cores	: 4
apicid		: 1
initial apicid	: 1
fpu		: yes
fpu_exception	: yes
cpuid level	: 13
wp		: yes
flags		: fpu vme de pse tsc msr pae mce cx8 apic sep mtrr pge mca cmov pat pse36 clflush dts acpi mmx fxsr sse sse2 ss ht tm pbe syscall nx rdtscp lm constant_tsc arch_perfmon pebs bts nopl xtopology nonstop_tsc aperfmperf eagerfpu pni pclmulqdq dtes64 monitor ds_cpl vmx smx est tm2 ssse3 cx16 xtpr pdcm pcid sse4_1 sse4_2 x2apic popcnt tsc_deadline_timer aes xsave avx lahf_lm ida arat epb xsaveopt pln pts dtherm tpr_shadow vnmi flexpriority ept vpid
bogomips	: 4390.26
clflush size	: 64
cache_alignment	: 64
address sizes	: 36 bits physical, 48 bits virtual
power management:

processor	: 2
vendor_id	: GenuineIntel
cpu family	: 6
model		: 42
model name	: Intel(R) Core(TM) i7-2720QM CPU @ 2.20GHz
stepping	: 7
microcode	: 0x28
cpu MHz		: 2201.000
cache size	: 6144 KB
physical id	: 0
siblings	: 8
core id		: 1
cpu cores	: 4
apicid		: 2
initial apicid	: 2
fpu		: yes
fpu_exception	: yes
cpuid level	: 13
wp		: yes
flags		: fpu vme de pse tsc msr pae mce cx8 apic sep mtrr pge mca cmov pat pse36 clflush dts acpi mmx fxsr sse sse2 ss ht tm pbe syscall nx rdtscp lm constant_tsc arch_perfmon pebs bts nopl xtopology nonstop_tsc aperfmperf eagerfpu pni pclmulqdq dtes64 monitor ds_cpl vmx smx est tm2 ssse3 cx16 xtpr pdcm pcid sse4_1 sse4_2 x2apic popcnt tsc_deadline_timer aes xsave avx lahf_lm ida arat epb xsaveopt pln pts dtherm tpr_shadow vnmi flexpriority ept vpid
bogomips	: 4390.26
clflush size	: 64
cache_alignment	: 64
address sizes	: 36 bits physical, 48 bits virtual
power management:

processor	: 3
vendor_id	: GenuineIntel
cpu family	: 6
model		: 42
model name	: Intel(R) Core(TM) i7-2720QM CPU @ 2.20GHz
stepping	: 7
microcode	: 0x28
cpu MHz		: 800.000
cache size	: 6144 KB
physical id	: 0
siblings	: 8
core id		: 1
cpu cores	: 4
apicid		: 3
initial apicid	: 3
fpu		: yes
fpu_exception	: yes
cpuid level	: 13
wp		: yes
flags		: fpu vme de pse tsc msr pae mce cx8 apic sep mtrr pge mca cmov pat pse36 clflush dts acpi mmx fxsr sse sse2 ss ht tm pbe syscall nx rdtscp lm constant_tsc arch_perfmon pebs bts nopl xtopology nonstop_tsc aperfmperf eagerfpu pni pclmulqdq dtes64 monitor ds_cpl vmx smx est tm2 ssse3 cx16 xtpr pdcm pcid sse4_1 sse4_2 x2apic popcnt tsc_deadline_timer aes xsave avx lahf_lm ida arat epb xsaveopt pln pts dtherm tpr_shadow vnmi flexpriority ept vpid
bogomips	: 4390.26
clflush size	: 64
cache_alignment	: 64
address sizes	: 36 bits physical, 48 bits virtual
power management:

processor	: 4
vendor_id	: GenuineIntel
cpu family	: 6
model		: 42
model name	: Intel(R) Core(TM) i7-2720QM CPU @ 2.20GHz
stepping	: 7
microcode	: 0x28
cpu MHz		: 800.000
cache size	: 6144 KB
physical id	: 0
siblings	: 8
core id		: 2
cpu cores	: 4
apicid		: 4
initial apicid	: 4
fpu		: yes
fpu_exception	: yes
cpuid level	: 13
wp		: yes
flags		: fpu vme de pse tsc msr pae mce cx8 apic sep mtrr pge mca cmov pat pse36 clflush dts acpi mmx fxsr sse sse2 ss ht tm pbe syscall nx rdtscp lm constant_tsc arch_perfmon pebs bts nopl xtopology nonstop_tsc aperfmperf eagerfpu pni pclmulqdq dtes64 monitor ds_cpl vmx smx est tm2 ssse3 cx16 xtpr pdcm pcid sse4_1 sse4_2 x2apic popcnt tsc_deadline_timer aes xsave avx lahf_lm ida arat epb xsaveopt pln pts dtherm tpr_shadow vnmi flexpriority ept vpid
bogomips	: 4390.26
clflush size	: 64
cache_alignment	: 64
address sizes	: 36 bits physical, 48 bits virtual
power management:

processor	: 5
vendor_id	: GenuineIntel
cpu family	: 6
model		: 42
model name	: Intel(R) Core(TM) i7-2720QM CPU @ 2.20GHz
stepping	: 7
microcode	: 0x28
cpu MHz		: 800.000
cache size	: 6144 KB
physical id	: 0
siblings	: 8
core id		: 2
cpu cores	: 4
apicid		: 5
initial apicid	: 5
fpu		: yes
fpu_exception	: yes
cpuid level	: 13
wp		: yes
flags		: fpu vme de pse tsc msr pae mce cx8 apic sep mtrr pge mca cmov pat pse36 clflush dts acpi mmx fxsr sse sse2 ss ht tm pbe syscall nx rdtscp lm constant_tsc arch_perfmon pebs bts nopl xtopology nonstop_tsc aperfmperf eagerfpu pni pclmulqdq dtes64 monitor ds_cpl vmx smx est tm2 ssse3 cx16 xtpr pdcm pcid sse4_1 sse4_2 x2apic popcnt tsc_deadline_timer aes xsave avx lahf_lm ida arat epb xsaveopt pln pts dtherm tpr_shadow vnmi flexpriority ept vpid
bogomips	: 4390.26
clflush size	: 64
cache_alignment	: 64
address sizes	: 36 bits physical, 48 bits virtual
power management:

processor	: 6
vendor_id	: GenuineIntel
cpu family	: 6
model		: 42
model name	: Intel(R) Core(TM) i7-2720QM CPU @ 2.20GHz
stepping	: 7
microcode	: 0x28
cpu MHz		: 2201.000
cache size	: 6144 KB
physical id	: 0
siblings	: 8
core id		: 3
cpu cores	: 4
apicid		: 6
initial apicid	: 6
fpu		: yes
fpu_exception	: yes
cpuid level	: 13
wp		: yes
flags		: fpu vme de pse tsc msr pae mce cx8 apic sep mtrr pge mca cmov pat pse36 clflush dts acpi mmx fxsr sse sse2 ss ht tm pbe syscall nx rdtscp lm constant_tsc arch_perfmon pebs bts nopl xtopology nonstop_tsc aperfmperf eagerfpu pni pclmulqdq dtes64 monitor ds_cpl vmx smx est tm2 ssse3 cx16 xtpr pdcm pcid sse4_1 sse4_2 x2apic popcnt tsc_deadline_timer aes xsave avx lahf_lm ida arat epb xsaveopt pln pts dtherm tpr_shadow vnmi flexpriority ept vpid
bogomips	: 4390.26
clflush size	: 64
cache_alignment	: 64
address sizes	: 36 bits physical, 48 bits virtual
power management:

processor	: 7
vendor_id	: GenuineIntel
cpu family	: 6
model		: 42
model name	: Intel(R) Core(TM) i7-2720QM CPU @ 2.20GHz
stepping	: 7
microcode	: 0x28
cpu MHz		: 1000.000
cache size	: 6144 KB
physical id	: 0
siblings	: 8
core id		: 3
cpu cores	: 4
apicid		: 7
initial apicid	: 7
fpu		: yes
fpu_exception	: yes
cpuid level	: 13
wp		: yes
flags		: fpu vme de pse tsc msr pae mce cx8 apic sep mtrr pge mca cmov pat pse36 clflush dts acpi mmx fxsr sse sse2 ss ht tm pbe syscall nx rdtscp lm constant_tsc arch_perfmon pebs bts nopl xtopology nonstop_tsc aperfmperf eagerfpu pni pclmulqdq dtes64 monitor ds_cpl vmx smx est tm2 ssse3 cx16 xtpr pdcm pcid sse4_1 sse4_2 x2apic popcnt tsc_deadline_timer aes xsave avx lahf_lm ida arat epb xsaveopt pln pts dtherm tpr_shadow vnmi flexpriority ept vpid
bogomips	: 4390.26
clflush size	: 64
cache_alignment	: 64
address sizes	: 36 bits physical, 48 bits virtual
power management:



Memory: 4k page, physical 6042956k(2933636k free), swap 10157052k(10110148k free)

vm_info: Java HotSpot(TM) 64-Bit Server VM (23.25-b01) for linux-amd64 JRE (1.7.0_25-b15), built on Jun  5 2013 20:48:36 by "java_re" with gcc 4.3.0 20080428 (Red Hat 4.3.0-8)

time: Fri Aug  2 10:42:08 2013
elapsed time: 0 seconds

