#
# A fatal error has been detected by the Java Runtime Environment:
#
#  SIGSEGV (0xb) at pc=0x0000000000000000, pid=17090, tid=140371577976576
#
# JRE version: 7.0_25-b15
# Java VM: Java HotSpot(TM) 64-Bit Server VM (23.25-b01 mixed mode linux-amd64 compressed oops)
# Problematic frame:
# C  0x0000000000000000
#
# Failed to write core dump. Core dumps have been disabled. To enable core dumping, try "ulimit -c unlimited" before starting Java again
#
# If you would like to submit a bug report, please visit:
#   http://bugreport.sun.com/bugreport/crash.jsp
#

---------------  T H R E A D  ---------------

Current thread (0x00007fa84800b000):  JavaThread "main" [_thread_in_Java, id=17094, stack(0x00007fa84e0ab000,0x00007faace0ac000)]

siginfo:si_signo=SIGSEGV: si_errno=0, si_code=1 (SEGV_MAPERR), si_addr=0x0000000000000000

Registers:
RAX=0x0000000000000000, RBX=0x000000009ea154d8, RCX=0x00000000e1400da0, RDX=0x000000000c800001
RSP=0x00007faace0a99e0, RBP=0x00007faace0a9a30, RSI=0x0000000000000001, RDI=0x00007fa84800b000
R8 =0x00007fa84803b8d0, R9 =0x0000000000005400, R10=0x00007faacf09fde0, R11=0x00007faace642ad0
R12=0x0000000000000000, R13=0x00007faace0a99e8, R14=0x00007faace0a9a38, R15=0x00007fa84800b000
RIP=0x0000000000000000, EFLAGS=0x0000000000010246, CSGSFS=0x0000000000000033, ERR=0x0000000000000014
  TRAPNO=0x000000000000000e

Top of Stack: (sp=0x00007faace0a99e0)
0x00007faace0a99e0:   00007fa845006450 00000000e1400da0
0x00007faace0a99f0:   00007faace0a99f0 000000009ea248fb
0x00007faace0a9a00:   00007faace0a9a38 000000009eaaceb8
0x00007faace0a9a10:   0000000000000000 000000009ea24938
0x00007faace0a9a20:   00007faace0a99e8 00007faace0a9a40
0x00007faace0a9a30:   00007faace0a9aa0 00007fa84500050d
0x00007faace0a9a40:   00007faa00001fa0 00007faace0a9c30
0x00007faace0a9a50:   00007faace0a9b20 00007faace0a9bb0
0x00007faace0a9a60:   00007fa84800b000 00007fa84800be58
0x00007faace0a9a70:   00007faace0a9ae0 00007faace0a9c38
0x00007faace0a9a80:   00007fa80000000a 000000009ea24938
0x00007faace0a9a90:   00007fa845010f40 00007faace0a9bb8
0x00007faace0a9aa0:   00007faace0a9b80 00007faace8f7d35
0x00007faace0a9ab0:   0000000000000000 00007fa84800b000
0x00007faace0a9ac0:   00007fa848054900 00007faace0a9ae0
0x00007faace0a9ad0:   00007fa845010f40 00007faa0000000a
0x00007faace0a9ae0:   00007fa84800b000 00007fa84809e6c0
0x00007faace0a9af0:   000000009ea24938 0000000000000000
0x00007faace0a9b00:   00007faace0aa420 00007fa845012d62
0x00007faace0a9b10:   00007faace0aa470 00007faace0a9c30
0x00007faace0a9b20:   00007fa84800b000 00007fa8480086b0
0x00007faace0a9b30:   00007fa84800bca0 00007fa84800be60
0x00007faace0a9b40:   00007fa84800c088 00007faace0a9d50
0x00007faace0a9b50:   00007fa848037790 000000009ea24938
0x00007faace0a9b60:   00007fa84800b000 00007faace0a9ce0
0x00007faace0a9b70:   000000009ea02db0 00007faace0a9c60
0x00007faace0a9b80:   00007faace0a9ba0 00007faace8f6858
0x00007faace0a9b90:   000000009ea24938 00007fa84800be58
0x00007faace0a9ba0:   00007faace0a9c50 00007faace8ba1ea
0x00007faace0a9bb0:   00007faace0a9ce0 00007faace0a9bf0
0x00007faace0a9bc0:   00007fffd39fed01 0000000000000000
0x00007faace0a9bd0:   00000001ce0a9c20 00007faace0a9c10 

Instructions: (pc=0x0000000000000000)
0xffffffffffffffe0:   

Register to memory mapping:

RAX=0x0000000000000000 is an unknown value
RBX=0x000000009ea154d8 is an oop
{method} 
 - klass: {other class}
RCX=0x00000000e1400da0 is an oop
java.lang.Class 
 - klass: 'java/lang/Class'
RDX=0x000000000c800001 is an unknown value
RSP=0x00007faace0a99e0 is pointing into the stack for thread: 0x00007fa84800b000
RBP=0x00007faace0a9a30 is pointing into the stack for thread: 0x00007fa84800b000
RSI=0x0000000000000001 is an unknown value
RDI=0x00007fa84800b000 is a thread
R8 =0x00007fa84803b8d0 is an unknown value
R9 =0x0000000000005400 is an unknown value
R10=0x00007faacf09fde0: <offset 0xcf5de0> in /usr/lib/jvm/java-7-oracle/jre/lib/amd64/server/libjvm.so at 0x00007faace3aa000
R11=0x00007faace642ad0: <offset 0x298ad0> in /usr/lib/jvm/java-7-oracle/jre/lib/amd64/server/libjvm.so at 0x00007faace3aa000
R12=0x0000000000000000 is an unknown value
R13=0x00007faace0a99e8 is pointing into the stack for thread: 0x00007fa84800b000
R14=0x00007faace0a9a38 is pointing into the stack for thread: 0x00007fa84800b000
R15=0x00007fa84800b000 is a thread


Stack: [0x00007fa84e0ab000,0x00007faace0ac000],  sp=0x00007faace0a99e0,  free space=10485754k

---------------  P R O C E S S  ---------------

Java Threads: ( => current thread )
=>0x00007fa84800b000 JavaThread "main" [_thread_in_Java, id=17094, stack(0x00007fa84e0ab000,0x00007faace0ac000)]

Other Threads:
  0x00007fa84809d000 VMThread [stack: 0x00007fa81f6f7000,0x00007fa81f7f8000] [id=17103]

VM state:not at safepoint (normal execution)

VM Mutex/Monitor currently owned by a thread: None

Heap
 PSYoungGen      total 27584K, used 473K [0x00000000e1400000, 0x00000000e32c0000, 0x0000000100000000)
  eden space 23680K, 2% used [0x00000000e1400000,0x00000000e14766d0,0x00000000e2b20000)
  from space 3904K, 0% used [0x00000000e2ef0000,0x00000000e2ef0000,0x00000000e32c0000)
  to   space 3904K, 0% used [0x00000000e2b20000,0x00000000e2b20000,0x00000000e2ef0000)
 ParOldGen       total 62976K, used 0K [0x00000000a3c00000, 0x00000000a7980000, 0x00000000e1400000)
  object space 62976K, 0% used [0x00000000a3c00000,0x00000000a3c00000,0x00000000a7980000)
 PSPermGen       total 21248K, used 830K [0x000000009ea00000, 0x000000009fec0000, 0x00000000a3c00000)
  object space 21248K, 3% used [0x000000009ea00000,0x000000009eacfb80,0x000000009fec0000)

Card table byte_map: [0x00007fa84cd0b000,0x00007fa84d017000] byte_map_base: 0x00007fa84c816000

Polling page: 0x00007faacfccb000

Code Cache  [0x00007fa845000000, 0x00007fa845270000, 0x00007fa848000000)
 total_blobs=61 nmethods=0 adapters=37 free_code_cache=48825Kb largest_free_block=49997248

Compilation events (0 events):
No events

GC Heap History (0 events):
No events

Deoptimization events (0 events):
No events

Internal exceptions (0 events):
No events

Events (10 events):
Event: 0.023 loading class 0x00007fa848035710 done
Event: 0.023 loading class 0x00007fa8480356e0 done
Event: 0.023 loading class 0x00007fa84806c8e0
Event: 0.024 loading class 0x00007fa84806c8e0 done
Event: 0.024 loading class 0x00007fa848068c50
Event: 0.024 loading class 0x00007fa848068c50 done
Event: 0.025 loading class 0x00007fa848078100
Event: 0.025 loading class 0x00007fa848078100 done
Event: 0.025 loading class 0x00007fa848077ff0
Event: 0.025 loading class 0x00007fa848077ff0 done


Dynamic libraries:
00400000-00401000 r-xp 00000000 08:01 12725529                           /usr/lib/jvm/java-7-oracle/bin/java
00600000-00601000 rw-p 00000000 08:01 12725529                           /usr/lib/jvm/java-7-oracle/bin/java
01910000-01931000 rw-p 00000000 00:00 0                                  [heap]
9ea00000-9fec0000 rw-p 00000000 00:00 0 
9fec0000-a3c00000 rw-p 00000000 00:00 0 
a3c00000-a7980000 rw-p 00000000 00:00 0 
a7980000-e1400000 rw-p 00000000 00:00 0 
e1400000-e32c0000 rw-p 00000000 00:00 0 
e32c0000-100000000 rw-p 00000000 00:00 0 
7fa818000000-7fa818021000 rw-p 00000000 00:00 0 
7fa818021000-7fa81c000000 ---p 00000000 00:00 0 
7fa81f6f7000-7fa81f6f8000 ---p 00000000 00:00 0 
7fa81f6f8000-7fa820000000 rw-p 00000000 00:00 0                          [stack:17103]
7fa820000000-7fa820021000 rw-p 00000000 00:00 0 
7fa820021000-7fa824000000 ---p 00000000 00:00 0 
7fa824041000-7fa828000000 rw-p 00000000 00:00 0 
7fa828000000-7fa828021000 rw-p 00000000 00:00 0 
7fa828021000-7fa82c000000 ---p 00000000 00:00 0 
7fa82c000000-7fa82c021000 rw-p 00000000 00:00 0 
7fa82c021000-7fa830000000 ---p 00000000 00:00 0 
7fa830000000-7fa830021000 rw-p 00000000 00:00 0 
7fa830021000-7fa834000000 ---p 00000000 00:00 0 
7fa834000000-7fa834021000 rw-p 00000000 00:00 0 
7fa834021000-7fa838000000 ---p 00000000 00:00 0 
7fa838000000-7fa838021000 rw-p 00000000 00:00 0 
7fa838021000-7fa83c000000 ---p 00000000 00:00 0 
7fa83c000000-7fa83c021000 rw-p 00000000 00:00 0 
7fa83c021000-7fa840000000 ---p 00000000 00:00 0 
7fa840000000-7fa840021000 rw-p 00000000 00:00 0 
7fa840021000-7fa844000000 ---p 00000000 00:00 0 
7fa84402c000-7fa845000000 rw-p 00000000 00:00 0 
7fa845000000-7fa845270000 rwxp 00000000 00:00 0 
7fa845270000-7fa8480a7000 rw-p 00000000 00:00 0 
7fa8480a7000-7fa84c000000 ---p 00000000 00:00 0 
7fa84c017000-7fa84c15a000 rw-p 00000000 00:00 0 
7fa84c15a000-7fa84c317000 r--s 039f9000 08:01 12982616                   /usr/lib/jvm/java-7-oracle/jre/lib/rt.jar
7fa84c317000-7fa84c318000 ---p 00000000 00:00 0 
7fa84c318000-7fa84c418000 rw-p 00000000 00:00 0                          [stack:17102]
7fa84c418000-7fa84c419000 ---p 00000000 00:00 0 
7fa84c419000-7fa84c519000 rw-p 00000000 00:00 0                          [stack:17101]
7fa84c519000-7fa84c51a000 ---p 00000000 00:00 0 
7fa84c51a000-7fa84c61a000 rw-p 00000000 00:00 0                          [stack:17100]
7fa84c61a000-7fa84c61b000 ---p 00000000 00:00 0 
7fa84c61b000-7fa84c71b000 rw-p 00000000 00:00 0                          [stack:17099]
7fa84c71b000-7fa84c71c000 ---p 00000000 00:00 0 
7fa84c71c000-7fa84c81c000 rw-p 00000000 00:00 0                          [stack:17098]
7fa84c81c000-7fa84c81d000 ---p 00000000 00:00 0 
7fa84c81d000-7fa84c91d000 rw-p 00000000 00:00 0                          [stack:17097]
7fa84c91d000-7fa84c91e000 ---p 00000000 00:00 0 
7fa84c91e000-7fa84ca1e000 rw-p 00000000 00:00 0                          [stack:17096]
7fa84ca1e000-7fa84ca1f000 ---p 00000000 00:00 0 
7fa84ca1f000-7fa84cb3e000 rw-p 00000000 00:00 0                          [stack:17095]
7fa84cb3e000-7fa84cd0b000 rw-p 00000000 00:00 0 
7fa84cd0b000-7fa84cd16000 rw-p 00000000 00:00 0 
7fa84cd16000-7fa84cd34000 rw-p 00000000 00:00 0 
7fa84cd34000-7fa84cd53000 rw-p 00000000 00:00 0 
7fa84cd53000-7fa84cf20000 rw-p 00000000 00:00 0 
7fa84cf20000-7fa84cf30000 rw-p 00000000 00:00 0 
7fa84cf30000-7fa84d016000 rw-p 00000000 00:00 0 
7fa84d016000-7fa84d017000 rw-p 00000000 00:00 0 
7fa84d017000-7fa84d032000 r-xp 00000000 08:01 14815379                   /usr/lib/jvm/java-7-oracle/jre/lib/amd64/libzip.so
7fa84d032000-7fa84d231000 ---p 0001b000 08:01 14815379                   /usr/lib/jvm/java-7-oracle/jre/lib/amd64/libzip.so
7fa84d231000-7fa84d232000 rw-p 0001a000 08:01 14815379                   /usr/lib/jvm/java-7-oracle/jre/lib/amd64/libzip.so
7fa84d232000-7fa84d23e000 r-xp 00000000 08:01 3015511                    /lib/x86_64-linux-gnu/libnss_files-2.17.so
7fa84d23e000-7fa84d43d000 ---p 0000c000 08:01 3015511                    /lib/x86_64-linux-gnu/libnss_files-2.17.so
7fa84d43d000-7fa84d43e000 r--p 0000b000 08:01 3015511                    /lib/x86_64-linux-gnu/libnss_files-2.17.so
7fa84d43e000-7fa84d43f000 rw-p 0000c000 08:01 3015511                    /lib/x86_64-linux-gnu/libnss_files-2.17.so
7fa84d43f000-7fa84d449000 r-xp 00000000 08:01 3015513                    /lib/x86_64-linux-gnu/libnss_nis-2.17.so
7fa84d449000-7fa84d648000 ---p 0000a000 08:01 3015513                    /lib/x86_64-linux-gnu/libnss_nis-2.17.so
7fa84d648000-7fa84d649000 r--p 00009000 08:01 3015513                    /lib/x86_64-linux-gnu/libnss_nis-2.17.so
7fa84d649000-7fa84d64a000 rw-p 0000a000 08:01 3015513                    /lib/x86_64-linux-gnu/libnss_nis-2.17.so
7fa84d64a000-7fa84d65f000 r-xp 00000000 08:01 3015508                    /lib/x86_64-linux-gnu/libnsl-2.17.so
7fa84d65f000-7fa84d85e000 ---p 00015000 08:01 3015508                    /lib/x86_64-linux-gnu/libnsl-2.17.so
7fa84d85e000-7fa84d85f000 r--p 00014000 08:01 3015508                    /lib/x86_64-linux-gnu/libnsl-2.17.so
7fa84d85f000-7fa84d860000 rw-p 00015000 08:01 3015508                    /lib/x86_64-linux-gnu/libnsl-2.17.so
7fa84d860000-7fa84d862000 rw-p 00000000 00:00 0 
7fa84d862000-7fa84d869000 r-xp 00000000 08:01 3015509                    /lib/x86_64-linux-gnu/libnss_compat-2.17.so
7fa84d869000-7fa84da68000 ---p 00007000 08:01 3015509                    /lib/x86_64-linux-gnu/libnss_compat-2.17.so
7fa84da68000-7fa84da69000 r--p 00006000 08:01 3015509                    /lib/x86_64-linux-gnu/libnss_compat-2.17.so
7fa84da69000-7fa84da6a000 rw-p 00007000 08:01 3015509                    /lib/x86_64-linux-gnu/libnss_compat-2.17.so
7fa84da6a000-7fa84da93000 r-xp 00000000 08:01 14815391                   /usr/lib/jvm/java-7-oracle/jre/lib/amd64/libjava.so
7fa84da93000-7fa84dc93000 ---p 00029000 08:01 14815391                   /usr/lib/jvm/java-7-oracle/jre/lib/amd64/libjava.so
7fa84dc93000-7fa84dc95000 rw-p 00029000 08:01 14815391                   /usr/lib/jvm/java-7-oracle/jre/lib/amd64/libjava.so
7fa84dc95000-7fa84dca2000 r-xp 00000000 08:01 14815339                   /usr/lib/jvm/java-7-oracle/jre/lib/amd64/libverify.so
7fa84dca2000-7fa84dea1000 ---p 0000d000 08:01 14815339                   /usr/lib/jvm/java-7-oracle/jre/lib/amd64/libverify.so
7fa84dea1000-7fa84dea3000 rw-p 0000c000 08:01 14815339                   /usr/lib/jvm/java-7-oracle/jre/lib/amd64/libverify.so
7fa84dea3000-7fa84deaa000 r-xp 00000000 08:01 3015517                    /lib/x86_64-linux-gnu/librt-2.17.so
7fa84deaa000-7fa84e0a9000 ---p 00007000 08:01 3015517                    /lib/x86_64-linux-gnu/librt-2.17.so
7fa84e0a9000-7fa84e0aa000 r--p 00006000 08:01 3015517                    /lib/x86_64-linux-gnu/librt-2.17.so
7fa84e0aa000-7fa84e0ab000 rw-p 00007000 08:01 3015517                    /lib/x86_64-linux-gnu/librt-2.17.so
7fa84e0ab000-7fa84e0ae000 ---p 00000000 00:00 0 
7fa84e0ae000-7faace0ac000 rw-p 00000000 00:00 0                          [stack:17094]
7faace0ac000-7faace1a8000 r-xp 00000000 08:01 3015506                    /lib/x86_64-linux-gnu/libm-2.17.so
7faace1a8000-7faace3a8000 ---p 000fc000 08:01 3015506                    /lib/x86_64-linux-gnu/libm-2.17.so
7faace3a8000-7faace3a9000 r--p 000fc000 08:01 3015506                    /lib/x86_64-linux-gnu/libm-2.17.so
7faace3a9000-7faace3aa000 rw-p 000fd000 08:01 3015506                    /lib/x86_64-linux-gnu/libm-2.17.so
7faace3aa000-7faacedeb000 r-xp 00000000 08:01 14815347                   /usr/lib/jvm/java-7-oracle/jre/lib/amd64/server/libjvm.so
7faacedeb000-7faacefeb000 ---p 00a41000 08:01 14815347                   /usr/lib/jvm/java-7-oracle/jre/lib/amd64/server/libjvm.so
7faacefeb000-7faacf08e000 rw-p 00a41000 08:01 14815347                   /usr/lib/jvm/java-7-oracle/jre/lib/amd64/server/libjvm.so
7faacf08e000-7faacf0ca000 rw-p 00000000 00:00 0 
7faacf0ca000-7faacf26c000 r-xp 00000000 08:01 3015502                    /lib/x86_64-linux-gnu/libc-2.17.so
7faacf26c000-7faacf46c000 ---p 001a2000 08:01 3015502                    /lib/x86_64-linux-gnu/libc-2.17.so
7faacf46c000-7faacf470000 r--p 001a2000 08:01 3015502                    /lib/x86_64-linux-gnu/libc-2.17.so
7faacf470000-7faacf472000 rw-p 001a6000 08:01 3015502                    /lib/x86_64-linux-gnu/libc-2.17.so
7faacf472000-7faacf476000 rw-p 00000000 00:00 0 
7faacf476000-7faacf479000 r-xp 00000000 08:01 3015505                    /lib/x86_64-linux-gnu/libdl-2.17.so
7faacf479000-7faacf678000 ---p 00003000 08:01 3015505                    /lib/x86_64-linux-gnu/libdl-2.17.so
7faacf678000-7faacf679000 r--p 00002000 08:01 3015505                    /lib/x86_64-linux-gnu/libdl-2.17.so
7faacf679000-7faacf67a000 rw-p 00003000 08:01 3015505                    /lib/x86_64-linux-gnu/libdl-2.17.so
7faacf67a000-7faacf690000 r-xp 00000000 08:01 14815338                   /usr/lib/jvm/java-7-oracle/jre/lib/amd64/jli/libjli.so
7faacf690000-7faacf890000 ---p 00016000 08:01 14815338                   /usr/lib/jvm/java-7-oracle/jre/lib/amd64/jli/libjli.so
7faacf890000-7faacf891000 rw-p 00016000 08:01 14815338                   /usr/lib/jvm/java-7-oracle/jre/lib/amd64/jli/libjli.so
7faacf891000-7faacf8a8000 r-xp 00000000 08:01 3015498                    /lib/x86_64-linux-gnu/libpthread-2.17.so
7faacf8a8000-7faacfaa7000 ---p 00017000 08:01 3015498                    /lib/x86_64-linux-gnu/libpthread-2.17.so
7faacfaa7000-7faacfaa8000 r--p 00016000 08:01 3015498                    /lib/x86_64-linux-gnu/libpthread-2.17.so
7faacfaa8000-7faacfaa9000 rw-p 00017000 08:01 3015498                    /lib/x86_64-linux-gnu/libpthread-2.17.so
7faacfaa9000-7faacfaad000 rw-p 00000000 00:00 0 
7faacfaad000-7faacface000 r-xp 00000000 08:01 3015499                    /lib/x86_64-linux-gnu/ld-2.17.so
7faacfaec000-7faacfbd1000 rw-p 00000000 00:00 0 
7faacfbd1000-7faacfbef000 rw-p 00000000 00:00 0 
7faacfbef000-7faacfbf9000 rw-p 00000000 00:00 0 
7faacfbf9000-7faacfcaf000 rw-p 00000000 00:00 0 
7faacfcaf000-7faacfcb3000 rw-p 00000000 00:00 0 
7faacfcc2000-7faacfcca000 rw-s 00000000 08:01 14684437                   /tmp/hsperfdata_anantoni/17090
7faacfcca000-7faacfccb000 rw-p 00000000 00:00 0 
7faacfccb000-7faacfccc000 r--p 00000000 00:00 0 
7faacfccc000-7faacfcce000 rw-p 00000000 00:00 0 
7faacfcce000-7faacfccf000 r--p 00021000 08:01 3015499                    /lib/x86_64-linux-gnu/ld-2.17.so
7faacfccf000-7faacfcd1000 rw-p 00022000 08:01 3015499                    /lib/x86_64-linux-gnu/ld-2.17.so
7fffd3929000-7fffd394b000 rw-p 00000000 00:00 0                          [stack]
7fffd39fe000-7fffd3a00000 r-xp 00000000 00:00 0                          [vdso]
ffffffffff600000-ffffffffff601000 r-xp 00000000 00:00 0                  [vsyscall]

VM Arguments:
jvm_args: -Dfile.encoding=UTF-8 -Xss10g 
java_command: main.MyPointerAnalysis
Launcher Type: SUN_STANDARD

Environment Variables:
PATH=/usr/local/bin:/usr/bin:/bin:/usr/local/games:/usr/games
USERNAME=anantoni
LD_LIBRARY_PATH=/usr/lib/jvm/java-7-oracle/jre/lib/amd64:/usr/lib/jvm/java-7-oracle/jre/lib/i386:
SHELL=/bin/bash
DISPLAY=:0.0

Signal Handlers:
SIGSEGV: [libjvm.so+0x8a26a0], sa_mask[0]=0x7ffbfeff, sa_flags=0x10000004
SIGBUS: [libjvm.so+0x8a26a0], sa_mask[0]=0x7ffbfeff, sa_flags=0x10000004
SIGFPE: [libjvm.so+0x73f3d0], sa_mask[0]=0x7ffbfeff, sa_flags=0x10000004
SIGPIPE: [libjvm.so+0x73f3d0], sa_mask[0]=0x7ffbfeff, sa_flags=0x10000004
SIGXFSZ: [libjvm.so+0x73f3d0], sa_mask[0]=0x7ffbfeff, sa_flags=0x10000004
SIGILL: [libjvm.so+0x73f3d0], sa_mask[0]=0x7ffbfeff, sa_flags=0x10000004
SIGUSR1: SIG_DFL, sa_mask[0]=0x00000000, sa_flags=0x00000000
SIGUSR2: [libjvm.so+0x73ed20], sa_mask[0]=0x00000004, sa_flags=0x10000004
SIGHUP: SIG_DFL, sa_mask[0]=0x00000000, sa_flags=0x00000000
SIGINT: SIG_IGN, sa_mask[0]=0x00000000, sa_flags=0x00000000
SIGTERM: SIG_DFL, sa_mask[0]=0x00000000, sa_flags=0x00000000
SIGQUIT: SIG_DFL, sa_mask[0]=0x00000000, sa_flags=0x00000000


---------------  S Y S T E M  ---------------

OS:jessie/sid

uname:Linux 3.9-1-amd64 #1 SMP Debian 3.9.8-1 x86_64
libc:glibc 2.17 NPTL 2.17 
rlimit: STACK 8192k, CORE 0k, NPROC 47104, NOFILE 4096, AS infinity
load average:0.75 0.87 0.97

/proc/meminfo:
MemTotal:        6042956 kB
MemFree:         2723132 kB
Buffers:          120188 kB
Cached:          1466208 kB
SwapCached:            0 kB
Active:          2190876 kB
Inactive:         896516 kB
Active(anon):    1502396 kB
Inactive(anon):    93724 kB
Active(file):     688480 kB
Inactive(file):   802792 kB
Unevictable:          16 kB
Mlocked:              16 kB
SwapTotal:      10157052 kB
SwapFree:       10157052 kB
Dirty:               312 kB
Writeback:             0 kB
AnonPages:       1501220 kB
Mapped:           240316 kB
Shmem:             95132 kB
Slab:             149248 kB
SReclaimable:     108596 kB
SUnreclaim:        40652 kB
KernelStack:        4552 kB
PageTables:        32976 kB
NFS_Unstable:          0 kB
Bounce:                0 kB
WritebackTmp:          0 kB
CommitLimit:    13178528 kB
Committed_AS:   15262948 kB
VmallocTotal:   34359738367 kB
VmallocUsed:      410188 kB
VmallocChunk:   34359320648 kB
HardwareCorrupted:     0 kB
AnonHugePages:         0 kB
HugePages_Total:       0
HugePages_Free:        0
HugePages_Rsvd:        0
HugePages_Surp:        0
Hugepagesize:       2048 kB
DirectMap4k:       55872 kB
DirectMap2M:     6148096 kB


CPU:total 8 (4 cores per cpu, 2 threads per core) family 6 model 42 stepping 7, cmov, cx8, fxsr, mmx, sse, sse2, sse3, ssse3, sse4.1, sse4.2, popcnt, avx, ht, tsc, tscinvbit

/proc/cpuinfo:
processor	: 0
vendor_id	: GenuineIntel
cpu family	: 6
model		: 42
model name	: Intel(R) Core(TM) i7-2720QM CPU @ 2.20GHz
stepping	: 7
microcode	: 0x28
cpu MHz		: 2200.000
cache size	: 6144 KB
physical id	: 0
siblings	: 8
core id		: 0
cpu cores	: 4
apicid		: 0
initial apicid	: 0
fpu		: yes
fpu_exception	: yes
cpuid level	: 13
wp		: yes
flags		: fpu vme de pse tsc msr pae mce cx8 apic sep mtrr pge mca cmov pat pse36 clflush dts acpi mmx fxsr sse sse2 ss ht tm pbe syscall nx rdtscp lm constant_tsc arch_perfmon pebs bts nopl xtopology nonstop_tsc aperfmperf eagerfpu pni pclmulqdq dtes64 monitor ds_cpl vmx smx est tm2 ssse3 cx16 xtpr pdcm pcid sse4_1 sse4_2 x2apic popcnt tsc_deadline_timer aes xsave avx lahf_lm ida arat epb xsaveopt pln pts dtherm tpr_shadow vnmi flexpriority ept vpid
bogomips	: 4389.96
clflush size	: 64
cache_alignment	: 64
address sizes	: 36 bits physical, 48 bits virtual
power management:

processor	: 1
vendor_id	: GenuineIntel
cpu family	: 6
model		: 42
model name	: Intel(R) Core(TM) i7-2720QM CPU @ 2.20GHz
stepping	: 7
microcode	: 0x28
cpu MHz		: 800.000
cache size	: 6144 KB
physical id	: 0
siblings	: 8
core id		: 0
cpu cores	: 4
apicid		: 1
initial apicid	: 1
fpu		: yes
fpu_exception	: yes
cpuid level	: 13
wp		: yes
flags		: fpu vme de pse tsc msr pae mce cx8 apic sep mtrr pge mca cmov pat pse36 clflush dts acpi mmx fxsr sse sse2 ss ht tm pbe syscall nx rdtscp lm constant_tsc arch_perfmon pebs bts nopl xtopology nonstop_tsc aperfmperf eagerfpu pni pclmulqdq dtes64 monitor ds_cpl vmx smx est tm2 ssse3 cx16 xtpr pdcm pcid sse4_1 sse4_2 x2apic popcnt tsc_deadline_timer aes xsave avx lahf_lm ida arat epb xsaveopt pln pts dtherm tpr_shadow vnmi flexpriority ept vpid
bogomips	: 4389.96
clflush size	: 64
cache_alignment	: 64
address sizes	: 36 bits physical, 48 bits virtual
power management:

processor	: 2
vendor_id	: GenuineIntel
cpu family	: 6
model		: 42
model name	: Intel(R) Core(TM) i7-2720QM CPU @ 2.20GHz
stepping	: 7
microcode	: 0x28
cpu MHz		: 800.000
cache size	: 6144 KB
physical id	: 0
siblings	: 8
core id		: 1
cpu cores	: 4
apicid		: 2
initial apicid	: 2
fpu		: yes
fpu_exception	: yes
cpuid level	: 13
wp		: yes
flags		: fpu vme de pse tsc msr pae mce cx8 apic sep mtrr pge mca cmov pat pse36 clflush dts acpi mmx fxsr sse sse2 ss ht tm pbe syscall nx rdtscp lm constant_tsc arch_perfmon pebs bts nopl xtopology nonstop_tsc aperfmperf eagerfpu pni pclmulqdq dtes64 monitor ds_cpl vmx smx est tm2 ssse3 cx16 xtpr pdcm pcid sse4_1 sse4_2 x2apic popcnt tsc_deadline_timer aes xsave avx lahf_lm ida arat epb xsaveopt pln pts dtherm tpr_shadow vnmi flexpriority ept vpid
bogomips	: 4389.96
clflush size	: 64
cache_alignment	: 64
address sizes	: 36 bits physical, 48 bits virtual
power management:

processor	: 3
vendor_id	: GenuineIntel
cpu family	: 6
model		: 42
model name	: Intel(R) Core(TM) i7-2720QM CPU @ 2.20GHz
stepping	: 7
microcode	: 0x28
cpu MHz		: 2201.000
cache size	: 6144 KB
physical id	: 0
siblings	: 8
core id		: 1
cpu cores	: 4
apicid		: 3
initial apicid	: 3
fpu		: yes
fpu_exception	: yes
cpuid level	: 13
wp		: yes
flags		: fpu vme de pse tsc msr pae mce cx8 apic sep mtrr pge mca cmov pat pse36 clflush dts acpi mmx fxsr sse sse2 ss ht tm pbe syscall nx rdtscp lm constant_tsc arch_perfmon pebs bts nopl xtopology nonstop_tsc aperfmperf eagerfpu pni pclmulqdq dtes64 monitor ds_cpl vmx smx est tm2 ssse3 cx16 xtpr pdcm pcid sse4_1 sse4_2 x2apic popcnt tsc_deadline_timer aes xsave avx lahf_lm ida arat epb xsaveopt pln pts dtherm tpr_shadow vnmi flexpriority ept vpid
bogomips	: 4389.96
clflush size	: 64
cache_alignment	: 64
address sizes	: 36 bits physical, 48 bits virtual
power management:

processor	: 4
vendor_id	: GenuineIntel
cpu family	: 6
model		: 42
model name	: Intel(R) Core(TM) i7-2720QM CPU @ 2.20GHz
stepping	: 7
microcode	: 0x28
cpu MHz		: 1800.000
cache size	: 6144 KB
physical id	: 0
siblings	: 8
core id		: 2
cpu cores	: 4
apicid		: 4
initial apicid	: 4
fpu		: yes
fpu_exception	: yes
cpuid level	: 13
wp		: yes
flags		: fpu vme de pse tsc msr pae mce cx8 apic sep mtrr pge mca cmov pat pse36 clflush dts acpi mmx fxsr sse sse2 ss ht tm pbe syscall nx rdtscp lm constant_tsc arch_perfmon pebs bts nopl xtopology nonstop_tsc aperfmperf eagerfpu pni pclmulqdq dtes64 monitor ds_cpl vmx smx est tm2 ssse3 cx16 xtpr pdcm pcid sse4_1 sse4_2 x2apic popcnt tsc_deadline_timer aes xsave avx lahf_lm ida arat epb xsaveopt pln pts dtherm tpr_shadow vnmi flexpriority ept vpid
bogomips	: 4389.96
clflush size	: 64
cache_alignment	: 64
address sizes	: 36 bits physical, 48 bits virtual
power management:

processor	: 5
vendor_id	: GenuineIntel
cpu family	: 6
model		: 42
model name	: Intel(R) Core(TM) i7-2720QM CPU @ 2.20GHz
stepping	: 7
microcode	: 0x28
cpu MHz		: 800.000
cache size	: 6144 KB
physical id	: 0
siblings	: 8
core id		: 2
cpu cores	: 4
apicid		: 5
initial apicid	: 5
fpu		: yes
fpu_exception	: yes
cpuid level	: 13
wp		: yes
flags		: fpu vme de pse tsc msr pae mce cx8 apic sep mtrr pge mca cmov pat pse36 clflush dts acpi mmx fxsr sse sse2 ss ht tm pbe syscall nx rdtscp lm constant_tsc arch_perfmon pebs bts nopl xtopology nonstop_tsc aperfmperf eagerfpu pni pclmulqdq dtes64 monitor ds_cpl vmx smx est tm2 ssse3 cx16 xtpr pdcm pcid sse4_1 sse4_2 x2apic popcnt tsc_deadline_timer aes xsave avx lahf_lm ida arat epb xsaveopt pln pts dtherm tpr_shadow vnmi flexpriority ept vpid
bogomips	: 4389.96
clflush size	: 64
cache_alignment	: 64
address sizes	: 36 bits physical, 48 bits virtual
power management:

processor	: 6
vendor_id	: GenuineIntel
cpu family	: 6
model		: 42
model name	: Intel(R) Core(TM) i7-2720QM CPU @ 2.20GHz
stepping	: 7
microcode	: 0x28
cpu MHz		: 2201.000
cache size	: 6144 KB
physical id	: 0
siblings	: 8
core id		: 3
cpu cores	: 4
apicid		: 6
initial apicid	: 6
fpu		: yes
fpu_exception	: yes
cpuid level	: 13
wp		: yes
flags		: fpu vme de pse tsc msr pae mce cx8 apic sep mtrr pge mca cmov pat pse36 clflush dts acpi mmx fxsr sse sse2 ss ht tm pbe syscall nx rdtscp lm constant_tsc arch_perfmon pebs bts nopl xtopology nonstop_tsc aperfmperf eagerfpu pni pclmulqdq dtes64 monitor ds_cpl vmx smx est tm2 ssse3 cx16 xtpr pdcm pcid sse4_1 sse4_2 x2apic popcnt tsc_deadline_timer aes xsave avx lahf_lm ida arat epb xsaveopt pln pts dtherm tpr_shadow vnmi flexpriority ept vpid
bogomips	: 4389.96
clflush size	: 64
cache_alignment	: 64
address sizes	: 36 bits physical, 48 bits virtual
power management:

processor	: 7
vendor_id	: GenuineIntel
cpu family	: 6
model		: 42
model name	: Intel(R) Core(TM) i7-2720QM CPU @ 2.20GHz
stepping	: 7
microcode	: 0x28
cpu MHz		: 2201.000
cache size	: 6144 KB
physical id	: 0
siblings	: 8
core id		: 3
cpu cores	: 4
apicid		: 7
initial apicid	: 7
fpu		: yes
fpu_exception	: yes
cpuid level	: 13
wp		: yes
flags		: fpu vme de pse tsc msr pae mce cx8 apic sep mtrr pge mca cmov pat pse36 clflush dts acpi mmx fxsr sse sse2 ss ht tm pbe syscall nx rdtscp lm constant_tsc arch_perfmon pebs bts nopl xtopology nonstop_tsc aperfmperf eagerfpu pni pclmulqdq dtes64 monitor ds_cpl vmx smx est tm2 ssse3 cx16 xtpr pdcm pcid sse4_1 sse4_2 x2apic popcnt tsc_deadline_timer aes xsave avx lahf_lm ida arat epb xsaveopt pln pts dtherm tpr_shadow vnmi flexpriority ept vpid
bogomips	: 4389.96
clflush size	: 64
cache_alignment	: 64
address sizes	: 36 bits physical, 48 bits virtual
power management:



Memory: 4k page, physical 6042956k(2723132k free), swap 10157052k(10157052k free)

vm_info: Java HotSpot(TM) 64-Bit Server VM (23.25-b01) for linux-amd64 JRE (1.7.0_25-b15), built on Jun  5 2013 20:48:36 by "java_re" with gcc 4.3.0 20080428 (Red Hat 4.3.0-8)

time: Fri Aug  2 19:05:06 2013
elapsed time: 0 seconds

