#
# A fatal error has been detected by the Java Runtime Environment:
#
#  SIGSEGV (0xb) at pc=0x0000000000000000, pid=17033, tid=139709727565568
#
# JRE version: 7.0_25-b15
# Java VM: Java HotSpot(TM) 64-Bit Server VM (23.25-b01 mixed mode linux-amd64 compressed oops)
# Problematic frame:
# C  0x0000000000000000
#
# Failed to write core dump. Core dumps have been disabled. To enable core dumping, try "ulimit -c unlimited" before starting Java again
#
# If you would like to submit a bug report, please visit:
#   http://bugreport.sun.com/bugreport/crash.jsp
#

---------------  T H R E A D  ---------------

Current thread (0x00007f0e3000b000):  JavaThread "main" [_thread_in_Java, id=17037, stack(0x00007f0e34aee000,0x00007f10b4aef000)]

siginfo:si_signo=SIGSEGV: si_errno=0, si_code=1 (SEGV_MAPERR), si_addr=0x0000000000000000

Registers:
RAX=0x0000000000000000, RBX=0x000000009ea154d8, RCX=0x00000000e1400da0, RDX=0x000000000c800001
RSP=0x00007f10b4aec9e0, RBP=0x00007f10b4aeca30, RSI=0x0000000000000001, RDI=0x00007f0e3000b000
R8 =0x00007f0e3003b8d0, R9 =0x0000000000005400, R10=0x00007f10b5ae2de0, R11=0x00007f10b5085ad0
R12=0x0000000000000000, R13=0x00007f10b4aec9e8, R14=0x00007f10b4aeca38, R15=0x00007f0e3000b000
RIP=0x0000000000000000, EFLAGS=0x0000000000010246, CSGSFS=0x0000000000000033, ERR=0x0000000000000014
  TRAPNO=0x000000000000000e

Top of Stack: (sp=0x00007f10b4aec9e0)
0x00007f10b4aec9e0:   00007f0e2c9d3450 00000000e1400da0
0x00007f10b4aec9f0:   00007f10b4aec9f0 000000009ea248fb
0x00007f10b4aeca00:   00007f10b4aeca38 000000009eaaceb8
0x00007f10b4aeca10:   0000000000000000 000000009ea24938
0x00007f10b4aeca20:   00007f10b4aec9e8 00007f10b4aeca40
0x00007f10b4aeca30:   00007f10b4aecaa0 00007f0e2c9cd50d
0x00007f10b4aeca40:   00007f1000001fa0 00007f10b4aecc30
0x00007f10b4aeca50:   00007f10b4aecb20 00007f10b4aecbb0
0x00007f10b4aeca60:   00007f0e3000b000 00007f0e3000be58
0x00007f10b4aeca70:   00007f10b4aecae0 00007f10b4aecc38
0x00007f10b4aeca80:   00007f0e0000000a 000000009ea24938
0x00007f10b4aeca90:   00007f0e2c9ddf40 00007f10b4aecbb8
0x00007f10b4aecaa0:   00007f10b4aecb80 00007f10b533ad35
0x00007f10b4aecab0:   0000000000000000 00007f0e3000b000
0x00007f10b4aecac0:   00007f0e30054900 00007f10b4aecae0
0x00007f10b4aecad0:   00007f0e2c9ddf40 00007f100000000a
0x00007f10b4aecae0:   00007f0e3000b000 00007f0e3009e6c0
0x00007f10b4aecaf0:   000000009ea24938 0000000000000000
0x00007f10b4aecb00:   00007f10b4aed420 00007f0e2c9dfd62
0x00007f10b4aecb10:   00007f10b4aed470 00007f10b4aecc30
0x00007f10b4aecb20:   00007f0e3000b000 00007f0e300086b0
0x00007f10b4aecb30:   00007f0e3000bca0 00007f0e3000be60
0x00007f10b4aecb40:   00007f0e3000c088 00007f10b4aecd50
0x00007f10b4aecb50:   00007f0e30037790 000000009ea24938
0x00007f10b4aecb60:   00007f0e3000b000 00007f10b4aecce0
0x00007f10b4aecb70:   000000009ea02db0 00007f10b4aecc60
0x00007f10b4aecb80:   00007f10b4aecba0 00007f10b5339858
0x00007f10b4aecb90:   000000009ea24938 00007f0e3000be58
0x00007f10b4aecba0:   00007f10b4aecc50 00007f10b52fd1ea
0x00007f10b4aecbb0:   00007f10b4aecce0 00007f10b4aecbf0
0x00007f10b4aecbc0:   00007fff005fed01 0000000000000000
0x00007f10b4aecbd0:   00000001b4aecc20 00007f10b4aecc10 

Instructions: (pc=0x0000000000000000)
0xffffffffffffffe0:   

Register to memory mapping:

RAX=0x0000000000000000 is an unknown value
RBX=0x000000009ea154d8 is an oop
{method} 
 - klass: {other class}
RCX=0x00000000e1400da0 is an oop
java.lang.Class 
 - klass: 'java/lang/Class'
RDX=0x000000000c800001 is an unknown value
RSP=0x00007f10b4aec9e0 is pointing into the stack for thread: 0x00007f0e3000b000
RBP=0x00007f10b4aeca30 is pointing into the stack for thread: 0x00007f0e3000b000
RSI=0x0000000000000001 is an unknown value
RDI=0x00007f0e3000b000 is a thread
R8 =0x00007f0e3003b8d0 is an unknown value
R9 =0x0000000000005400 is an unknown value
R10=0x00007f10b5ae2de0: <offset 0xcf5de0> in /usr/lib/jvm/java-7-oracle/jre/lib/amd64/server/libjvm.so at 0x00007f10b4ded000
R11=0x00007f10b5085ad0: <offset 0x298ad0> in /usr/lib/jvm/java-7-oracle/jre/lib/amd64/server/libjvm.so at 0x00007f10b4ded000
R12=0x0000000000000000 is an unknown value
R13=0x00007f10b4aec9e8 is pointing into the stack for thread: 0x00007f0e3000b000
R14=0x00007f10b4aeca38 is pointing into the stack for thread: 0x00007f0e3000b000
R15=0x00007f0e3000b000 is a thread


Stack: [0x00007f0e34aee000,0x00007f10b4aef000],  sp=0x00007f10b4aec9e0,  free space=10485754k

---------------  P R O C E S S  ---------------

Java Threads: ( => current thread )
=>0x00007f0e3000b000 JavaThread "main" [_thread_in_Java, id=17037, stack(0x00007f0e34aee000,0x00007f10b4aef000)]

Other Threads:
  0x00007f0e3009d000 VMThread [stack: 0x00007f0e221a1000,0x00007f0e222a2000] [id=17046]

VM state:not at safepoint (normal execution)

VM Mutex/Monitor currently owned by a thread: None

Heap
 PSYoungGen      total 27584K, used 473K [0x00000000e1400000, 0x00000000e32c0000, 0x0000000100000000)
  eden space 23680K, 2% used [0x00000000e1400000,0x00000000e14766d0,0x00000000e2b20000)
  from space 3904K, 0% used [0x00000000e2ef0000,0x00000000e2ef0000,0x00000000e32c0000)
  to   space 3904K, 0% used [0x00000000e2b20000,0x00000000e2b20000,0x00000000e2ef0000)
 ParOldGen       total 62976K, used 0K [0x00000000a3c00000, 0x00000000a7980000, 0x00000000e1400000)
  object space 62976K, 0% used [0x00000000a3c00000,0x00000000a3c00000,0x00000000a7980000)
 PSPermGen       total 21248K, used 830K [0x000000009ea00000, 0x000000009fec0000, 0x00000000a3c00000)
  object space 21248K, 3% used [0x000000009ea00000,0x000000009eacfb80,0x000000009fec0000)

Card table byte_map: [0x00007f0e2c6c1000,0x00007f0e2c9cd000] byte_map_base: 0x00007f0e2c1cc000

Polling page: 0x00007f10b670e000

Code Cache  [0x00007f0e2c9cd000, 0x00007f0e2cc3d000, 0x00007f0e2f9cd000)
 total_blobs=61 nmethods=0 adapters=37 free_code_cache=48825Kb largest_free_block=49997248

Compilation events (0 events):
No events

GC Heap History (0 events):
No events

Deoptimization events (0 events):
No events

Internal exceptions (0 events):
No events

Events (10 events):
Event: 0.024 loading class 0x00007f0e30035710 done
Event: 0.024 loading class 0x00007f0e300356e0 done
Event: 0.024 loading class 0x00007f0e3006c8e0
Event: 0.024 loading class 0x00007f0e3006c8e0 done
Event: 0.024 loading class 0x00007f0e30068c50
Event: 0.024 loading class 0x00007f0e30068c50 done
Event: 0.025 loading class 0x00007f0e30078100
Event: 0.025 loading class 0x00007f0e30078100 done
Event: 0.025 loading class 0x00007f0e30077ff0
Event: 0.025 loading class 0x00007f0e30077ff0 done


Dynamic libraries:
00400000-00401000 r-xp 00000000 08:01 12725529                           /usr/lib/jvm/java-7-oracle/bin/java
00600000-00601000 rw-p 00000000 08:01 12725529                           /usr/lib/jvm/java-7-oracle/bin/java
016e3000-01704000 rw-p 00000000 00:00 0                                  [heap]
9ea00000-9fec0000 rw-p 00000000 00:00 0 
9fec0000-a3c00000 rw-p 00000000 00:00 0 
a3c00000-a7980000 rw-p 00000000 00:00 0 
a7980000-e1400000 rw-p 00000000 00:00 0 
e1400000-e32c0000 rw-p 00000000 00:00 0 
e32c0000-100000000 rw-p 00000000 00:00 0 
7f0dec000000-7f0dec021000 rw-p 00000000 00:00 0 
7f0dec021000-7f0df0000000 ---p 00000000 00:00 0 
7f0df0000000-7f0df0021000 rw-p 00000000 00:00 0 
7f0df0021000-7f0df4000000 ---p 00000000 00:00 0 
7f0df4000000-7f0df4021000 rw-p 00000000 00:00 0 
7f0df4021000-7f0df8000000 ---p 00000000 00:00 0 
7f0dfc000000-7f0dfc021000 rw-p 00000000 00:00 0 
7f0dfc021000-7f0e00000000 ---p 00000000 00:00 0 
7f0e04000000-7f0e04021000 rw-p 00000000 00:00 0 
7f0e04021000-7f0e08000000 ---p 00000000 00:00 0 
7f0e0c000000-7f0e0c021000 rw-p 00000000 00:00 0 
7f0e0c021000-7f0e10000000 ---p 00000000 00:00 0 
7f0e14000000-7f0e14021000 rw-p 00000000 00:00 0 
7f0e14021000-7f0e18000000 ---p 00000000 00:00 0 
7f0e1c000000-7f0e1c021000 rw-p 00000000 00:00 0 
7f0e1c021000-7f0e20000000 ---p 00000000 00:00 0 
7f0e221a1000-7f0e221a2000 ---p 00000000 00:00 0 
7f0e221a2000-7f0e24000000 rw-p 00000000 00:00 0                          [stack:17046]
7f0e24000000-7f0e24021000 rw-p 00000000 00:00 0 
7f0e24021000-7f0e28000000 ---p 00000000 00:00 0 
7f0e28014000-7f0e28a60000 rw-p 00000000 00:00 0 
7f0e28a60000-7f0e28c1d000 r--s 039f9000 08:01 12982616                   /usr/lib/jvm/java-7-oracle/jre/lib/rt.jar
7f0e28c1d000-7f0e2bccd000 rw-p 00000000 00:00 0 
7f0e2bccd000-7f0e2bcce000 ---p 00000000 00:00 0 
7f0e2bcce000-7f0e2bdce000 rw-p 00000000 00:00 0                          [stack:17045]
7f0e2bdce000-7f0e2bdcf000 ---p 00000000 00:00 0 
7f0e2bdcf000-7f0e2becf000 rw-p 00000000 00:00 0                          [stack:17044]
7f0e2becf000-7f0e2bed0000 ---p 00000000 00:00 0 
7f0e2bed0000-7f0e2bfd0000 rw-p 00000000 00:00 0                          [stack:17043]
7f0e2bfd0000-7f0e2bfd1000 ---p 00000000 00:00 0 
7f0e2bfd1000-7f0e2c0d1000 rw-p 00000000 00:00 0                          [stack:17042]
7f0e2c0d1000-7f0e2c0d2000 ---p 00000000 00:00 0 
7f0e2c0d2000-7f0e2c1d2000 rw-p 00000000 00:00 0                          [stack:17041]
7f0e2c1d2000-7f0e2c1d3000 ---p 00000000 00:00 0 
7f0e2c1d3000-7f0e2c2d3000 rw-p 00000000 00:00 0                          [stack:17040]
7f0e2c2d3000-7f0e2c2d4000 ---p 00000000 00:00 0 
7f0e2c2d4000-7f0e2c3d4000 rw-p 00000000 00:00 0                          [stack:17039]
7f0e2c3d4000-7f0e2c3d5000 ---p 00000000 00:00 0 
7f0e2c3d5000-7f0e2c4f4000 rw-p 00000000 00:00 0                          [stack:17038]
7f0e2c4f4000-7f0e2c6c1000 rw-p 00000000 00:00 0 
7f0e2c6c1000-7f0e2c6cc000 rw-p 00000000 00:00 0 
7f0e2c6cc000-7f0e2c6ea000 rw-p 00000000 00:00 0 
7f0e2c6ea000-7f0e2c709000 rw-p 00000000 00:00 0 
7f0e2c709000-7f0e2c8d6000 rw-p 00000000 00:00 0 
7f0e2c8d6000-7f0e2c8e6000 rw-p 00000000 00:00 0 
7f0e2c8e6000-7f0e2c9cc000 rw-p 00000000 00:00 0 
7f0e2c9cc000-7f0e2c9cd000 rw-p 00000000 00:00 0 
7f0e2c9cd000-7f0e2cc3d000 rwxp 00000000 00:00 0 
7f0e2cc3d000-7f0e2f9cd000 rw-p 00000000 00:00 0 
7f0e2f9cd000-7f0e2f9e8000 r-xp 00000000 08:01 14815379                   /usr/lib/jvm/java-7-oracle/jre/lib/amd64/libzip.so
7f0e2f9e8000-7f0e2fbe7000 ---p 0001b000 08:01 14815379                   /usr/lib/jvm/java-7-oracle/jre/lib/amd64/libzip.so
7f0e2fbe7000-7f0e2fbe8000 rw-p 0001a000 08:01 14815379                   /usr/lib/jvm/java-7-oracle/jre/lib/amd64/libzip.so
7f0e2fbe8000-7f0e2fbf4000 r-xp 00000000 08:01 3015511                    /lib/x86_64-linux-gnu/libnss_files-2.17.so
7f0e2fbf4000-7f0e2fdf3000 ---p 0000c000 08:01 3015511                    /lib/x86_64-linux-gnu/libnss_files-2.17.so
7f0e2fdf3000-7f0e2fdf4000 r--p 0000b000 08:01 3015511                    /lib/x86_64-linux-gnu/libnss_files-2.17.so
7f0e2fdf4000-7f0e2fdf5000 rw-p 0000c000 08:01 3015511                    /lib/x86_64-linux-gnu/libnss_files-2.17.so
7f0e2fdf5000-7f0e2fdff000 r-xp 00000000 08:01 3015513                    /lib/x86_64-linux-gnu/libnss_nis-2.17.so
7f0e2fdff000-7f0e2fffe000 ---p 0000a000 08:01 3015513                    /lib/x86_64-linux-gnu/libnss_nis-2.17.so
7f0e2fffe000-7f0e2ffff000 r--p 00009000 08:01 3015513                    /lib/x86_64-linux-gnu/libnss_nis-2.17.so
7f0e2ffff000-7f0e30000000 rw-p 0000a000 08:01 3015513                    /lib/x86_64-linux-gnu/libnss_nis-2.17.so
7f0e30000000-7f0e300a7000 rw-p 00000000 00:00 0 
7f0e300a7000-7f0e34000000 ---p 00000000 00:00 0 
7f0e34009000-7f0e3408d000 rw-p 00000000 00:00 0 
7f0e3408d000-7f0e340a2000 r-xp 00000000 08:01 3015508                    /lib/x86_64-linux-gnu/libnsl-2.17.so
7f0e340a2000-7f0e342a1000 ---p 00015000 08:01 3015508                    /lib/x86_64-linux-gnu/libnsl-2.17.so
7f0e342a1000-7f0e342a2000 r--p 00014000 08:01 3015508                    /lib/x86_64-linux-gnu/libnsl-2.17.so
7f0e342a2000-7f0e342a3000 rw-p 00015000 08:01 3015508                    /lib/x86_64-linux-gnu/libnsl-2.17.so
7f0e342a3000-7f0e342a5000 rw-p 00000000 00:00 0 
7f0e342a5000-7f0e342ac000 r-xp 00000000 08:01 3015509                    /lib/x86_64-linux-gnu/libnss_compat-2.17.so
7f0e342ac000-7f0e344ab000 ---p 00007000 08:01 3015509                    /lib/x86_64-linux-gnu/libnss_compat-2.17.so
7f0e344ab000-7f0e344ac000 r--p 00006000 08:01 3015509                    /lib/x86_64-linux-gnu/libnss_compat-2.17.so
7f0e344ac000-7f0e344ad000 rw-p 00007000 08:01 3015509                    /lib/x86_64-linux-gnu/libnss_compat-2.17.so
7f0e344ad000-7f0e344d6000 r-xp 00000000 08:01 14815391                   /usr/lib/jvm/java-7-oracle/jre/lib/amd64/libjava.so
7f0e344d6000-7f0e346d6000 ---p 00029000 08:01 14815391                   /usr/lib/jvm/java-7-oracle/jre/lib/amd64/libjava.so
7f0e346d6000-7f0e346d8000 rw-p 00029000 08:01 14815391                   /usr/lib/jvm/java-7-oracle/jre/lib/amd64/libjava.so
7f0e346d8000-7f0e346e5000 r-xp 00000000 08:01 14815339                   /usr/lib/jvm/java-7-oracle/jre/lib/amd64/libverify.so
7f0e346e5000-7f0e348e4000 ---p 0000d000 08:01 14815339                   /usr/lib/jvm/java-7-oracle/jre/lib/amd64/libverify.so
7f0e348e4000-7f0e348e6000 rw-p 0000c000 08:01 14815339                   /usr/lib/jvm/java-7-oracle/jre/lib/amd64/libverify.so
7f0e348e6000-7f0e348ed000 r-xp 00000000 08:01 3015517                    /lib/x86_64-linux-gnu/librt-2.17.so
7f0e348ed000-7f0e34aec000 ---p 00007000 08:01 3015517                    /lib/x86_64-linux-gnu/librt-2.17.so
7f0e34aec000-7f0e34aed000 r--p 00006000 08:01 3015517                    /lib/x86_64-linux-gnu/librt-2.17.so
7f0e34aed000-7f0e34aee000 rw-p 00007000 08:01 3015517                    /lib/x86_64-linux-gnu/librt-2.17.so
7f0e34aee000-7f0e34af1000 ---p 00000000 00:00 0 
7f0e34af1000-7f10b4aef000 rw-p 00000000 00:00 0                          [stack:17037]
7f10b4aef000-7f10b4beb000 r-xp 00000000 08:01 3015506                    /lib/x86_64-linux-gnu/libm-2.17.so
7f10b4beb000-7f10b4deb000 ---p 000fc000 08:01 3015506                    /lib/x86_64-linux-gnu/libm-2.17.so
7f10b4deb000-7f10b4dec000 r--p 000fc000 08:01 3015506                    /lib/x86_64-linux-gnu/libm-2.17.so
7f10b4dec000-7f10b4ded000 rw-p 000fd000 08:01 3015506                    /lib/x86_64-linux-gnu/libm-2.17.so
7f10b4ded000-7f10b582e000 r-xp 00000000 08:01 14815347                   /usr/lib/jvm/java-7-oracle/jre/lib/amd64/server/libjvm.so
7f10b582e000-7f10b5a2e000 ---p 00a41000 08:01 14815347                   /usr/lib/jvm/java-7-oracle/jre/lib/amd64/server/libjvm.so
7f10b5a2e000-7f10b5ad1000 rw-p 00a41000 08:01 14815347                   /usr/lib/jvm/java-7-oracle/jre/lib/amd64/server/libjvm.so
7f10b5ad1000-7f10b5b0d000 rw-p 00000000 00:00 0 
7f10b5b0d000-7f10b5caf000 r-xp 00000000 08:01 3015502                    /lib/x86_64-linux-gnu/libc-2.17.so
7f10b5caf000-7f10b5eaf000 ---p 001a2000 08:01 3015502                    /lib/x86_64-linux-gnu/libc-2.17.so
7f10b5eaf000-7f10b5eb3000 r--p 001a2000 08:01 3015502                    /lib/x86_64-linux-gnu/libc-2.17.so
7f10b5eb3000-7f10b5eb5000 rw-p 001a6000 08:01 3015502                    /lib/x86_64-linux-gnu/libc-2.17.so
7f10b5eb5000-7f10b5eb9000 rw-p 00000000 00:00 0 
7f10b5eb9000-7f10b5ebc000 r-xp 00000000 08:01 3015505                    /lib/x86_64-linux-gnu/libdl-2.17.so
7f10b5ebc000-7f10b60bb000 ---p 00003000 08:01 3015505                    /lib/x86_64-linux-gnu/libdl-2.17.so
7f10b60bb000-7f10b60bc000 r--p 00002000 08:01 3015505                    /lib/x86_64-linux-gnu/libdl-2.17.so
7f10b60bc000-7f10b60bd000 rw-p 00003000 08:01 3015505                    /lib/x86_64-linux-gnu/libdl-2.17.so
7f10b60bd000-7f10b60d3000 r-xp 00000000 08:01 14815338                   /usr/lib/jvm/java-7-oracle/jre/lib/amd64/jli/libjli.so
7f10b60d3000-7f10b62d3000 ---p 00016000 08:01 14815338                   /usr/lib/jvm/java-7-oracle/jre/lib/amd64/jli/libjli.so
7f10b62d3000-7f10b62d4000 rw-p 00016000 08:01 14815338                   /usr/lib/jvm/java-7-oracle/jre/lib/amd64/jli/libjli.so
7f10b62d4000-7f10b62eb000 r-xp 00000000 08:01 3015498                    /lib/x86_64-linux-gnu/libpthread-2.17.so
7f10b62eb000-7f10b64ea000 ---p 00017000 08:01 3015498                    /lib/x86_64-linux-gnu/libpthread-2.17.so
7f10b64ea000-7f10b64eb000 r--p 00016000 08:01 3015498                    /lib/x86_64-linux-gnu/libpthread-2.17.so
7f10b64eb000-7f10b64ec000 rw-p 00017000 08:01 3015498                    /lib/x86_64-linux-gnu/libpthread-2.17.so
7f10b64ec000-7f10b64f0000 rw-p 00000000 00:00 0 
7f10b64f0000-7f10b6511000 r-xp 00000000 08:01 3015499                    /lib/x86_64-linux-gnu/ld-2.17.so
7f10b652f000-7f10b6614000 rw-p 00000000 00:00 0 
7f10b6614000-7f10b6632000 rw-p 00000000 00:00 0 
7f10b6632000-7f10b663c000 rw-p 00000000 00:00 0 
7f10b663c000-7f10b66f2000 rw-p 00000000 00:00 0 
7f10b66f2000-7f10b66f6000 rw-p 00000000 00:00 0 
7f10b6705000-7f10b670d000 rw-s 00000000 08:01 14684455                   /tmp/hsperfdata_anantoni/17033
7f10b670d000-7f10b670e000 rw-p 00000000 00:00 0 
7f10b670e000-7f10b670f000 r--p 00000000 00:00 0 
7f10b670f000-7f10b6711000 rw-p 00000000 00:00 0 
7f10b6711000-7f10b6712000 r--p 00021000 08:01 3015499                    /lib/x86_64-linux-gnu/ld-2.17.so
7f10b6712000-7f10b6714000 rw-p 00022000 08:01 3015499                    /lib/x86_64-linux-gnu/ld-2.17.so
7fff005cb000-7fff005ed000 rw-p 00000000 00:00 0                          [stack]
7fff005fe000-7fff00600000 r-xp 00000000 00:00 0                          [vdso]
ffffffffff600000-ffffffffff601000 r-xp 00000000 00:00 0                  [vsyscall]

VM Arguments:
jvm_args: -Dfile.encoding=UTF-8 -Xss10g 
java_command: main.MyPointerAnalysis
Launcher Type: SUN_STANDARD

Environment Variables:
PATH=/usr/local/bin:/usr/bin:/bin:/usr/local/games:/usr/games
USERNAME=anantoni
LD_LIBRARY_PATH=/usr/lib/jvm/java-7-oracle/jre/lib/amd64:/usr/lib/jvm/java-7-oracle/jre/lib/i386:
SHELL=/bin/bash
DISPLAY=:0.0

Signal Handlers:
SIGSEGV: [libjvm.so+0x8a26a0], sa_mask[0]=0x7ffbfeff, sa_flags=0x10000004
SIGBUS: [libjvm.so+0x8a26a0], sa_mask[0]=0x7ffbfeff, sa_flags=0x10000004
SIGFPE: [libjvm.so+0x73f3d0], sa_mask[0]=0x7ffbfeff, sa_flags=0x10000004
SIGPIPE: [libjvm.so+0x73f3d0], sa_mask[0]=0x7ffbfeff, sa_flags=0x10000004
SIGXFSZ: [libjvm.so+0x73f3d0], sa_mask[0]=0x7ffbfeff, sa_flags=0x10000004
SIGILL: [libjvm.so+0x73f3d0], sa_mask[0]=0x7ffbfeff, sa_flags=0x10000004
SIGUSR1: SIG_DFL, sa_mask[0]=0x00000000, sa_flags=0x00000000
SIGUSR2: [libjvm.so+0x73ed20], sa_mask[0]=0x00000004, sa_flags=0x10000004
SIGHUP: SIG_DFL, sa_mask[0]=0x00000000, sa_flags=0x00000000
SIGINT: SIG_IGN, sa_mask[0]=0x00000000, sa_flags=0x00000000
SIGTERM: SIG_DFL, sa_mask[0]=0x00000000, sa_flags=0x00000000
SIGQUIT: SIG_DFL, sa_mask[0]=0x00000000, sa_flags=0x00000000


---------------  S Y S T E M  ---------------

OS:jessie/sid

uname:Linux 3.9-1-amd64 #1 SMP Debian 3.9.8-1 x86_64
libc:glibc 2.17 NPTL 2.17 
rlimit: STACK 8192k, CORE 0k, NPROC 47104, NOFILE 4096, AS infinity
load average:0.94 0.91 0.98

/proc/meminfo:
MemTotal:        6042956 kB
MemFree:         1685528 kB
Buffers:          120148 kB
Cached:          1459640 kB
SwapCached:            0 kB
Active:          3233612 kB
Inactive:         889972 kB
Active(anon):    2545160 kB
Inactive(anon):    87456 kB
Active(file):     688452 kB
Inactive(file):   802516 kB
Unevictable:          16 kB
Mlocked:              16 kB
SwapTotal:      10157052 kB
SwapFree:       10157052 kB
Dirty:              1448 kB
Writeback:             0 kB
AnonPages:       2544140 kB
Mapped:           236680 kB
Shmem:             88816 kB
Slab:             149648 kB
SReclaimable:     108856 kB
SUnreclaim:        40792 kB
KernelStack:        4744 kB
PageTables:        35272 kB
NFS_Unstable:          0 kB
Bounce:                0 kB
WritebackTmp:          0 kB
CommitLimit:    13178528 kB
Committed_AS:   16354892 kB
VmallocTotal:   34359738367 kB
VmallocUsed:      410188 kB
VmallocChunk:   34359320648 kB
HardwareCorrupted:     0 kB
AnonHugePages:         0 kB
HugePages_Total:       0
HugePages_Free:        0
HugePages_Rsvd:        0
HugePages_Surp:        0
Hugepagesize:       2048 kB
DirectMap4k:       55872 kB
DirectMap2M:     6148096 kB


CPU:total 8 (4 cores per cpu, 2 threads per core) family 6 model 42 stepping 7, cmov, cx8, fxsr, mmx, sse, sse2, sse3, ssse3, sse4.1, sse4.2, popcnt, avx, ht, tsc, tscinvbit

/proc/cpuinfo:
processor	: 0
vendor_id	: GenuineIntel
cpu family	: 6
model		: 42
model name	: Intel(R) Core(TM) i7-2720QM CPU @ 2.20GHz
stepping	: 7
microcode	: 0x28
cpu MHz		: 2201.000
cache size	: 6144 KB
physical id	: 0
siblings	: 8
core id		: 0
cpu cores	: 4
apicid		: 0
initial apicid	: 0
fpu		: yes
fpu_exception	: yes
cpuid level	: 13
wp		: yes
flags		: fpu vme de pse tsc msr pae mce cx8 apic sep mtrr pge mca cmov pat pse36 clflush dts acpi mmx fxsr sse sse2 ss ht tm pbe syscall nx rdtscp lm constant_tsc arch_perfmon pebs bts nopl xtopology nonstop_tsc aperfmperf eagerfpu pni pclmulqdq dtes64 monitor ds_cpl vmx smx est tm2 ssse3 cx16 xtpr pdcm pcid sse4_1 sse4_2 x2apic popcnt tsc_deadline_timer aes xsave avx lahf_lm ida arat epb xsaveopt pln pts dtherm tpr_shadow vnmi flexpriority ept vpid
bogomips	: 4389.96
clflush size	: 64
cache_alignment	: 64
address sizes	: 36 bits physical, 48 bits virtual
power management:

processor	: 1
vendor_id	: GenuineIntel
cpu family	: 6
model		: 42
model name	: Intel(R) Core(TM) i7-2720QM CPU @ 2.20GHz
stepping	: 7
microcode	: 0x28
cpu MHz		: 800.000
cache size	: 6144 KB
physical id	: 0
siblings	: 8
core id		: 0
cpu cores	: 4
apicid		: 1
initial apicid	: 1
fpu		: yes
fpu_exception	: yes
cpuid level	: 13
wp		: yes
flags		: fpu vme de pse tsc msr pae mce cx8 apic sep mtrr pge mca cmov pat pse36 clflush dts acpi mmx fxsr sse sse2 ss ht tm pbe syscall nx rdtscp lm constant_tsc arch_perfmon pebs bts nopl xtopology nonstop_tsc aperfmperf eagerfpu pni pclmulqdq dtes64 monitor ds_cpl vmx smx est tm2 ssse3 cx16 xtpr pdcm pcid sse4_1 sse4_2 x2apic popcnt tsc_deadline_timer aes xsave avx lahf_lm ida arat epb xsaveopt pln pts dtherm tpr_shadow vnmi flexpriority ept vpid
bogomips	: 4389.96
clflush size	: 64
cache_alignment	: 64
address sizes	: 36 bits physical, 48 bits virtual
power management:

processor	: 2
vendor_id	: GenuineIntel
cpu family	: 6
model		: 42
model name	: Intel(R) Core(TM) i7-2720QM CPU @ 2.20GHz
stepping	: 7
microcode	: 0x28
cpu MHz		: 2201.000
cache size	: 6144 KB
physical id	: 0
siblings	: 8
core id		: 1
cpu cores	: 4
apicid		: 2
initial apicid	: 2
fpu		: yes
fpu_exception	: yes
cpuid level	: 13
wp		: yes
flags		: fpu vme de pse tsc msr pae mce cx8 apic sep mtrr pge mca cmov pat pse36 clflush dts acpi mmx fxsr sse sse2 ss ht tm pbe syscall nx rdtscp lm constant_tsc arch_perfmon pebs bts nopl xtopology nonstop_tsc aperfmperf eagerfpu pni pclmulqdq dtes64 monitor ds_cpl vmx smx est tm2 ssse3 cx16 xtpr pdcm pcid sse4_1 sse4_2 x2apic popcnt tsc_deadline_timer aes xsave avx lahf_lm ida arat epb xsaveopt pln pts dtherm tpr_shadow vnmi flexpriority ept vpid
bogomips	: 4389.96
clflush size	: 64
cache_alignment	: 64
address sizes	: 36 bits physical, 48 bits virtual
power management:

processor	: 3
vendor_id	: GenuineIntel
cpu family	: 6
model		: 42
model name	: Intel(R) Core(TM) i7-2720QM CPU @ 2.20GHz
stepping	: 7
microcode	: 0x28
cpu MHz		: 2201.000
cache size	: 6144 KB
physical id	: 0
siblings	: 8
core id		: 1
cpu cores	: 4
apicid		: 3
initial apicid	: 3
fpu		: yes
fpu_exception	: yes
cpuid level	: 13
wp		: yes
flags		: fpu vme de pse tsc msr pae mce cx8 apic sep mtrr pge mca cmov pat pse36 clflush dts acpi mmx fxsr sse sse2 ss ht tm pbe syscall nx rdtscp lm constant_tsc arch_perfmon pebs bts nopl xtopology nonstop_tsc aperfmperf eagerfpu pni pclmulqdq dtes64 monitor ds_cpl vmx smx est tm2 ssse3 cx16 xtpr pdcm pcid sse4_1 sse4_2 x2apic popcnt tsc_deadline_timer aes xsave avx lahf_lm ida arat epb xsaveopt pln pts dtherm tpr_shadow vnmi flexpriority ept vpid
bogomips	: 4389.96
clflush size	: 64
cache_alignment	: 64
address sizes	: 36 bits physical, 48 bits virtual
power management:

processor	: 4
vendor_id	: GenuineIntel
cpu family	: 6
model		: 42
model name	: Intel(R) Core(TM) i7-2720QM CPU @ 2.20GHz
stepping	: 7
microcode	: 0x28
cpu MHz		: 800.000
cache size	: 6144 KB
physical id	: 0
siblings	: 8
core id		: 2
cpu cores	: 4
apicid		: 4
initial apicid	: 4
fpu		: yes
fpu_exception	: yes
cpuid level	: 13
wp		: yes
flags		: fpu vme de pse tsc msr pae mce cx8 apic sep mtrr pge mca cmov pat pse36 clflush dts acpi mmx fxsr sse sse2 ss ht tm pbe syscall nx rdtscp lm constant_tsc arch_perfmon pebs bts nopl xtopology nonstop_tsc aperfmperf eagerfpu pni pclmulqdq dtes64 monitor ds_cpl vmx smx est tm2 ssse3 cx16 xtpr pdcm pcid sse4_1 sse4_2 x2apic popcnt tsc_deadline_timer aes xsave avx lahf_lm ida arat epb xsaveopt pln pts dtherm tpr_shadow vnmi flexpriority ept vpid
bogomips	: 4389.96
clflush size	: 64
cache_alignment	: 64
address sizes	: 36 bits physical, 48 bits virtual
power management:

processor	: 5
vendor_id	: GenuineIntel
cpu family	: 6
model		: 42
model name	: Intel(R) Core(TM) i7-2720QM CPU @ 2.20GHz
stepping	: 7
microcode	: 0x28
cpu MHz		: 800.000
cache size	: 6144 KB
physical id	: 0
siblings	: 8
core id		: 2
cpu cores	: 4
apicid		: 5
initial apicid	: 5
fpu		: yes
fpu_exception	: yes
cpuid level	: 13
wp		: yes
flags		: fpu vme de pse tsc msr pae mce cx8 apic sep mtrr pge mca cmov pat pse36 clflush dts acpi mmx fxsr sse sse2 ss ht tm pbe syscall nx rdtscp lm constant_tsc arch_perfmon pebs bts nopl xtopology nonstop_tsc aperfmperf eagerfpu pni pclmulqdq dtes64 monitor ds_cpl vmx smx est tm2 ssse3 cx16 xtpr pdcm pcid sse4_1 sse4_2 x2apic popcnt tsc_deadline_timer aes xsave avx lahf_lm ida arat epb xsaveopt pln pts dtherm tpr_shadow vnmi flexpriority ept vpid
bogomips	: 4389.96
clflush size	: 64
cache_alignment	: 64
address sizes	: 36 bits physical, 48 bits virtual
power management:

processor	: 6
vendor_id	: GenuineIntel
cpu family	: 6
model		: 42
model name	: Intel(R) Core(TM) i7-2720QM CPU @ 2.20GHz
stepping	: 7
microcode	: 0x28
cpu MHz		: 2201.000
cache size	: 6144 KB
physical id	: 0
siblings	: 8
core id		: 3
cpu cores	: 4
apicid		: 6
initial apicid	: 6
fpu		: yes
fpu_exception	: yes
cpuid level	: 13
wp		: yes
flags		: fpu vme de pse tsc msr pae mce cx8 apic sep mtrr pge mca cmov pat pse36 clflush dts acpi mmx fxsr sse sse2 ss ht tm pbe syscall nx rdtscp lm constant_tsc arch_perfmon pebs bts nopl xtopology nonstop_tsc aperfmperf eagerfpu pni pclmulqdq dtes64 monitor ds_cpl vmx smx est tm2 ssse3 cx16 xtpr pdcm pcid sse4_1 sse4_2 x2apic popcnt tsc_deadline_timer aes xsave avx lahf_lm ida arat epb xsaveopt pln pts dtherm tpr_shadow vnmi flexpriority ept vpid
bogomips	: 4389.96
clflush size	: 64
cache_alignment	: 64
address sizes	: 36 bits physical, 48 bits virtual
power management:

processor	: 7
vendor_id	: GenuineIntel
cpu family	: 6
model		: 42
model name	: Intel(R) Core(TM) i7-2720QM CPU @ 2.20GHz
stepping	: 7
microcode	: 0x28
cpu MHz		: 800.000
cache size	: 6144 KB
physical id	: 0
siblings	: 8
core id		: 3
cpu cores	: 4
apicid		: 7
initial apicid	: 7
fpu		: yes
fpu_exception	: yes
cpuid level	: 13
wp		: yes
flags		: fpu vme de pse tsc msr pae mce cx8 apic sep mtrr pge mca cmov pat pse36 clflush dts acpi mmx fxsr sse sse2 ss ht tm pbe syscall nx rdtscp lm constant_tsc arch_perfmon pebs bts nopl xtopology nonstop_tsc aperfmperf eagerfpu pni pclmulqdq dtes64 monitor ds_cpl vmx smx est tm2 ssse3 cx16 xtpr pdcm pcid sse4_1 sse4_2 x2apic popcnt tsc_deadline_timer aes xsave avx lahf_lm ida arat epb xsaveopt pln pts dtherm tpr_shadow vnmi flexpriority ept vpid
bogomips	: 4389.96
clflush size	: 64
cache_alignment	: 64
address sizes	: 36 bits physical, 48 bits virtual
power management:



Memory: 4k page, physical 6042956k(1685528k free), swap 10157052k(10157052k free)

vm_info: Java HotSpot(TM) 64-Bit Server VM (23.25-b01) for linux-amd64 JRE (1.7.0_25-b15), built on Jun  5 2013 20:48:36 by "java_re" with gcc 4.3.0 20080428 (Red Hat 4.3.0-8)

time: Fri Aug  2 19:04:41 2013
elapsed time: 0 seconds

